2024-08-26 22:39:09,707 [INFO] Activator:176 - 


2024-08-26 22:39:09,708 [INFO] Activator:177 - !SESSION log4j initialized
2024-08-26 22:39:12,495 [INFO] LogOutputStream:77 - [STDOUT_REDIRECT] 
2024-08-26 22:39:14,417 [INFO] ApplicationProperties:184 - Using Application install path: I:\software\STM32CubeIDE_1.15.1\STM32CubeIDE\plugins\com.st.stm32cube.common.mx_6.11.1.202404110753
2024-08-26 22:39:14,428 [INFO] DbMcusXml:78 - Set database path to: I:\software\STM32CubeIDE_1.15.1\STM32CubeIDE\plugins\com.st.stm32cube.common.mx_6.11.1.202404110753\\db\/mcu/
2024-08-26 22:39:14,428 [INFO] ApiDb:274 - Set plugin database path to: I:\software\STM32CubeIDE_1.15.1\STM32CubeIDE\plugins\com.st.stm32cube.common.mx_6.11.1.202404110753\\db\/plugins/boardmanager/
2024-08-26 22:39:14,428 [WARN] ApiDb:259 - Overriding images path with different value:  => I:\software\STM32CubeIDE_1.15.1\STM32CubeIDE\plugins\com.st.stm32cube.common.mx_6.11.1.202404110753\\db\/plugins/mcufinder/images/
2024-08-26 22:39:14,438 [INFO] ApiDb:250 - Set database path to: C:\Users\king\.stmcufinder\plugins\mcufinder//mcu/
2024-08-26 22:39:14,439 [INFO] DbMcusAds:125 - Set database path to: C:\Users\king\.stmcufinder\plugins\mcufinder//mcu/
2024-08-26 22:39:14,441 [INFO] CrossReferenceDbSqlite:203 - Set database path to: C:\Users\king\.stmcufinder\plugins\mcufinder//mcu/cs/
2024-08-26 22:39:14,521 [INFO] RulesReader:64 - Compatibility file has been processed (297 Rules)
2024-08-26 22:39:14,623 [INFO] DbMcusXml:78 - Set database path to: I:\software\STM32CubeIDE_1.15.1\STM32CubeIDE\plugins\com.st.stm32cube.common.mx_6.11.1.202404110753\\db\/mcu/
2024-08-26 22:39:14,623 [INFO] ApiDb:274 - Set plugin database path to: I:\software\STM32CubeIDE_1.15.1\STM32CubeIDE\plugins\com.st.stm32cube.common.mx_6.11.1.202404110753\\db\/plugins/boardmanager/
2024-08-26 22:39:14,623 [INFO] ApiDb:261 - Set plugin images path to: I:\software\STM32CubeIDE_1.15.1\STM32CubeIDE\plugins\com.st.stm32cube.common.mx_6.11.1.202404110753\\db\/plugins/mcufinder/images/
2024-08-26 22:39:14,624 [WARN] DbFile:41 - Overriding database path with different value: C:\Users\king\.stmcufinder\plugins\mcufinder/ => C:\Users\king\.stmcufinder\plugins\mcufinder
2024-08-26 22:39:14,624 [INFO] ApiDb:250 - Set database path to: C:\Users\king\.stmcufinder\plugins\mcufinder//mcu/
2024-08-26 22:39:14,624 [WARN] DbFile:41 - Overriding database path with different value: C:\Users\king\.stmcufinder\plugins\mcufinder/ => C:\Users\king\.stmcufinder\plugins\mcufinder
2024-08-26 22:39:14,624 [INFO] DbMcusAds:125 - Set database path to: C:\Users\king\.stmcufinder\plugins\mcufinder//mcu/
2024-08-26 22:39:14,624 [WARN] DbFile:41 - Overriding database path with different value: C:\Users\king\.stmcufinder\plugins\mcufinder/ => C:\Users\king\.stmcufinder\plugins\mcufinder
2024-08-26 22:39:14,624 [WARN] DbFile:41 - Overriding database path with different value: C:\Users\king\.stmcufinder\plugins\mcufinder/ => C:\Users\king\.stmcufinder\plugins\mcufinder
2024-08-26 22:39:14,624 [INFO] CrossReferenceDbSqlite:203 - Set database path to: C:\Users\king\.stmcufinder\plugins\mcufinder//mcu/cs/
2024-08-26 22:39:14,698 [INFO] MainPanel:264 - HeapMemory: 268435456
2024-08-26 22:39:14,751 [INFO] DbMcusXml:78 - Set database path to: I:\software\STM32CubeIDE_1.15.1\STM32CubeIDE\plugins\com.st.stm32cube.common.mx_6.11.1.202404110753\\db\/mcu/
2024-08-26 22:39:14,751 [INFO] ApiDb:274 - Set plugin database path to: I:\software\STM32CubeIDE_1.15.1\STM32CubeIDE\plugins\com.st.stm32cube.common.mx_6.11.1.202404110753\\db\/plugins/boardmanager/
2024-08-26 22:39:14,751 [INFO] ApiDb:261 - Set plugin images path to: I:\software\STM32CubeIDE_1.15.1\STM32CubeIDE\plugins\com.st.stm32cube.common.mx_6.11.1.202404110753\\db\/plugins/mcufinder/images/
2024-08-26 22:39:14,751 [WARN] DbFile:41 - Overriding database path with different value: C:\Users\king\.stmcufinder\plugins\mcufinder/ => C:\Users\king\.stmcufinder\plugins\mcufinder
2024-08-26 22:39:14,751 [INFO] ApiDb:250 - Set database path to: C:\Users\king\.stmcufinder\plugins\mcufinder//mcu/
2024-08-26 22:39:14,751 [WARN] DbFile:41 - Overriding database path with different value: C:\Users\king\.stmcufinder\plugins\mcufinder/ => C:\Users\king\.stmcufinder\plugins\mcufinder
2024-08-26 22:39:14,751 [INFO] DbMcusAds:125 - Set database path to: C:\Users\king\.stmcufinder\plugins\mcufinder//mcu/
2024-08-26 22:39:14,751 [WARN] DbFile:41 - Overriding database path with different value: C:\Users\king\.stmcufinder\plugins\mcufinder/ => C:\Users\king\.stmcufinder\plugins\mcufinder
2024-08-26 22:39:14,751 [WARN] DbFile:41 - Overriding database path with different value: C:\Users\king\.stmcufinder\plugins\mcufinder/ => C:\Users\king\.stmcufinder\plugins\mcufinder
2024-08-26 22:39:14,751 [INFO] CrossReferenceDbSqlite:203 - Set database path to: C:\Users\king\.stmcufinder\plugins\mcufinder//mcu/cs/
2024-08-26 22:39:14,768 [INFO] ApplicationProperties:184 - Using Application install path: I:\software\STM32CubeIDE_1.15.1\STM32CubeIDE\plugins\com.st.stm32cube.common.mx_6.11.1.202404110753
2024-08-26 22:39:14,769 [INFO] PluginManage:196 - Search for loadable plugins [exclusion list=, ]
2024-08-26 22:39:14,770 [INFO] PluginManage:310 - Check plugin analytics
2024-08-26 22:39:14,902 [INFO] AnalyticsPlugin:253 - Accepted Software Licenses: STM32CubeMX.6.8.1,STM32CubeMX.6.10.0
2024-08-26 22:39:14,903 [INFO] AnalyticsPlugin:255 - Accepted CMSIS Pack Licenses: 
2024-08-26 22:39:14,903 [INFO] AnalyticsPlugin:257 - Accepted Firmware Licenses: FW.F4.1.28.0
2024-08-26 22:39:14,904 [INFO] PluginManage:359 - Loaded plugin analytics (category:tool,tabindex:-1)
2024-08-26 22:39:14,905 [INFO] PluginManage:310 - Check plugin cadmodel
2024-08-26 22:39:14,917 [INFO] CADModel:105 - Init CAD model plugin
2024-08-26 22:39:14,917 [INFO] PluginManage:359 - Loaded plugin cadmodel (category:power,tabindex:5)
2024-08-26 22:39:14,917 [INFO] PluginManage:310 - Check plugin clock
2024-08-26 22:39:14,933 [INFO] PluginManage:359 - Loaded plugin clock (category:base,tabindex:2)
2024-08-26 22:39:14,933 [INFO] PluginManage:310 - Check plugin ddr
2024-08-26 22:39:14,935 [INFO] PluginManage:359 - Loaded plugin ddr (category:tool,tabindex:6)
2024-08-26 22:39:14,935 [INFO] PluginManage:310 - Check plugin filemanager
2024-08-26 22:39:15,052 [INFO] PluginManage:359 - Loaded plugin filemanager (category:base,tabindex:10)
2024-08-26 22:39:15,052 [INFO] PluginManage:310 - Check plugin ipmanager
2024-08-26 22:39:15,063 [INFO] PluginManage:359 - Loaded plugin ipmanager (category:base,tabindex:5)
2024-08-26 22:39:15,063 [INFO] PluginManage:310 - Check plugin lpbam
2024-08-26 22:39:15,077 [INFO] PluginManage:359 - Loaded plugin lpbam (category:base,tabindex:0)
2024-08-26 22:39:15,077 [INFO] PluginManage:310 - Check plugin memorymap
2024-08-26 22:39:15,093 [INFO] PluginManage:359 - Loaded plugin memorymap (category:base,tabindex:4)
2024-08-26 22:39:15,093 [INFO] PluginManage:310 - Check plugin pinoutandconfiguration
2024-08-26 22:39:15,107 [INFO] PluginManage:359 - Loaded plugin pinoutandconfiguration (category:base,tabindex:1)
2024-08-26 22:39:15,107 [INFO] PluginManage:310 - Check plugin pinoutconfig
2024-08-26 22:39:15,173 [WARN] SupportedApi:132 - Cannot load RTOS API schema: s4s-elt-must-match.1: The content of 'definitions' must match (annotation?, (simpleType | complexType)?, (unique | key | keyref)*)). A problem was found starting at: attribute.
2024-08-26 22:39:15,262 [INFO] PluginManage:359 - Loaded plugin pinoutconfig (category:base,tabindex:0)
2024-08-26 22:39:15,263 [INFO] PluginManage:310 - Check plugin power
2024-08-26 22:39:15,275 [INFO] PluginManage:359 - Loaded plugin power (category:power,tabindex:4)
2024-08-26 22:39:15,276 [INFO] PluginManage:310 - Check plugin projectmanager
2024-08-26 22:39:15,287 [INFO] PluginManage:359 - Loaded plugin projectmanager (category:projectmanager,tabindex:3)
2024-08-26 22:39:15,287 [INFO] PluginManage:310 - Check plugin thirdparty
2024-08-26 22:39:15,470 [INFO] PluginManage:359 - Loaded plugin thirdparty (category:base,tabindex:-1)
2024-08-26 22:39:15,470 [INFO] PluginManage:310 - Check plugin tools
2024-08-26 22:39:15,470 [WARN] IntegrityCheckThread:84 - waiting for thirdparty lock release [integrity check]
2024-08-26 22:39:15,470 [INFO] IntegrityCheckThread:86 - entering critical section [integrity check]
2024-08-26 22:39:15,471 [INFO] ThirdPartyUpdaterWithRetryManager:70 - Updater plugin not ready yet. [1/15]
2024-08-26 22:39:15,497 [INFO] PluginManage:359 - Loaded plugin tools (category:base,tabindex:7)
2024-08-26 22:39:15,497 [INFO] PluginManage:310 - Check plugin tutovideos
2024-08-26 22:39:15,618 [INFO] PluginManage:359 - Loaded plugin tutovideos (category:base,tabindex:-1)
2024-08-26 22:39:15,619 [INFO] PluginManage:310 - Check plugin updater
2024-08-26 22:39:15,625 [INFO] PluginManage:359 - Loaded plugin updater (category:base,tabindex:12)
2024-08-26 22:39:15,626 [INFO] PluginManage:310 - Check plugin userauth
2024-08-26 22:39:15,629 [INFO] UserAuth:114 - Init User Auth plugin
2024-08-26 22:39:15,629 [INFO] PluginManage:359 - Loaded plugin userauth (category:base,tabindex:14)
2024-08-26 22:39:15,629 [INFO] PluginManage:283 - PluginManage : Loaded plugins [17]
2024-08-26 22:39:15,838 [INFO] PinOutPanel:1561 - setPackage(No Configuration,No Configuration)
2024-08-26 22:39:15,942 [INFO] CADModel:165 - CPN selected for project level
2024-08-26 22:39:15,942 [INFO] CADModel:114 - Register for checkConnection events
2024-08-26 22:39:15,959 [INFO] IPUIPlugin:80 - create IPUIPlugin
2024-08-26 22:39:15,960 [INFO] PluginManager:220 - loadIPPluginJar : add adc
2024-08-26 22:39:15,987 [INFO] IPUIPlugin:80 - create IPUIPlugin
2024-08-26 22:39:15,987 [INFO] PluginManager:220 - loadIPPluginJar : add aes
2024-08-26 22:39:16,017 [INFO] IPUIPlugin:80 - create IPUIPlugin
2024-08-26 22:39:16,017 [INFO] PluginManager:220 - loadIPPluginJar : add can
2024-08-26 22:39:16,033 [INFO] IPUIPlugin:80 - create IPUIPlugin
2024-08-26 22:39:16,034 [INFO] PluginManager:220 - loadIPPluginJar : add comp
2024-08-26 22:39:16,059 [INFO] IPUIPlugin:80 - create IPUIPlugin
2024-08-26 22:39:16,059 [INFO] PluginManager:220 - loadIPPluginJar : add cryp
2024-08-26 22:39:16,081 [INFO] IPUIPlugin:80 - create IPUIPlugin
2024-08-26 22:39:16,081 [INFO] PluginManager:220 - loadIPPluginJar : add dfsdm
2024-08-26 22:39:16,091 [INFO] IPUIPlugin:80 - create IPUIPlugin
2024-08-26 22:39:16,091 [INFO] PluginManager:220 - loadIPPluginJar : add dma
2024-08-26 22:39:16,123 [INFO] IPUIPlugin:80 - create IPUIPlugin
2024-08-26 22:39:16,123 [INFO] PluginManager:220 - loadIPPluginJar : add dma3
2024-08-26 22:39:16,155 [INFO] IPUIPlugin:80 - create IPUIPlugin
2024-08-26 22:39:16,156 [INFO] PluginManager:220 - loadIPPluginJar : add extmemmanager
2024-08-26 22:39:16,170 [INFO] IPUIPlugin:80 - create IPUIPlugin
2024-08-26 22:39:16,170 [INFO] PluginManager:220 - loadIPPluginJar : add fatfs
2024-08-26 22:39:16,205 [INFO] IPUIPlugin:80 - create IPUIPlugin
2024-08-26 22:39:16,206 [INFO] PluginManager:220 - loadIPPluginJar : add fmc
2024-08-26 22:39:16,216 [INFO] IPUIPlugin:80 - create IPUIPlugin
2024-08-26 22:39:16,216 [INFO] PluginManager:220 - loadIPPluginJar : add freertos
2024-08-26 22:39:16,231 [INFO] IPUIPlugin:80 - create IPUIPlugin
2024-08-26 22:39:16,231 [INFO] PluginManager:220 - loadIPPluginJar : add genericplugin
2024-08-26 22:39:16,294 [INFO] IPUIPlugin:80 - create IPUIPlugin
2024-08-26 22:39:16,294 [INFO] PluginManager:220 - loadIPPluginJar : add gfxmmu
2024-08-26 22:39:16,383 [INFO] IPUIPlugin:80 - create IPUIPlugin
2024-08-26 22:39:16,383 [INFO] PluginManager:220 - loadIPPluginJar : add gic
2024-08-26 22:39:16,392 [INFO] IPUIPlugin:80 - create IPUIPlugin
2024-08-26 22:39:16,392 [INFO] PluginManager:220 - loadIPPluginJar : add gpio
2024-08-26 22:39:16,455 [INFO] IPUIPlugin:80 - create IPUIPlugin
2024-08-26 22:39:16,456 [INFO] PluginManager:220 - loadIPPluginJar : add gtzc
2024-08-26 22:39:16,480 [INFO] IPUIPlugin:80 - create IPUIPlugin
2024-08-26 22:39:16,480 [INFO] PluginManager:220 - loadIPPluginJar : add hash
2024-08-26 22:39:16,517 [INFO] IPUIPlugin:80 - create IPUIPlugin
2024-08-26 22:39:16,517 [INFO] PluginManager:220 - loadIPPluginJar : add i2c
2024-08-26 22:39:16,546 [INFO] IPUIPlugin:80 - create IPUIPlugin
2024-08-26 22:39:16,546 [INFO] PluginManager:220 - loadIPPluginJar : add i2s
2024-08-26 22:39:16,575 [INFO] IPUIPlugin:80 - create IPUIPlugin
2024-08-26 22:39:16,575 [INFO] PluginManager:220 - loadIPPluginJar : add i3c
2024-08-26 22:39:16,649 [INFO] IPUIPlugin:80 - create IPUIPlugin
2024-08-26 22:39:16,649 [INFO] PluginManager:220 - loadIPPluginJar : add ipddr
2024-08-26 22:39:16,712 [INFO] IPUIPlugin:80 - create IPUIPlugin
2024-08-26 22:39:16,713 [INFO] PluginManager:220 - loadIPPluginJar : add linkedlist
2024-08-26 22:39:16,738 [INFO] IPUIPlugin:80 - create IPUIPlugin
2024-08-26 22:39:16,738 [INFO] PluginManager:220 - loadIPPluginJar : add lorawan
2024-08-26 22:39:16,765 [INFO] IPUIPlugin:80 - create IPUIPlugin
2024-08-26 22:39:16,765 [INFO] PluginManager:220 - loadIPPluginJar : add ltdc
2024-08-26 22:39:16,775 [INFO] IPUIPlugin:80 - create IPUIPlugin
2024-08-26 22:39:16,775 [INFO] PluginManager:220 - loadIPPluginJar : add mdma
2024-08-26 22:39:16,784 [INFO] IPUIPlugin:80 - create IPUIPlugin
2024-08-26 22:39:16,784 [INFO] PluginManager:220 - loadIPPluginJar : add nvic
2024-08-26 22:39:16,811 [INFO] IPUIPlugin:80 - create IPUIPlugin
2024-08-26 22:39:16,811 [INFO] PluginManager:220 - loadIPPluginJar : add opamp
2024-08-26 22:39:16,854 [INFO] IPUIPlugin:80 - create IPUIPlugin
2024-08-26 22:39:16,854 [INFO] PluginManager:220 - loadIPPluginJar : add openamp
2024-08-26 22:39:16,884 [INFO] IPUIPlugin:80 - create IPUIPlugin
2024-08-26 22:39:16,884 [INFO] PluginManager:220 - loadIPPluginJar : add pdm2pcm
2024-08-26 22:39:16,895 [INFO] IPUIPlugin:80 - create IPUIPlugin
2024-08-26 22:39:16,896 [INFO] PluginManager:220 - loadIPPluginJar : add plateformsettings
2024-08-26 22:39:16,913 [INFO] IPUIPlugin:80 - create IPUIPlugin
2024-08-26 22:39:16,913 [INFO] PluginManager:220 - loadIPPluginJar : add quadspi
2024-08-26 22:39:16,922 [INFO] IPUIPlugin:80 - create IPUIPlugin
2024-08-26 22:39:16,922 [INFO] PluginManager:220 - loadIPPluginJar : add resmgrutility
2024-08-26 22:39:16,957 [INFO] IPUIPlugin:80 - create IPUIPlugin
2024-08-26 22:39:16,957 [INFO] PluginManager:220 - loadIPPluginJar : add sai
2024-08-26 22:39:16,985 [INFO] IPUIPlugin:80 - create IPUIPlugin
2024-08-26 22:39:16,985 [INFO] PluginManager:220 - loadIPPluginJar : add spi
2024-08-26 22:39:17,050 [INFO] IPUIPlugin:80 - create IPUIPlugin
2024-08-26 22:39:17,051 [INFO] PluginManager:220 - loadIPPluginJar : add stm32_wpan
2024-08-26 22:39:17,067 [INFO] IPUIPlugin:80 - create IPUIPlugin
2024-08-26 22:39:17,068 [INFO] PluginManager:220 - loadIPPluginJar : add tim
2024-08-26 22:39:17,110 [INFO] IPUIPlugin:80 - create IPUIPlugin
2024-08-26 22:39:17,110 [INFO] PluginManager:220 - loadIPPluginJar : add touchsensing
2024-08-26 22:39:17,126 [INFO] IPUIPlugin:80 - create IPUIPlugin
2024-08-26 22:39:17,126 [INFO] PluginManager:220 - loadIPPluginJar : add tracer_emb
2024-08-26 22:39:17,143 [INFO] IPUIPlugin:80 - create IPUIPlugin
2024-08-26 22:39:17,143 [INFO] PluginManager:220 - loadIPPluginJar : add ts
2024-08-26 22:39:17,158 [INFO] IPUIPlugin:80 - create IPUIPlugin
2024-08-26 22:39:17,159 [INFO] PluginManager:220 - loadIPPluginJar : add tsc
2024-08-26 22:39:17,174 [INFO] IPUIPlugin:80 - create IPUIPlugin
2024-08-26 22:39:17,174 [INFO] PluginManager:220 - loadIPPluginJar : add ucpd
2024-08-26 22:39:17,206 [INFO] IPUIPlugin:80 - create IPUIPlugin
2024-08-26 22:39:17,206 [INFO] PluginManager:220 - loadIPPluginJar : add usart
2024-08-26 22:39:17,240 [INFO] IPUIPlugin:80 - create IPUIPlugin
2024-08-26 22:39:17,241 [INFO] PluginManager:220 - loadIPPluginJar : add usbx
2024-08-26 22:39:17,386 [INFO] CADModel:165 - CPN selected for project level
2024-08-26 22:39:17,386 [INFO] CADModel:114 - Register for checkConnection events
2024-08-26 22:39:17,386 [FATAL] Updater:308 - Updater called before beeing initialized
2024-08-26 22:39:17,386 [ERROR] CADModel:125 - Updater not yet initialized, retry later 
2024-08-26 22:39:17,480 [INFO] CADModel:165 - CPN selected for project level
2024-08-26 22:39:17,480 [INFO] CADModel:114 - Register for checkConnection events
2024-08-26 22:39:17,480 [FATAL] Updater:308 - Updater called before beeing initialized
2024-08-26 22:39:17,480 [ERROR] CADModel:125 - Updater not yet initialized, retry later 
2024-08-26 22:39:17,482 [FATAL] Updater:308 - Updater called before beeing initialized
2024-08-26 22:39:17,587 [FATAL] Updater:308 - Updater called before beeing initialized
2024-08-26 22:39:17,591 [INFO] DbMcusAds:53 - JSON generation date=Thu May 16 17:22:00 CST 2024 (1715851320667)
2024-08-26 22:39:17,591 [FATAL] Updater:308 - Updater called before beeing initialized
2024-08-26 22:39:17,649 [WARN] DetailPanel:346 - Failed to get advertising image, set to default
2024-08-26 22:39:17,756 [FATAL] Updater:308 - Updater called before beeing initialized
2024-08-26 22:39:17,757 [FATAL] Updater:308 - Updater called before beeing initialized
2024-08-26 22:39:17,757 [FATAL] Updater:308 - Updater called before beeing initialized
2024-08-26 22:39:17,757 [WARN] DetailPanel:346 - Failed to get advertising image, set to default
2024-08-26 22:39:17,758 [FATAL] Updater:308 - Updater called before beeing initialized
2024-08-26 22:39:17,808 [ERROR] Updater:1120 - MainUpdater not yet initialized. External WinMGr cannot be set.
2024-08-26 22:39:17,816 [INFO] Updater:1056 - Updater Version found : 6.11.1
2024-08-26 22:39:17,827 [INFO] ApplicationProperties:184 - Using Application install path: I:\software\STM32CubeIDE_1.15.1\STM32CubeIDE\plugins\com.st.stm32cube.common.mx_6.11.1.202404110753
2024-08-26 22:39:18,133 [INFO] MainUpdater:2873 - connection check result : 10
2024-08-26 22:39:18,133 [INFO] MainUpdater:290 - Updater Check For Update Now.
2024-08-26 22:39:18,133 [INFO] MicroXplorer:498 - Change Database Version : DB.6.0.111
2024-08-26 22:39:18,147 [INFO] McuFinderGlobals:63 - Set McuFinder mode to 2 (CubeIDE integrated)
2024-08-26 22:39:18,155 [INFO] UserAuth:415 - Internet connection configuration mode: 1
2024-08-26 22:39:18,171 [INFO] JxBrowserEngine:152 - Initiate JxBrowser Engine with user profile folder
2024-08-26 22:39:18,307 [INFO] CheckServerUpdateThread:120 - End of CheckServer Thread
2024-08-26 22:39:18,697 [WARN] PackLoader:240 - Cannot read IP mode file for STMicroelectronics.X-CUBE-SMBUS.2.1.0
2024-08-26 22:39:18,711 [WARN] PackLoader:240 - Cannot read IP mode file for STMicroelectronics.X-CUBE-TOUCHGFX.4.23.0
2024-08-26 22:39:18,719 [WARN] PackLoader:240 - Cannot read IP mode file for STMicroelectronics.X-CUBE-TOUCHGFX.4.23.2
2024-08-26 22:39:18,759 [WARN] PackLoader:240 - Cannot read IP mode file for STMicroelectronics.X-CUBE-AZRTOS-F7.1.1.0
2024-08-26 22:39:18,787 [WARN] PackLoader:240 - Cannot read IP mode file for STMicroelectronics.FP-SNS-MOTENV1.4.3.2
2024-08-26 22:39:18,864 [WARN] PackLoader:240 - Cannot read IP mode file for STMicroelectronics.X-CUBE-MEMS1.11.0.0
2024-08-26 22:39:18,965 [WARN] PackLoader:240 - Cannot read IP mode file for STMicroelectronics.FP-SNS-FLIGHT1.5.0.2
2024-08-26 22:39:18,976 [WARN] PackLoader:240 - Cannot read IP mode file for STMicroelectronics.X-CUBE-DISPLAY.3.0.0
2024-08-26 22:39:18,988 [WARN] PackLoader:240 - Cannot read IP mode file for STMicroelectronics.X-CUBE-BLE1.7.0.0
2024-08-26 22:39:18,999 [WARN] PackLoader:240 - Cannot read IP mode file for emotas.I-CUBE-CANOPEN.1.3.0
2024-08-26 22:39:19,009 [WARN] PackLoader:240 - Cannot read IP mode file for STMicroelectronics.FP-SNS-SMARTAG2.1.2.0
2024-08-26 22:39:19,023 [INFO] LogOutputStream:77 - [STDOUT_REDIRECT] 1 : Invalid condition id : UX_CORESTACK_Condition cause : null
2024-08-26 22:39:19,024 [INFO] LogOutputStream:77 - [STDOUT_REDIRECT] 1 : Invalid condition id : UX_CORESTACK_Condition cause : null
2024-08-26 22:39:19,025 [INFO] LogOutputStream:77 - [STDOUT_REDIRECT] 1 : Invalid condition id : UX_CORESTACK_Condition cause : null
2024-08-26 22:39:19,025 [INFO] LogOutputStream:77 - [STDOUT_REDIRECT] 1 : Invalid condition id : UX_CORESTACK_Condition cause : null
2024-08-26 22:39:19,026 [INFO] LogOutputStream:77 - [STDOUT_REDIRECT] 1 : Invalid condition id : UX_CORESTACK_Condition cause : null
2024-08-26 22:39:19,029 [WARN] PackLoader:240 - Cannot read IP mode file for STMicroelectronics.X-CUBE-AZRTOS-WL.2.0.0
2024-08-26 22:39:19,039 [WARN] PackLoader:240 - Cannot read IP mode file for wolfSSL.I-CUBE-wolfMQTT.1.19.0
2024-08-26 22:39:19,048 [WARN] PackLoader:240 - Cannot read IP mode file for STMicroelectronics.X-CUBE-BLE2.3.3.0
2024-08-26 22:39:19,057 [WARN] PackLoader:240 - Cannot read IP mode file for STMicroelectronics.X-CUBE-ALGOBUILD.1.3.0
2024-08-26 22:39:19,075 [WARN] PackLoader:240 - Cannot read IP mode file for STMicroelectronics.X-CUBE-AZRTOS-G0.1.1.0
2024-08-26 22:39:19,087 [WARN] PackLoader:240 - Cannot read IP mode file for STMicroelectronics.X-CUBE-NFC4.3.0.0
2024-08-26 22:39:19,099 [WARN] PackLoader:240 - Cannot read IP mode file for wolfSSL.I-CUBE-wolfMQTT.1.18.0
2024-08-26 22:39:19,111 [WARN] PackLoader:240 - Cannot read IP mode file for EmbeddedOffice.I-CUBE-FS-RTOS.1.0.1
2024-08-26 22:39:19,111 [ERROR] ConditionMgr:805 - Attr not supported : Dmpu
2024-08-26 22:39:19,111 [ERROR] ConditionMgr:805 - Attr not supported : Dmpu
2024-08-26 22:39:19,111 [ERROR] ConditionMgr:805 - Attr not supported : Dmpu
2024-08-26 22:39:19,111 [ERROR] ConditionMgr:805 - Attr not supported : Dmpu
2024-08-26 22:39:19,111 [ERROR] ConditionMgr:805 - Attr not supported : Dmpu
2024-08-26 22:39:19,111 [ERROR] ConditionMgr:805 - Attr not supported : Dmpu
2024-08-26 22:39:19,111 [ERROR] ConditionMgr:805 - Attr not supported : Dmpu
2024-08-26 22:39:19,111 [ERROR] ConditionMgr:805 - Attr not supported : Dmpu
2024-08-26 22:39:19,111 [ERROR] ConditionMgr:805 - Attr not supported : Dmpu
2024-08-26 22:39:19,111 [ERROR] ConditionMgr:805 - Attr not supported : Dmpu
2024-08-26 22:39:19,111 [ERROR] ConditionMgr:805 - Attr not supported : Dmpu
2024-08-26 22:39:19,111 [ERROR] ConditionMgr:805 - Attr not supported : Dmpu
2024-08-26 22:39:19,111 [ERROR] ConditionMgr:805 - Attr not supported : Dmpu
2024-08-26 22:39:19,111 [ERROR] ConditionMgr:805 - Attr not supported : Dmpu
2024-08-26 22:39:19,111 [ERROR] ConditionMgr:805 - Attr not supported : Dmpu
2024-08-26 22:39:19,111 [ERROR] ConditionMgr:805 - Attr not supported : Dmpu
2024-08-26 22:39:19,112 [ERROR] ConditionMgr:805 - Attr not supported : Dmpu
2024-08-26 22:39:19,112 [ERROR] ConditionMgr:805 - Attr not supported : Dmpu
2024-08-26 22:39:19,112 [ERROR] ConditionMgr:805 - Attr not supported : Dmpu
2024-08-26 22:39:19,112 [ERROR] ConditionMgr:805 - Attr not supported : Dmpu
2024-08-26 22:39:19,112 [ERROR] ConditionMgr:805 - Attr not supported : Dmpu
2024-08-26 22:39:19,112 [ERROR] ConditionMgr:805 - Attr not supported : Dmpu
2024-08-26 22:39:19,112 [ERROR] ConditionMgr:805 - Attr not supported : Dmpu
2024-08-26 22:39:19,112 [ERROR] ConditionMgr:805 - Attr not supported : Dmpu
2024-08-26 22:39:19,112 [ERROR] ConditionMgr:805 - Attr not supported : Dmpu
2024-08-26 22:39:19,112 [ERROR] ConditionMgr:805 - Attr not supported : Dmpu
2024-08-26 22:39:19,112 [ERROR] ConditionMgr:805 - Attr not supported : Dmpu
2024-08-26 22:39:19,112 [ERROR] ConditionMgr:805 - Attr not supported : Dmpu
2024-08-26 22:39:19,112 [ERROR] ConditionMgr:805 - Attr not supported : Dmpu
2024-08-26 22:39:19,112 [ERROR] ConditionMgr:805 - Attr not supported : Dmpu
2024-08-26 22:39:19,112 [ERROR] ConditionMgr:805 - Attr not supported : Dmpu
2024-08-26 22:39:19,112 [ERROR] ConditionMgr:805 - Attr not supported : Dmpu
2024-08-26 22:39:19,112 [ERROR] ConditionMgr:805 - Attr not supported : Dmpu
2024-08-26 22:39:19,112 [ERROR] ConditionMgr:805 - Attr not supported : Dmpu
2024-08-26 22:39:19,112 [ERROR] ConditionMgr:805 - Attr not supported : Dmpu
2024-08-26 22:39:19,112 [ERROR] ConditionMgr:805 - Attr not supported : Dmpu
2024-08-26 22:39:19,112 [ERROR] ConditionMgr:805 - Attr not supported : Dmpu
2024-08-26 22:39:19,112 [ERROR] ConditionMgr:805 - Attr not supported : Dmpu
2024-08-26 22:39:19,112 [ERROR] ConditionMgr:805 - Attr not supported : Dmpu
2024-08-26 22:39:19,113 [ERROR] ConditionMgr:805 - Attr not supported : Dmpu
2024-08-26 22:39:19,113 [ERROR] ConditionMgr:805 - Attr not supported : Dmpu
2024-08-26 22:39:19,113 [ERROR] ConditionMgr:805 - Attr not supported : Dmpu
2024-08-26 22:39:19,113 [ERROR] ConditionMgr:805 - Attr not supported : Dmpu
2024-08-26 22:39:19,113 [ERROR] ConditionMgr:805 - Attr not supported : Dmpu
2024-08-26 22:39:19,113 [ERROR] ConditionMgr:805 - Attr not supported : Dmpu
2024-08-26 22:39:19,113 [ERROR] ConditionMgr:805 - Attr not supported : Dmpu
2024-08-26 22:39:19,113 [ERROR] ConditionMgr:805 - Attr not supported : Dmpu
2024-08-26 22:39:19,113 [ERROR] ConditionMgr:805 - Attr not supported : Dmpu
2024-08-26 22:39:19,113 [ERROR] ConditionMgr:805 - Attr not supported : Dmpu
2024-08-26 22:39:19,113 [ERROR] ConditionMgr:805 - Attr not supported : Dmpu
2024-08-26 22:39:19,113 [ERROR] ConditionMgr:805 - Attr not supported : Dmpu
2024-08-26 22:39:19,113 [ERROR] ConditionMgr:805 - Attr not supported : Dmpu
2024-08-26 22:39:19,113 [ERROR] ConditionMgr:805 - Attr not supported : Dmpu
2024-08-26 22:39:19,113 [ERROR] ConditionMgr:805 - Attr not supported : Dmpu
2024-08-26 22:39:19,113 [ERROR] ConditionMgr:805 - Attr not supported : Dmpu
2024-08-26 22:39:19,113 [ERROR] ConditionMgr:805 - Attr not supported : Dmpu
2024-08-26 22:39:19,113 [ERROR] ConditionMgr:805 - Attr not supported : Dmpu
2024-08-26 22:39:19,113 [ERROR] ConditionMgr:805 - Attr not supported : Dmpu
2024-08-26 22:39:19,113 [ERROR] ConditionMgr:805 - Attr not supported : Dmpu
2024-08-26 22:39:19,113 [ERROR] ConditionMgr:805 - Attr not supported : Dmpu
2024-08-26 22:39:19,113 [ERROR] ConditionMgr:805 - Attr not supported : Dmpu
2024-08-26 22:39:19,113 [ERROR] ConditionMgr:805 - Attr not supported : Dmpu
2024-08-26 22:39:19,114 [ERROR] ConditionMgr:805 - Attr not supported : Dmpu
2024-08-26 22:39:19,114 [ERROR] ConditionMgr:805 - Attr not supported : Dmpu
2024-08-26 22:39:19,125 [WARN] PackLoader:240 - Cannot read IP mode file for STMicroelectronics.X-CUBE-BLEMGR.3.0.0
2024-08-26 22:39:19,136 [WARN] PackLoader:240 - Cannot read IP mode file for RealThread.X-CUBE-RT-Thread_Nano.4.1.1
2024-08-26 22:39:19,146 [WARN] PackLoader:240 - Cannot read IP mode file for STMicroelectronics.FP-ATR-SIGFOX1.3.2.0
2024-08-26 22:39:19,156 [WARN] PackLoader:240 - Cannot read IP mode file for STMicroelectronics.X-CUBE-EEPRMA1.5.1.0
2024-08-26 22:39:19,179 [WARN] PackLoader:240 - Cannot read IP mode file for SEGGER.I-CUBE-embOS.1.3.1
2024-08-26 22:39:19,211 [WARN] PackLoader:240 - Cannot read IP mode file for STMicroelectronics.X-CUBE-ALGOBUILD.1.4.0
2024-08-26 22:39:19,220 [WARN] PackLoader:240 - Cannot read IP mode file for STMicroelectronics.X-CUBE-GNSS1.6.0.0
2024-08-26 22:39:19,239 [WARN] PackLoader:240 - Cannot read IP mode file for STMicroelectronics.X-CUBE-AZRTOS-F4.1.1.0
2024-08-26 22:39:19,259 [WARN] PackLoader:240 - Cannot read IP mode file for STMicroelectronics.X-CUBE-AZRTOS-L5.2.0.0
2024-08-26 22:39:19,269 [WARN] PackLoader:240 - Cannot read IP mode file for ITTIA_DB.I-CUBE-ITTIADB.8.8.0
2024-08-26 22:39:19,279 [WARN] PackLoader:240 - Cannot read IP mode file for STMicroelectronics.X-CUBE-DPower.1.2.0
2024-08-26 22:39:19,288 [WARN] PackLoader:240 - Cannot read IP mode file for STMicroelectronics.X-CUBE-NFC7.1.0.1
2024-08-26 22:39:19,297 [WARN] PackLoader:240 - Cannot read IP mode file for wolfSSL.I-CUBE-wolfTPM.3.2.0
2024-08-26 22:39:19,307 [WARN] PackLoader:240 - Cannot read IP mode file for STMicroelectronics.X-CUBE-NFC6.3.0.0
2024-08-26 22:39:19,316 [WARN] PackLoader:240 - Cannot read IP mode file for STMicroelectronics.X-CUBE-AI.8.1.0
2024-08-26 22:39:19,338 [WARN] ConditionMgr:438 - getConditionDescription Invalid condition id : LAN8742 Phy interface Condition cause : null
2024-08-26 22:39:19,338 [WARN] PackLoader:240 - Cannot read IP mode file for STMicroelectronics.X-CUBE-AZRTOS-L4.2.0.0
2024-08-26 22:39:19,339 [WARN] ConditionMgr:1039 - genDependencies : Invalid condition id : LAN8742 Phy interface Condition cause : null
2024-08-26 22:39:19,340 [WARN] ConditionMgr:1039 - genDependencies : Invalid condition id : LAN8742 Phy interface Condition cause : null
2024-08-26 22:39:19,340 [WARN] ConditionMgr:1039 - genDependencies : Invalid condition id : LAN8742 Phy interface Condition cause : null
2024-08-26 22:39:19,350 [WARN] PackLoader:240 - Cannot read IP mode file for STMicroelectronics.X-CUBE-SFXS2LP1.4.0.0
2024-08-26 22:39:19,368 [WARN] PackLoader:240 - Cannot read IP mode file for STMicroelectronics.X-CUBE-AZRTOS-H7.3.3.0
2024-08-26 22:39:19,384 [WARN] ConditionMgr:438 - getConditionDescription Invalid condition id : UX DEVICE CLASS RTOS Condition cause : null
2024-08-26 22:39:19,384 [WARN] ConditionMgr:438 - getConditionDescription Invalid condition id : UX DEVICE CLASS RTOS Condition cause : null
2024-08-26 22:39:19,385 [WARN] PackLoader:240 - Cannot read IP mode file for STMicroelectronics.X-CUBE-AZRTOS-WB.2.0.0
2024-08-26 22:39:19,385 [WARN] ConditionMgr:1039 - genDependencies : Invalid condition id : UX DEVICE CLASS RTOS Condition cause : null
2024-08-26 22:39:19,385 [WARN] ConditionMgr:1039 - genDependencies : Invalid condition id : UX DEVICE CLASS RTOS Condition cause : null
2024-08-26 22:39:19,386 [WARN] ConditionMgr:1039 - genDependencies : Invalid condition id : UX DEVICE CLASS RTOS Condition cause : null
2024-08-26 22:39:19,386 [WARN] ConditionMgr:1039 - genDependencies : Invalid condition id : UX DEVICE CLASS RTOS Condition cause : null
2024-08-26 22:39:19,386 [WARN] ConditionMgr:1039 - genDependencies : Invalid condition id : UX DEVICE CLASS RTOS Condition cause : null
2024-08-26 22:39:19,396 [WARN] PackLoader:240 - Cannot read IP mode file for STMicroelectronics.FP-SNS-STBOX1.2.0.0
2024-08-26 22:39:19,409 [WARN] PackLoader:240 - Cannot read IP mode file for STMicroelectronics.X-CUBE-SUBG2.5.0.0
2024-08-26 22:39:19,429 [WARN] PackLoader:240 - Cannot read IP mode file for STMicroelectronics.X-CUBE-AZRTOS-G4.2.0.0
2024-08-26 22:39:19,439 [WARN] PackLoader:240 - Cannot read IP mode file for STMicroelectronics.FP-SNS-MOTENVWB1.1.3.1
2024-08-26 22:39:19,448 [WARN] PackLoader:240 - Cannot read IP mode file for STMicroelectronics.X-CUBE-ISPU.2.0.0
2024-08-26 22:39:19,459 [WARN] PackLoader:240 - Cannot read IP mode file for STMicroelectronics.X-CUBE-ALS.1.0.2
2024-08-26 22:39:19,488 [WARN] PackLoader:240 - Cannot read IP mode file for STMicroelectronics.X-CUBE-MEMS1.10.0.0
2024-08-26 22:39:19,544 [WARN] PackLoader:240 - Cannot read IP mode file for STMicroelectronics.X-CUBE-FREERTOS.1.1.0
2024-08-26 22:39:19,553 [WARN] PackLoader:240 - Cannot read IP mode file for STMicroelectronics.X-CUBE-TOUCHGFX.4.24.0
2024-08-26 22:39:19,563 [WARN] PackLoader:240 - Cannot read IP mode file for portGmbH.I-Cube-SoM-uGOAL.1.1.0
2024-08-26 22:39:19,572 [WARN] PackLoader:240 - Cannot read IP mode file for STMicroelectronics.X-CUBE-ALS.1.0.1
2024-08-26 22:39:19,581 [WARN] PackLoader:240 - Cannot read IP mode file for STMicroelectronics.FP-ATR-ASTRA1.2.0.0
2024-08-26 22:39:19,593 [WARN] PackLoader:240 - Cannot read IP mode file for STMicroelectronics.X-CUBE-TOF1.3.4.2
2024-08-26 22:39:19,609 [WARN] PackLoader:240 - Cannot read IP mode file for STMicroelectronics.X-CUBE-TOF1.3.4.0
2024-08-26 22:39:19,625 [WARN] PackLoader:240 - Cannot read IP mode file for STMicroelectronics.X-CUBE-TOF1.3.4.1
2024-08-26 22:39:19,647 [WARN] PackLoader:240 - Cannot read IP mode file for STMicroelectronics.X-CUBE-AZRTOS-H7.3.2.0
2024-08-26 22:39:19,657 [WARN] PackLoader:240 - Cannot read IP mode file for wolfSSL.I-CUBE-wolfSSH.1.4.17
2024-08-26 22:39:19,658 [INFO] ThirdParty:978 - Integrity check success = true
2024-08-26 22:39:19,658 [INFO] IntegrityCheckThread:100 - exiting critical section [integrity check]
2024-08-26 22:39:19,658 [INFO] IntegrityCheckThread:103 - End integrity checks thread
2024-08-26 22:39:21,366 [INFO] WebApp:161 - Instantiating new browser for Auth
2024-08-26 22:39:21,727 [INFO] WebApp:779 - Register for checkConnection events
2024-08-26 22:39:21,727 [INFO] WebApp:414 - Apply proxy settings
2024-08-26 22:39:21,728 [INFO] WebApp:459 - Chromium authenticates against Manually configured proxy
2024-08-26 22:39:21,732 [INFO] WebApp:467 - Username used for proxy authentication: 
2024-08-26 22:39:21,838 [INFO] WebApp:192 - Starting web application
2024-08-26 22:39:21,839 [INFO] WebApp:544 - Web application path used I:\software\STM32CubeIDE_1.15.1\STM32CubeIDE\plugins\com.st.stm32cube.common.mx_6.11.1.202404110753\db\plugins\mcufinder\reactClient1\index.html
2024-08-26 22:39:40,666 [ERROR] AdobePublisher:183 - Exception while getting the server answer: java.net.SocketTimeoutException: Read timed out
2024-08-26 22:39:42,736 [ERROR] AdobePublisher:162 - Exception while opening the connection: java.net.SocketTimeoutException: Read timed out
2024-08-26 22:39:44,739 [ERROR] AdobePublisher:162 - Exception while opening the connection: java.net.SocketTimeoutException: Read timed out
2024-08-26 22:39:46,741 [ERROR] AdobePublisher:162 - Exception while opening the connection: java.net.SocketTimeoutException: Read timed out
2024-08-26 22:39:48,743 [ERROR] AdobePublisher:162 - Exception while opening the connection: java.net.SocketTimeoutException: Read timed out
2024-08-26 22:39:50,745 [ERROR] AdobePublisher:162 - Exception while opening the connection: java.net.SocketTimeoutException: Read timed out
2024-08-26 22:39:53,860 [ERROR] AdobePublisher:162 - Exception while opening the connection: java.net.SocketTimeoutException: Read timed out
2024-08-26 22:39:55,863 [ERROR] AdobePublisher:162 - Exception while opening the connection: java.net.SocketTimeoutException: Read timed out
2024-08-26 22:39:57,865 [ERROR] AdobePublisher:162 - Exception while opening the connection: java.net.SocketTimeoutException: Read timed out
2024-08-26 22:40:11,893 [ERROR] AdobePublisher:162 - Exception while opening the connection: java.net.SocketTimeoutException: Read timed out
2024-08-26 22:40:13,895 [ERROR] AdobePublisher:162 - Exception while opening the connection: java.net.SocketTimeoutException: Read timed out
2024-08-26 22:40:15,897 [ERROR] AdobePublisher:162 - Exception while opening the connection: java.net.SocketTimeoutException: Read timed out
2024-08-26 22:40:17,900 [ERROR] AdobePublisher:162 - Exception while opening the connection: java.net.SocketTimeoutException: Read timed out
2024-08-26 22:40:19,902 [ERROR] AdobePublisher:162 - Exception while opening the connection: java.net.SocketTimeoutException: Read timed out
2024-08-26 22:42:31,560 [ERROR] LogOutputStream:75 - [STDERR_REDIRECT] 
2024-08-26 22:45:48,090 [INFO] Activator:176 - 


2024-08-26 22:45:48,092 [INFO] Activator:177 - !SESSION log4j initialized
2024-08-26 22:45:50,630 [INFO] LogOutputStream:77 - [STDOUT_REDIRECT] 
2024-08-26 22:45:52,195 [INFO] ApplicationProperties:184 - Using Application install path: I:\software\STM32CubeIDE_1.15.1\STM32CubeIDE\plugins\com.st.stm32cube.common.mx_6.11.1.202404110753
2024-08-26 22:45:52,207 [INFO] DbMcusXml:78 - Set database path to: I:\software\STM32CubeIDE_1.15.1\STM32CubeIDE\plugins\com.st.stm32cube.common.mx_6.11.1.202404110753\\db\/mcu/
2024-08-26 22:45:52,207 [INFO] ApiDb:274 - Set plugin database path to: I:\software\STM32CubeIDE_1.15.1\STM32CubeIDE\plugins\com.st.stm32cube.common.mx_6.11.1.202404110753\\db\/plugins/boardmanager/
2024-08-26 22:45:52,207 [WARN] ApiDb:259 - Overriding images path with different value:  => I:\software\STM32CubeIDE_1.15.1\STM32CubeIDE\plugins\com.st.stm32cube.common.mx_6.11.1.202404110753\\db\/plugins/mcufinder/images/
2024-08-26 22:45:52,213 [INFO] ApiDb:250 - Set database path to: C:\Users\king\.stmcufinder\plugins\mcufinder//mcu/
2024-08-26 22:45:52,214 [INFO] DbMcusAds:125 - Set database path to: C:\Users\king\.stmcufinder\plugins\mcufinder//mcu/
2024-08-26 22:45:52,216 [INFO] CrossReferenceDbSqlite:203 - Set database path to: C:\Users\king\.stmcufinder\plugins\mcufinder//mcu/cs/
2024-08-26 22:45:52,304 [INFO] RulesReader:64 - Compatibility file has been processed (297 Rules)
2024-08-26 22:45:52,397 [INFO] DbMcusXml:78 - Set database path to: I:\software\STM32CubeIDE_1.15.1\STM32CubeIDE\plugins\com.st.stm32cube.common.mx_6.11.1.202404110753\\db\/mcu/
2024-08-26 22:45:52,397 [INFO] ApiDb:274 - Set plugin database path to: I:\software\STM32CubeIDE_1.15.1\STM32CubeIDE\plugins\com.st.stm32cube.common.mx_6.11.1.202404110753\\db\/plugins/boardmanager/
2024-08-26 22:45:52,397 [INFO] ApiDb:261 - Set plugin images path to: I:\software\STM32CubeIDE_1.15.1\STM32CubeIDE\plugins\com.st.stm32cube.common.mx_6.11.1.202404110753\\db\/plugins/mcufinder/images/
2024-08-26 22:45:52,398 [WARN] DbFile:41 - Overriding database path with different value: C:\Users\king\.stmcufinder\plugins\mcufinder/ => C:\Users\king\.stmcufinder\plugins\mcufinder
2024-08-26 22:45:52,398 [INFO] ApiDb:250 - Set database path to: C:\Users\king\.stmcufinder\plugins\mcufinder//mcu/
2024-08-26 22:45:52,398 [WARN] DbFile:41 - Overriding database path with different value: C:\Users\king\.stmcufinder\plugins\mcufinder/ => C:\Users\king\.stmcufinder\plugins\mcufinder
2024-08-26 22:45:52,398 [INFO] DbMcusAds:125 - Set database path to: C:\Users\king\.stmcufinder\plugins\mcufinder//mcu/
2024-08-26 22:45:52,398 [WARN] DbFile:41 - Overriding database path with different value: C:\Users\king\.stmcufinder\plugins\mcufinder/ => C:\Users\king\.stmcufinder\plugins\mcufinder
2024-08-26 22:45:52,398 [WARN] DbFile:41 - Overriding database path with different value: C:\Users\king\.stmcufinder\plugins\mcufinder/ => C:\Users\king\.stmcufinder\plugins\mcufinder
2024-08-26 22:45:52,398 [INFO] CrossReferenceDbSqlite:203 - Set database path to: C:\Users\king\.stmcufinder\plugins\mcufinder//mcu/cs/
2024-08-26 22:45:52,469 [INFO] MainPanel:264 - HeapMemory: 268435456
2024-08-26 22:45:52,512 [INFO] DbMcusXml:78 - Set database path to: I:\software\STM32CubeIDE_1.15.1\STM32CubeIDE\plugins\com.st.stm32cube.common.mx_6.11.1.202404110753\\db\/mcu/
2024-08-26 22:45:52,512 [INFO] ApiDb:274 - Set plugin database path to: I:\software\STM32CubeIDE_1.15.1\STM32CubeIDE\plugins\com.st.stm32cube.common.mx_6.11.1.202404110753\\db\/plugins/boardmanager/
2024-08-26 22:45:52,512 [INFO] ApiDb:261 - Set plugin images path to: I:\software\STM32CubeIDE_1.15.1\STM32CubeIDE\plugins\com.st.stm32cube.common.mx_6.11.1.202404110753\\db\/plugins/mcufinder/images/
2024-08-26 22:45:52,512 [WARN] DbFile:41 - Overriding database path with different value: C:\Users\king\.stmcufinder\plugins\mcufinder/ => C:\Users\king\.stmcufinder\plugins\mcufinder
2024-08-26 22:45:52,512 [INFO] ApiDb:250 - Set database path to: C:\Users\king\.stmcufinder\plugins\mcufinder//mcu/
2024-08-26 22:45:52,512 [WARN] DbFile:41 - Overriding database path with different value: C:\Users\king\.stmcufinder\plugins\mcufinder/ => C:\Users\king\.stmcufinder\plugins\mcufinder
2024-08-26 22:45:52,512 [INFO] DbMcusAds:125 - Set database path to: C:\Users\king\.stmcufinder\plugins\mcufinder//mcu/
2024-08-26 22:45:52,512 [WARN] DbFile:41 - Overriding database path with different value: C:\Users\king\.stmcufinder\plugins\mcufinder/ => C:\Users\king\.stmcufinder\plugins\mcufinder
2024-08-26 22:45:52,512 [WARN] DbFile:41 - Overriding database path with different value: C:\Users\king\.stmcufinder\plugins\mcufinder/ => C:\Users\king\.stmcufinder\plugins\mcufinder
2024-08-26 22:45:52,512 [INFO] CrossReferenceDbSqlite:203 - Set database path to: C:\Users\king\.stmcufinder\plugins\mcufinder//mcu/cs/
2024-08-26 22:45:52,529 [INFO] ApplicationProperties:184 - Using Application install path: I:\software\STM32CubeIDE_1.15.1\STM32CubeIDE\plugins\com.st.stm32cube.common.mx_6.11.1.202404110753
2024-08-26 22:45:52,530 [INFO] PluginManage:196 - Search for loadable plugins [exclusion list=, ]
2024-08-26 22:45:52,531 [INFO] PluginManage:310 - Check plugin analytics
2024-08-26 22:45:52,642 [INFO] AnalyticsPlugin:253 - Accepted Software Licenses: STM32CubeMX.6.8.1,STM32CubeMX.6.10.0
2024-08-26 22:45:52,642 [INFO] AnalyticsPlugin:255 - Accepted CMSIS Pack Licenses: 
2024-08-26 22:45:52,643 [INFO] AnalyticsPlugin:257 - Accepted Firmware Licenses: FW.F4.1.28.0
2024-08-26 22:45:52,644 [INFO] PluginManage:359 - Loaded plugin analytics (category:tool,tabindex:-1)
2024-08-26 22:45:52,644 [INFO] PluginManage:310 - Check plugin cadmodel
2024-08-26 22:45:52,647 [INFO] CADModel:105 - Init CAD model plugin
2024-08-26 22:45:52,647 [INFO] PluginManage:359 - Loaded plugin cadmodel (category:power,tabindex:5)
2024-08-26 22:45:52,647 [INFO] PluginManage:310 - Check plugin clock
2024-08-26 22:45:52,653 [INFO] PluginManage:359 - Loaded plugin clock (category:base,tabindex:2)
2024-08-26 22:45:52,653 [INFO] PluginManage:310 - Check plugin ddr
2024-08-26 22:45:52,654 [INFO] PluginManage:359 - Loaded plugin ddr (category:tool,tabindex:6)
2024-08-26 22:45:52,654 [INFO] PluginManage:310 - Check plugin filemanager
2024-08-26 22:45:52,754 [INFO] PluginManage:359 - Loaded plugin filemanager (category:base,tabindex:10)
2024-08-26 22:45:52,754 [INFO] PluginManage:310 - Check plugin ipmanager
2024-08-26 22:45:52,764 [INFO] PluginManage:359 - Loaded plugin ipmanager (category:base,tabindex:5)
2024-08-26 22:45:52,764 [INFO] PluginManage:310 - Check plugin lpbam
2024-08-26 22:45:52,771 [INFO] PluginManage:359 - Loaded plugin lpbam (category:base,tabindex:0)
2024-08-26 22:45:52,772 [INFO] PluginManage:310 - Check plugin memorymap
2024-08-26 22:45:52,780 [INFO] PluginManage:359 - Loaded plugin memorymap (category:base,tabindex:4)
2024-08-26 22:45:52,780 [INFO] PluginManage:310 - Check plugin pinoutandconfiguration
2024-08-26 22:45:52,785 [INFO] PluginManage:359 - Loaded plugin pinoutandconfiguration (category:base,tabindex:1)
2024-08-26 22:45:52,785 [INFO] PluginManage:310 - Check plugin pinoutconfig
2024-08-26 22:45:52,855 [WARN] SupportedApi:132 - Cannot load RTOS API schema: s4s-elt-must-match.1: The content of 'definitions' must match (annotation?, (simpleType | complexType)?, (unique | key | keyref)*)). A problem was found starting at: attribute.
2024-08-26 22:45:52,941 [INFO] PluginManage:359 - Loaded plugin pinoutconfig (category:base,tabindex:0)
2024-08-26 22:45:52,941 [INFO] PluginManage:310 - Check plugin power
2024-08-26 22:45:52,947 [INFO] PluginManage:359 - Loaded plugin power (category:power,tabindex:4)
2024-08-26 22:45:52,947 [INFO] PluginManage:310 - Check plugin projectmanager
2024-08-26 22:45:52,958 [INFO] PluginManage:359 - Loaded plugin projectmanager (category:projectmanager,tabindex:3)
2024-08-26 22:45:52,958 [INFO] PluginManage:310 - Check plugin thirdparty
2024-08-26 22:45:53,038 [INFO] PluginManage:359 - Loaded plugin thirdparty (category:base,tabindex:-1)
2024-08-26 22:45:53,038 [INFO] PluginManage:310 - Check plugin tools
2024-08-26 22:45:53,038 [WARN] IntegrityCheckThread:84 - waiting for thirdparty lock release [integrity check]
2024-08-26 22:45:53,038 [INFO] IntegrityCheckThread:86 - entering critical section [integrity check]
2024-08-26 22:45:53,038 [INFO] ThirdPartyUpdaterWithRetryManager:70 - Updater plugin not ready yet. [1/15]
2024-08-26 22:45:53,040 [INFO] PluginManage:359 - Loaded plugin tools (category:base,tabindex:7)
2024-08-26 22:45:53,040 [INFO] PluginManage:310 - Check plugin tutovideos
2024-08-26 22:45:53,147 [INFO] PluginManage:359 - Loaded plugin tutovideos (category:base,tabindex:-1)
2024-08-26 22:45:53,147 [INFO] PluginManage:310 - Check plugin updater
2024-08-26 22:45:53,154 [INFO] PluginManage:359 - Loaded plugin updater (category:base,tabindex:12)
2024-08-26 22:45:53,154 [INFO] PluginManage:310 - Check plugin userauth
2024-08-26 22:45:53,157 [INFO] UserAuth:114 - Init User Auth plugin
2024-08-26 22:45:53,158 [INFO] PluginManage:359 - Loaded plugin userauth (category:base,tabindex:14)
2024-08-26 22:45:53,158 [INFO] PluginManage:283 - PluginManage : Loaded plugins [17]
2024-08-26 22:45:53,344 [INFO] PinOutPanel:1561 - setPackage(No Configuration,No Configuration)
2024-08-26 22:45:53,428 [INFO] CADModel:165 - CPN selected for project level
2024-08-26 22:45:53,428 [INFO] CADModel:114 - Register for checkConnection events
2024-08-26 22:45:53,438 [INFO] IPUIPlugin:80 - create IPUIPlugin
2024-08-26 22:45:53,438 [INFO] PluginManager:220 - loadIPPluginJar : add adc
2024-08-26 22:45:53,441 [INFO] IPUIPlugin:80 - create IPUIPlugin
2024-08-26 22:45:53,441 [INFO] PluginManager:220 - loadIPPluginJar : add aes
2024-08-26 22:45:53,443 [INFO] IPUIPlugin:80 - create IPUIPlugin
2024-08-26 22:45:53,443 [INFO] PluginManager:220 - loadIPPluginJar : add can
2024-08-26 22:45:53,444 [INFO] IPUIPlugin:80 - create IPUIPlugin
2024-08-26 22:45:53,444 [INFO] PluginManager:220 - loadIPPluginJar : add comp
2024-08-26 22:45:53,446 [INFO] IPUIPlugin:80 - create IPUIPlugin
2024-08-26 22:45:53,446 [INFO] PluginManager:220 - loadIPPluginJar : add cryp
2024-08-26 22:45:53,447 [INFO] IPUIPlugin:80 - create IPUIPlugin
2024-08-26 22:45:53,447 [INFO] PluginManager:220 - loadIPPluginJar : add dfsdm
2024-08-26 22:45:53,451 [INFO] IPUIPlugin:80 - create IPUIPlugin
2024-08-26 22:45:53,451 [INFO] PluginManager:220 - loadIPPluginJar : add dma
2024-08-26 22:45:53,453 [INFO] IPUIPlugin:80 - create IPUIPlugin
2024-08-26 22:45:53,453 [INFO] PluginManager:220 - loadIPPluginJar : add dma3
2024-08-26 22:45:53,455 [INFO] IPUIPlugin:80 - create IPUIPlugin
2024-08-26 22:45:53,455 [INFO] PluginManager:220 - loadIPPluginJar : add extmemmanager
2024-08-26 22:45:53,456 [INFO] IPUIPlugin:80 - create IPUIPlugin
2024-08-26 22:45:53,456 [INFO] PluginManager:220 - loadIPPluginJar : add fatfs
2024-08-26 22:45:53,459 [INFO] IPUIPlugin:80 - create IPUIPlugin
2024-08-26 22:45:53,459 [INFO] PluginManager:220 - loadIPPluginJar : add fmc
2024-08-26 22:45:53,462 [INFO] IPUIPlugin:80 - create IPUIPlugin
2024-08-26 22:45:53,463 [INFO] PluginManager:220 - loadIPPluginJar : add freertos
2024-08-26 22:45:53,463 [INFO] IPUIPlugin:80 - create IPUIPlugin
2024-08-26 22:45:53,463 [INFO] PluginManager:220 - loadIPPluginJar : add genericplugin
2024-08-26 22:45:53,465 [INFO] IPUIPlugin:80 - create IPUIPlugin
2024-08-26 22:45:53,465 [INFO] PluginManager:220 - loadIPPluginJar : add gfxmmu
2024-08-26 22:45:53,468 [INFO] IPUIPlugin:80 - create IPUIPlugin
2024-08-26 22:45:53,468 [INFO] PluginManager:220 - loadIPPluginJar : add gic
2024-08-26 22:45:53,470 [INFO] IPUIPlugin:80 - create IPUIPlugin
2024-08-26 22:45:53,470 [INFO] PluginManager:220 - loadIPPluginJar : add gpio
2024-08-26 22:45:53,472 [INFO] IPUIPlugin:80 - create IPUIPlugin
2024-08-26 22:45:53,472 [INFO] PluginManager:220 - loadIPPluginJar : add gtzc
2024-08-26 22:45:53,474 [INFO] IPUIPlugin:80 - create IPUIPlugin
2024-08-26 22:45:53,474 [INFO] PluginManager:220 - loadIPPluginJar : add hash
2024-08-26 22:45:53,476 [INFO] IPUIPlugin:80 - create IPUIPlugin
2024-08-26 22:45:53,476 [INFO] PluginManager:220 - loadIPPluginJar : add i2c
2024-08-26 22:45:53,478 [INFO] IPUIPlugin:80 - create IPUIPlugin
2024-08-26 22:45:53,478 [INFO] PluginManager:220 - loadIPPluginJar : add i2s
2024-08-26 22:45:53,480 [INFO] IPUIPlugin:80 - create IPUIPlugin
2024-08-26 22:45:53,480 [INFO] PluginManager:220 - loadIPPluginJar : add i3c
2024-08-26 22:45:53,482 [INFO] IPUIPlugin:80 - create IPUIPlugin
2024-08-26 22:45:53,482 [INFO] PluginManager:220 - loadIPPluginJar : add ipddr
2024-08-26 22:45:53,486 [INFO] IPUIPlugin:80 - create IPUIPlugin
2024-08-26 22:45:53,486 [INFO] PluginManager:220 - loadIPPluginJar : add linkedlist
2024-08-26 22:45:53,488 [INFO] IPUIPlugin:80 - create IPUIPlugin
2024-08-26 22:45:53,488 [INFO] PluginManager:220 - loadIPPluginJar : add lorawan
2024-08-26 22:45:53,489 [INFO] IPUIPlugin:80 - create IPUIPlugin
2024-08-26 22:45:53,489 [INFO] PluginManager:220 - loadIPPluginJar : add ltdc
2024-08-26 22:45:53,492 [INFO] IPUIPlugin:80 - create IPUIPlugin
2024-08-26 22:45:53,492 [INFO] PluginManager:220 - loadIPPluginJar : add mdma
2024-08-26 22:45:53,494 [INFO] IPUIPlugin:80 - create IPUIPlugin
2024-08-26 22:45:53,494 [INFO] PluginManager:220 - loadIPPluginJar : add nvic
2024-08-26 22:45:53,496 [INFO] IPUIPlugin:80 - create IPUIPlugin
2024-08-26 22:45:53,496 [INFO] PluginManager:220 - loadIPPluginJar : add opamp
2024-08-26 22:45:53,498 [INFO] IPUIPlugin:80 - create IPUIPlugin
2024-08-26 22:45:53,499 [INFO] PluginManager:220 - loadIPPluginJar : add openamp
2024-08-26 22:45:53,501 [INFO] IPUIPlugin:80 - create IPUIPlugin
2024-08-26 22:45:53,501 [INFO] PluginManager:220 - loadIPPluginJar : add pdm2pcm
2024-08-26 22:45:53,505 [INFO] IPUIPlugin:80 - create IPUIPlugin
2024-08-26 22:45:53,506 [INFO] PluginManager:220 - loadIPPluginJar : add plateformsettings
2024-08-26 22:45:53,507 [INFO] IPUIPlugin:80 - create IPUIPlugin
2024-08-26 22:45:53,507 [INFO] PluginManager:220 - loadIPPluginJar : add quadspi
2024-08-26 22:45:53,509 [INFO] IPUIPlugin:80 - create IPUIPlugin
2024-08-26 22:45:53,510 [INFO] PluginManager:220 - loadIPPluginJar : add resmgrutility
2024-08-26 22:45:53,512 [INFO] IPUIPlugin:80 - create IPUIPlugin
2024-08-26 22:45:53,512 [INFO] PluginManager:220 - loadIPPluginJar : add sai
2024-08-26 22:45:53,513 [INFO] IPUIPlugin:80 - create IPUIPlugin
2024-08-26 22:45:53,513 [INFO] PluginManager:220 - loadIPPluginJar : add spi
2024-08-26 22:45:53,517 [INFO] IPUIPlugin:80 - create IPUIPlugin
2024-08-26 22:45:53,517 [INFO] PluginManager:220 - loadIPPluginJar : add stm32_wpan
2024-08-26 22:45:53,518 [INFO] IPUIPlugin:80 - create IPUIPlugin
2024-08-26 22:45:53,518 [INFO] PluginManager:220 - loadIPPluginJar : add tim
2024-08-26 22:45:53,520 [INFO] IPUIPlugin:80 - create IPUIPlugin
2024-08-26 22:45:53,520 [INFO] PluginManager:220 - loadIPPluginJar : add touchsensing
2024-08-26 22:45:53,521 [INFO] IPUIPlugin:80 - create IPUIPlugin
2024-08-26 22:45:53,521 [INFO] PluginManager:220 - loadIPPluginJar : add tracer_emb
2024-08-26 22:45:53,523 [INFO] IPUIPlugin:80 - create IPUIPlugin
2024-08-26 22:45:53,523 [INFO] PluginManager:220 - loadIPPluginJar : add ts
2024-08-26 22:45:53,524 [INFO] IPUIPlugin:80 - create IPUIPlugin
2024-08-26 22:45:53,524 [INFO] PluginManager:220 - loadIPPluginJar : add tsc
2024-08-26 22:45:53,525 [INFO] IPUIPlugin:80 - create IPUIPlugin
2024-08-26 22:45:53,525 [INFO] PluginManager:220 - loadIPPluginJar : add ucpd
2024-08-26 22:45:53,527 [INFO] IPUIPlugin:80 - create IPUIPlugin
2024-08-26 22:45:53,527 [INFO] PluginManager:220 - loadIPPluginJar : add usart
2024-08-26 22:45:53,529 [INFO] IPUIPlugin:80 - create IPUIPlugin
2024-08-26 22:45:53,529 [INFO] PluginManager:220 - loadIPPluginJar : add usbx
2024-08-26 22:45:53,662 [INFO] CADModel:165 - CPN selected for project level
2024-08-26 22:45:53,662 [INFO] CADModel:114 - Register for checkConnection events
2024-08-26 22:45:53,662 [FATAL] Updater:308 - Updater called before beeing initialized
2024-08-26 22:45:53,662 [ERROR] CADModel:125 - Updater not yet initialized, retry later 
2024-08-26 22:45:53,760 [INFO] CADModel:165 - CPN selected for project level
2024-08-26 22:45:53,760 [INFO] CADModel:114 - Register for checkConnection events
2024-08-26 22:45:53,760 [FATAL] Updater:308 - Updater called before beeing initialized
2024-08-26 22:45:53,760 [ERROR] CADModel:125 - Updater not yet initialized, retry later 
2024-08-26 22:45:53,762 [FATAL] Updater:308 - Updater called before beeing initialized
2024-08-26 22:45:53,857 [FATAL] Updater:308 - Updater called before beeing initialized
2024-08-26 22:45:53,860 [INFO] DbMcusAds:53 - JSON generation date=Thu May 16 17:22:00 CST 2024 (1715851320667)
2024-08-26 22:45:53,860 [FATAL] Updater:308 - Updater called before beeing initialized
2024-08-26 22:45:53,885 [WARN] DetailPanel:346 - Failed to get advertising image, set to default
2024-08-26 22:45:53,988 [FATAL] Updater:308 - Updater called before beeing initialized
2024-08-26 22:45:53,990 [FATAL] Updater:308 - Updater called before beeing initialized
2024-08-26 22:45:53,990 [FATAL] Updater:308 - Updater called before beeing initialized
2024-08-26 22:45:53,990 [WARN] DetailPanel:346 - Failed to get advertising image, set to default
2024-08-26 22:45:53,990 [FATAL] Updater:308 - Updater called before beeing initialized
2024-08-26 22:45:54,023 [ERROR] Updater:1120 - MainUpdater not yet initialized. External WinMGr cannot be set.
2024-08-26 22:45:54,024 [INFO] Updater:1056 - Updater Version found : 6.11.1
2024-08-26 22:45:54,035 [INFO] ApplicationProperties:184 - Using Application install path: I:\software\STM32CubeIDE_1.15.1\STM32CubeIDE\plugins\com.st.stm32cube.common.mx_6.11.1.202404110753
2024-08-26 22:45:54,317 [INFO] MainUpdater:2873 - connection check result : 10
2024-08-26 22:45:54,318 [INFO] MainUpdater:290 - Updater Check For Update Now.
2024-08-26 22:45:54,318 [INFO] MicroXplorer:498 - Change Database Version : DB.6.0.111
2024-08-26 22:45:54,323 [INFO] McuFinderGlobals:63 - Set McuFinder mode to 2 (CubeIDE integrated)
2024-08-26 22:45:54,326 [INFO] UserAuth:415 - Internet connection configuration mode: 1
2024-08-26 22:45:54,336 [INFO] JxBrowserEngine:152 - Initiate JxBrowser Engine with user profile folder
2024-08-26 22:45:54,472 [INFO] CheckServerUpdateThread:120 - End of CheckServer Thread
2024-08-26 22:45:55,036 [INFO] WebApp:161 - Instantiating new browser for Auth
2024-08-26 22:45:55,706 [INFO] WebApp:779 - Register for checkConnection events
2024-08-26 22:45:55,706 [INFO] WebApp:414 - Apply proxy settings
2024-08-26 22:45:55,707 [INFO] WebApp:459 - Chromium authenticates against Manually configured proxy
2024-08-26 22:45:55,711 [INFO] WebApp:467 - Username used for proxy authentication: 
2024-08-26 22:45:55,822 [INFO] WebApp:192 - Starting web application
2024-08-26 22:45:55,822 [INFO] WebApp:544 - Web application path used I:\software\STM32CubeIDE_1.15.1\STM32CubeIDE\plugins\com.st.stm32cube.common.mx_6.11.1.202404110753\db\plugins\mcufinder\reactClient1\index.html
2024-08-26 22:45:56,348 [WARN] PackLoader:240 - Cannot read IP mode file for STMicroelectronics.X-CUBE-SMBUS.2.1.0
2024-08-26 22:45:56,353 [WARN] PackLoader:240 - Cannot read IP mode file for STMicroelectronics.X-CUBE-TOUCHGFX.4.23.0
2024-08-26 22:45:56,356 [WARN] PackLoader:240 - Cannot read IP mode file for STMicroelectronics.X-CUBE-TOUCHGFX.4.23.2
2024-08-26 22:45:56,377 [WARN] PackLoader:240 - Cannot read IP mode file for STMicroelectronics.X-CUBE-AZRTOS-F7.1.1.0
2024-08-26 22:45:56,385 [WARN] PackLoader:240 - Cannot read IP mode file for STMicroelectronics.FP-SNS-MOTENV1.4.3.2
2024-08-26 22:45:56,431 [WARN] PackLoader:240 - Cannot read IP mode file for STMicroelectronics.X-CUBE-MEMS1.11.0.0
2024-08-26 22:45:56,559 [WARN] PackLoader:240 - Cannot read IP mode file for STMicroelectronics.FP-SNS-FLIGHT1.5.0.2
2024-08-26 22:45:56,565 [WARN] PackLoader:240 - Cannot read IP mode file for STMicroelectronics.X-CUBE-DISPLAY.3.0.0
2024-08-26 22:45:56,572 [WARN] PackLoader:240 - Cannot read IP mode file for STMicroelectronics.X-CUBE-BLE1.7.0.0
2024-08-26 22:45:56,576 [WARN] PackLoader:240 - Cannot read IP mode file for emotas.I-CUBE-CANOPEN.1.3.0
2024-08-26 22:45:56,580 [WARN] PackLoader:240 - Cannot read IP mode file for STMicroelectronics.FP-SNS-SMARTAG2.1.2.0
2024-08-26 22:45:56,585 [INFO] LogOutputStream:77 - [STDOUT_REDIRECT] 1 : Invalid condition id : UX_CORESTACK_Condition cause : null
2024-08-26 22:45:56,586 [INFO] LogOutputStream:77 - [STDOUT_REDIRECT] 1 : Invalid condition id : UX_CORESTACK_Condition cause : null
2024-08-26 22:45:56,586 [INFO] LogOutputStream:77 - [STDOUT_REDIRECT] 1 : Invalid condition id : UX_CORESTACK_Condition cause : null
2024-08-26 22:45:56,587 [INFO] LogOutputStream:77 - [STDOUT_REDIRECT] 1 : Invalid condition id : UX_CORESTACK_Condition cause : null
2024-08-26 22:45:56,588 [INFO] LogOutputStream:77 - [STDOUT_REDIRECT] 1 : Invalid condition id : UX_CORESTACK_Condition cause : null
2024-08-26 22:45:56,590 [WARN] PackLoader:240 - Cannot read IP mode file for STMicroelectronics.X-CUBE-AZRTOS-WL.2.0.0
2024-08-26 22:45:56,595 [WARN] PackLoader:240 - Cannot read IP mode file for wolfSSL.I-CUBE-wolfMQTT.1.19.0
2024-08-26 22:45:56,599 [WARN] PackLoader:240 - Cannot read IP mode file for STMicroelectronics.X-CUBE-BLE2.3.3.0
2024-08-26 22:45:56,603 [WARN] PackLoader:240 - Cannot read IP mode file for STMicroelectronics.X-CUBE-ALGOBUILD.1.3.0
2024-08-26 22:45:56,613 [WARN] PackLoader:240 - Cannot read IP mode file for STMicroelectronics.X-CUBE-AZRTOS-G0.1.1.0
2024-08-26 22:45:56,618 [WARN] PackLoader:240 - Cannot read IP mode file for STMicroelectronics.X-CUBE-NFC4.3.0.0
2024-08-26 22:45:56,620 [WARN] PackLoader:240 - Cannot read IP mode file for wolfSSL.I-CUBE-wolfMQTT.1.18.0
2024-08-26 22:45:56,626 [WARN] PackLoader:240 - Cannot read IP mode file for EmbeddedOffice.I-CUBE-FS-RTOS.1.0.1
2024-08-26 22:45:56,627 [ERROR] ConditionMgr:805 - Attr not supported : Dmpu
2024-08-26 22:45:56,627 [ERROR] ConditionMgr:805 - Attr not supported : Dmpu
2024-08-26 22:45:56,627 [ERROR] ConditionMgr:805 - Attr not supported : Dmpu
2024-08-26 22:45:56,627 [ERROR] ConditionMgr:805 - Attr not supported : Dmpu
2024-08-26 22:45:56,627 [ERROR] ConditionMgr:805 - Attr not supported : Dmpu
2024-08-26 22:45:56,627 [ERROR] ConditionMgr:805 - Attr not supported : Dmpu
2024-08-26 22:45:56,627 [ERROR] ConditionMgr:805 - Attr not supported : Dmpu
2024-08-26 22:45:56,627 [ERROR] ConditionMgr:805 - Attr not supported : Dmpu
2024-08-26 22:45:56,627 [ERROR] ConditionMgr:805 - Attr not supported : Dmpu
2024-08-26 22:45:56,627 [ERROR] ConditionMgr:805 - Attr not supported : Dmpu
2024-08-26 22:45:56,627 [ERROR] ConditionMgr:805 - Attr not supported : Dmpu
2024-08-26 22:45:56,627 [ERROR] ConditionMgr:805 - Attr not supported : Dmpu
2024-08-26 22:45:56,627 [ERROR] ConditionMgr:805 - Attr not supported : Dmpu
2024-08-26 22:45:56,627 [ERROR] ConditionMgr:805 - Attr not supported : Dmpu
2024-08-26 22:45:56,627 [ERROR] ConditionMgr:805 - Attr not supported : Dmpu
2024-08-26 22:45:56,627 [ERROR] ConditionMgr:805 - Attr not supported : Dmpu
2024-08-26 22:45:56,627 [ERROR] ConditionMgr:805 - Attr not supported : Dmpu
2024-08-26 22:45:56,627 [ERROR] ConditionMgr:805 - Attr not supported : Dmpu
2024-08-26 22:45:56,627 [ERROR] ConditionMgr:805 - Attr not supported : Dmpu
2024-08-26 22:45:56,627 [ERROR] ConditionMgr:805 - Attr not supported : Dmpu
2024-08-26 22:45:56,627 [ERROR] ConditionMgr:805 - Attr not supported : Dmpu
2024-08-26 22:45:56,628 [ERROR] ConditionMgr:805 - Attr not supported : Dmpu
2024-08-26 22:45:56,628 [ERROR] ConditionMgr:805 - Attr not supported : Dmpu
2024-08-26 22:45:56,628 [ERROR] ConditionMgr:805 - Attr not supported : Dmpu
2024-08-26 22:45:56,628 [ERROR] ConditionMgr:805 - Attr not supported : Dmpu
2024-08-26 22:45:56,628 [ERROR] ConditionMgr:805 - Attr not supported : Dmpu
2024-08-26 22:45:56,628 [ERROR] ConditionMgr:805 - Attr not supported : Dmpu
2024-08-26 22:45:56,628 [ERROR] ConditionMgr:805 - Attr not supported : Dmpu
2024-08-26 22:45:56,628 [ERROR] ConditionMgr:805 - Attr not supported : Dmpu
2024-08-26 22:45:56,628 [ERROR] ConditionMgr:805 - Attr not supported : Dmpu
2024-08-26 22:45:56,628 [ERROR] ConditionMgr:805 - Attr not supported : Dmpu
2024-08-26 22:45:56,628 [ERROR] ConditionMgr:805 - Attr not supported : Dmpu
2024-08-26 22:45:56,628 [ERROR] ConditionMgr:805 - Attr not supported : Dmpu
2024-08-26 22:45:56,628 [ERROR] ConditionMgr:805 - Attr not supported : Dmpu
2024-08-26 22:45:56,628 [ERROR] ConditionMgr:805 - Attr not supported : Dmpu
2024-08-26 22:45:56,628 [ERROR] ConditionMgr:805 - Attr not supported : Dmpu
2024-08-26 22:45:56,628 [ERROR] ConditionMgr:805 - Attr not supported : Dmpu
2024-08-26 22:45:56,628 [ERROR] ConditionMgr:805 - Attr not supported : Dmpu
2024-08-26 22:45:56,629 [ERROR] ConditionMgr:805 - Attr not supported : Dmpu
2024-08-26 22:45:56,629 [ERROR] ConditionMgr:805 - Attr not supported : Dmpu
2024-08-26 22:45:56,629 [ERROR] ConditionMgr:805 - Attr not supported : Dmpu
2024-08-26 22:45:56,629 [ERROR] ConditionMgr:805 - Attr not supported : Dmpu
2024-08-26 22:45:56,629 [ERROR] ConditionMgr:805 - Attr not supported : Dmpu
2024-08-26 22:45:56,629 [ERROR] ConditionMgr:805 - Attr not supported : Dmpu
2024-08-26 22:45:56,629 [ERROR] ConditionMgr:805 - Attr not supported : Dmpu
2024-08-26 22:45:56,629 [ERROR] ConditionMgr:805 - Attr not supported : Dmpu
2024-08-26 22:45:56,629 [ERROR] ConditionMgr:805 - Attr not supported : Dmpu
2024-08-26 22:45:56,629 [ERROR] ConditionMgr:805 - Attr not supported : Dmpu
2024-08-26 22:45:56,629 [ERROR] ConditionMgr:805 - Attr not supported : Dmpu
2024-08-26 22:45:56,629 [ERROR] ConditionMgr:805 - Attr not supported : Dmpu
2024-08-26 22:45:56,629 [ERROR] ConditionMgr:805 - Attr not supported : Dmpu
2024-08-26 22:45:56,629 [ERROR] ConditionMgr:805 - Attr not supported : Dmpu
2024-08-26 22:45:56,629 [ERROR] ConditionMgr:805 - Attr not supported : Dmpu
2024-08-26 22:45:56,629 [ERROR] ConditionMgr:805 - Attr not supported : Dmpu
2024-08-26 22:45:56,629 [ERROR] ConditionMgr:805 - Attr not supported : Dmpu
2024-08-26 22:45:56,629 [ERROR] ConditionMgr:805 - Attr not supported : Dmpu
2024-08-26 22:45:56,629 [ERROR] ConditionMgr:805 - Attr not supported : Dmpu
2024-08-26 22:45:56,629 [ERROR] ConditionMgr:805 - Attr not supported : Dmpu
2024-08-26 22:45:56,629 [ERROR] ConditionMgr:805 - Attr not supported : Dmpu
2024-08-26 22:45:56,629 [ERROR] ConditionMgr:805 - Attr not supported : Dmpu
2024-08-26 22:45:56,629 [ERROR] ConditionMgr:805 - Attr not supported : Dmpu
2024-08-26 22:45:56,630 [ERROR] ConditionMgr:805 - Attr not supported : Dmpu
2024-08-26 22:45:56,630 [ERROR] ConditionMgr:805 - Attr not supported : Dmpu
2024-08-26 22:45:56,630 [ERROR] ConditionMgr:805 - Attr not supported : Dmpu
2024-08-26 22:45:56,635 [WARN] PackLoader:240 - Cannot read IP mode file for STMicroelectronics.X-CUBE-BLEMGR.3.0.0
2024-08-26 22:45:56,640 [WARN] PackLoader:240 - Cannot read IP mode file for RealThread.X-CUBE-RT-Thread_Nano.4.1.1
2024-08-26 22:45:56,643 [WARN] PackLoader:240 - Cannot read IP mode file for STMicroelectronics.FP-ATR-SIGFOX1.3.2.0
2024-08-26 22:45:56,647 [WARN] PackLoader:240 - Cannot read IP mode file for STMicroelectronics.X-CUBE-EEPRMA1.5.1.0
2024-08-26 22:45:56,671 [WARN] PackLoader:240 - Cannot read IP mode file for SEGGER.I-CUBE-embOS.1.3.1
2024-08-26 22:45:56,701 [WARN] PackLoader:240 - Cannot read IP mode file for STMicroelectronics.X-CUBE-ALGOBUILD.1.4.0
2024-08-26 22:45:56,705 [WARN] PackLoader:240 - Cannot read IP mode file for STMicroelectronics.X-CUBE-GNSS1.6.0.0
2024-08-26 22:45:56,714 [WARN] PackLoader:240 - Cannot read IP mode file for STMicroelectronics.X-CUBE-AZRTOS-F4.1.1.0
2024-08-26 22:45:56,724 [WARN] PackLoader:240 - Cannot read IP mode file for STMicroelectronics.X-CUBE-AZRTOS-L5.2.0.0
2024-08-26 22:45:56,730 [WARN] PackLoader:240 - Cannot read IP mode file for ITTIA_DB.I-CUBE-ITTIADB.8.8.0
2024-08-26 22:45:56,733 [WARN] PackLoader:240 - Cannot read IP mode file for STMicroelectronics.X-CUBE-DPower.1.2.0
2024-08-26 22:45:56,737 [WARN] PackLoader:240 - Cannot read IP mode file for STMicroelectronics.X-CUBE-NFC7.1.0.1
2024-08-26 22:45:56,739 [WARN] PackLoader:240 - Cannot read IP mode file for wolfSSL.I-CUBE-wolfTPM.3.2.0
2024-08-26 22:45:56,743 [WARN] PackLoader:240 - Cannot read IP mode file for STMicroelectronics.X-CUBE-NFC6.3.0.0
2024-08-26 22:45:56,747 [WARN] PackLoader:240 - Cannot read IP mode file for STMicroelectronics.X-CUBE-AI.8.1.0
2024-08-26 22:45:56,756 [WARN] ConditionMgr:438 - getConditionDescription Invalid condition id : LAN8742 Phy interface Condition cause : null
2024-08-26 22:45:56,757 [WARN] PackLoader:240 - Cannot read IP mode file for STMicroelectronics.X-CUBE-AZRTOS-L4.2.0.0
2024-08-26 22:45:56,757 [WARN] ConditionMgr:1039 - genDependencies : Invalid condition id : LAN8742 Phy interface Condition cause : null
2024-08-26 22:45:56,758 [WARN] ConditionMgr:1039 - genDependencies : Invalid condition id : LAN8742 Phy interface Condition cause : null
2024-08-26 22:45:56,758 [WARN] ConditionMgr:1039 - genDependencies : Invalid condition id : LAN8742 Phy interface Condition cause : null
2024-08-26 22:45:56,763 [WARN] PackLoader:240 - Cannot read IP mode file for STMicroelectronics.X-CUBE-SFXS2LP1.4.0.0
2024-08-26 22:45:56,774 [WARN] PackLoader:240 - Cannot read IP mode file for STMicroelectronics.X-CUBE-AZRTOS-H7.3.3.0
2024-08-26 22:45:56,783 [WARN] ConditionMgr:438 - getConditionDescription Invalid condition id : UX DEVICE CLASS RTOS Condition cause : null
2024-08-26 22:45:56,783 [WARN] ConditionMgr:438 - getConditionDescription Invalid condition id : UX DEVICE CLASS RTOS Condition cause : null
2024-08-26 22:45:56,784 [WARN] PackLoader:240 - Cannot read IP mode file for STMicroelectronics.X-CUBE-AZRTOS-WB.2.0.0
2024-08-26 22:45:56,784 [WARN] ConditionMgr:1039 - genDependencies : Invalid condition id : UX DEVICE CLASS RTOS Condition cause : null
2024-08-26 22:45:56,785 [WARN] ConditionMgr:1039 - genDependencies : Invalid condition id : UX DEVICE CLASS RTOS Condition cause : null
2024-08-26 22:45:56,785 [WARN] ConditionMgr:1039 - genDependencies : Invalid condition id : UX DEVICE CLASS RTOS Condition cause : null
2024-08-26 22:45:56,785 [WARN] ConditionMgr:1039 - genDependencies : Invalid condition id : UX DEVICE CLASS RTOS Condition cause : null
2024-08-26 22:45:56,785 [WARN] ConditionMgr:1039 - genDependencies : Invalid condition id : UX DEVICE CLASS RTOS Condition cause : null
2024-08-26 22:45:56,790 [WARN] PackLoader:240 - Cannot read IP mode file for STMicroelectronics.FP-SNS-STBOX1.2.0.0
2024-08-26 22:45:56,797 [WARN] PackLoader:240 - Cannot read IP mode file for STMicroelectronics.X-CUBE-SUBG2.5.0.0
2024-08-26 22:45:56,811 [WARN] PackLoader:240 - Cannot read IP mode file for STMicroelectronics.X-CUBE-AZRTOS-G4.2.0.0
2024-08-26 22:45:56,816 [WARN] PackLoader:240 - Cannot read IP mode file for STMicroelectronics.FP-SNS-MOTENVWB1.1.3.1
2024-08-26 22:45:56,819 [WARN] PackLoader:240 - Cannot read IP mode file for STMicroelectronics.X-CUBE-ISPU.2.0.0
2024-08-26 22:45:56,823 [WARN] PackLoader:240 - Cannot read IP mode file for STMicroelectronics.X-CUBE-ALS.1.0.2
2024-08-26 22:45:56,842 [WARN] PackLoader:240 - Cannot read IP mode file for STMicroelectronics.X-CUBE-MEMS1.10.0.0
2024-08-26 22:45:56,928 [WARN] PackLoader:240 - Cannot read IP mode file for STMicroelectronics.X-CUBE-FREERTOS.1.1.0
2024-08-26 22:45:56,931 [WARN] PackLoader:240 - Cannot read IP mode file for STMicroelectronics.X-CUBE-TOUCHGFX.4.24.0
2024-08-26 22:45:56,935 [WARN] PackLoader:240 - Cannot read IP mode file for portGmbH.I-Cube-SoM-uGOAL.1.1.0
2024-08-26 22:45:56,937 [WARN] PackLoader:240 - Cannot read IP mode file for STMicroelectronics.X-CUBE-ALS.1.0.1
2024-08-26 22:45:56,940 [WARN] PackLoader:240 - Cannot read IP mode file for STMicroelectronics.FP-ATR-ASTRA1.2.0.0
2024-08-26 22:45:56,946 [WARN] PackLoader:240 - Cannot read IP mode file for STMicroelectronics.X-CUBE-TOF1.3.4.2
2024-08-26 22:45:56,963 [WARN] PackLoader:240 - Cannot read IP mode file for STMicroelectronics.X-CUBE-TOF1.3.4.0
2024-08-26 22:45:56,975 [WARN] PackLoader:240 - Cannot read IP mode file for STMicroelectronics.X-CUBE-TOF1.3.4.1
2024-08-26 22:45:56,989 [WARN] PackLoader:240 - Cannot read IP mode file for STMicroelectronics.X-CUBE-AZRTOS-H7.3.2.0
2024-08-26 22:45:56,993 [WARN] PackLoader:240 - Cannot read IP mode file for wolfSSL.I-CUBE-wolfSSH.1.4.17
2024-08-26 22:45:56,993 [INFO] ThirdParty:978 - Integrity check success = true
2024-08-26 22:45:56,993 [INFO] IntegrityCheckThread:100 - exiting critical section [integrity check]
2024-08-26 22:45:56,993 [INFO] IntegrityCheckThread:103 - End integrity checks thread
2024-08-26 22:46:52,858 [ERROR] LogOutputStream:75 - [STDERR_REDIRECT] 
