2024-08-26 22:47:04,581 [INFO] Activator:176 - 


2024-08-26 22:47:04,583 [INFO] Activator:177 - !SESSION log4j initialized
2024-08-26 22:47:07,059 [INFO] LogOutputStream:77 - [STDOUT_REDIRECT] 
2024-08-26 22:47:11,637 [INFO] ApplicationProperties:184 - Using Application install path: I:\software\STM32CubeIDE_1.15.1\STM32CubeIDE\plugins\com.st.stm32cube.common.mx_6.11.1.202404110753
2024-08-26 22:47:11,653 [INFO] DbMcusXml:78 - Set database path to: I:\software\STM32CubeIDE_1.15.1\STM32CubeIDE\plugins\com.st.stm32cube.common.mx_6.11.1.202404110753\\db\/mcu/
2024-08-26 22:47:11,653 [INFO] ApiDb:274 - Set plugin database path to: I:\software\STM32CubeIDE_1.15.1\STM32CubeIDE\plugins\com.st.stm32cube.common.mx_6.11.1.202404110753\\db\/plugins/boardmanager/
2024-08-26 22:47:11,654 [WARN] ApiDb:259 - Overriding images path with different value:  => I:\software\STM32CubeIDE_1.15.1\STM32CubeIDE\plugins\com.st.stm32cube.common.mx_6.11.1.202404110753\\db\/plugins/mcufinder/images/
2024-08-26 22:47:11,660 [INFO] ApiDb:250 - Set database path to: C:\Users\king\.stmcufinder\plugins\mcufinder//mcu/
2024-08-26 22:47:11,661 [INFO] DbMcusAds:125 - Set database path to: C:\Users\king\.stmcufinder\plugins\mcufinder//mcu/
2024-08-26 22:47:11,663 [INFO] CrossReferenceDbSqlite:203 - Set database path to: C:\Users\king\.stmcufinder\plugins\mcufinder//mcu/cs/
2024-08-26 22:47:11,757 [INFO] RulesReader:64 - Compatibility file has been processed (297 Rules)
2024-08-26 22:47:11,842 [INFO] DbMcusXml:78 - Set database path to: I:\software\STM32CubeIDE_1.15.1\STM32CubeIDE\plugins\com.st.stm32cube.common.mx_6.11.1.202404110753\\db\/mcu/
2024-08-26 22:47:11,843 [INFO] ApiDb:274 - Set plugin database path to: I:\software\STM32CubeIDE_1.15.1\STM32CubeIDE\plugins\com.st.stm32cube.common.mx_6.11.1.202404110753\\db\/plugins/boardmanager/
2024-08-26 22:47:11,843 [INFO] ApiDb:261 - Set plugin images path to: I:\software\STM32CubeIDE_1.15.1\STM32CubeIDE\plugins\com.st.stm32cube.common.mx_6.11.1.202404110753\\db\/plugins/mcufinder/images/
2024-08-26 22:47:11,843 [WARN] DbFile:41 - Overriding database path with different value: C:\Users\king\.stmcufinder\plugins\mcufinder/ => C:\Users\king\.stmcufinder\plugins\mcufinder
2024-08-26 22:47:11,843 [INFO] ApiDb:250 - Set database path to: C:\Users\king\.stmcufinder\plugins\mcufinder//mcu/
2024-08-26 22:47:11,843 [WARN] DbFile:41 - Overriding database path with different value: C:\Users\king\.stmcufinder\plugins\mcufinder/ => C:\Users\king\.stmcufinder\plugins\mcufinder
2024-08-26 22:47:11,843 [INFO] DbMcusAds:125 - Set database path to: C:\Users\king\.stmcufinder\plugins\mcufinder//mcu/
2024-08-26 22:47:11,843 [WARN] DbFile:41 - Overriding database path with different value: C:\Users\king\.stmcufinder\plugins\mcufinder/ => C:\Users\king\.stmcufinder\plugins\mcufinder
2024-08-26 22:47:11,843 [WARN] DbFile:41 - Overriding database path with different value: C:\Users\king\.stmcufinder\plugins\mcufinder/ => C:\Users\king\.stmcufinder\plugins\mcufinder
2024-08-26 22:47:11,843 [INFO] CrossReferenceDbSqlite:203 - Set database path to: C:\Users\king\.stmcufinder\plugins\mcufinder//mcu/cs/
2024-08-26 22:47:11,898 [INFO] MainPanel:264 - HeapMemory: 268435456
2024-08-26 22:47:11,947 [INFO] DbMcusXml:78 - Set database path to: I:\software\STM32CubeIDE_1.15.1\STM32CubeIDE\plugins\com.st.stm32cube.common.mx_6.11.1.202404110753\\db\/mcu/
2024-08-26 22:47:11,947 [INFO] ApiDb:274 - Set plugin database path to: I:\software\STM32CubeIDE_1.15.1\STM32CubeIDE\plugins\com.st.stm32cube.common.mx_6.11.1.202404110753\\db\/plugins/boardmanager/
2024-08-26 22:47:11,947 [INFO] ApiDb:261 - Set plugin images path to: I:\software\STM32CubeIDE_1.15.1\STM32CubeIDE\plugins\com.st.stm32cube.common.mx_6.11.1.202404110753\\db\/plugins/mcufinder/images/
2024-08-26 22:47:11,947 [WARN] DbFile:41 - Overriding database path with different value: C:\Users\king\.stmcufinder\plugins\mcufinder/ => C:\Users\king\.stmcufinder\plugins\mcufinder
2024-08-26 22:47:11,947 [INFO] ApiDb:250 - Set database path to: C:\Users\king\.stmcufinder\plugins\mcufinder//mcu/
2024-08-26 22:47:11,948 [WARN] DbFile:41 - Overriding database path with different value: C:\Users\king\.stmcufinder\plugins\mcufinder/ => C:\Users\king\.stmcufinder\plugins\mcufinder
2024-08-26 22:47:11,948 [INFO] DbMcusAds:125 - Set database path to: C:\Users\king\.stmcufinder\plugins\mcufinder//mcu/
2024-08-26 22:47:11,948 [WARN] DbFile:41 - Overriding database path with different value: C:\Users\king\.stmcufinder\plugins\mcufinder/ => C:\Users\king\.stmcufinder\plugins\mcufinder
2024-08-26 22:47:11,948 [WARN] DbFile:41 - Overriding database path with different value: C:\Users\king\.stmcufinder\plugins\mcufinder/ => C:\Users\king\.stmcufinder\plugins\mcufinder
2024-08-26 22:47:11,948 [INFO] CrossReferenceDbSqlite:203 - Set database path to: C:\Users\king\.stmcufinder\plugins\mcufinder//mcu/cs/
2024-08-26 22:47:11,962 [INFO] ApplicationProperties:184 - Using Application install path: I:\software\STM32CubeIDE_1.15.1\STM32CubeIDE\plugins\com.st.stm32cube.common.mx_6.11.1.202404110753
2024-08-26 22:47:11,963 [INFO] PluginManage:196 - Search for loadable plugins [exclusion list=, ]
2024-08-26 22:47:11,964 [INFO] PluginManage:310 - Check plugin analytics
2024-08-26 22:47:12,099 [INFO] AnalyticsPlugin:253 - Accepted Software Licenses: STM32CubeMX.6.8.1,STM32CubeMX.6.10.0
2024-08-26 22:47:12,099 [INFO] AnalyticsPlugin:255 - Accepted CMSIS Pack Licenses: 
2024-08-26 22:47:12,099 [INFO] AnalyticsPlugin:257 - Accepted Firmware Licenses: FW.F4.1.28.0
2024-08-26 22:47:12,101 [INFO] PluginManage:359 - Loaded plugin analytics (category:tool,tabindex:-1)
2024-08-26 22:47:12,101 [INFO] PluginManage:310 - Check plugin cadmodel
2024-08-26 22:47:12,104 [INFO] CADModel:105 - Init CAD model plugin
2024-08-26 22:47:12,104 [INFO] PluginManage:359 - Loaded plugin cadmodel (category:power,tabindex:5)
2024-08-26 22:47:12,104 [INFO] PluginManage:310 - Check plugin clock
2024-08-26 22:47:12,112 [INFO] PluginManage:359 - Loaded plugin clock (category:base,tabindex:2)
2024-08-26 22:47:12,113 [INFO] PluginManage:310 - Check plugin ddr
2024-08-26 22:47:12,115 [INFO] PluginManage:359 - Loaded plugin ddr (category:tool,tabindex:6)
2024-08-26 22:47:12,115 [INFO] PluginManage:310 - Check plugin filemanager
2024-08-26 22:47:12,238 [INFO] PluginManage:359 - Loaded plugin filemanager (category:base,tabindex:10)
2024-08-26 22:47:12,238 [INFO] PluginManage:310 - Check plugin ipmanager
2024-08-26 22:47:12,246 [INFO] PluginManage:359 - Loaded plugin ipmanager (category:base,tabindex:5)
2024-08-26 22:47:12,246 [INFO] PluginManage:310 - Check plugin lpbam
2024-08-26 22:47:12,252 [INFO] PluginManage:359 - Loaded plugin lpbam (category:base,tabindex:0)
2024-08-26 22:47:12,252 [INFO] PluginManage:310 - Check plugin memorymap
2024-08-26 22:47:12,263 [INFO] PluginManage:359 - Loaded plugin memorymap (category:base,tabindex:4)
2024-08-26 22:47:12,263 [INFO] PluginManage:310 - Check plugin pinoutandconfiguration
2024-08-26 22:47:12,269 [INFO] PluginManage:359 - Loaded plugin pinoutandconfiguration (category:base,tabindex:1)
2024-08-26 22:47:12,269 [INFO] PluginManage:310 - Check plugin pinoutconfig
2024-08-26 22:47:12,336 [WARN] SupportedApi:132 - Cannot load RTOS API schema: s4s-elt-must-match.1: The content of 'definitions' must match (annotation?, (simpleType | complexType)?, (unique | key | keyref)*)). A problem was found starting at: attribute.
2024-08-26 22:47:12,453 [INFO] PluginManage:359 - Loaded plugin pinoutconfig (category:base,tabindex:0)
2024-08-26 22:47:12,454 [INFO] PluginManage:310 - Check plugin power
2024-08-26 22:47:12,461 [INFO] PluginManage:359 - Loaded plugin power (category:power,tabindex:4)
2024-08-26 22:47:12,461 [INFO] PluginManage:310 - Check plugin projectmanager
2024-08-26 22:47:12,477 [INFO] PluginManage:359 - Loaded plugin projectmanager (category:projectmanager,tabindex:3)
2024-08-26 22:47:12,478 [INFO] PluginManage:310 - Check plugin thirdparty
2024-08-26 22:47:12,564 [INFO] PluginManage:359 - Loaded plugin thirdparty (category:base,tabindex:-1)
2024-08-26 22:47:12,564 [INFO] PluginManage:310 - Check plugin tools
2024-08-26 22:47:12,564 [WARN] IntegrityCheckThread:84 - waiting for thirdparty lock release [integrity check]
2024-08-26 22:47:12,564 [INFO] IntegrityCheckThread:86 - entering critical section [integrity check]
2024-08-26 22:47:12,565 [INFO] ThirdPartyUpdaterWithRetryManager:70 - Updater plugin not ready yet. [1/15]
2024-08-26 22:47:12,566 [INFO] PluginManage:359 - Loaded plugin tools (category:base,tabindex:7)
2024-08-26 22:47:12,566 [INFO] PluginManage:310 - Check plugin tutovideos
2024-08-26 22:47:12,692 [INFO] PluginManage:359 - Loaded plugin tutovideos (category:base,tabindex:-1)
2024-08-26 22:47:12,692 [INFO] PluginManage:310 - Check plugin updater
2024-08-26 22:47:12,699 [INFO] PluginManage:359 - Loaded plugin updater (category:base,tabindex:12)
2024-08-26 22:47:12,699 [INFO] PluginManage:310 - Check plugin userauth
2024-08-26 22:47:12,703 [INFO] UserAuth:114 - Init User Auth plugin
2024-08-26 22:47:12,703 [INFO] PluginManage:359 - Loaded plugin userauth (category:base,tabindex:14)
2024-08-26 22:47:12,703 [INFO] PluginManage:283 - PluginManage : Loaded plugins [17]
2024-08-26 22:47:12,892 [INFO] PinOutPanel:1561 - setPackage(No Configuration,No Configuration)
2024-08-26 22:47:12,971 [INFO] CADModel:165 - CPN selected for project level
2024-08-26 22:47:12,971 [INFO] CADModel:114 - Register for checkConnection events
2024-08-26 22:47:12,982 [INFO] IPUIPlugin:80 - create IPUIPlugin
2024-08-26 22:47:12,982 [INFO] PluginManager:220 - loadIPPluginJar : add adc
2024-08-26 22:47:12,984 [INFO] IPUIPlugin:80 - create IPUIPlugin
2024-08-26 22:47:12,984 [INFO] PluginManager:220 - loadIPPluginJar : add aes
2024-08-26 22:47:12,986 [INFO] IPUIPlugin:80 - create IPUIPlugin
2024-08-26 22:47:12,986 [INFO] PluginManager:220 - loadIPPluginJar : add can
2024-08-26 22:47:12,988 [INFO] IPUIPlugin:80 - create IPUIPlugin
2024-08-26 22:47:12,988 [INFO] PluginManager:220 - loadIPPluginJar : add comp
2024-08-26 22:47:12,990 [INFO] IPUIPlugin:80 - create IPUIPlugin
2024-08-26 22:47:12,990 [INFO] PluginManager:220 - loadIPPluginJar : add cryp
2024-08-26 22:47:12,992 [INFO] IPUIPlugin:80 - create IPUIPlugin
2024-08-26 22:47:12,992 [INFO] PluginManager:220 - loadIPPluginJar : add dfsdm
2024-08-26 22:47:12,995 [INFO] IPUIPlugin:80 - create IPUIPlugin
2024-08-26 22:47:12,996 [INFO] PluginManager:220 - loadIPPluginJar : add dma
2024-08-26 22:47:12,997 [INFO] IPUIPlugin:80 - create IPUIPlugin
2024-08-26 22:47:12,998 [INFO] PluginManager:220 - loadIPPluginJar : add dma3
2024-08-26 22:47:13,000 [INFO] IPUIPlugin:80 - create IPUIPlugin
2024-08-26 22:47:13,000 [INFO] PluginManager:220 - loadIPPluginJar : add extmemmanager
2024-08-26 22:47:13,001 [INFO] IPUIPlugin:80 - create IPUIPlugin
2024-08-26 22:47:13,001 [INFO] PluginManager:220 - loadIPPluginJar : add fatfs
2024-08-26 22:47:13,004 [INFO] IPUIPlugin:80 - create IPUIPlugin
2024-08-26 22:47:13,004 [INFO] PluginManager:220 - loadIPPluginJar : add fmc
2024-08-26 22:47:13,008 [INFO] IPUIPlugin:80 - create IPUIPlugin
2024-08-26 22:47:13,008 [INFO] PluginManager:220 - loadIPPluginJar : add freertos
2024-08-26 22:47:13,009 [INFO] IPUIPlugin:80 - create IPUIPlugin
2024-08-26 22:47:13,009 [INFO] PluginManager:220 - loadIPPluginJar : add genericplugin
2024-08-26 22:47:13,011 [INFO] IPUIPlugin:80 - create IPUIPlugin
2024-08-26 22:47:13,011 [INFO] PluginManager:220 - loadIPPluginJar : add gfxmmu
2024-08-26 22:47:13,014 [INFO] IPUIPlugin:80 - create IPUIPlugin
2024-08-26 22:47:13,014 [INFO] PluginManager:220 - loadIPPluginJar : add gic
2024-08-26 22:47:13,016 [INFO] IPUIPlugin:80 - create IPUIPlugin
2024-08-26 22:47:13,017 [INFO] PluginManager:220 - loadIPPluginJar : add gpio
2024-08-26 22:47:13,019 [INFO] IPUIPlugin:80 - create IPUIPlugin
2024-08-26 22:47:13,019 [INFO] PluginManager:220 - loadIPPluginJar : add gtzc
2024-08-26 22:47:13,020 [INFO] IPUIPlugin:80 - create IPUIPlugin
2024-08-26 22:47:13,020 [INFO] PluginManager:220 - loadIPPluginJar : add hash
2024-08-26 22:47:13,022 [INFO] IPUIPlugin:80 - create IPUIPlugin
2024-08-26 22:47:13,022 [INFO] PluginManager:220 - loadIPPluginJar : add i2c
2024-08-26 22:47:13,025 [INFO] IPUIPlugin:80 - create IPUIPlugin
2024-08-26 22:47:13,025 [INFO] PluginManager:220 - loadIPPluginJar : add i2s
2024-08-26 22:47:13,027 [INFO] IPUIPlugin:80 - create IPUIPlugin
2024-08-26 22:47:13,027 [INFO] PluginManager:220 - loadIPPluginJar : add i3c
2024-08-26 22:47:13,029 [INFO] IPUIPlugin:80 - create IPUIPlugin
2024-08-26 22:47:13,029 [INFO] PluginManager:220 - loadIPPluginJar : add ipddr
2024-08-26 22:47:13,034 [INFO] IPUIPlugin:80 - create IPUIPlugin
2024-08-26 22:47:13,034 [INFO] PluginManager:220 - loadIPPluginJar : add linkedlist
2024-08-26 22:47:13,036 [INFO] IPUIPlugin:80 - create IPUIPlugin
2024-08-26 22:47:13,036 [INFO] PluginManager:220 - loadIPPluginJar : add lorawan
2024-08-26 22:47:13,037 [INFO] IPUIPlugin:80 - create IPUIPlugin
2024-08-26 22:47:13,037 [INFO] PluginManager:220 - loadIPPluginJar : add ltdc
2024-08-26 22:47:13,041 [INFO] IPUIPlugin:80 - create IPUIPlugin
2024-08-26 22:47:13,041 [INFO] PluginManager:220 - loadIPPluginJar : add mdma
2024-08-26 22:47:13,043 [INFO] IPUIPlugin:80 - create IPUIPlugin
2024-08-26 22:47:13,043 [INFO] PluginManager:220 - loadIPPluginJar : add nvic
2024-08-26 22:47:13,045 [INFO] IPUIPlugin:80 - create IPUIPlugin
2024-08-26 22:47:13,046 [INFO] PluginManager:220 - loadIPPluginJar : add opamp
2024-08-26 22:47:13,048 [INFO] IPUIPlugin:80 - create IPUIPlugin
2024-08-26 22:47:13,048 [INFO] PluginManager:220 - loadIPPluginJar : add openamp
2024-08-26 22:47:13,050 [INFO] IPUIPlugin:80 - create IPUIPlugin
2024-08-26 22:47:13,050 [INFO] PluginManager:220 - loadIPPluginJar : add pdm2pcm
2024-08-26 22:47:13,054 [INFO] IPUIPlugin:80 - create IPUIPlugin
2024-08-26 22:47:13,056 [INFO] PluginManager:220 - loadIPPluginJar : add plateformsettings
2024-08-26 22:47:13,058 [INFO] IPUIPlugin:80 - create IPUIPlugin
2024-08-26 22:47:13,058 [INFO] PluginManager:220 - loadIPPluginJar : add quadspi
2024-08-26 22:47:13,060 [INFO] IPUIPlugin:80 - create IPUIPlugin
2024-08-26 22:47:13,060 [INFO] PluginManager:220 - loadIPPluginJar : add resmgrutility
2024-08-26 22:47:13,062 [INFO] IPUIPlugin:80 - create IPUIPlugin
2024-08-26 22:47:13,062 [INFO] PluginManager:220 - loadIPPluginJar : add sai
2024-08-26 22:47:13,064 [INFO] IPUIPlugin:80 - create IPUIPlugin
2024-08-26 22:47:13,064 [INFO] PluginManager:220 - loadIPPluginJar : add spi
2024-08-26 22:47:13,067 [INFO] IPUIPlugin:80 - create IPUIPlugin
2024-08-26 22:47:13,068 [INFO] PluginManager:220 - loadIPPluginJar : add stm32_wpan
2024-08-26 22:47:13,069 [INFO] IPUIPlugin:80 - create IPUIPlugin
2024-08-26 22:47:13,069 [INFO] PluginManager:220 - loadIPPluginJar : add tim
2024-08-26 22:47:13,071 [INFO] IPUIPlugin:80 - create IPUIPlugin
2024-08-26 22:47:13,071 [INFO] PluginManager:220 - loadIPPluginJar : add touchsensing
2024-08-26 22:47:13,073 [INFO] IPUIPlugin:80 - create IPUIPlugin
2024-08-26 22:47:13,073 [INFO] PluginManager:220 - loadIPPluginJar : add tracer_emb
2024-08-26 22:47:13,075 [INFO] IPUIPlugin:80 - create IPUIPlugin
2024-08-26 22:47:13,075 [INFO] PluginManager:220 - loadIPPluginJar : add ts
2024-08-26 22:47:13,076 [INFO] IPUIPlugin:80 - create IPUIPlugin
2024-08-26 22:47:13,076 [INFO] PluginManager:220 - loadIPPluginJar : add tsc
2024-08-26 22:47:13,077 [INFO] IPUIPlugin:80 - create IPUIPlugin
2024-08-26 22:47:13,077 [INFO] PluginManager:220 - loadIPPluginJar : add ucpd
2024-08-26 22:47:13,080 [INFO] IPUIPlugin:80 - create IPUIPlugin
2024-08-26 22:47:13,080 [INFO] PluginManager:220 - loadIPPluginJar : add usart
2024-08-26 22:47:13,082 [INFO] IPUIPlugin:80 - create IPUIPlugin
2024-08-26 22:47:13,082 [INFO] PluginManager:220 - loadIPPluginJar : add usbx
2024-08-26 22:47:13,207 [INFO] CADModel:165 - CPN selected for project level
2024-08-26 22:47:13,207 [INFO] CADModel:114 - Register for checkConnection events
2024-08-26 22:47:13,207 [FATAL] Updater:308 - Updater called before beeing initialized
2024-08-26 22:47:13,207 [ERROR] CADModel:125 - Updater not yet initialized, retry later 
2024-08-26 22:47:13,304 [INFO] CADModel:165 - CPN selected for project level
2024-08-26 22:47:13,305 [INFO] CADModel:114 - Register for checkConnection events
2024-08-26 22:47:13,305 [FATAL] Updater:308 - Updater called before beeing initialized
2024-08-26 22:47:13,305 [ERROR] CADModel:125 - Updater not yet initialized, retry later 
2024-08-26 22:47:13,307 [FATAL] Updater:308 - Updater called before beeing initialized
2024-08-26 22:47:13,408 [FATAL] Updater:308 - Updater called before beeing initialized
2024-08-26 22:47:13,410 [INFO] DbMcusAds:53 - JSON generation date=Thu May 16 17:22:00 CST 2024 (1715851320667)
2024-08-26 22:47:13,410 [FATAL] Updater:308 - Updater called before beeing initialized
2024-08-26 22:47:13,438 [WARN] DetailPanel:346 - Failed to get advertising image, set to default
2024-08-26 22:47:13,542 [FATAL] Updater:308 - Updater called before beeing initialized
2024-08-26 22:47:13,543 [FATAL] Updater:308 - Updater called before beeing initialized
2024-08-26 22:47:13,543 [FATAL] Updater:308 - Updater called before beeing initialized
2024-08-26 22:47:13,543 [WARN] DetailPanel:346 - Failed to get advertising image, set to default
2024-08-26 22:47:13,544 [FATAL] Updater:308 - Updater called before beeing initialized
2024-08-26 22:47:13,585 [ERROR] Updater:1120 - MainUpdater not yet initialized. External WinMGr cannot be set.
2024-08-26 22:47:13,587 [INFO] Updater:1056 - Updater Version found : 6.11.1
2024-08-26 22:47:13,597 [INFO] ApplicationProperties:184 - Using Application install path: I:\software\STM32CubeIDE_1.15.1\STM32CubeIDE\plugins\com.st.stm32cube.common.mx_6.11.1.202404110753
2024-08-26 22:47:13,879 [INFO] MainUpdater:2873 - connection check result : 10
2024-08-26 22:47:13,879 [INFO] MainUpdater:290 - Updater Check For Update Now.
2024-08-26 22:47:13,879 [INFO] MicroXplorer:498 - Change Database Version : DB.6.0.111
2024-08-26 22:47:13,883 [INFO] McuFinderGlobals:63 - Set McuFinder mode to 2 (CubeIDE integrated)
2024-08-26 22:47:13,887 [INFO] UserAuth:415 - Internet connection configuration mode: 1
2024-08-26 22:47:13,898 [INFO] JxBrowserEngine:152 - Initiate JxBrowser Engine with user profile folder
2024-08-26 22:47:14,031 [INFO] CheckServerUpdateThread:120 - End of CheckServer Thread
2024-08-26 22:47:14,662 [INFO] WebApp:161 - Instantiating new browser for Auth
2024-08-26 22:47:15,365 [INFO] WebApp:779 - Register for checkConnection events
2024-08-26 22:47:15,365 [INFO] WebApp:414 - Apply proxy settings
2024-08-26 22:47:15,366 [INFO] WebApp:459 - Chromium authenticates against Manually configured proxy
2024-08-26 22:47:15,371 [INFO] WebApp:467 - Username used for proxy authentication: 
2024-08-26 22:47:15,487 [INFO] WebApp:192 - Starting web application
2024-08-26 22:47:15,487 [INFO] WebApp:544 - Web application path used I:\software\STM32CubeIDE_1.15.1\STM32CubeIDE\plugins\com.st.stm32cube.common.mx_6.11.1.202404110753\db\plugins\mcufinder\reactClient1\index.html
2024-08-26 22:47:15,815 [WARN] PackLoader:240 - Cannot read IP mode file for STMicroelectronics.X-CUBE-SMBUS.2.1.0
2024-08-26 22:47:15,821 [WARN] PackLoader:240 - Cannot read IP mode file for STMicroelectronics.X-CUBE-TOUCHGFX.4.23.0
2024-08-26 22:47:15,823 [WARN] PackLoader:240 - Cannot read IP mode file for STMicroelectronics.X-CUBE-TOUCHGFX.4.23.2
2024-08-26 22:47:15,843 [WARN] PackLoader:240 - Cannot read IP mode file for STMicroelectronics.X-CUBE-AZRTOS-F7.1.1.0
2024-08-26 22:47:15,851 [WARN] PackLoader:240 - Cannot read IP mode file for STMicroelectronics.FP-SNS-MOTENV1.4.3.2
2024-08-26 22:47:15,896 [WARN] PackLoader:240 - Cannot read IP mode file for STMicroelectronics.X-CUBE-MEMS1.11.0.0
2024-08-26 22:47:15,993 [WARN] PackLoader:240 - Cannot read IP mode file for STMicroelectronics.FP-SNS-FLIGHT1.5.0.2
2024-08-26 22:47:15,999 [WARN] PackLoader:240 - Cannot read IP mode file for STMicroelectronics.X-CUBE-DISPLAY.3.0.0
2024-08-26 22:47:16,007 [WARN] PackLoader:240 - Cannot read IP mode file for STMicroelectronics.X-CUBE-BLE1.7.0.0
2024-08-26 22:47:16,013 [WARN] PackLoader:240 - Cannot read IP mode file for emotas.I-CUBE-CANOPEN.1.3.0
2024-08-26 22:47:16,017 [WARN] PackLoader:240 - Cannot read IP mode file for STMicroelectronics.FP-SNS-SMARTAG2.1.2.0
2024-08-26 22:47:16,034 [INFO] LogOutputStream:77 - [STDOUT_REDIRECT] 1 : Invalid condition id : UX_CORESTACK_Condition cause : null
2024-08-26 22:47:16,035 [INFO] LogOutputStream:77 - [STDOUT_REDIRECT] 1 : Invalid condition id : UX_CORESTACK_Condition cause : null
2024-08-26 22:47:16,036 [INFO] LogOutputStream:77 - [STDOUT_REDIRECT] 1 : Invalid condition id : UX_CORESTACK_Condition cause : null
2024-08-26 22:47:16,038 [INFO] LogOutputStream:77 - [STDOUT_REDIRECT] 1 : Invalid condition id : UX_CORESTACK_Condition cause : null
2024-08-26 22:47:16,039 [INFO] LogOutputStream:77 - [STDOUT_REDIRECT] 1 : Invalid condition id : UX_CORESTACK_Condition cause : null
2024-08-26 22:47:16,044 [WARN] PackLoader:240 - Cannot read IP mode file for STMicroelectronics.X-CUBE-AZRTOS-WL.2.0.0
2024-08-26 22:47:16,051 [WARN] PackLoader:240 - Cannot read IP mode file for wolfSSL.I-CUBE-wolfMQTT.1.19.0
2024-08-26 22:47:16,055 [WARN] PackLoader:240 - Cannot read IP mode file for STMicroelectronics.X-CUBE-BLE2.3.3.0
2024-08-26 22:47:16,060 [WARN] PackLoader:240 - Cannot read IP mode file for STMicroelectronics.X-CUBE-ALGOBUILD.1.3.0
2024-08-26 22:47:16,070 [WARN] PackLoader:240 - Cannot read IP mode file for STMicroelectronics.X-CUBE-AZRTOS-G0.1.1.0
2024-08-26 22:47:16,076 [WARN] PackLoader:240 - Cannot read IP mode file for STMicroelectronics.X-CUBE-NFC4.3.0.0
2024-08-26 22:47:16,078 [WARN] PackLoader:240 - Cannot read IP mode file for wolfSSL.I-CUBE-wolfMQTT.1.18.0
2024-08-26 22:47:16,086 [WARN] PackLoader:240 - Cannot read IP mode file for EmbeddedOffice.I-CUBE-FS-RTOS.1.0.1
2024-08-26 22:47:16,086 [ERROR] ConditionMgr:805 - Attr not supported : Dmpu
2024-08-26 22:47:16,086 [ERROR] ConditionMgr:805 - Attr not supported : Dmpu
2024-08-26 22:47:16,086 [ERROR] ConditionMgr:805 - Attr not supported : Dmpu
2024-08-26 22:47:16,086 [ERROR] ConditionMgr:805 - Attr not supported : Dmpu
2024-08-26 22:47:16,086 [ERROR] ConditionMgr:805 - Attr not supported : Dmpu
2024-08-26 22:47:16,086 [ERROR] ConditionMgr:805 - Attr not supported : Dmpu
2024-08-26 22:47:16,086 [ERROR] ConditionMgr:805 - Attr not supported : Dmpu
2024-08-26 22:47:16,086 [ERROR] ConditionMgr:805 - Attr not supported : Dmpu
2024-08-26 22:47:16,086 [ERROR] ConditionMgr:805 - Attr not supported : Dmpu
2024-08-26 22:47:16,086 [ERROR] ConditionMgr:805 - Attr not supported : Dmpu
2024-08-26 22:47:16,087 [ERROR] ConditionMgr:805 - Attr not supported : Dmpu
2024-08-26 22:47:16,087 [ERROR] ConditionMgr:805 - Attr not supported : Dmpu
2024-08-26 22:47:16,087 [ERROR] ConditionMgr:805 - Attr not supported : Dmpu
2024-08-26 22:47:16,087 [ERROR] ConditionMgr:805 - Attr not supported : Dmpu
2024-08-26 22:47:16,087 [ERROR] ConditionMgr:805 - Attr not supported : Dmpu
2024-08-26 22:47:16,087 [ERROR] ConditionMgr:805 - Attr not supported : Dmpu
2024-08-26 22:47:16,087 [ERROR] ConditionMgr:805 - Attr not supported : Dmpu
2024-08-26 22:47:16,087 [ERROR] ConditionMgr:805 - Attr not supported : Dmpu
2024-08-26 22:47:16,087 [ERROR] ConditionMgr:805 - Attr not supported : Dmpu
2024-08-26 22:47:16,087 [ERROR] ConditionMgr:805 - Attr not supported : Dmpu
2024-08-26 22:47:16,087 [ERROR] ConditionMgr:805 - Attr not supported : Dmpu
2024-08-26 22:47:16,087 [ERROR] ConditionMgr:805 - Attr not supported : Dmpu
2024-08-26 22:47:16,087 [ERROR] ConditionMgr:805 - Attr not supported : Dmpu
2024-08-26 22:47:16,087 [ERROR] ConditionMgr:805 - Attr not supported : Dmpu
2024-08-26 22:47:16,087 [ERROR] ConditionMgr:805 - Attr not supported : Dmpu
2024-08-26 22:47:16,087 [ERROR] ConditionMgr:805 - Attr not supported : Dmpu
2024-08-26 22:47:16,088 [ERROR] ConditionMgr:805 - Attr not supported : Dmpu
2024-08-26 22:47:16,088 [ERROR] ConditionMgr:805 - Attr not supported : Dmpu
2024-08-26 22:47:16,088 [ERROR] ConditionMgr:805 - Attr not supported : Dmpu
2024-08-26 22:47:16,088 [ERROR] ConditionMgr:805 - Attr not supported : Dmpu
2024-08-26 22:47:16,088 [ERROR] ConditionMgr:805 - Attr not supported : Dmpu
2024-08-26 22:47:16,088 [ERROR] ConditionMgr:805 - Attr not supported : Dmpu
2024-08-26 22:47:16,088 [ERROR] ConditionMgr:805 - Attr not supported : Dmpu
2024-08-26 22:47:16,088 [ERROR] ConditionMgr:805 - Attr not supported : Dmpu
2024-08-26 22:47:16,088 [ERROR] ConditionMgr:805 - Attr not supported : Dmpu
2024-08-26 22:47:16,088 [ERROR] ConditionMgr:805 - Attr not supported : Dmpu
2024-08-26 22:47:16,088 [ERROR] ConditionMgr:805 - Attr not supported : Dmpu
2024-08-26 22:47:16,088 [ERROR] ConditionMgr:805 - Attr not supported : Dmpu
2024-08-26 22:47:16,088 [ERROR] ConditionMgr:805 - Attr not supported : Dmpu
2024-08-26 22:47:16,088 [ERROR] ConditionMgr:805 - Attr not supported : Dmpu
2024-08-26 22:47:16,088 [ERROR] ConditionMgr:805 - Attr not supported : Dmpu
2024-08-26 22:47:16,089 [ERROR] ConditionMgr:805 - Attr not supported : Dmpu
2024-08-26 22:47:16,089 [ERROR] ConditionMgr:805 - Attr not supported : Dmpu
2024-08-26 22:47:16,089 [ERROR] ConditionMgr:805 - Attr not supported : Dmpu
2024-08-26 22:47:16,089 [ERROR] ConditionMgr:805 - Attr not supported : Dmpu
2024-08-26 22:47:16,089 [ERROR] ConditionMgr:805 - Attr not supported : Dmpu
2024-08-26 22:47:16,089 [ERROR] ConditionMgr:805 - Attr not supported : Dmpu
2024-08-26 22:47:16,089 [ERROR] ConditionMgr:805 - Attr not supported : Dmpu
2024-08-26 22:47:16,089 [ERROR] ConditionMgr:805 - Attr not supported : Dmpu
2024-08-26 22:47:16,089 [ERROR] ConditionMgr:805 - Attr not supported : Dmpu
2024-08-26 22:47:16,089 [ERROR] ConditionMgr:805 - Attr not supported : Dmpu
2024-08-26 22:47:16,089 [ERROR] ConditionMgr:805 - Attr not supported : Dmpu
2024-08-26 22:47:16,089 [ERROR] ConditionMgr:805 - Attr not supported : Dmpu
2024-08-26 22:47:16,089 [ERROR] ConditionMgr:805 - Attr not supported : Dmpu
2024-08-26 22:47:16,089 [ERROR] ConditionMgr:805 - Attr not supported : Dmpu
2024-08-26 22:47:16,089 [ERROR] ConditionMgr:805 - Attr not supported : Dmpu
2024-08-26 22:47:16,089 [ERROR] ConditionMgr:805 - Attr not supported : Dmpu
2024-08-26 22:47:16,089 [ERROR] ConditionMgr:805 - Attr not supported : Dmpu
2024-08-26 22:47:16,089 [ERROR] ConditionMgr:805 - Attr not supported : Dmpu
2024-08-26 22:47:16,090 [ERROR] ConditionMgr:805 - Attr not supported : Dmpu
2024-08-26 22:47:16,090 [ERROR] ConditionMgr:805 - Attr not supported : Dmpu
2024-08-26 22:47:16,090 [ERROR] ConditionMgr:805 - Attr not supported : Dmpu
2024-08-26 22:47:16,090 [ERROR] ConditionMgr:805 - Attr not supported : Dmpu
2024-08-26 22:47:16,090 [ERROR] ConditionMgr:805 - Attr not supported : Dmpu
2024-08-26 22:47:16,097 [WARN] PackLoader:240 - Cannot read IP mode file for STMicroelectronics.X-CUBE-BLEMGR.3.0.0
2024-08-26 22:47:16,103 [WARN] PackLoader:240 - Cannot read IP mode file for RealThread.X-CUBE-RT-Thread_Nano.4.1.1
2024-08-26 22:47:16,107 [WARN] PackLoader:240 - Cannot read IP mode file for STMicroelectronics.FP-ATR-SIGFOX1.3.2.0
2024-08-26 22:47:16,112 [WARN] PackLoader:240 - Cannot read IP mode file for STMicroelectronics.X-CUBE-EEPRMA1.5.1.0
2024-08-26 22:47:16,133 [WARN] PackLoader:240 - Cannot read IP mode file for SEGGER.I-CUBE-embOS.1.3.1
2024-08-26 22:47:16,162 [WARN] PackLoader:240 - Cannot read IP mode file for STMicroelectronics.X-CUBE-ALGOBUILD.1.4.0
2024-08-26 22:47:16,168 [WARN] PackLoader:240 - Cannot read IP mode file for STMicroelectronics.X-CUBE-GNSS1.6.0.0
2024-08-26 22:47:16,178 [WARN] PackLoader:240 - Cannot read IP mode file for STMicroelectronics.X-CUBE-AZRTOS-F4.1.1.0
2024-08-26 22:47:16,189 [WARN] PackLoader:240 - Cannot read IP mode file for STMicroelectronics.X-CUBE-AZRTOS-L5.2.0.0
2024-08-26 22:47:16,195 [WARN] PackLoader:240 - Cannot read IP mode file for ITTIA_DB.I-CUBE-ITTIADB.8.8.0
2024-08-26 22:47:16,198 [WARN] PackLoader:240 - Cannot read IP mode file for STMicroelectronics.X-CUBE-DPower.1.2.0
2024-08-26 22:47:16,202 [WARN] PackLoader:240 - Cannot read IP mode file for STMicroelectronics.X-CUBE-NFC7.1.0.1
2024-08-26 22:47:16,205 [WARN] PackLoader:240 - Cannot read IP mode file for wolfSSL.I-CUBE-wolfTPM.3.2.0
2024-08-26 22:47:16,210 [WARN] PackLoader:240 - Cannot read IP mode file for STMicroelectronics.X-CUBE-NFC6.3.0.0
2024-08-26 22:47:16,215 [WARN] PackLoader:240 - Cannot read IP mode file for STMicroelectronics.X-CUBE-AI.8.1.0
2024-08-26 22:47:16,225 [WARN] ConditionMgr:438 - getConditionDescription Invalid condition id : LAN8742 Phy interface Condition cause : null
2024-08-26 22:47:16,225 [WARN] PackLoader:240 - Cannot read IP mode file for STMicroelectronics.X-CUBE-AZRTOS-L4.2.0.0
2024-08-26 22:47:16,226 [WARN] ConditionMgr:1039 - genDependencies : Invalid condition id : LAN8742 Phy interface Condition cause : null
2024-08-26 22:47:16,226 [WARN] ConditionMgr:1039 - genDependencies : Invalid condition id : LAN8742 Phy interface Condition cause : null
2024-08-26 22:47:16,227 [WARN] ConditionMgr:1039 - genDependencies : Invalid condition id : LAN8742 Phy interface Condition cause : null
2024-08-26 22:47:16,232 [WARN] PackLoader:240 - Cannot read IP mode file for STMicroelectronics.X-CUBE-SFXS2LP1.4.0.0
2024-08-26 22:47:16,244 [WARN] PackLoader:240 - Cannot read IP mode file for STMicroelectronics.X-CUBE-AZRTOS-H7.3.3.0
2024-08-26 22:47:16,252 [WARN] ConditionMgr:438 - getConditionDescription Invalid condition id : UX DEVICE CLASS RTOS Condition cause : null
2024-08-26 22:47:16,252 [WARN] ConditionMgr:438 - getConditionDescription Invalid condition id : UX DEVICE CLASS RTOS Condition cause : null
2024-08-26 22:47:16,253 [WARN] PackLoader:240 - Cannot read IP mode file for STMicroelectronics.X-CUBE-AZRTOS-WB.2.0.0
2024-08-26 22:47:16,253 [WARN] ConditionMgr:1039 - genDependencies : Invalid condition id : UX DEVICE CLASS RTOS Condition cause : null
2024-08-26 22:47:16,254 [WARN] ConditionMgr:1039 - genDependencies : Invalid condition id : UX DEVICE CLASS RTOS Condition cause : null
2024-08-26 22:47:16,254 [WARN] ConditionMgr:1039 - genDependencies : Invalid condition id : UX DEVICE CLASS RTOS Condition cause : null
2024-08-26 22:47:16,254 [WARN] ConditionMgr:1039 - genDependencies : Invalid condition id : UX DEVICE CLASS RTOS Condition cause : null
2024-08-26 22:47:16,254 [WARN] ConditionMgr:1039 - genDependencies : Invalid condition id : UX DEVICE CLASS RTOS Condition cause : null
2024-08-26 22:47:16,260 [WARN] PackLoader:240 - Cannot read IP mode file for STMicroelectronics.FP-SNS-STBOX1.2.0.0
2024-08-26 22:47:16,267 [WARN] PackLoader:240 - Cannot read IP mode file for STMicroelectronics.X-CUBE-SUBG2.5.0.0
2024-08-26 22:47:16,278 [WARN] PackLoader:240 - Cannot read IP mode file for STMicroelectronics.X-CUBE-AZRTOS-G4.2.0.0
2024-08-26 22:47:16,285 [WARN] PackLoader:240 - Cannot read IP mode file for STMicroelectronics.FP-SNS-MOTENVWB1.1.3.1
2024-08-26 22:47:16,288 [WARN] PackLoader:240 - Cannot read IP mode file for STMicroelectronics.X-CUBE-ISPU.2.0.0
2024-08-26 22:47:16,292 [WARN] PackLoader:240 - Cannot read IP mode file for STMicroelectronics.X-CUBE-ALS.1.0.2
2024-08-26 22:47:16,312 [WARN] PackLoader:240 - Cannot read IP mode file for STMicroelectronics.X-CUBE-MEMS1.10.0.0
2024-08-26 22:47:16,374 [WARN] PackLoader:240 - Cannot read IP mode file for STMicroelectronics.X-CUBE-FREERTOS.1.1.0
2024-08-26 22:47:16,376 [WARN] PackLoader:240 - Cannot read IP mode file for STMicroelectronics.X-CUBE-TOUCHGFX.4.24.0
2024-08-26 22:47:16,380 [WARN] PackLoader:240 - Cannot read IP mode file for portGmbH.I-Cube-SoM-uGOAL.1.1.0
2024-08-26 22:47:16,382 [WARN] PackLoader:240 - Cannot read IP mode file for STMicroelectronics.X-CUBE-ALS.1.0.1
2024-08-26 22:47:16,385 [WARN] PackLoader:240 - Cannot read IP mode file for STMicroelectronics.FP-ATR-ASTRA1.2.0.0
2024-08-26 22:47:16,393 [WARN] PackLoader:240 - Cannot read IP mode file for STMicroelectronics.X-CUBE-TOF1.3.4.2
2024-08-26 22:47:16,404 [WARN] PackLoader:240 - Cannot read IP mode file for STMicroelectronics.X-CUBE-TOF1.3.4.0
2024-08-26 22:47:16,414 [WARN] PackLoader:240 - Cannot read IP mode file for STMicroelectronics.X-CUBE-TOF1.3.4.1
2024-08-26 22:47:16,428 [WARN] PackLoader:240 - Cannot read IP mode file for STMicroelectronics.X-CUBE-AZRTOS-H7.3.2.0
2024-08-26 22:47:16,432 [WARN] PackLoader:240 - Cannot read IP mode file for wolfSSL.I-CUBE-wolfSSH.1.4.17
2024-08-26 22:47:16,432 [INFO] ThirdParty:978 - Integrity check success = true
2024-08-26 22:47:16,433 [INFO] IntegrityCheckThread:100 - exiting critical section [integrity check]
2024-08-26 22:47:16,433 [INFO] IntegrityCheckThread:103 - End integrity checks thread
