2024-08-20 00:52:23,432 [ERROR] LogOutputStream:75 - [STDERR_REDIRECT] 
2024-08-20 18:51:15,125 [INFO] Activator:176 - 


2024-08-20 18:51:15,126 [INFO] Activator:177 - !SESSION log4j initialized
2024-08-20 18:51:20,526 [INFO] LogOutputStream:77 - [STDOUT_REDIRECT] 
2024-08-20 18:51:23,290 [INFO] ApplicationProperties:184 - Using Application install path: I:\software\STM32CubeIDE_1.15.1\STM32CubeIDE\plugins\com.st.stm32cube.common.mx_6.11.1.202404110753
2024-08-20 18:51:23,305 [INFO] DbMcusXml:78 - Set database path to: I:\software\STM32CubeIDE_1.15.1\STM32CubeIDE\plugins\com.st.stm32cube.common.mx_6.11.1.202404110753\\db\/mcu/
2024-08-20 18:51:23,305 [INFO] ApiDb:274 - Set plugin database path to: I:\software\STM32CubeIDE_1.15.1\STM32CubeIDE\plugins\com.st.stm32cube.common.mx_6.11.1.202404110753\\db\/plugins/boardmanager/
2024-08-20 18:51:23,305 [WARN] ApiDb:259 - Overriding images path with different value:  => I:\software\STM32CubeIDE_1.15.1\STM32CubeIDE\plugins\com.st.stm32cube.common.mx_6.11.1.202404110753\\db\/plugins/mcufinder/images/
2024-08-20 18:51:23,317 [INFO] ApiDb:250 - Set database path to: C:\Users\king\.stmcufinder\plugins\mcufinder//mcu/
2024-08-20 18:51:23,318 [INFO] DbMcusAds:125 - Set database path to: C:\Users\king\.stmcufinder\plugins\mcufinder//mcu/
2024-08-20 18:51:23,320 [INFO] CrossReferenceDbSqlite:203 - Set database path to: C:\Users\king\.stmcufinder\plugins\mcufinder//mcu/cs/
2024-08-20 18:51:23,413 [INFO] RulesReader:64 - Compatibility file has been processed (297 Rules)
2024-08-20 18:51:23,547 [INFO] DbMcusXml:78 - Set database path to: I:\software\STM32CubeIDE_1.15.1\STM32CubeIDE\plugins\com.st.stm32cube.common.mx_6.11.1.202404110753\\db\/mcu/
2024-08-20 18:51:23,547 [INFO] ApiDb:274 - Set plugin database path to: I:\software\STM32CubeIDE_1.15.1\STM32CubeIDE\plugins\com.st.stm32cube.common.mx_6.11.1.202404110753\\db\/plugins/boardmanager/
2024-08-20 18:51:23,547 [INFO] ApiDb:261 - Set plugin images path to: I:\software\STM32CubeIDE_1.15.1\STM32CubeIDE\plugins\com.st.stm32cube.common.mx_6.11.1.202404110753\\db\/plugins/mcufinder/images/
2024-08-20 18:51:23,547 [WARN] DbFile:41 - Overriding database path with different value: C:\Users\king\.stmcufinder\plugins\mcufinder/ => C:\Users\king\.stmcufinder\plugins\mcufinder
2024-08-20 18:51:23,547 [INFO] ApiDb:250 - Set database path to: C:\Users\king\.stmcufinder\plugins\mcufinder//mcu/
2024-08-20 18:51:23,547 [WARN] DbFile:41 - Overriding database path with different value: C:\Users\king\.stmcufinder\plugins\mcufinder/ => C:\Users\king\.stmcufinder\plugins\mcufinder
2024-08-20 18:51:23,547 [INFO] DbMcusAds:125 - Set database path to: C:\Users\king\.stmcufinder\plugins\mcufinder//mcu/
2024-08-20 18:51:23,547 [WARN] DbFile:41 - Overriding database path with different value: C:\Users\king\.stmcufinder\plugins\mcufinder/ => C:\Users\king\.stmcufinder\plugins\mcufinder
2024-08-20 18:51:23,548 [WARN] DbFile:41 - Overriding database path with different value: C:\Users\king\.stmcufinder\plugins\mcufinder/ => C:\Users\king\.stmcufinder\plugins\mcufinder
2024-08-20 18:51:23,548 [INFO] CrossReferenceDbSqlite:203 - Set database path to: C:\Users\king\.stmcufinder\plugins\mcufinder//mcu/cs/
2024-08-20 18:51:23,644 [INFO] MainPanel:264 - HeapMemory: 268435456
2024-08-20 18:51:23,730 [INFO] DbMcusXml:78 - Set database path to: I:\software\STM32CubeIDE_1.15.1\STM32CubeIDE\plugins\com.st.stm32cube.common.mx_6.11.1.202404110753\\db\/mcu/
2024-08-20 18:51:23,730 [INFO] ApiDb:274 - Set plugin database path to: I:\software\STM32CubeIDE_1.15.1\STM32CubeIDE\plugins\com.st.stm32cube.common.mx_6.11.1.202404110753\\db\/plugins/boardmanager/
2024-08-20 18:51:23,730 [INFO] ApiDb:261 - Set plugin images path to: I:\software\STM32CubeIDE_1.15.1\STM32CubeIDE\plugins\com.st.stm32cube.common.mx_6.11.1.202404110753\\db\/plugins/mcufinder/images/
2024-08-20 18:51:23,730 [WARN] DbFile:41 - Overriding database path with different value: C:\Users\king\.stmcufinder\plugins\mcufinder/ => C:\Users\king\.stmcufinder\plugins\mcufinder
2024-08-20 18:51:23,730 [INFO] ApiDb:250 - Set database path to: C:\Users\king\.stmcufinder\plugins\mcufinder//mcu/
2024-08-20 18:51:23,730 [WARN] DbFile:41 - Overriding database path with different value: C:\Users\king\.stmcufinder\plugins\mcufinder/ => C:\Users\king\.stmcufinder\plugins\mcufinder
2024-08-20 18:51:23,730 [INFO] DbMcusAds:125 - Set database path to: C:\Users\king\.stmcufinder\plugins\mcufinder//mcu/
2024-08-20 18:51:23,730 [WARN] DbFile:41 - Overriding database path with different value: C:\Users\king\.stmcufinder\plugins\mcufinder/ => C:\Users\king\.stmcufinder\plugins\mcufinder
2024-08-20 18:51:23,731 [WARN] DbFile:41 - Overriding database path with different value: C:\Users\king\.stmcufinder\plugins\mcufinder/ => C:\Users\king\.stmcufinder\plugins\mcufinder
2024-08-20 18:51:23,731 [INFO] CrossReferenceDbSqlite:203 - Set database path to: C:\Users\king\.stmcufinder\plugins\mcufinder//mcu/cs/
2024-08-20 18:51:23,756 [INFO] ApplicationProperties:184 - Using Application install path: I:\software\STM32CubeIDE_1.15.1\STM32CubeIDE\plugins\com.st.stm32cube.common.mx_6.11.1.202404110753
2024-08-20 18:51:23,757 [INFO] PluginManage:196 - Search for loadable plugins [exclusion list=, ]
2024-08-20 18:51:23,759 [INFO] PluginManage:310 - Check plugin analytics
2024-08-20 18:51:23,931 [INFO] AnalyticsPlugin:253 - Accepted Software Licenses: STM32CubeMX.6.8.1,STM32CubeMX.6.10.0
2024-08-20 18:51:23,932 [INFO] AnalyticsPlugin:255 - Accepted CMSIS Pack Licenses: 
2024-08-20 18:51:23,932 [INFO] AnalyticsPlugin:257 - Accepted Firmware Licenses: FW.F4.1.28.0
2024-08-20 18:51:23,934 [INFO] PluginManage:359 - Loaded plugin analytics (category:tool,tabindex:-1)
2024-08-20 18:51:23,934 [INFO] PluginManage:310 - Check plugin cadmodel
2024-08-20 18:51:23,947 [INFO] CADModel:105 - Init CAD model plugin
2024-08-20 18:51:23,948 [INFO] PluginManage:359 - Loaded plugin cadmodel (category:power,tabindex:5)
2024-08-20 18:51:23,948 [INFO] PluginManage:310 - Check plugin clock
2024-08-20 18:51:23,969 [INFO] PluginManage:359 - Loaded plugin clock (category:base,tabindex:2)
2024-08-20 18:51:23,969 [INFO] PluginManage:310 - Check plugin ddr
2024-08-20 18:51:23,972 [INFO] PluginManage:359 - Loaded plugin ddr (category:tool,tabindex:6)
2024-08-20 18:51:23,972 [INFO] PluginManage:310 - Check plugin filemanager
2024-08-20 18:51:24,115 [INFO] PluginManage:359 - Loaded plugin filemanager (category:base,tabindex:10)
2024-08-20 18:51:24,115 [INFO] PluginManage:310 - Check plugin ipmanager
2024-08-20 18:51:24,136 [INFO] PluginManage:359 - Loaded plugin ipmanager (category:base,tabindex:5)
2024-08-20 18:51:24,136 [INFO] PluginManage:310 - Check plugin lpbam
2024-08-20 18:51:24,164 [INFO] PluginManage:359 - Loaded plugin lpbam (category:base,tabindex:0)
2024-08-20 18:51:24,164 [INFO] PluginManage:310 - Check plugin memorymap
2024-08-20 18:51:24,191 [INFO] PluginManage:359 - Loaded plugin memorymap (category:base,tabindex:4)
2024-08-20 18:51:24,191 [INFO] PluginManage:310 - Check plugin pinoutandconfiguration
2024-08-20 18:51:24,209 [INFO] PluginManage:359 - Loaded plugin pinoutandconfiguration (category:base,tabindex:1)
2024-08-20 18:51:24,210 [INFO] PluginManage:310 - Check plugin pinoutconfig
2024-08-20 18:51:24,304 [WARN] SupportedApi:132 - Cannot load RTOS API schema: s4s-elt-must-match.1: The content of 'definitions' must match (annotation?, (simpleType | complexType)?, (unique | key | keyref)*)). A problem was found starting at: attribute.
2024-08-20 18:51:24,432 [INFO] PluginManage:359 - Loaded plugin pinoutconfig (category:base,tabindex:0)
2024-08-20 18:51:24,432 [INFO] PluginManage:310 - Check plugin power
2024-08-20 18:51:24,453 [INFO] PluginManage:359 - Loaded plugin power (category:power,tabindex:4)
2024-08-20 18:51:24,453 [INFO] PluginManage:310 - Check plugin projectmanager
2024-08-20 18:51:24,471 [INFO] PluginManage:359 - Loaded plugin projectmanager (category:projectmanager,tabindex:3)
2024-08-20 18:51:24,472 [INFO] PluginManage:310 - Check plugin thirdparty
2024-08-20 18:51:24,756 [INFO] PluginManage:359 - Loaded plugin thirdparty (category:base,tabindex:-1)
2024-08-20 18:51:24,756 [INFO] PluginManage:310 - Check plugin tools
2024-08-20 18:51:24,756 [WARN] IntegrityCheckThread:84 - waiting for thirdparty lock release [integrity check]
2024-08-20 18:51:24,756 [INFO] IntegrityCheckThread:86 - entering critical section [integrity check]
2024-08-20 18:51:24,757 [INFO] ThirdPartyUpdaterWithRetryManager:70 - Updater plugin not ready yet. [1/15]
2024-08-20 18:51:24,790 [INFO] PluginManage:359 - Loaded plugin tools (category:base,tabindex:7)
2024-08-20 18:51:24,790 [INFO] PluginManage:310 - Check plugin tutovideos
2024-08-20 18:51:24,954 [INFO] PluginManage:359 - Loaded plugin tutovideos (category:base,tabindex:-1)
2024-08-20 18:51:24,954 [INFO] PluginManage:310 - Check plugin updater
2024-08-20 18:51:24,964 [INFO] PluginManage:359 - Loaded plugin updater (category:base,tabindex:12)
2024-08-20 18:51:24,964 [INFO] PluginManage:310 - Check plugin userauth
2024-08-20 18:51:24,969 [INFO] UserAuth:114 - Init User Auth plugin
2024-08-20 18:51:24,969 [INFO] PluginManage:359 - Loaded plugin userauth (category:base,tabindex:14)
2024-08-20 18:51:24,970 [INFO] PluginManage:283 - PluginManage : Loaded plugins [17]
2024-08-20 18:51:25,270 [INFO] PinOutPanel:1561 - setPackage(No Configuration,No Configuration)
2024-08-20 18:51:25,417 [INFO] CADModel:165 - CPN selected for project level
2024-08-20 18:51:25,417 [INFO] CADModel:114 - Register for checkConnection events
2024-08-20 18:51:25,447 [INFO] IPUIPlugin:80 - create IPUIPlugin
2024-08-20 18:51:25,448 [INFO] PluginManager:220 - loadIPPluginJar : add adc
2024-08-20 18:51:25,477 [INFO] IPUIPlugin:80 - create IPUIPlugin
2024-08-20 18:51:25,478 [INFO] PluginManager:220 - loadIPPluginJar : add aes
2024-08-20 18:51:25,516 [INFO] IPUIPlugin:80 - create IPUIPlugin
2024-08-20 18:51:25,516 [INFO] PluginManager:220 - loadIPPluginJar : add can
2024-08-20 18:51:25,534 [INFO] IPUIPlugin:80 - create IPUIPlugin
2024-08-20 18:51:25,534 [INFO] PluginManager:220 - loadIPPluginJar : add comp
2024-08-20 18:51:25,562 [INFO] IPUIPlugin:80 - create IPUIPlugin
2024-08-20 18:51:25,563 [INFO] PluginManager:220 - loadIPPluginJar : add cryp
2024-08-20 18:51:25,586 [INFO] IPUIPlugin:80 - create IPUIPlugin
2024-08-20 18:51:25,586 [INFO] PluginManager:220 - loadIPPluginJar : add dfsdm
2024-08-20 18:51:25,599 [INFO] IPUIPlugin:80 - create IPUIPlugin
2024-08-20 18:51:25,599 [INFO] PluginManager:220 - loadIPPluginJar : add dma
2024-08-20 18:51:25,638 [INFO] IPUIPlugin:80 - create IPUIPlugin
2024-08-20 18:51:25,638 [INFO] PluginManager:220 - loadIPPluginJar : add dma3
2024-08-20 18:51:25,681 [INFO] IPUIPlugin:80 - create IPUIPlugin
2024-08-20 18:51:25,681 [INFO] PluginManager:220 - loadIPPluginJar : add extmemmanager
2024-08-20 18:51:25,698 [INFO] IPUIPlugin:80 - create IPUIPlugin
2024-08-20 18:51:25,698 [INFO] PluginManager:220 - loadIPPluginJar : add fatfs
2024-08-20 18:51:25,735 [INFO] IPUIPlugin:80 - create IPUIPlugin
2024-08-20 18:51:25,735 [INFO] PluginManager:220 - loadIPPluginJar : add fmc
2024-08-20 18:51:25,749 [INFO] IPUIPlugin:80 - create IPUIPlugin
2024-08-20 18:51:25,749 [INFO] PluginManager:220 - loadIPPluginJar : add freertos
2024-08-20 18:51:25,766 [INFO] IPUIPlugin:80 - create IPUIPlugin
2024-08-20 18:51:25,766 [INFO] PluginManager:220 - loadIPPluginJar : add genericplugin
2024-08-20 18:51:25,841 [INFO] IPUIPlugin:80 - create IPUIPlugin
2024-08-20 18:51:25,842 [INFO] PluginManager:220 - loadIPPluginJar : add gfxmmu
2024-08-20 18:51:25,941 [INFO] IPUIPlugin:80 - create IPUIPlugin
2024-08-20 18:51:25,941 [INFO] PluginManager:220 - loadIPPluginJar : add gic
2024-08-20 18:51:25,951 [INFO] IPUIPlugin:80 - create IPUIPlugin
2024-08-20 18:51:25,951 [INFO] PluginManager:220 - loadIPPluginJar : add gpio
2024-08-20 18:51:26,030 [INFO] IPUIPlugin:80 - create IPUIPlugin
2024-08-20 18:51:26,030 [INFO] PluginManager:220 - loadIPPluginJar : add gtzc
2024-08-20 18:51:26,059 [INFO] IPUIPlugin:80 - create IPUIPlugin
2024-08-20 18:51:26,060 [INFO] PluginManager:220 - loadIPPluginJar : add hash
2024-08-20 18:51:26,102 [INFO] IPUIPlugin:80 - create IPUIPlugin
2024-08-20 18:51:26,102 [INFO] PluginManager:220 - loadIPPluginJar : add i2c
2024-08-20 18:51:26,138 [INFO] IPUIPlugin:80 - create IPUIPlugin
2024-08-20 18:51:26,138 [INFO] PluginManager:220 - loadIPPluginJar : add i2s
2024-08-20 18:51:26,178 [INFO] IPUIPlugin:80 - create IPUIPlugin
2024-08-20 18:51:26,178 [INFO] PluginManager:220 - loadIPPluginJar : add i3c
2024-08-20 18:51:26,260 [INFO] IPUIPlugin:80 - create IPUIPlugin
2024-08-20 18:51:26,260 [INFO] PluginManager:220 - loadIPPluginJar : add ipddr
2024-08-20 18:51:26,358 [INFO] IPUIPlugin:80 - create IPUIPlugin
2024-08-20 18:51:26,358 [INFO] PluginManager:220 - loadIPPluginJar : add linkedlist
2024-08-20 18:51:26,396 [INFO] IPUIPlugin:80 - create IPUIPlugin
2024-08-20 18:51:26,396 [INFO] PluginManager:220 - loadIPPluginJar : add lorawan
2024-08-20 18:51:26,429 [INFO] IPUIPlugin:80 - create IPUIPlugin
2024-08-20 18:51:26,429 [INFO] PluginManager:220 - loadIPPluginJar : add ltdc
2024-08-20 18:51:26,442 [INFO] IPUIPlugin:80 - create IPUIPlugin
2024-08-20 18:51:26,442 [INFO] PluginManager:220 - loadIPPluginJar : add mdma
2024-08-20 18:51:26,451 [INFO] IPUIPlugin:80 - create IPUIPlugin
2024-08-20 18:51:26,451 [INFO] PluginManager:220 - loadIPPluginJar : add nvic
2024-08-20 18:51:26,480 [INFO] IPUIPlugin:80 - create IPUIPlugin
2024-08-20 18:51:26,480 [INFO] PluginManager:220 - loadIPPluginJar : add opamp
2024-08-20 18:51:26,526 [INFO] IPUIPlugin:80 - create IPUIPlugin
2024-08-20 18:51:26,526 [INFO] PluginManager:220 - loadIPPluginJar : add openamp
2024-08-20 18:51:26,560 [INFO] IPUIPlugin:80 - create IPUIPlugin
2024-08-20 18:51:26,560 [INFO] PluginManager:220 - loadIPPluginJar : add pdm2pcm
2024-08-20 18:51:26,573 [INFO] IPUIPlugin:80 - create IPUIPlugin
2024-08-20 18:51:26,574 [INFO] PluginManager:220 - loadIPPluginJar : add plateformsettings
2024-08-20 18:51:26,595 [INFO] IPUIPlugin:80 - create IPUIPlugin
2024-08-20 18:51:26,595 [INFO] PluginManager:220 - loadIPPluginJar : add quadspi
2024-08-20 18:51:26,605 [INFO] IPUIPlugin:80 - create IPUIPlugin
2024-08-20 18:51:26,605 [INFO] PluginManager:220 - loadIPPluginJar : add resmgrutility
2024-08-20 18:51:26,642 [INFO] IPUIPlugin:80 - create IPUIPlugin
2024-08-20 18:51:26,642 [INFO] PluginManager:220 - loadIPPluginJar : add sai
2024-08-20 18:51:26,673 [INFO] IPUIPlugin:80 - create IPUIPlugin
2024-08-20 18:51:26,673 [INFO] PluginManager:220 - loadIPPluginJar : add spi
2024-08-20 18:51:26,728 [INFO] IPUIPlugin:80 - create IPUIPlugin
2024-08-20 18:51:26,728 [INFO] PluginManager:220 - loadIPPluginJar : add stm32_wpan
2024-08-20 18:51:26,746 [INFO] IPUIPlugin:80 - create IPUIPlugin
2024-08-20 18:51:26,747 [INFO] PluginManager:220 - loadIPPluginJar : add tim
2024-08-20 18:51:26,792 [INFO] IPUIPlugin:80 - create IPUIPlugin
2024-08-20 18:51:26,792 [INFO] PluginManager:220 - loadIPPluginJar : add touchsensing
2024-08-20 18:51:26,810 [INFO] IPUIPlugin:80 - create IPUIPlugin
2024-08-20 18:51:26,810 [INFO] PluginManager:220 - loadIPPluginJar : add tracer_emb
2024-08-20 18:51:26,828 [INFO] IPUIPlugin:80 - create IPUIPlugin
2024-08-20 18:51:26,828 [INFO] PluginManager:220 - loadIPPluginJar : add ts
2024-08-20 18:51:26,846 [INFO] IPUIPlugin:80 - create IPUIPlugin
2024-08-20 18:51:26,846 [INFO] PluginManager:220 - loadIPPluginJar : add tsc
2024-08-20 18:51:26,863 [INFO] IPUIPlugin:80 - create IPUIPlugin
2024-08-20 18:51:26,863 [INFO] PluginManager:220 - loadIPPluginJar : add ucpd
2024-08-20 18:51:26,894 [INFO] IPUIPlugin:80 - create IPUIPlugin
2024-08-20 18:51:26,894 [INFO] PluginManager:220 - loadIPPluginJar : add usart
2024-08-20 18:51:26,927 [INFO] IPUIPlugin:80 - create IPUIPlugin
2024-08-20 18:51:26,927 [INFO] PluginManager:220 - loadIPPluginJar : add usbx
2024-08-20 18:51:27,065 [INFO] CADModel:165 - CPN selected for project level
2024-08-20 18:51:27,065 [INFO] CADModel:114 - Register for checkConnection events
2024-08-20 18:51:27,065 [FATAL] Updater:308 - Updater called before beeing initialized
2024-08-20 18:51:27,066 [ERROR] CADModel:125 - Updater not yet initialized, retry later 
2024-08-20 18:51:27,195 [INFO] CADModel:165 - CPN selected for project level
2024-08-20 18:51:27,195 [INFO] CADModel:114 - Register for checkConnection events
2024-08-20 18:51:27,195 [FATAL] Updater:308 - Updater called before beeing initialized
2024-08-20 18:51:27,195 [ERROR] CADModel:125 - Updater not yet initialized, retry later 
2024-08-20 18:51:27,197 [FATAL] Updater:308 - Updater called before beeing initialized
2024-08-20 18:51:27,321 [FATAL] Updater:308 - Updater called before beeing initialized
2024-08-20 18:51:27,329 [INFO] DbMcusAds:53 - JSON generation date=Thu May 16 17:22:00 CST 2024 (1715851320667)
2024-08-20 18:51:27,329 [FATAL] Updater:308 - Updater called before beeing initialized
2024-08-20 18:51:27,397 [WARN] DetailPanel:346 - Failed to get advertising image, set to default
2024-08-20 18:51:27,510 [FATAL] Updater:308 - Updater called before beeing initialized
2024-08-20 18:51:27,512 [FATAL] Updater:308 - Updater called before beeing initialized
2024-08-20 18:51:27,512 [FATAL] Updater:308 - Updater called before beeing initialized
2024-08-20 18:51:27,512 [WARN] DetailPanel:346 - Failed to get advertising image, set to default
2024-08-20 18:51:27,512 [FATAL] Updater:308 - Updater called before beeing initialized
2024-08-20 18:51:27,605 [ERROR] Updater:1120 - MainUpdater not yet initialized. External WinMGr cannot be set.
2024-08-20 18:51:27,616 [INFO] Updater:1056 - Updater Version found : 6.11.1
2024-08-20 18:51:27,632 [INFO] ApplicationProperties:184 - Using Application install path: I:\software\STM32CubeIDE_1.15.1\STM32CubeIDE\plugins\com.st.stm32cube.common.mx_6.11.1.202404110753
2024-08-20 18:51:27,758 [INFO] ThirdPartyUpdaterWithRetryManager:70 - Updater plugin not ready yet. [2/15]
2024-08-20 18:51:27,978 [INFO] MainUpdater:2873 - connection check result : 10
2024-08-20 18:51:27,978 [INFO] MainUpdater:3567 - Updater definition file requires update
2024-08-20 18:51:27,979 [INFO] MainUpdater:290 - Updater Check For Update Now.
2024-08-20 18:51:27,980 [INFO] MicroXplorer:498 - Change Database Version : DB.6.0.111
2024-08-20 18:51:27,991 [INFO] McuFinderGlobals:63 - Set McuFinder mode to 2 (CubeIDE integrated)
2024-08-20 18:51:27,999 [INFO] UserAuth:415 - Internet connection configuration mode: 1
2024-08-20 18:51:28,000 [INFO] ServerAccessManage:473 - Download File updaters.zip
2024-08-20 18:51:28,020 [INFO] JxBrowserEngine:152 - Initiate JxBrowser Engine with user profile folder
2024-08-20 18:51:28,049 [INFO] FileExtend:240 - Unzip File : updaters.zip
2024-08-20 18:51:28,050 [INFO] FileExtend:255 - Standard Zip Deflate
2024-08-20 18:51:28,641 [INFO] ServerAccessManage:473 - Download File PacksControlFlags.xml
2024-08-20 18:51:28,703 [INFO] ServerAccessManage:473 - Download File cubemx.pidx
2024-08-20 18:51:29,337 [INFO] ServerAccessManage:473 - Download File STMicroelectronics.X-CUBE-MEMS1.pdsc
2024-08-20 18:51:30,758 [WARN] MainUpdater:1194 - Updater busy. Cannot search thirdparties
2024-08-20 18:51:30,758 [INFO] ThirdPartyUpdaterWithRetryManager:96 - Updater plugin is busy. [1/15]
2024-08-20 18:51:31,764 [ERROR] ServerAccessManage:1131 - HTTP unexpected response (418) for https://www.weston-embedded.com/stm_packages/WES.I-CUBE-Cesium.pdsc
2024-08-20 18:51:31,764 [ERROR] ServerAccessManage:651 - Error during Access to HTTP Server. : WES.I-CUBE-Cesium.pdsc.
2024-08-20 18:51:32,980 [INFO] WebApp:161 - Instantiating new browser for Auth
2024-08-20 18:51:33,175 [INFO] ServerAccessManage:473 - Download File Infineon.AIROC-Wi-Fi-Bluetooth-STM32.pdsc
2024-08-20 18:51:33,760 [WARN] MainUpdater:1194 - Updater busy. Cannot search thirdparties
2024-08-20 18:51:33,760 [INFO] ThirdPartyUpdaterWithRetryManager:96 - Updater plugin is busy. [2/15]
2024-08-20 18:51:33,768 [INFO] WebApp:779 - Register for checkConnection events
2024-08-20 18:51:33,768 [INFO] WebApp:414 - Apply proxy settings
2024-08-20 18:51:33,770 [INFO] WebApp:459 - Chromium authenticates against Manually configured proxy
2024-08-20 18:51:33,775 [INFO] WebApp:467 - Username used for proxy authentication: 
2024-08-20 18:51:33,923 [INFO] WebApp:192 - Starting web application
2024-08-20 18:51:33,923 [INFO] WebApp:544 - Web application path used I:\software\STM32CubeIDE_1.15.1\STM32CubeIDE\plugins\com.st.stm32cube.common.mx_6.11.1.202404110753\db\plugins\mcufinder\reactClient1\index.html
2024-08-20 18:51:36,764 [WARN] MainUpdater:1194 - Updater busy. Cannot search thirdparties
2024-08-20 18:51:36,764 [INFO] ThirdPartyUpdaterWithRetryManager:96 - Updater plugin is busy. [3/15]
2024-08-20 18:51:39,765 [WARN] MainUpdater:1194 - Updater busy. Cannot search thirdparties
2024-08-20 18:51:39,765 [INFO] ThirdPartyUpdaterWithRetryManager:96 - Updater plugin is busy. [4/15]
2024-08-20 18:51:40,437 [INFO] McuFinderGlobals:63 - Set McuFinder mode to 2 (CubeIDE integrated)
2024-08-20 18:51:42,767 [WARN] MainUpdater:1194 - Updater busy. Cannot search thirdparties
2024-08-20 18:51:42,767 [INFO] ThirdPartyUpdaterWithRetryManager:96 - Updater plugin is busy. [5/15]
2024-08-20 18:51:45,769 [WARN] MainUpdater:1194 - Updater busy. Cannot search thirdparties
2024-08-20 18:51:45,769 [INFO] ThirdPartyUpdaterWithRetryManager:96 - Updater plugin is busy. [6/15]
2024-08-20 18:51:48,770 [WARN] MainUpdater:1194 - Updater busy. Cannot search thirdparties
2024-08-20 18:51:48,770 [INFO] ThirdPartyUpdaterWithRetryManager:96 - Updater plugin is busy. [7/15]
2024-08-20 18:51:51,772 [WARN] MainUpdater:1194 - Updater busy. Cannot search thirdparties
2024-08-20 18:51:51,772 [INFO] ThirdPartyUpdaterWithRetryManager:96 - Updater plugin is busy. [8/15]
2024-08-20 18:51:54,673 [ERROR] ServerAccessManage:1172 - Problem during Server Connection :  IO error Connection timed out: no further information
2024-08-20 18:51:54,773 [WARN] MainUpdater:1194 - Updater busy. Cannot search thirdparties
2024-08-20 18:51:54,773 [INFO] ThirdPartyUpdaterWithRetryManager:96 - Updater plugin is busy. [9/15]
2024-08-20 18:51:57,775 [WARN] MainUpdater:1194 - Updater busy. Cannot search thirdparties
2024-08-20 18:51:57,775 [INFO] ThirdPartyUpdaterWithRetryManager:96 - Updater plugin is busy. [10/15]
2024-08-20 18:52:00,542 [INFO] MainUpdater:2873 - connection check result : 10
2024-08-20 18:52:00,776 [WARN] MainUpdater:1194 - Updater busy. Cannot search thirdparties
2024-08-20 18:52:00,776 [INFO] ThirdPartyUpdaterWithRetryManager:96 - Updater plugin is busy. [11/15]
2024-08-20 18:52:03,776 [WARN] MainUpdater:1194 - Updater busy. Cannot search thirdparties
2024-08-20 18:52:03,776 [INFO] ThirdPartyUpdaterWithRetryManager:96 - Updater plugin is busy. [12/15]
2024-08-20 18:52:06,778 [WARN] MainUpdater:1194 - Updater busy. Cannot search thirdparties
2024-08-20 18:52:06,778 [INFO] ThirdPartyUpdaterWithRetryManager:96 - Updater plugin is busy. [13/15]
2024-08-20 18:52:09,781 [WARN] MainUpdater:1194 - Updater busy. Cannot search thirdparties
2024-08-20 18:52:09,781 [INFO] ThirdPartyUpdaterWithRetryManager:96 - Updater plugin is busy. [14/15]
2024-08-20 18:52:12,782 [WARN] MainUpdater:1194 - Updater busy. Cannot search thirdparties
2024-08-20 18:52:12,782 [INFO] ThirdPartyUpdaterWithRetryManager:96 - Updater plugin is busy. [15/15]
2024-08-20 18:52:12,782 [ERROR] IntegrityCheckThread:130 - Cannot retrieve database content from updater: error -1
2024-08-20 18:52:12,782 [INFO] ThirdParty:978 - Integrity check success = false
2024-08-20 18:52:12,782 [INFO] IntegrityCheckThread:100 - exiting critical section [integrity check]
2024-08-20 18:52:12,782 [INFO] IntegrityCheckThread:103 - End integrity checks thread
2024-08-20 18:52:15,717 [ERROR] ServerAccessManage:1172 - Problem during Server Connection :  IO error Connection timed out: no further information
2024-08-20 18:52:20,610 [INFO] MainUpdater:2873 - connection check result : 10
2024-08-20 18:52:20,762 [INFO] MicroXplorer:468 - Change Database Path : 
2024-08-20 18:52:20,762 [INFO] MicroXplorer:498 - Change Database Version : DB.6.0.111
2024-08-20 18:52:20,770 [WARN] ThirdParty:871 - waiting for thirdparty lock release [close project]
2024-08-20 18:52:20,770 [INFO] ThirdParty:873 - entering critical section [close project]
2024-08-20 18:52:20,770 [INFO] ThirdParty:883 - exiting critical section [close project]
2024-08-20 18:52:20,772 [INFO] PinOutPanel:1561 - setPackage(No Configuration,No Configuration)
2024-08-20 18:52:20,774 [INFO] UtilMem:75 - Begin LoadConfig() Used Memory: 417807432 Bytes (589299712)
2024-08-20 18:52:20,776 [INFO] OpenFileManager:312 - Change cursor
2024-08-20 18:52:20,785 [WARN] IntegrityCheckThread:84 - waiting for thirdparty lock release [integrity check]
2024-08-20 18:52:20,785 [INFO] IntegrityCheckThread:86 - entering critical section [integrity check]
2024-08-20 18:52:20,785 [WARN] MainUpdater:1194 - Updater busy. Cannot search thirdparties
2024-08-20 18:52:20,785 [INFO] ThirdPartyUpdaterWithRetryManager:96 - Updater plugin is busy. [1/15]
2024-08-20 18:52:23,787 [WARN] MainUpdater:1194 - Updater busy. Cannot search thirdparties
2024-08-20 18:52:23,787 [INFO] ThirdPartyUpdaterWithRetryManager:96 - Updater plugin is busy. [2/15]
2024-08-20 18:52:26,788 [WARN] MainUpdater:1194 - Updater busy. Cannot search thirdparties
2024-08-20 18:52:26,788 [INFO] ThirdPartyUpdaterWithRetryManager:96 - Updater plugin is busy. [3/15]
2024-08-20 18:52:29,788 [WARN] MainUpdater:1194 - Updater busy. Cannot search thirdparties
2024-08-20 18:52:29,788 [INFO] ThirdPartyUpdaterWithRetryManager:96 - Updater plugin is busy. [4/15]
2024-08-20 18:52:32,791 [WARN] MainUpdater:1194 - Updater busy. Cannot search thirdparties
2024-08-20 18:52:32,791 [INFO] ThirdPartyUpdaterWithRetryManager:96 - Updater plugin is busy. [5/15]
2024-08-20 18:52:35,793 [WARN] MainUpdater:1194 - Updater busy. Cannot search thirdparties
2024-08-20 18:52:35,793 [INFO] ThirdPartyUpdaterWithRetryManager:96 - Updater plugin is busy. [6/15]
2024-08-20 18:52:36,766 [ERROR] ServerAccessManage:1172 - Problem during Server Connection :  IO error Connection timed out: no further information
2024-08-20 18:52:38,795 [WARN] MainUpdater:1194 - Updater busy. Cannot search thirdparties
2024-08-20 18:52:38,795 [INFO] ThirdPartyUpdaterWithRetryManager:96 - Updater plugin is busy. [7/15]
2024-08-20 18:52:41,796 [WARN] MainUpdater:1194 - Updater busy. Cannot search thirdparties
2024-08-20 18:52:41,796 [INFO] ThirdPartyUpdaterWithRetryManager:96 - Updater plugin is busy. [8/15]
2024-08-20 18:52:44,796 [WARN] MainUpdater:1194 - Updater busy. Cannot search thirdparties
2024-08-20 18:52:44,796 [INFO] ThirdPartyUpdaterWithRetryManager:96 - Updater plugin is busy. [9/15]
2024-08-20 18:52:47,797 [WARN] MainUpdater:1194 - Updater busy. Cannot search thirdparties
2024-08-20 18:52:47,797 [INFO] ThirdPartyUpdaterWithRetryManager:96 - Updater plugin is busy. [10/15]
2024-08-20 18:52:50,797 [WARN] MainUpdater:1194 - Updater busy. Cannot search thirdparties
2024-08-20 18:52:50,797 [INFO] ThirdPartyUpdaterWithRetryManager:96 - Updater plugin is busy. [11/15]
2024-08-20 18:52:53,800 [WARN] MainUpdater:1194 - Updater busy. Cannot search thirdparties
2024-08-20 18:52:53,800 [INFO] ThirdPartyUpdaterWithRetryManager:96 - Updater plugin is busy. [12/15]
2024-08-20 18:52:56,802 [WARN] MainUpdater:1194 - Updater busy. Cannot search thirdparties
2024-08-20 18:52:56,802 [INFO] ThirdPartyUpdaterWithRetryManager:96 - Updater plugin is busy. [13/15]
2024-08-20 18:52:57,819 [ERROR] ServerAccessManage:1172 - Problem during Server Connection :  IO error Connection timed out: no further information
2024-08-20 18:52:59,802 [WARN] MainUpdater:1194 - Updater busy. Cannot search thirdparties
2024-08-20 18:52:59,802 [INFO] ThirdPartyUpdaterWithRetryManager:96 - Updater plugin is busy. [14/15]
2024-08-20 18:53:02,805 [WARN] MainUpdater:1194 - Updater busy. Cannot search thirdparties
2024-08-20 18:53:02,805 [INFO] ThirdPartyUpdaterWithRetryManager:96 - Updater plugin is busy. [15/15]
2024-08-20 18:53:02,992 [WARN] PackLoader:240 - Cannot read IP mode file for STMicroelectronics.X-CUBE-SMBUS.2.1.0
2024-08-20 18:53:03,002 [WARN] PackLoader:240 - Cannot read IP mode file for STMicroelectronics.X-CUBE-TOUCHGFX.4.23.0
2024-08-20 18:53:03,011 [WARN] PackLoader:240 - Cannot read IP mode file for STMicroelectronics.X-CUBE-TOUCHGFX.4.23.2
2024-08-20 18:53:03,035 [WARN] PackLoader:240 - Cannot read IP mode file for STMicroelectronics.X-CUBE-AZRTOS-F7.1.1.0
2024-08-20 18:53:03,049 [WARN] PackLoader:240 - Cannot read IP mode file for STMicroelectronics.FP-SNS-MOTENV1.4.3.2
2024-08-20 18:53:03,056 [WARN] PackLoader:240 - Cannot read IP mode file for STMicroelectronics.FP-SNS-FLIGHT1.5.0.2
2024-08-20 18:53:03,068 [WARN] PackLoader:240 - Cannot read IP mode file for STMicroelectronics.X-CUBE-DISPLAY.3.0.0
2024-08-20 18:53:03,083 [WARN] PackLoader:240 - Cannot read IP mode file for STMicroelectronics.X-CUBE-BLE1.7.0.0
2024-08-20 18:53:03,095 [WARN] PackLoader:240 - Cannot read IP mode file for emotas.I-CUBE-CANOPEN.1.3.0
2024-08-20 18:53:03,105 [WARN] PackLoader:240 - Cannot read IP mode file for STMicroelectronics.FP-SNS-SMARTAG2.1.2.0
2024-08-20 18:53:03,119 [INFO] LogOutputStream:77 - [STDOUT_REDIRECT] 1 : Invalid condition id : UX_CORESTACK_Condition cause : null
2024-08-20 18:53:03,120 [INFO] LogOutputStream:77 - [STDOUT_REDIRECT] 1 : Invalid condition id : UX_CORESTACK_Condition cause : null
2024-08-20 18:53:03,121 [INFO] LogOutputStream:77 - [STDOUT_REDIRECT] 1 : Invalid condition id : UX_CORESTACK_Condition cause : null
2024-08-20 18:53:03,122 [INFO] LogOutputStream:77 - [STDOUT_REDIRECT] 1 : Invalid condition id : UX_CORESTACK_Condition cause : null
2024-08-20 18:53:03,123 [INFO] LogOutputStream:77 - [STDOUT_REDIRECT] 1 : Invalid condition id : UX_CORESTACK_Condition cause : null
2024-08-20 18:53:03,125 [WARN] PackLoader:240 - Cannot read IP mode file for STMicroelectronics.X-CUBE-AZRTOS-WL.2.0.0
2024-08-20 18:53:03,131 [WARN] PackLoader:240 - Cannot read IP mode file for wolfSSL.I-CUBE-wolfMQTT.1.19.0
2024-08-20 18:53:03,142 [WARN] PackLoader:240 - Cannot read IP mode file for STMicroelectronics.X-CUBE-BLE2.3.3.0
2024-08-20 18:53:03,152 [WARN] PackLoader:240 - Cannot read IP mode file for STMicroelectronics.X-CUBE-ALGOBUILD.1.3.0
2024-08-20 18:53:03,172 [WARN] PackLoader:240 - Cannot read IP mode file for STMicroelectronics.X-CUBE-AZRTOS-G0.1.1.0
2024-08-20 18:53:03,183 [WARN] PackLoader:240 - Cannot read IP mode file for STMicroelectronics.X-CUBE-NFC4.3.0.0
2024-08-20 18:53:03,192 [WARN] PackLoader:240 - Cannot read IP mode file for wolfSSL.I-CUBE-wolfMQTT.1.18.0
2024-08-20 18:53:03,205 [WARN] PackLoader:240 - Cannot read IP mode file for EmbeddedOffice.I-CUBE-FS-RTOS.1.0.1
2024-08-20 18:53:03,206 [ERROR] ConditionMgr:805 - Attr not supported : Dmpu
2024-08-20 18:53:03,206 [ERROR] ConditionMgr:805 - Attr not supported : Dmpu
2024-08-20 18:53:03,206 [ERROR] ConditionMgr:805 - Attr not supported : Dmpu
2024-08-20 18:53:03,206 [ERROR] ConditionMgr:805 - Attr not supported : Dmpu
2024-08-20 18:53:03,206 [ERROR] ConditionMgr:805 - Attr not supported : Dmpu
2024-08-20 18:53:03,206 [ERROR] ConditionMgr:805 - Attr not supported : Dmpu
2024-08-20 18:53:03,206 [ERROR] ConditionMgr:805 - Attr not supported : Dmpu
2024-08-20 18:53:03,206 [ERROR] ConditionMgr:805 - Attr not supported : Dmpu
2024-08-20 18:53:03,206 [ERROR] ConditionMgr:805 - Attr not supported : Dmpu
2024-08-20 18:53:03,206 [ERROR] ConditionMgr:805 - Attr not supported : Dmpu
2024-08-20 18:53:03,206 [ERROR] ConditionMgr:805 - Attr not supported : Dmpu
2024-08-20 18:53:03,206 [ERROR] ConditionMgr:805 - Attr not supported : Dmpu
2024-08-20 18:53:03,206 [ERROR] ConditionMgr:805 - Attr not supported : Dmpu
2024-08-20 18:53:03,206 [ERROR] ConditionMgr:805 - Attr not supported : Dmpu
2024-08-20 18:53:03,206 [ERROR] ConditionMgr:805 - Attr not supported : Dmpu
2024-08-20 18:53:03,206 [ERROR] ConditionMgr:805 - Attr not supported : Dmpu
2024-08-20 18:53:03,206 [ERROR] ConditionMgr:805 - Attr not supported : Dmpu
2024-08-20 18:53:03,206 [ERROR] ConditionMgr:805 - Attr not supported : Dmpu
2024-08-20 18:53:03,206 [ERROR] ConditionMgr:805 - Attr not supported : Dmpu
2024-08-20 18:53:03,206 [ERROR] ConditionMgr:805 - Attr not supported : Dmpu
2024-08-20 18:53:03,206 [ERROR] ConditionMgr:805 - Attr not supported : Dmpu
2024-08-20 18:53:03,206 [ERROR] ConditionMgr:805 - Attr not supported : Dmpu
2024-08-20 18:53:03,206 [ERROR] ConditionMgr:805 - Attr not supported : Dmpu
2024-08-20 18:53:03,206 [ERROR] ConditionMgr:805 - Attr not supported : Dmpu
2024-08-20 18:53:03,207 [ERROR] ConditionMgr:805 - Attr not supported : Dmpu
2024-08-20 18:53:03,207 [ERROR] ConditionMgr:805 - Attr not supported : Dmpu
2024-08-20 18:53:03,207 [ERROR] ConditionMgr:805 - Attr not supported : Dmpu
2024-08-20 18:53:03,207 [ERROR] ConditionMgr:805 - Attr not supported : Dmpu
2024-08-20 18:53:03,207 [ERROR] ConditionMgr:805 - Attr not supported : Dmpu
2024-08-20 18:53:03,207 [ERROR] ConditionMgr:805 - Attr not supported : Dmpu
2024-08-20 18:53:03,207 [ERROR] ConditionMgr:805 - Attr not supported : Dmpu
2024-08-20 18:53:03,207 [ERROR] ConditionMgr:805 - Attr not supported : Dmpu
2024-08-20 18:53:03,207 [ERROR] ConditionMgr:805 - Attr not supported : Dmpu
2024-08-20 18:53:03,207 [ERROR] ConditionMgr:805 - Attr not supported : Dmpu
2024-08-20 18:53:03,207 [ERROR] ConditionMgr:805 - Attr not supported : Dmpu
2024-08-20 18:53:03,207 [ERROR] ConditionMgr:805 - Attr not supported : Dmpu
2024-08-20 18:53:03,207 [ERROR] ConditionMgr:805 - Attr not supported : Dmpu
2024-08-20 18:53:03,207 [ERROR] ConditionMgr:805 - Attr not supported : Dmpu
2024-08-20 18:53:03,207 [ERROR] ConditionMgr:805 - Attr not supported : Dmpu
2024-08-20 18:53:03,207 [ERROR] ConditionMgr:805 - Attr not supported : Dmpu
2024-08-20 18:53:03,207 [ERROR] ConditionMgr:805 - Attr not supported : Dmpu
2024-08-20 18:53:03,207 [ERROR] ConditionMgr:805 - Attr not supported : Dmpu
2024-08-20 18:53:03,207 [ERROR] ConditionMgr:805 - Attr not supported : Dmpu
2024-08-20 18:53:03,207 [ERROR] ConditionMgr:805 - Attr not supported : Dmpu
2024-08-20 18:53:03,207 [ERROR] ConditionMgr:805 - Attr not supported : Dmpu
2024-08-20 18:53:03,207 [ERROR] ConditionMgr:805 - Attr not supported : Dmpu
2024-08-20 18:53:03,207 [ERROR] ConditionMgr:805 - Attr not supported : Dmpu
2024-08-20 18:53:03,207 [ERROR] ConditionMgr:805 - Attr not supported : Dmpu
2024-08-20 18:53:03,208 [ERROR] ConditionMgr:805 - Attr not supported : Dmpu
2024-08-20 18:53:03,208 [ERROR] ConditionMgr:805 - Attr not supported : Dmpu
2024-08-20 18:53:03,208 [ERROR] ConditionMgr:805 - Attr not supported : Dmpu
2024-08-20 18:53:03,208 [ERROR] ConditionMgr:805 - Attr not supported : Dmpu
2024-08-20 18:53:03,208 [ERROR] ConditionMgr:805 - Attr not supported : Dmpu
2024-08-20 18:53:03,208 [ERROR] ConditionMgr:805 - Attr not supported : Dmpu
2024-08-20 18:53:03,208 [ERROR] ConditionMgr:805 - Attr not supported : Dmpu
2024-08-20 18:53:03,208 [ERROR] ConditionMgr:805 - Attr not supported : Dmpu
2024-08-20 18:53:03,208 [ERROR] ConditionMgr:805 - Attr not supported : Dmpu
2024-08-20 18:53:03,208 [ERROR] ConditionMgr:805 - Attr not supported : Dmpu
2024-08-20 18:53:03,208 [ERROR] ConditionMgr:805 - Attr not supported : Dmpu
2024-08-20 18:53:03,208 [ERROR] ConditionMgr:805 - Attr not supported : Dmpu
2024-08-20 18:53:03,208 [ERROR] ConditionMgr:805 - Attr not supported : Dmpu
2024-08-20 18:53:03,208 [ERROR] ConditionMgr:805 - Attr not supported : Dmpu
2024-08-20 18:53:03,208 [ERROR] ConditionMgr:805 - Attr not supported : Dmpu
2024-08-20 18:53:03,208 [ERROR] ConditionMgr:805 - Attr not supported : Dmpu
2024-08-20 18:53:03,221 [WARN] PackLoader:240 - Cannot read IP mode file for STMicroelectronics.X-CUBE-BLEMGR.3.0.0
2024-08-20 18:53:03,233 [WARN] PackLoader:240 - Cannot read IP mode file for RealThread.X-CUBE-RT-Thread_Nano.4.1.1
2024-08-20 18:53:03,238 [WARN] PackLoader:240 - Cannot read IP mode file for STMicroelectronics.FP-ATR-SIGFOX1.3.2.0
2024-08-20 18:53:03,249 [WARN] PackLoader:240 - Cannot read IP mode file for STMicroelectronics.X-CUBE-EEPRMA1.5.1.0
2024-08-20 18:53:03,276 [WARN] PackLoader:240 - Cannot read IP mode file for SEGGER.I-CUBE-embOS.1.3.1
2024-08-20 18:53:03,306 [WARN] PackLoader:240 - Cannot read IP mode file for STMicroelectronics.X-CUBE-ALGOBUILD.1.4.0
2024-08-20 18:53:03,316 [WARN] PackLoader:240 - Cannot read IP mode file for STMicroelectronics.X-CUBE-GNSS1.6.0.0
2024-08-20 18:53:03,336 [WARN] PackLoader:240 - Cannot read IP mode file for STMicroelectronics.X-CUBE-AZRTOS-F4.1.1.0
2024-08-20 18:53:03,359 [WARN] PackLoader:240 - Cannot read IP mode file for STMicroelectronics.X-CUBE-AZRTOS-L5.2.0.0
2024-08-20 18:53:03,371 [WARN] PackLoader:240 - Cannot read IP mode file for ITTIA_DB.I-CUBE-ITTIADB.8.8.0
2024-08-20 18:53:03,381 [WARN] PackLoader:240 - Cannot read IP mode file for STMicroelectronics.X-CUBE-DPower.1.2.0
2024-08-20 18:53:03,393 [WARN] PackLoader:240 - Cannot read IP mode file for STMicroelectronics.X-CUBE-NFC7.1.0.1
2024-08-20 18:53:03,403 [WARN] PackLoader:240 - Cannot read IP mode file for wolfSSL.I-CUBE-wolfTPM.3.2.0
2024-08-20 18:53:03,414 [WARN] PackLoader:240 - Cannot read IP mode file for STMicroelectronics.X-CUBE-NFC6.3.0.0
2024-08-20 18:53:03,425 [WARN] PackLoader:240 - Cannot read IP mode file for STMicroelectronics.X-CUBE-AI.8.1.0
2024-08-20 18:53:03,443 [WARN] ConditionMgr:438 - getConditionDescription Invalid condition id : LAN8742 Phy interface Condition cause : null
2024-08-20 18:53:03,444 [WARN] PackLoader:240 - Cannot read IP mode file for STMicroelectronics.X-CUBE-AZRTOS-L4.2.0.0
2024-08-20 18:53:03,444 [WARN] ConditionMgr:1039 - genDependencies : Invalid condition id : LAN8742 Phy interface Condition cause : null
2024-08-20 18:53:03,444 [WARN] ConditionMgr:1039 - genDependencies : Invalid condition id : LAN8742 Phy interface Condition cause : null
2024-08-20 18:53:03,445 [WARN] ConditionMgr:1039 - genDependencies : Invalid condition id : LAN8742 Phy interface Condition cause : null
2024-08-20 18:53:03,455 [WARN] PackLoader:240 - Cannot read IP mode file for STMicroelectronics.X-CUBE-SFXS2LP1.4.0.0
2024-08-20 18:53:03,478 [WARN] PackLoader:240 - Cannot read IP mode file for STMicroelectronics.X-CUBE-AZRTOS-H7.3.3.0
2024-08-20 18:53:03,498 [WARN] ConditionMgr:438 - getConditionDescription Invalid condition id : UX DEVICE CLASS RTOS Condition cause : null
2024-08-20 18:53:03,498 [WARN] ConditionMgr:438 - getConditionDescription Invalid condition id : UX DEVICE CLASS RTOS Condition cause : null
2024-08-20 18:53:03,499 [WARN] PackLoader:240 - Cannot read IP mode file for STMicroelectronics.X-CUBE-AZRTOS-WB.2.0.0
2024-08-20 18:53:03,499 [WARN] ConditionMgr:1039 - genDependencies : Invalid condition id : UX DEVICE CLASS RTOS Condition cause : null
2024-08-20 18:53:03,499 [WARN] ConditionMgr:1039 - genDependencies : Invalid condition id : UX DEVICE CLASS RTOS Condition cause : null
2024-08-20 18:53:03,499 [WARN] ConditionMgr:1039 - genDependencies : Invalid condition id : UX DEVICE CLASS RTOS Condition cause : null
2024-08-20 18:53:03,500 [WARN] ConditionMgr:1039 - genDependencies : Invalid condition id : UX DEVICE CLASS RTOS Condition cause : null
2024-08-20 18:53:03,500 [WARN] ConditionMgr:1039 - genDependencies : Invalid condition id : UX DEVICE CLASS RTOS Condition cause : null
2024-08-20 18:53:03,513 [WARN] PackLoader:240 - Cannot read IP mode file for STMicroelectronics.FP-SNS-STBOX1.2.0.0
2024-08-20 18:53:03,527 [WARN] PackLoader:240 - Cannot read IP mode file for STMicroelectronics.X-CUBE-SUBG2.5.0.0
2024-08-20 18:53:03,547 [WARN] PackLoader:240 - Cannot read IP mode file for STMicroelectronics.X-CUBE-AZRTOS-G4.2.0.0
2024-08-20 18:53:03,558 [WARN] PackLoader:240 - Cannot read IP mode file for STMicroelectronics.FP-SNS-MOTENVWB1.1.3.1
2024-08-20 18:53:03,567 [WARN] PackLoader:240 - Cannot read IP mode file for STMicroelectronics.X-CUBE-ISPU.2.0.0
2024-08-20 18:53:03,577 [WARN] PackLoader:240 - Cannot read IP mode file for STMicroelectronics.X-CUBE-ALS.1.0.2
2024-08-20 18:53:03,607 [WARN] PackLoader:240 - Cannot read IP mode file for STMicroelectronics.X-CUBE-MEMS1.10.0.0
2024-08-20 18:53:03,673 [WARN] PackLoader:240 - Cannot read IP mode file for STMicroelectronics.X-CUBE-FREERTOS.1.1.0
2024-08-20 18:53:03,681 [WARN] PackLoader:240 - Cannot read IP mode file for STMicroelectronics.X-CUBE-TOUCHGFX.4.24.0
2024-08-20 18:53:03,692 [WARN] PackLoader:240 - Cannot read IP mode file for portGmbH.I-Cube-SoM-uGOAL.1.1.0
2024-08-20 18:53:03,700 [WARN] PackLoader:240 - Cannot read IP mode file for STMicroelectronics.X-CUBE-ALS.1.0.1
2024-08-20 18:53:03,708 [WARN] PackLoader:240 - Cannot read IP mode file for STMicroelectronics.FP-ATR-ASTRA1.2.0.0
2024-08-20 18:53:03,722 [WARN] PackLoader:240 - Cannot read IP mode file for STMicroelectronics.X-CUBE-TOF1.3.4.2
2024-08-20 18:53:03,743 [WARN] PackLoader:240 - Cannot read IP mode file for STMicroelectronics.X-CUBE-TOF1.3.4.0
2024-08-20 18:53:03,761 [WARN] PackLoader:240 - Cannot read IP mode file for STMicroelectronics.X-CUBE-TOF1.3.4.1
2024-08-20 18:53:03,787 [WARN] PackLoader:240 - Cannot read IP mode file for STMicroelectronics.X-CUBE-AZRTOS-H7.3.2.0
2024-08-20 18:53:03,793 [WARN] PackLoader:240 - Cannot read IP mode file for wolfSSL.I-CUBE-wolfSSH.1.4.17
2024-08-20 18:53:03,793 [INFO] ThirdParty:978 - Integrity check success = true
2024-08-20 18:53:03,793 [INFO] IntegrityCheckThread:100 - exiting critical section [integrity check]
2024-08-20 18:53:03,793 [INFO] IntegrityCheckThread:103 - End integrity checks thread
2024-08-20 18:53:03,809 [INFO] Mcu:2021 - Initializing MCU STM32F103C(8-B)Tx STM32F103C8Tx STM32F103C8T6
2024-08-20 18:53:04,407 [INFO] Context:663 - Trying to add GPIOservice into a context  which must be forbidden
2024-08-20 18:53:04,613 [INFO] RtosManager:555 - Registered RTOS mode: class=CMSIS, group=RTOS, mode=CMSIS_V1, owner=FREERTOS
2024-08-20 18:53:04,613 [INFO] RtosManager:555 - Registered RTOS mode: class=CMSIS, group=RTOS2, mode=CMSIS_V2, owner=FREERTOS
2024-08-20 18:53:04,613 [INFO] RtosManager:555 - Registered RTOS mode: class=RTOS, group=Core, mode=CMSIS_V1, owner=FREERTOS
2024-08-20 18:53:04,613 [INFO] RtosManager:555 - Registered RTOS mode: class=RTOS, group=Core, mode=CMSIS_V2, owner=FREERTOS
2024-08-20 18:53:04,613 [WARN] ModelIntegratedComponent:184 - Missing modes for component STMicroelectronics:FreeRTOS:0.0.1:STMicroelectronics:RTOS:FreeRTOS:Core:::10.2.0:
2024-08-20 18:53:04,625 [WARN] ModelIntegratedComponent:63 - No mode defined for component null
2024-08-20 18:53:04,625 [WARN] ModelIntegratedComponent:63 - No mode defined for component null
2024-08-20 18:53:04,625 [WARN] ModelIntegratedComponent:63 - No mode defined for component null
2024-08-20 18:53:04,625 [WARN] ModelIntegratedComponent:63 - No mode defined for component null
2024-08-20 18:53:04,625 [WARN] ModelIntegratedComponent:63 - No mode defined for component null
2024-08-20 18:53:04,625 [WARN] ModelIntegratedComponent:63 - No mode defined for component null
2024-08-20 18:53:04,625 [WARN] ModelIntegratedComponent:63 - No mode defined for component null
2024-08-20 18:53:04,626 [WARN] ModelIntegratedComponent:63 - No mode defined for component null
2024-08-20 18:53:04,626 [WARN] ModelIntegratedComponent:63 - No mode defined for component null
2024-08-20 18:53:04,626 [WARN] ModelIntegratedComponent:63 - No mode defined for component null
2024-08-20 18:53:04,626 [WARN] ModelIntegratedComponent:63 - No mode defined for component null
2024-08-20 18:53:04,626 [WARN] ModelIntegratedComponent:63 - No mode defined for component null
2024-08-20 18:53:04,626 [WARN] ModelIntegratedComponent:63 - No mode defined for component null
2024-08-20 18:53:04,626 [WARN] ModelIntegratedComponent:63 - No mode defined for component null
2024-08-20 18:53:04,626 [WARN] ModelIntegratedComponent:63 - No mode defined for component null
2024-08-20 18:53:04,626 [WARN] ModelIntegratedComponent:63 - No mode defined for component null
2024-08-20 18:53:04,626 [WARN] ModelIntegratedComponent:63 - No mode defined for component null
2024-08-20 18:53:04,626 [WARN] ModelIntegratedComponent:63 - No mode defined for component null
2024-08-20 18:53:04,626 [WARN] ModelIntegratedComponent:63 - No mode defined for component null
2024-08-20 18:53:04,626 [WARN] ModelIntegratedComponent:63 - No mode defined for component null
2024-08-20 18:53:04,626 [WARN] ModelIntegratedComponent:63 - No mode defined for component null
2024-08-20 18:53:04,626 [WARN] ModelIntegratedComponent:63 - No mode defined for component null
2024-08-20 18:53:04,626 [WARN] ModelIntegratedComponent:63 - No mode defined for component null
2024-08-20 18:53:04,626 [WARN] ModelIntegratedComponent:63 - No mode defined for component null
2024-08-20 18:53:04,626 [WARN] ModelIntegratedComponent:63 - No mode defined for component null
2024-08-20 18:53:04,626 [WARN] ModelIntegratedComponent:63 - No mode defined for component null
2024-08-20 18:53:04,626 [WARN] ModelIntegratedComponent:63 - No mode defined for component null
2024-08-20 18:53:04,626 [WARN] ModelIntegratedComponent:63 - No mode defined for component null
2024-08-20 18:53:04,626 [WARN] ModelIntegratedComponent:63 - No mode defined for component null
2024-08-20 18:53:04,626 [WARN] ModelIntegratedComponent:63 - No mode defined for component null
2024-08-20 18:53:04,626 [WARN] ModelIntegratedComponent:63 - No mode defined for component null
2024-08-20 18:53:04,626 [WARN] ModelIntegratedComponent:63 - No mode defined for component null
2024-08-20 18:53:04,626 [WARN] ModelIntegratedComponent:63 - No mode defined for component null
2024-08-20 18:53:04,626 [WARN] ModelIntegratedComponent:63 - No mode defined for component null
2024-08-20 18:53:04,691 [INFO] ThirdPartyModel:298 - Start build external matchings
2024-08-20 18:53:04,861 [INFO] ThirdPartyModel:316 - End build external matchings
2024-08-20 18:53:04,874 [INFO] ImportTextPane:194 - (OptionalMessage_ERROR) IP (RCC) : Parameter (ADCFreqValue) has invalid value (36000000)
2024-08-20 18:53:04,874 [INFO] ImportTextPane:194 - (OptionalMessage_ERROR) IP (RCC) : Invalid parameter (FamilyName)
2024-08-20 18:53:04,874 [INFO] ImportTextPane:194 - (OptionalMessage_ERROR) IP (RCC) : Parameter (MCOFreq_Value) has invalid value (72000000)
2024-08-20 18:53:04,874 [INFO] ImportTextPane:194 - (OptionalMessage_ERROR) IP (RCC) : Parameter (USBFreq_Value) has invalid value (72000000)
2024-08-20 18:53:05,030 [INFO] ApiDb:581 - Connected to CubeFinder SQLite database (C:\Users\king\.stmcufinder\plugins\mcufinder\mcu\cube-finder-db.db)
2024-08-20 18:53:05,122 [INFO] ApiDb:668 - CubeFinder database Data Model version=2.1
2024-08-20 18:53:05,126 [INFO] ApiDb:669 - CubeFinder database Configuration version=3.0.39
2024-08-20 18:53:05,127 [INFO] ApiDb:670 - CubeFinder database generation date=2024-06-20 (1718880634)
2024-08-20 18:53:05,127 [INFO] ApiDb:671 - CubeFinder database FW Pack versions=[FP-ATR-ASTRA1_V2.0.0, FP-SNS-FLIGHT1_V5.0.2, FP-SNS-MOTENV1_V5.0.0, FP-SNS-MOTENVWB1_V1.4.0, FP-SNS-SMARTAG2_V1.2.0, STM32Cube_FW_C0_V1.2.0, STM32Cube_FW_F4_V1.28.0, STM32Cube_FW_F7_V1.17.2, STM32Cube_FW_G0_V1.6.2, STM32Cube_FW_G4_V1.6.0, STM32Cube_FW_H5_V1.3.0, STM32Cube_FW_H7RS_V1.1.0, STM32Cube_FW_H7_V1.11.2, STM32Cube_FW_L0_V1.12.2, STM32Cube_FW_L5_V1.5.1, STM32Cube_FW_U0_V1.1.0, STM32Cube_FW_U5_V1.6.0, STM32Cube_FW_WB0_V1.0.0, STM32Cube_FW_WBA_V1.4.0, STM32Cube_FW_WB_V1.20.0, STM32Cube_FW_WL_V1.3.0, X-CUBE-ALGOBUILD_V1.4.0, X-CUBE-ALS_V1.0.2, X-CUBE-AZRTOS-F4_V1.1.0, X-CUBE-AZRTOS-F7_V1.1.0, X-CUBE-AZRTOS-G0_V1.1.0, X-CUBE-AZRTOS-G4_V2.0.0, X-CUBE-AZRTOS-H7RS_V1.0.0, X-CUBE-AZRTOS-H7_V3.2.0, X-CUBE-AZRTOS-L4_V2.0.0, X-CUBE-AZRTOS-L5_V1.1.0, X-CUBE-AZRTOS-WB_V2.0.0, X-CUBE-AZRTOS-WL_V2.0.0, X-CUBE-BLE1_V7.0.0, X-CUBE-BLE2_V3.3.0, X-CUBE-BLEMGR_V3.1.0, X-CUBE-EEPRMA1_V5.1.0, X-CUBE-FREERTOS_V1.2.0, X-CUBE-GNSS1_V6.0.0, X-CUBE-MEMS1_V10.0.0, X-CUBE-NFC4_V3.0.0, X-CUBE-NFC7_V1.0.1, X-CUBE-SFXS2LP1_V4.0.0, X-CUBE-SUBG2_V5.0.0, X-CUBE-TOF1_V3.4.1]
2024-08-20 18:53:05,248 [INFO] DbBoardsSqlite:226 - include board P-NUCLEO-WB55-NUCLEO as a kit item of type 'Nucleo-64'
2024-08-20 18:53:05,248 [INFO] DbBoardsSqlite:226 - include board P-NUCLEO-WB55-USBDONGLE as a kit item of type 'Nucleo USB Dongle'
2024-08-20 18:53:05,249 [INFO] DbBoardsSqlite:226 - include board STEVAL-IDP005V1 as a kit item of type 'Evaluation Board'
2024-08-20 18:53:05,250 [INFO] DbBoardsSqlite:226 - include board STEVAL-IDP005V2 as a kit item of type 'Evaluation Board'
2024-08-20 18:53:05,561 [INFO] ApiDb:240 - Found 483 in-development CPN: [B-G473E-ZEST1S, B-WB1M-WPAN1, B-WL5M-SUBG1, NUCLEO-C031C6, NUCLEO-H503RB, NUCLEO-H533RE, NUCLEO-H563ZI, NUCLEO-H7S3L8, NUCLEO-U031R8, NUCLEO-U083RC, NUCLEO-U545RE-Q, NUCLEO-U5A5ZJ-Q, NUCLEO-WBA52CG, NUCLEO-WBA55CG, STEVAL-PROTEUS1, STEVAL-SMARTAG2, STEVAL-STWINBX1, STM320518-EVAL, STM32C0116-DK, STM32C011D6Y3TR, STM32C011D6Y6TR, STM32C011F4P3, STM32C011F4P6, STM32C011F4U3, STM32C011F4U6TR, STM32C011F6P3, STM32C011F6P6, STM32C011F6U3, STM32C011F6U6TR, STM32C011J4M3, STM32C011J4M6, STM32C011J6M3, STM32C011J6M6, STM32C0316-DK, STM32C031C4T3, STM32C031C4T6, STM32C031C4U3, STM32C031C4U6, STM32C031C6T3, STM32C031C6T6, STM32C031C6U3, STM32C031C6U6, STM32C031F4P3, STM32C031F4P6, STM32C031F6P3, STM32C031F6P6, STM32C031G4U3, STM32C031G4U6, STM32C031G6U3, STM32C031G6U6, STM32C031K4T3, STM32C031K4T6, STM32C031K4U3, STM32C031K4U6, STM32C031K6T3, STM32C031K6T6, STM32C031K6U3, STM32C031K6U6, STM32G071K8TXN, STM32G071K8UXN, STM32G081GBU6N, STM32G081KBT6N, STM32G081KBUXN, STM32G0B1CCT6N, STM32G0B1KCT6, STM32G0B1NEY6TR, STM32G0B1RCT6N, STM32G0C1CCT6, STM32G0C1CCT6N, STM32G0C1CCU6N, STM32G0C1CET6N, STM32G0C1CEU6N, STM32G0C1KCT6, STM32G0C1NEY6TR, STM32G0C1RCI6N, STM32G0C1RCT6N, STM32G0C1REI6N, STM32G0C1RET6N, STM32G0C1VCI6, STM32G0C1VEI6, STM32G471CCT6, STM32G471CCU6, STM32G471CET3, STM32G471CET6, STM32G471CEU3, STM32G471CEU6, STM32G471MCT6, STM32G471MET3, STM32G471MET6, STM32G471MEY6TR, STM32G471QCT6, STM32G471QET3, STM32G471RCT6, STM32G471RET3, STM32G471RET6, STM32G471VCH6, STM32G471VCI6, STM32G471VCT6, STM32G471VEH3, STM32G471VEH6, STM32G471VEI3, STM32G471VEI6, STM32G471VET3, STM32G471VET6, STM32G474CCT6, STM32H503CBT6, STM32H503CBU6, STM32H503EBY6TR, STM32H503KBU6, STM32H503RBT6, STM32H523CCT6, STM32H523CCU6, STM32H523CET6, STM32H523CEU6, STM32H523HEY6TR, STM32H523RCT6, STM32H523RET6, STM32H523VCI6, STM32H523VCT6, STM32H523VEI6, STM32H523VET6, STM32H523ZCJ6, STM32H523ZCT6, STM32H523ZEJ6, STM32H523ZET6, STM32H533CET6, STM32H533CEU6, STM32H533HEY6TR, STM32H533RET6, STM32H533VEI6, STM32H533VET6, STM32H533ZEJ6, STM32H533ZET6, STM32H562AGI6, STM32H562AII6, STM32H562IGK6, STM32H562IGT6, STM32H562IIK6, STM32H562IIT6, STM32H562RGT6, STM32H562RGV6, STM32H562RIT6, STM32H562RIV6, STM32H562VGT6, STM32H562VIT6, STM32H562ZGT6, STM32H562ZIT6, STM32H563AGI6, STM32H563AII3Q, STM32H563AII6, STM32H563IGK6, STM32H563IGT6, STM32H563IIK3Q, STM32H563IIK6, STM32H563IIT3Q, STM32H563IIT6, STM32H563MIY3QTR, STM32H563RGT6, STM32H563RGV6, STM32H563RIT6, STM32H563RIV6, STM32H563VGT6, STM32H563VIT3Q, STM32H563VIT6, STM32H563ZGT6, STM32H563ZIT3Q, STM32H563ZIT6, STM32H573AII3Q, STM32H573AII6, STM32H573I-DK, STM32H573IIK3Q, STM32H573IIK6, STM32H573IIT3Q, STM32H573IIT6, STM32H573MIY3QTR, STM32H573RIT6, STM32H573RIV6, STM32H573VIT3Q, STM32H573VIT6, STM32H573ZIT3Q, STM32H573ZIT6, STM32H7R3A8I6, STM32H7R3I8K6, STM32H7R3I8T6, STM32H7R3L8H6, STM32H7R3L8H6H, STM32H7R3R8V6, STM32H7R3V8H6, STM32H7R3V8T6, STM32H7R3V8Y6, STM32H7R3Z8J6, STM32H7R3Z8T6, STM32H7R7A8I6, STM32H7R7I8K6, STM32H7R7I8T6, STM32H7R7L8H6, STM32H7R7L8H6H, STM32H7R7Z8J6, STM32H7S3A8I6, STM32H7S3I8K6, STM32H7S3I8T6, STM32H7S3L8H6, STM32H7S3L8H6H, STM32H7S3R8V6, STM32H7S3V8H6, STM32H7S3V8T6, STM32H7S3V8Y6, STM32H7S3Z8J6, STM32H7S3Z8T6, STM32H7S78-DK, STM32H7S7A8I6, STM32H7S7I8K6, STM32H7S7I8T6, STM32H7S7L8H6, STM32H7S7L8H6H, STM32H7S7Z8J6, STM32L4R5QGI6STR, STM32MP131AAE3, STM32MP131AAF3, STM32MP131AAG3, STM32MP131CAE3, STM32MP131CAF3, STM32MP131CAG3, STM32MP131DAE7, STM32MP131DAF7, STM32MP131DAG7, STM32MP131FAE7, STM32MP131FAF7, STM32MP131FAG7, STM32MP133AAE3, STM32MP133AAF3, STM32MP133AAG3, STM32MP133CAE3, STM32MP133CAF3, STM32MP133CAG3, STM32MP133DAE7, STM32MP133DAF7, STM32MP133DAG7, STM32MP133FAE7, STM32MP133FAF7, STM32MP133FAG7, STM32MP135AAE3, STM32MP135AAF3, STM32MP135AAG3, STM32MP135CAE3, STM32MP135CAF3, STM32MP135CAG3, STM32MP135DAE7, STM32MP135DAF7, STM32MP135DAG7, STM32MP135F-DK, STM32MP135FAE7, STM32MP135FAF7, STM32MP135FAF7T, STM32MP135FAF7U, STM32MP135FAG7, STM32U031C6T6, STM32U031C6U6, STM32U031C8T6, STM32U031C8U6, STM32U031F4P6, STM32U031F6P6, STM32U031F8P6, STM32U031G6Y6TR, STM32U031G8Y6TR, STM32U031K4U6, STM32U031K6U6, STM32U031K8U6, STM32U031R6I6, STM32U031R6T6, STM32U031R8I6, STM32U031R8T6, STM32U073C8T6, STM32U073C8U6, STM32U073CBT6, STM32U073CBU6, STM32U073CCT6, STM32U073CCU6, STM32U073H8Y6TR, STM32U073HBY6TR, STM32U073HCY6TR, STM32U073K8U6, STM32U073KBU6, STM32U073KCU6, STM32U073M8I6, STM32U073M8T6, STM32U073MBI6, STM32U073MBT6, STM32U073MCI6, STM32U073MCT6, STM32U073R8I6, STM32U073R8T6, STM32U073RBI6, STM32U073RBT6, STM32U073RCI6, STM32U073RCT6, STM32U083C-DK, STM32U083CCT6, STM32U083CCU6, STM32U083HCY6TR, STM32U083KCU6, STM32U083MCI6, STM32U083MCT6, STM32U083RCI6, STM32U083RCT6, STM32U535CBT6, STM32U535CBT6Q, STM32U535CBU6, STM32U535CBU6Q, STM32U535CCT6, STM32U535CCT6Q, STM32U535CCU6, STM32U535CCU6Q, STM32U535CET6, STM32U535CET6Q, STM32U535CEU6, STM32U535CEU6Q, STM32U535JEY6QTR, STM32U535NCY6QTR, STM32U535NEY6QTR, STM32U535RBI6, STM32U535RBI6Q, STM32U535RBT6, STM32U535RBT6Q, STM32U535RCI6, STM32U535RCI6Q, STM32U535RCT6, STM32U535RCT6Q, STM32U535REI6, STM32U535REI6Q, STM32U535RET6, STM32U535RET6Q, STM32U535VCI6, STM32U535VCI6Q, STM32U535VCT6, STM32U535VCT6Q, STM32U535VEI6, STM32U535VEI6Q, STM32U535VET6, STM32U535VET6Q, STM32U545CET6, STM32U545CET6Q, STM32U545CEU6, STM32U545CEU6Q, STM32U545JEY6QTR, STM32U545NEY6QTR, STM32U545REI6, STM32U545REI6Q, STM32U545RET6, STM32U545RET6Q, STM32U545VEI6, STM32U545VEI6Q, STM32U545VET6, STM32U545VET6Q, STM32U595AIH6, STM32U595AIH6Q, STM32U595AJH6, STM32U595AJH6Q, STM32U595QII6, STM32U595QII6Q, STM32U595QJI6, STM32U595QJI6Q, STM32U595RIT6, STM32U595RIT6Q, STM32U595RJT6, STM32U595RJT6Q, STM32U595VIT6, STM32U595VIT6Q, STM32U595VJT6, STM32U595VJT6Q, STM32U595ZIT6, STM32U595ZIT6Q, STM32U595ZIY6QTR, STM32U595ZJT6, STM32U595ZJT6Q, STM32U595ZJY6QTR, STM32U599BJY6QTR, STM32U599NIH6Q, STM32U599NJH6Q, STM32U599VIT6Q, STM32U599VJT6, STM32U599VJT6Q, STM32U599ZIT6Q, STM32U599ZIY6QTR, STM32U599ZJT6Q, STM32U599ZJY6QTR, STM32U5A5AJH6, STM32U5A5AJH6Q, STM32U5A5QII3Q , STM32U5A5QJI6, STM32U5A5QJI6Q, STM32U5A5RJT6, STM32U5A5RJT6Q, STM32U5A5VJT6, STM32U5A5VJT6Q, STM32U5A5ZJT6, STM32U5A5ZJT6Q, STM32U5A5ZJY6QTR, STM32U5A9BJY6QTR, STM32U5A9J-DK, STM32U5A9NJH6Q, STM32U5A9VJT6Q, STM32U5A9ZJT6Q, STM32U5A9ZJY6QTR, STM32U5F7VIT6, STM32U5F7VIT6Q, STM32U5F7VJT6, STM32U5F7VJT6Q, STM32U5F9BJY6QTR, STM32U5F9NJH6Q, STM32U5F9VIT6Q, STM32U5F9VJT6Q, STM32U5F9ZIJ6QTR, STM32U5F9ZIT6Q, STM32U5F9ZJJ6QTR, STM32U5F9ZJT6Q, STM32U5G7VJT6, STM32U5G7VJT6Q, STM32U5G9BJY6QTR, STM32U5G9J-DK1, STM32U5G9J-DK2, STM32U5G9NJH6Q, STM32U5G9VJT6Q, STM32U5G9ZJJ6QTR, STM32U5G9ZJT6Q, STM32WB1MMCH6, STM32WBA50KEU6, STM32WBA50KEU6TR, STM32WBA50KGU6, STM32WBA50KGU6TR, STM32WBA52CEU6, STM32WBA52CEU6TR, STM32WBA52CEU7, STM32WBA52CEU7TR, STM32WBA52CGU6, STM32WBA52CGU6TR, STM32WBA52CGU6U, STM32WBA52CGU7, STM32WBA52CGU7TR, STM32WBA52KEU6, STM32WBA52KEU6TR, STM32WBA52KGU6, STM32WBA52KGU6TR, STM32WBA54CEU6, STM32WBA54CEU6TR, STM32WBA54CEU7, STM32WBA54CEU7TR, STM32WBA54CGU6, STM32WBA54CGU6TR, STM32WBA54CGU7, STM32WBA54CGU7TR, STM32WBA54KEU6, STM32WBA54KEU6TR, STM32WBA54KEU7, STM32WBA54KEU7TR, STM32WBA54KGU6, STM32WBA54KGU6TR, STM32WBA54KGU7, STM32WBA54KGU7TR, STM32WBA55CEU6, STM32WBA55CEU6TR, STM32WBA55CEU7, STM32WBA55CEU7TR, STM32WBA55CGU6, STM32WBA55CGU6TR, STM32WBA55CGU6U, STM32WBA55CGU7, STM32WBA55CGU7TR, STM32WBA55G-DK1, STM32WBA55HEF6, STM32WBA55HEF7, STM32WBA55HGF6, STM32WBA55HGF7, STM32WBA55UEI6, STM32WBA55UEI6TR, STM32WBA55UEI7, STM32WBA55UEI7TR, STM32WBA55UGI6, STM32WBA55UGI6TR, STM32WBA55UGI7, STM32WBA55UGI7TR, STM32WL5MOCH6, STM32WL5MOCH6TR]
2024-08-20 18:53:05,563 [INFO] ApiDb:668 - CubeFinder database Data Model version=2.1
2024-08-20 18:53:05,564 [INFO] ApiDb:669 - CubeFinder database Configuration version=3.0.39
2024-08-20 18:53:05,564 [INFO] ApiDb:670 - CubeFinder database generation date=2024-06-20 (1718880634)
2024-08-20 18:53:05,564 [INFO] ApiDb:671 - CubeFinder database FW Pack versions=[FP-ATR-ASTRA1_V2.0.0, FP-SNS-FLIGHT1_V5.0.2, FP-SNS-MOTENV1_V5.0.0, FP-SNS-MOTENVWB1_V1.4.0, FP-SNS-SMARTAG2_V1.2.0, STM32Cube_FW_C0_V1.2.0, STM32Cube_FW_F4_V1.28.0, STM32Cube_FW_F7_V1.17.2, STM32Cube_FW_G0_V1.6.2, STM32Cube_FW_G4_V1.6.0, STM32Cube_FW_H5_V1.3.0, STM32Cube_FW_H7RS_V1.1.0, STM32Cube_FW_H7_V1.11.2, STM32Cube_FW_L0_V1.12.2, STM32Cube_FW_L5_V1.5.1, STM32Cube_FW_U0_V1.1.0, STM32Cube_FW_U5_V1.6.0, STM32Cube_FW_WB0_V1.0.0, STM32Cube_FW_WBA_V1.4.0, STM32Cube_FW_WB_V1.20.0, STM32Cube_FW_WL_V1.3.0, X-CUBE-ALGOBUILD_V1.4.0, X-CUBE-ALS_V1.0.2, X-CUBE-AZRTOS-F4_V1.1.0, X-CUBE-AZRTOS-F7_V1.1.0, X-CUBE-AZRTOS-G0_V1.1.0, X-CUBE-AZRTOS-G4_V2.0.0, X-CUBE-AZRTOS-H7RS_V1.0.0, X-CUBE-AZRTOS-H7_V3.2.0, X-CUBE-AZRTOS-L4_V2.0.0, X-CUBE-AZRTOS-L5_V1.1.0, X-CUBE-AZRTOS-WB_V2.0.0, X-CUBE-AZRTOS-WL_V2.0.0, X-CUBE-BLE1_V7.0.0, X-CUBE-BLE2_V3.3.0, X-CUBE-BLEMGR_V3.1.0, X-CUBE-EEPRMA1_V5.1.0, X-CUBE-FREERTOS_V1.2.0, X-CUBE-GNSS1_V6.0.0, X-CUBE-MEMS1_V10.0.0, X-CUBE-NFC4_V3.0.0, X-CUBE-NFC7_V1.0.1, X-CUBE-SFXS2LP1_V4.0.0, X-CUBE-SUBG2_V5.0.0, X-CUBE-TOF1_V3.4.1]
2024-08-20 18:53:07,009 [INFO] ApiDb:240 - Found 483 in-development CPN: [B-G473E-ZEST1S, B-WB1M-WPAN1, B-WL5M-SUBG1, NUCLEO-C031C6, NUCLEO-H503RB, NUCLEO-H533RE, NUCLEO-H563ZI, NUCLEO-H7S3L8, NUCLEO-U031R8, NUCLEO-U083RC, NUCLEO-U545RE-Q, NUCLEO-U5A5ZJ-Q, NUCLEO-WBA52CG, NUCLEO-WBA55CG, STEVAL-PROTEUS1, STEVAL-SMARTAG2, STEVAL-STWINBX1, STM320518-EVAL, STM32C0116-DK, STM32C011D6Y3TR, STM32C011D6Y6TR, STM32C011F4P3, STM32C011F4P6, STM32C011F4U3, STM32C011F4U6TR, STM32C011F6P3, STM32C011F6P6, STM32C011F6U3, STM32C011F6U6TR, STM32C011J4M3, STM32C011J4M6, STM32C011J6M3, STM32C011J6M6, STM32C0316-DK, STM32C031C4T3, STM32C031C4T6, STM32C031C4U3, STM32C031C4U6, STM32C031C6T3, STM32C031C6T6, STM32C031C6U3, STM32C031C6U6, STM32C031F4P3, STM32C031F4P6, STM32C031F6P3, STM32C031F6P6, STM32C031G4U3, STM32C031G4U6, STM32C031G6U3, STM32C031G6U6, STM32C031K4T3, STM32C031K4T6, STM32C031K4U3, STM32C031K4U6, STM32C031K6T3, STM32C031K6T6, STM32C031K6U3, STM32C031K6U6, STM32G071K8TXN, STM32G071K8UXN, STM32G081GBU6N, STM32G081KBT6N, STM32G081KBUXN, STM32G0B1CCT6N, STM32G0B1KCT6, STM32G0B1NEY6TR, STM32G0B1RCT6N, STM32G0C1CCT6, STM32G0C1CCT6N, STM32G0C1CCU6N, STM32G0C1CET6N, STM32G0C1CEU6N, STM32G0C1KCT6, STM32G0C1NEY6TR, STM32G0C1RCI6N, STM32G0C1RCT6N, STM32G0C1REI6N, STM32G0C1RET6N, STM32G0C1VCI6, STM32G0C1VEI6, STM32G471CCT6, STM32G471CCU6, STM32G471CET3, STM32G471CET6, STM32G471CEU3, STM32G471CEU6, STM32G471MCT6, STM32G471MET3, STM32G471MET6, STM32G471MEY6TR, STM32G471QCT6, STM32G471QET3, STM32G471RCT6, STM32G471RET3, STM32G471RET6, STM32G471VCH6, STM32G471VCI6, STM32G471VCT6, STM32G471VEH3, STM32G471VEH6, STM32G471VEI3, STM32G471VEI6, STM32G471VET3, STM32G471VET6, STM32G474CCT6, STM32H503CBT6, STM32H503CBU6, STM32H503EBY6TR, STM32H503KBU6, STM32H503RBT6, STM32H523CCT6, STM32H523CCU6, STM32H523CET6, STM32H523CEU6, STM32H523HEY6TR, STM32H523RCT6, STM32H523RET6, STM32H523VCI6, STM32H523VCT6, STM32H523VEI6, STM32H523VET6, STM32H523ZCJ6, STM32H523ZCT6, STM32H523ZEJ6, STM32H523ZET6, STM32H533CET6, STM32H533CEU6, STM32H533HEY6TR, STM32H533RET6, STM32H533VEI6, STM32H533VET6, STM32H533ZEJ6, STM32H533ZET6, STM32H562AGI6, STM32H562AII6, STM32H562IGK6, STM32H562IGT6, STM32H562IIK6, STM32H562IIT6, STM32H562RGT6, STM32H562RGV6, STM32H562RIT6, STM32H562RIV6, STM32H562VGT6, STM32H562VIT6, STM32H562ZGT6, STM32H562ZIT6, STM32H563AGI6, STM32H563AII3Q, STM32H563AII6, STM32H563IGK6, STM32H563IGT6, STM32H563IIK3Q, STM32H563IIK6, STM32H563IIT3Q, STM32H563IIT6, STM32H563MIY3QTR, STM32H563RGT6, STM32H563RGV6, STM32H563RIT6, STM32H563RIV6, STM32H563VGT6, STM32H563VIT3Q, STM32H563VIT6, STM32H563ZGT6, STM32H563ZIT3Q, STM32H563ZIT6, STM32H573AII3Q, STM32H573AII6, STM32H573I-DK, STM32H573IIK3Q, STM32H573IIK6, STM32H573IIT3Q, STM32H573IIT6, STM32H573MIY3QTR, STM32H573RIT6, STM32H573RIV6, STM32H573VIT3Q, STM32H573VIT6, STM32H573ZIT3Q, STM32H573ZIT6, STM32H7R3A8I6, STM32H7R3I8K6, STM32H7R3I8T6, STM32H7R3L8H6, STM32H7R3L8H6H, STM32H7R3R8V6, STM32H7R3V8H6, STM32H7R3V8T6, STM32H7R3V8Y6, STM32H7R3Z8J6, STM32H7R3Z8T6, STM32H7R7A8I6, STM32H7R7I8K6, STM32H7R7I8T6, STM32H7R7L8H6, STM32H7R7L8H6H, STM32H7R7Z8J6, STM32H7S3A8I6, STM32H7S3I8K6, STM32H7S3I8T6, STM32H7S3L8H6, STM32H7S3L8H6H, STM32H7S3R8V6, STM32H7S3V8H6, STM32H7S3V8T6, STM32H7S3V8Y6, STM32H7S3Z8J6, STM32H7S3Z8T6, STM32H7S78-DK, STM32H7S7A8I6, STM32H7S7I8K6, STM32H7S7I8T6, STM32H7S7L8H6, STM32H7S7L8H6H, STM32H7S7Z8J6, STM32L4R5QGI6STR, STM32MP131AAE3, STM32MP131AAF3, STM32MP131AAG3, STM32MP131CAE3, STM32MP131CAF3, STM32MP131CAG3, STM32MP131DAE7, STM32MP131DAF7, STM32MP131DAG7, STM32MP131FAE7, STM32MP131FAF7, STM32MP131FAG7, STM32MP133AAE3, STM32MP133AAF3, STM32MP133AAG3, STM32MP133CAE3, STM32MP133CAF3, STM32MP133CAG3, STM32MP133DAE7, STM32MP133DAF7, STM32MP133DAG7, STM32MP133FAE7, STM32MP133FAF7, STM32MP133FAG7, STM32MP135AAE3, STM32MP135AAF3, STM32MP135AAG3, STM32MP135CAE3, STM32MP135CAF3, STM32MP135CAG3, STM32MP135DAE7, STM32MP135DAF7, STM32MP135DAG7, STM32MP135F-DK, STM32MP135FAE7, STM32MP135FAF7, STM32MP135FAF7T, STM32MP135FAF7U, STM32MP135FAG7, STM32U031C6T6, STM32U031C6U6, STM32U031C8T6, STM32U031C8U6, STM32U031F4P6, STM32U031F6P6, STM32U031F8P6, STM32U031G6Y6TR, STM32U031G8Y6TR, STM32U031K4U6, STM32U031K6U6, STM32U031K8U6, STM32U031R6I6, STM32U031R6T6, STM32U031R8I6, STM32U031R8T6, STM32U073C8T6, STM32U073C8U6, STM32U073CBT6, STM32U073CBU6, STM32U073CCT6, STM32U073CCU6, STM32U073H8Y6TR, STM32U073HBY6TR, STM32U073HCY6TR, STM32U073K8U6, STM32U073KBU6, STM32U073KCU6, STM32U073M8I6, STM32U073M8T6, STM32U073MBI6, STM32U073MBT6, STM32U073MCI6, STM32U073MCT6, STM32U073R8I6, STM32U073R8T6, STM32U073RBI6, STM32U073RBT6, STM32U073RCI6, STM32U073RCT6, STM32U083C-DK, STM32U083CCT6, STM32U083CCU6, STM32U083HCY6TR, STM32U083KCU6, STM32U083MCI6, STM32U083MCT6, STM32U083RCI6, STM32U083RCT6, STM32U535CBT6, STM32U535CBT6Q, STM32U535CBU6, STM32U535CBU6Q, STM32U535CCT6, STM32U535CCT6Q, STM32U535CCU6, STM32U535CCU6Q, STM32U535CET6, STM32U535CET6Q, STM32U535CEU6, STM32U535CEU6Q, STM32U535JEY6QTR, STM32U535NCY6QTR, STM32U535NEY6QTR, STM32U535RBI6, STM32U535RBI6Q, STM32U535RBT6, STM32U535RBT6Q, STM32U535RCI6, STM32U535RCI6Q, STM32U535RCT6, STM32U535RCT6Q, STM32U535REI6, STM32U535REI6Q, STM32U535RET6, STM32U535RET6Q, STM32U535VCI6, STM32U535VCI6Q, STM32U535VCT6, STM32U535VCT6Q, STM32U535VEI6, STM32U535VEI6Q, STM32U535VET6, STM32U535VET6Q, STM32U545CET6, STM32U545CET6Q, STM32U545CEU6, STM32U545CEU6Q, STM32U545JEY6QTR, STM32U545NEY6QTR, STM32U545REI6, STM32U545REI6Q, STM32U545RET6, STM32U545RET6Q, STM32U545VEI6, STM32U545VEI6Q, STM32U545VET6, STM32U545VET6Q, STM32U595AIH6, STM32U595AIH6Q, STM32U595AJH6, STM32U595AJH6Q, STM32U595QII6, STM32U595QII6Q, STM32U595QJI6, STM32U595QJI6Q, STM32U595RIT6, STM32U595RIT6Q, STM32U595RJT6, STM32U595RJT6Q, STM32U595VIT6, STM32U595VIT6Q, STM32U595VJT6, STM32U595VJT6Q, STM32U595ZIT6, STM32U595ZIT6Q, STM32U595ZIY6QTR, STM32U595ZJT6, STM32U595ZJT6Q, STM32U595ZJY6QTR, STM32U599BJY6QTR, STM32U599NIH6Q, STM32U599NJH6Q, STM32U599VIT6Q, STM32U599VJT6, STM32U599VJT6Q, STM32U599ZIT6Q, STM32U599ZIY6QTR, STM32U599ZJT6Q, STM32U599ZJY6QTR, STM32U5A5AJH6, STM32U5A5AJH6Q, STM32U5A5QII3Q , STM32U5A5QJI6, STM32U5A5QJI6Q, STM32U5A5RJT6, STM32U5A5RJT6Q, STM32U5A5VJT6, STM32U5A5VJT6Q, STM32U5A5ZJT6, STM32U5A5ZJT6Q, STM32U5A5ZJY6QTR, STM32U5A9BJY6QTR, STM32U5A9J-DK, STM32U5A9NJH6Q, STM32U5A9VJT6Q, STM32U5A9ZJT6Q, STM32U5A9ZJY6QTR, STM32U5F7VIT6, STM32U5F7VIT6Q, STM32U5F7VJT6, STM32U5F7VJT6Q, STM32U5F9BJY6QTR, STM32U5F9NJH6Q, STM32U5F9VIT6Q, STM32U5F9VJT6Q, STM32U5F9ZIJ6QTR, STM32U5F9ZIT6Q, STM32U5F9ZJJ6QTR, STM32U5F9ZJT6Q, STM32U5G7VJT6, STM32U5G7VJT6Q, STM32U5G9BJY6QTR, STM32U5G9J-DK1, STM32U5G9J-DK2, STM32U5G9NJH6Q, STM32U5G9VJT6Q, STM32U5G9ZJJ6QTR, STM32U5G9ZJT6Q, STM32WB1MMCH6, STM32WBA50KEU6, STM32WBA50KEU6TR, STM32WBA50KGU6, STM32WBA50KGU6TR, STM32WBA52CEU6, STM32WBA52CEU6TR, STM32WBA52CEU7, STM32WBA52CEU7TR, STM32WBA52CGU6, STM32WBA52CGU6TR, STM32WBA52CGU6U, STM32WBA52CGU7, STM32WBA52CGU7TR, STM32WBA52KEU6, STM32WBA52KEU6TR, STM32WBA52KGU6, STM32WBA52KGU6TR, STM32WBA54CEU6, STM32WBA54CEU6TR, STM32WBA54CEU7, STM32WBA54CEU7TR, STM32WBA54CGU6, STM32WBA54CGU6TR, STM32WBA54CGU7, STM32WBA54CGU7TR, STM32WBA54KEU6, STM32WBA54KEU6TR, STM32WBA54KEU7, STM32WBA54KEU7TR, STM32WBA54KGU6, STM32WBA54KGU6TR, STM32WBA54KGU7, STM32WBA54KGU7TR, STM32WBA55CEU6, STM32WBA55CEU6TR, STM32WBA55CEU7, STM32WBA55CEU7TR, STM32WBA55CGU6, STM32WBA55CGU6TR, STM32WBA55CGU6U, STM32WBA55CGU7, STM32WBA55CGU7TR, STM32WBA55G-DK1, STM32WBA55HEF6, STM32WBA55HEF7, STM32WBA55HGF6, STM32WBA55HGF7, STM32WBA55UEI6, STM32WBA55UEI6TR, STM32WBA55UEI7, STM32WBA55UEI7TR, STM32WBA55UGI6, STM32WBA55UGI6TR, STM32WBA55UGI7, STM32WBA55UGI7TR, STM32WL5MOCH6, STM32WL5MOCH6TR]
2024-08-20 18:53:07,012 [INFO] DbMcus:218 - Found 4203 MCUs, 4203 are supported
2024-08-20 18:53:07,016 [INFO] ApiDb:423 - Load user favorites file C:\Users\king/.stm32cubeide/favorites.mcus.txt: 3 item(s)
2024-08-20 18:53:07,016 [INFO] ApiDb:427 - User favorites MCUs=[STM32F103C6T6A, STM32F103C8T6, STM32F407VET6]
2024-08-20 18:53:07,016 [INFO] DbMcus:224 - Set 3 / 3 favorites MCUs
2024-08-20 18:53:07,333 [INFO] BoardInfo:889 - No configuration file found for board P-NUCLEO-WB55
2024-08-20 18:53:07,334 [INFO] DbBoards:161 - Kit is not supported: P-NUCLEO-WB55
2024-08-20 18:53:07,337 [INFO] BoardInfo:889 - No configuration file found for board STEVAL-BFA001V1B
2024-08-20 18:53:07,337 [INFO] DbBoards:161 - Kit is not supported: STEVAL-BFA001V1B
2024-08-20 18:53:07,338 [INFO] BoardInfo:889 - No configuration file found for board STEVAL-BFA001V2B
2024-08-20 18:53:07,338 [INFO] DbBoards:161 - Kit is not supported: STEVAL-BFA001V2B
2024-08-20 18:53:07,427 [INFO] DbBoards:168 - Found 195 boards, 192 are supported
2024-08-20 18:53:07,428 [INFO] DbBoards:169 - Found 195 boards, 8 of them is supported for  Bsp
2024-08-20 18:53:07,430 [INFO] ApiDb:423 - Load user favorites file C:\Users\king/.stm32cubeide/favorites.boards.txt: 0 item(s)
2024-08-20 18:53:07,430 [INFO] ApiDb:427 - User favorites Boards=[]
2024-08-20 18:53:07,430 [INFO] DbBoards:198 - Set 0 / 0 favorites Boards
2024-08-20 18:53:07,470 [INFO] UtilMem:75 - End LoadConfig() Used Memory: 657263104 Bytes (1073741824)
2024-08-20 18:53:07,575 [WARN] ThirdParty:833 - waiting for thirdparty lock release [change project]
2024-08-20 18:53:07,576 [INFO] ThirdParty:835 - entering critical section [change project]
2024-08-20 18:53:07,576 [INFO] ThirdParty:1030 - CMSIS Pack Vendor :STMicroelectronics USBPD 4.1
2024-08-20 18:53:07,576 [INFO] ThirdParty:1030 - CMSIS Pack Vendor :STMicroelectronics X-CUBE-AZRTOS-H7 3.3.0
2024-08-20 18:53:07,576 [INFO] ThirdParty:1030 - CMSIS Pack Vendor :STMicroelectronics X-CUBE-GNSS1 6.0.0
2024-08-20 18:53:07,576 [INFO] ThirdParty:1030 - CMSIS Pack Vendor :STMicroelectronics USB_HOST 2.0.0
2024-08-20 18:53:07,576 [INFO] ThirdParty:1030 - CMSIS Pack Vendor :STMicroelectronics X-CUBE-AZRTOS-F4 1.1.0
2024-08-20 18:53:07,576 [INFO] ThirdParty:1030 - CMSIS Pack Vendor :STMicroelectronics LIBJPEG 8.0.0
2024-08-20 18:53:07,576 [INFO] ThirdParty:1030 - CMSIS Pack Vendor :STMicroelectronics X-CUBE-SMBUS 2.1.0
2024-08-20 18:53:07,576 [INFO] ThirdParty:1030 - CMSIS Pack Vendor :STMicroelectronics USB_DEVICE 3.0.0
2024-08-20 18:53:07,576 [INFO] ThirdParty:1030 - CMSIS Pack Vendor :STMicroelectronics X-CUBE-AZRTOS-WB 2.0.0
2024-08-20 18:53:07,576 [INFO] ThirdParty:1030 - CMSIS Pack Vendor :STMicroelectronics X-CUBE-TOUCHGFX 4.23.0
2024-08-20 18:53:07,576 [INFO] ThirdParty:1030 - CMSIS Pack Vendor :STMicroelectronics X-CUBE-TOUCHGFX 4.23.2
2024-08-20 18:53:07,576 [INFO] ThirdParty:1030 - CMSIS Pack Vendor :STMicroelectronics X-CUBE-AZRTOS-F7 1.1.0
2024-08-20 18:53:07,576 [INFO] ThirdParty:1030 - CMSIS Pack Vendor :STMicroelectronics X-CUBE-AZRTOS-L5 2.0.0
2024-08-20 18:53:07,576 [INFO] ThirdParty:1030 - CMSIS Pack Vendor :STMicroelectronics USB_DEVICE 2.0.0
2024-08-20 18:53:07,576 [INFO] ThirdParty:1030 - CMSIS Pack Vendor :ITTIA_DB I-CUBE-ITTIADB 8.8.0
2024-08-20 18:53:07,576 [INFO] ThirdParty:1030 - CMSIS Pack Vendor :STMicroelectronics FP-SNS-STBOX1 2.0.0
2024-08-20 18:53:07,576 [INFO] ThirdParty:1030 - CMSIS Pack Vendor :STMicroelectronics FP-SNS-MOTENV1 4.3.2
2024-08-20 18:53:07,576 [INFO] ThirdParty:1030 - CMSIS Pack Vendor :STMicroelectronics X-CUBE-ALGOBUILD 1.3.0
2024-08-20 18:53:07,576 [INFO] ThirdParty:1030 - CMSIS Pack Vendor :STMicroelectronics FreeRTOS 0.0.1
2024-08-20 18:53:07,576 [INFO] ThirdParty:1030 - CMSIS Pack Vendor :STMicroelectronics X-CUBE-AZRTOS-G0 1.1.0
2024-08-20 18:53:07,576 [INFO] ThirdParty:1030 - CMSIS Pack Vendor :STMicroelectronics X-CUBE-NFC4 3.0.0
2024-08-20 18:53:07,577 [INFO] ThirdParty:1030 - CMSIS Pack Vendor :STMicroelectronics X-CUBE-DPower 1.2.0
2024-08-20 18:53:07,577 [INFO] ThirdParty:1030 - CMSIS Pack Vendor :STMicroelectronics X-CUBE-SUBG2 5.0.0
2024-08-20 18:53:07,577 [INFO] ThirdParty:1030 - CMSIS Pack Vendor :STMicroelectronics STM32_WPAN 1.0.0
2024-08-20 18:53:07,577 [INFO] ThirdParty:1030 - CMSIS Pack Vendor :wolfSSL I-CUBE-wolfMQTT 1.18.0
2024-08-20 18:53:07,577 [INFO] ThirdParty:1030 - CMSIS Pack Vendor :EmbeddedOffice I-CUBE-FS-RTOS 1.0.1
2024-08-20 18:53:07,577 [INFO] ThirdParty:1030 - CMSIS Pack Vendor :STMicroelectronics lwIP 2.0.3
2024-08-20 18:53:07,577 [INFO] ThirdParty:1030 - CMSIS Pack Vendor :STMicroelectronics FP-SNS-FLIGHT1 5.0.2
2024-08-20 18:53:07,577 [INFO] ThirdParty:1030 - CMSIS Pack Vendor :STMicroelectronics USB_HOST 1.0.0
2024-08-20 18:53:07,577 [INFO] ThirdParty:1030 - CMSIS Pack Vendor :STMicroelectronics X-CUBE-AZRTOS-G4 2.0.0
2024-08-20 18:53:07,577 [INFO] ThirdParty:1030 - CMSIS Pack Vendor :STMicroelectronics PDM2PCM 3.1.0
2024-08-20 18:53:07,577 [INFO] ThirdParty:1030 - CMSIS Pack Vendor :STMicroelectronics X-CUBE-BLEMGR 3.0.0
2024-08-20 18:53:07,577 [INFO] ThirdParty:1030 - CMSIS Pack Vendor :STMicroelectronics PDM2PCM 3.3.0
2024-08-20 18:53:07,577 [INFO] ThirdParty:1030 - CMSIS Pack Vendor :STMicroelectronics X-CUBE-DISPLAY 3.0.0
2024-08-20 18:53:07,577 [INFO] ThirdParty:1030 - CMSIS Pack Vendor :RealThread X-CUBE-RT-Thread_Nano 4.1.1
2024-08-20 18:53:07,577 [INFO] ThirdParty:1030 - CMSIS Pack Vendor :STMicroelectronics FP-SNS-MOTENVWB1 1.3.1
2024-08-20 18:53:07,577 [INFO] ThirdParty:1030 - CMSIS Pack Vendor :STMicroelectronics X-CUBE-BLE1 7.0.0
2024-08-20 18:53:07,577 [INFO] ThirdParty:1030 - CMSIS Pack Vendor :STMicroelectronics FP-ATR-SIGFOX1 3.2.0
2024-08-20 18:53:07,577 [INFO] ThirdParty:1030 - CMSIS Pack Vendor :STMicroelectronics X-CUBE-ISPU 2.0.0
2024-08-20 18:53:07,577 [INFO] ThirdParty:1030 - CMSIS Pack Vendor :STMicroelectronics X-CUBE-EEPRMA1 5.1.0
2024-08-20 18:53:07,577 [INFO] ThirdParty:1030 - CMSIS Pack Vendor :STMicroelectronics HAL Drivers 0.0.0
2024-08-20 18:53:07,577 [INFO] ThirdParty:1030 - CMSIS Pack Vendor :STMicroelectronics MBEDTLS 2.16.2
2024-08-20 18:53:07,577 [INFO] ThirdParty:1030 - CMSIS Pack Vendor :STMicroelectronics X-CUBE-ALS 1.0.2
2024-08-20 18:53:07,577 [INFO] ThirdParty:1030 - CMSIS Pack Vendor :emotas I-CUBE-CANOPEN 1.3.0
2024-08-20 18:53:07,577 [INFO] ThirdParty:1030 - CMSIS Pack Vendor :STMicroelectronics X-CUBE-MEMS1 10.0.0
2024-08-20 18:53:07,577 [INFO] ThirdParty:1030 - CMSIS Pack Vendor :STMicroelectronics X-CUBE-FREERTOS 1.1.0
2024-08-20 18:53:07,577 [INFO] ThirdParty:1030 - CMSIS Pack Vendor :STMicroelectronics X-CUBE-NFC7 1.0.1
2024-08-20 18:53:07,577 [INFO] ThirdParty:1030 - CMSIS Pack Vendor :STMicroelectronics MBEDTLS 2.14.1
2024-08-20 18:53:07,577 [INFO] ThirdParty:1030 - CMSIS Pack Vendor :STMicroelectronics X-CUBE-TOUCHGFX 4.24.0
2024-08-20 18:53:07,577 [INFO] ThirdParty:1030 - CMSIS Pack Vendor :wolfSSL I-CUBE-wolfTPM 3.2.0
2024-08-20 18:53:07,577 [INFO] ThirdParty:1030 - CMSIS Pack Vendor :STMicroelectronics X-CUBE-NFC6 3.0.0
2024-08-20 18:53:07,577 [INFO] ThirdParty:1030 - CMSIS Pack Vendor :portGmbH I-Cube-SoM-uGOAL 1.1.0
2024-08-20 18:53:07,577 [INFO] ThirdParty:1030 - CMSIS Pack Vendor :STMicroelectronics X-CUBE-ALS 1.0.1
2024-08-20 18:53:07,577 [INFO] ThirdParty:1030 - CMSIS Pack Vendor :STMicroelectronics ThreadX 1.0.0
2024-08-20 18:53:07,577 [INFO] ThirdParty:1030 - CMSIS Pack Vendor :STMicroelectronics FP-SNS-SMARTAG2 1.2.0
2024-08-20 18:53:07,577 [INFO] ThirdParty:1030 - CMSIS Pack Vendor :STMicroelectronics X-CUBE-AZRTOS-WL 2.0.0
2024-08-20 18:53:07,577 [INFO] ThirdParty:1030 - CMSIS Pack Vendor :SEGGER I-CUBE-embOS 1.3.1
2024-08-20 18:53:07,577 [INFO] ThirdParty:1030 - CMSIS Pack Vendor :STMicroelectronics X-CUBE-ALGOBUILD 1.4.0
2024-08-20 18:53:07,578 [INFO] ThirdParty:1030 - CMSIS Pack Vendor :STMicroelectronics USB_DEVICE 1.0.0
2024-08-20 18:53:07,578 [INFO] ThirdParty:1030 - CMSIS Pack Vendor :STMicroelectronics X-CUBE-AI 8.1.0
2024-08-20 18:53:07,578 [INFO] ThirdParty:1030 - CMSIS Pack Vendor :wolfSSL I-CUBE-wolfMQTT 1.19.0
2024-08-20 18:53:07,578 [INFO] ThirdParty:1030 - CMSIS Pack Vendor :STMicroelectronics X-CUBE-AZRTOS-L4 2.0.0
2024-08-20 18:53:07,578 [INFO] ThirdParty:1030 - CMSIS Pack Vendor :STMicroelectronics ThreadX 0.0.2
2024-08-20 18:53:07,578 [INFO] ThirdParty:1030 - CMSIS Pack Vendor :STMicroelectronics FP-ATR-ASTRA1 2.0.0
2024-08-20 18:53:07,578 [INFO] ThirdParty:1030 - CMSIS Pack Vendor :STMicroelectronics lwIP 2.1.2
2024-08-20 18:53:07,578 [INFO] ThirdParty:1030 - CMSIS Pack Vendor :STMicroelectronics X-CUBE-SFXS2LP1 4.0.0
2024-08-20 18:53:07,578 [INFO] ThirdParty:1030 - CMSIS Pack Vendor :STMicroelectronics X-CUBE-BLE2 3.3.0
2024-08-20 18:53:07,578 [INFO] ThirdParty:1030 - CMSIS Pack Vendor :STMicroelectronics X-CUBE-TOF1 3.4.2
2024-08-20 18:53:07,578 [INFO] ThirdParty:1030 - CMSIS Pack Vendor :STMicroelectronics X-CUBE-TOF1 3.4.0
2024-08-20 18:53:07,578 [INFO] ThirdParty:1030 - CMSIS Pack Vendor :STMicroelectronics X-CUBE-TOF1 3.4.1
2024-08-20 18:53:07,578 [INFO] ThirdParty:1030 - CMSIS Pack Vendor :STMicroelectronics X-CUBE-AZRTOS-H7 3.2.0
2024-08-20 18:53:07,578 [INFO] ThirdParty:1030 - CMSIS Pack Vendor :STMicroelectronics PDM2PCM 3.2.0
2024-08-20 18:53:07,578 [INFO] ThirdParty:1030 - CMSIS Pack Vendor :wolfSSL I-CUBE-wolfSSH 1.4.17
2024-08-20 18:53:07,578 [INFO] ThirdParty:841 - exiting critical section [change project]
2024-08-20 18:53:07,761 [INFO] PinOutPanel:1561 - setPackage(No Configuration,No Configuration)
2024-08-20 18:53:07,762 [INFO] PinOutPanel:1561 - setPackage(STM32F103C8Tx,LQFP48)
2024-08-20 18:53:08,073 [INFO] UtilMem:75 - Before build in PCC Used Memory: 789381632 Bytes (1073741824)
2024-08-20 18:53:08,639 [INFO] UtilMem:75 - After build in PCC Used Memory: 864879104 Bytes (1073741824)
2024-08-20 18:53:08,654 [INFO] IPUIPlugin:80 - create IPUIPlugin
2024-08-20 18:53:08,654 [INFO] IPUIPlugin:80 - create IPUIPlugin
2024-08-20 18:53:08,654 [INFO] IPUIPlugin:80 - create IPUIPlugin
2024-08-20 18:53:08,654 [INFO] IPUIPlugin:80 - create IPUIPlugin
2024-08-20 18:53:08,655 [INFO] IPUIPlugin:80 - create IPUIPlugin
2024-08-20 18:53:08,655 [INFO] IPUIPlugin:80 - create IPUIPlugin
2024-08-20 18:53:08,655 [INFO] IPUIPlugin:80 - create IPUIPlugin
2024-08-20 18:53:08,655 [INFO] IPUIPlugin:80 - create IPUIPlugin
2024-08-20 18:53:08,655 [INFO] IPUIPlugin:80 - create IPUIPlugin
2024-08-20 18:53:08,655 [INFO] IPUIPlugin:80 - create IPUIPlugin
2024-08-20 18:53:08,655 [INFO] IPUIPlugin:80 - create IPUIPlugin
2024-08-20 18:53:08,655 [INFO] IPUIPlugin:80 - create IPUIPlugin
2024-08-20 18:53:08,655 [INFO] IPUIPlugin:80 - create IPUIPlugin
2024-08-20 18:53:08,655 [INFO] IPUIPlugin:80 - create IPUIPlugin
2024-08-20 18:53:08,656 [INFO] IPUIPlugin:80 - create IPUIPlugin
2024-08-20 18:53:08,656 [INFO] IPUIPlugin:80 - create IPUIPlugin
2024-08-20 18:53:08,656 [INFO] IPUIPlugin:80 - create IPUIPlugin
2024-08-20 18:53:08,656 [INFO] IPUIPlugin:80 - create IPUIPlugin
2024-08-20 18:53:08,656 [INFO] IPUIPlugin:80 - create IPUIPlugin
2024-08-20 18:53:08,656 [INFO] IPUIPlugin:80 - create IPUIPlugin
2024-08-20 18:53:08,656 [INFO] IPUIPlugin:80 - create IPUIPlugin
2024-08-20 18:53:08,657 [INFO] IPUIPlugin:80 - create IPUIPlugin
2024-08-20 18:53:08,657 [INFO] IPUIPlugin:80 - create IPUIPlugin
2024-08-20 18:53:08,657 [INFO] IPUIPlugin:80 - create IPUIPlugin
2024-08-20 18:53:08,657 [INFO] IPUIPlugin:80 - create IPUIPlugin
2024-08-20 18:53:08,657 [INFO] IPUIPlugin:80 - create IPUIPlugin
2024-08-20 18:53:08,657 [INFO] IPUIPlugin:80 - create IPUIPlugin
2024-08-20 18:53:08,662 [WARN] IP:2120 - I2C_Coeff_DF not found: check if there is a RefParameter without a condition.
2024-08-20 18:53:08,662 [WARN] IP:2120 - Analog_Filter not found: check if there is a RefParameter without a condition.
2024-08-20 18:53:08,789 [INFO] CADModel:165 - CPN selected for project levelSTM32F103C8T6
2024-08-20 18:53:08,789 [INFO] CADModel:114 - Register for checkConnection events
2024-08-20 18:53:08,825 [INFO] OpenFileManager:343 - Restore cursor
2024-08-20 18:53:08,934 [WARN] IP:2120 - I2C_Coeff_DF not found: check if there is a RefParameter without a condition.
2024-08-20 18:53:08,934 [WARN] IP:2120 - Analog_Filter not found: check if there is a RefParameter without a condition.
2024-08-20 18:53:08,934 [WARN] IP:2120 - I2C_Coeff_DF not found: check if there is a RefParameter without a condition.
2024-08-20 18:53:08,934 [WARN] IP:2120 - Analog_Filter not found: check if there is a RefParameter without a condition.
2024-08-20 18:53:18,904 [ERROR] ServerAccessManage:1172 - Problem during Server Connection :  IO error Connection timed out: no further information
2024-08-20 18:53:18,904 [ERROR] ServerAccessManage:651 - Problem during Server Connection :  : Cesanta.I-CUBE-Mongoose.pdsc.
2024-08-20 18:53:18,961 [WARN] PackLoader:240 - Cannot read IP mode file for STMicroelectronics.X-CUBE-MEMS1.11.0.0
2024-08-20 18:53:19,019 [WARN] PackLoader:240 - Cannot read IP mode file for Infineon.AIROC-Wi-Fi-Bluetooth-STM32.1.6.1
2024-08-20 18:53:19,020 [INFO] PopulateThirdPartyThread:66 - Ending populate Thread
2024-08-20 18:53:19,058 [INFO] ThirdPartyModel:298 - Start build external matchings
2024-08-20 18:53:19,084 [INFO] CheckServerUpdateThread:120 - End of CheckServer Thread
2024-08-20 18:53:19,373 [INFO] ThirdPartyModel:316 - End build external matchings
2024-08-20 18:53:19,381 [INFO] ThirdParty:1030 - CMSIS Pack Vendor :STMicroelectronics USBPD 4.1
2024-08-20 18:53:19,381 [INFO] ThirdParty:1030 - CMSIS Pack Vendor :STMicroelectronics X-CUBE-AZRTOS-H7 3.3.0
2024-08-20 18:53:19,381 [INFO] ThirdParty:1030 - CMSIS Pack Vendor :STMicroelectronics X-CUBE-GNSS1 6.0.0
2024-08-20 18:53:19,381 [INFO] ThirdParty:1030 - CMSIS Pack Vendor :STMicroelectronics USB_HOST 2.0.0
2024-08-20 18:53:19,381 [INFO] ThirdParty:1030 - CMSIS Pack Vendor :STMicroelectronics X-CUBE-AZRTOS-F4 1.1.0
2024-08-20 18:53:19,381 [INFO] ThirdParty:1030 - CMSIS Pack Vendor :STMicroelectronics LIBJPEG 8.0.0
2024-08-20 18:53:19,381 [INFO] ThirdParty:1030 - CMSIS Pack Vendor :STMicroelectronics X-CUBE-SMBUS 2.1.0
2024-08-20 18:53:19,381 [INFO] ThirdParty:1030 - CMSIS Pack Vendor :STMicroelectronics USB_DEVICE 3.0.0
2024-08-20 18:53:19,381 [INFO] ThirdParty:1030 - CMSIS Pack Vendor :STMicroelectronics X-CUBE-AZRTOS-WB 2.0.0
2024-08-20 18:53:19,381 [INFO] ThirdParty:1030 - CMSIS Pack Vendor :STMicroelectronics X-CUBE-TOUCHGFX 4.23.0
2024-08-20 18:53:19,381 [INFO] ThirdParty:1030 - CMSIS Pack Vendor :STMicroelectronics X-CUBE-TOUCHGFX 4.23.2
2024-08-20 18:53:19,381 [INFO] ThirdParty:1030 - CMSIS Pack Vendor :STMicroelectronics X-CUBE-AZRTOS-F7 1.1.0
2024-08-20 18:53:19,381 [INFO] ThirdParty:1030 - CMSIS Pack Vendor :STMicroelectronics X-CUBE-AZRTOS-L5 2.0.0
2024-08-20 18:53:19,381 [INFO] ThirdParty:1030 - CMSIS Pack Vendor :STMicroelectronics USB_DEVICE 2.0.0
2024-08-20 18:53:19,381 [INFO] ThirdParty:1030 - CMSIS Pack Vendor :ITTIA_DB I-CUBE-ITTIADB 8.8.0
2024-08-20 18:53:19,381 [INFO] ThirdParty:1030 - CMSIS Pack Vendor :STMicroelectronics FP-SNS-STBOX1 2.0.0
2024-08-20 18:53:19,381 [INFO] ThirdParty:1030 - CMSIS Pack Vendor :STMicroelectronics FP-SNS-MOTENV1 4.3.2
2024-08-20 18:53:19,381 [INFO] ThirdParty:1030 - CMSIS Pack Vendor :STMicroelectronics X-CUBE-ALGOBUILD 1.3.0
2024-08-20 18:53:19,381 [INFO] ThirdParty:1030 - CMSIS Pack Vendor :STMicroelectronics X-CUBE-MEMS1 11.0.0
2024-08-20 18:53:19,381 [INFO] ThirdParty:1030 - CMSIS Pack Vendor :STMicroelectronics FreeRTOS 0.0.1
2024-08-20 18:53:19,381 [INFO] ThirdParty:1030 - CMSIS Pack Vendor :STMicroelectronics X-CUBE-AZRTOS-G0 1.1.0
2024-08-20 18:53:19,381 [INFO] ThirdParty:1030 - CMSIS Pack Vendor :STMicroelectronics X-CUBE-NFC4 3.0.0
2024-08-20 18:53:19,381 [INFO] ThirdParty:1030 - CMSIS Pack Vendor :STMicroelectronics X-CUBE-DPower 1.2.0
2024-08-20 18:53:19,381 [INFO] ThirdParty:1030 - CMSIS Pack Vendor :STMicroelectronics X-CUBE-SUBG2 5.0.0
2024-08-20 18:53:19,381 [INFO] ThirdParty:1030 - CMSIS Pack Vendor :STMicroelectronics STM32_WPAN 1.0.0
2024-08-20 18:53:19,381 [INFO] ThirdParty:1030 - CMSIS Pack Vendor :wolfSSL I-CUBE-wolfMQTT 1.18.0
2024-08-20 18:53:19,381 [INFO] ThirdParty:1030 - CMSIS Pack Vendor :EmbeddedOffice I-CUBE-FS-RTOS 1.0.1
2024-08-20 18:53:19,381 [INFO] ThirdParty:1030 - CMSIS Pack Vendor :STMicroelectronics lwIP 2.0.3
2024-08-20 18:53:19,381 [INFO] ThirdParty:1030 - CMSIS Pack Vendor :STMicroelectronics FP-SNS-FLIGHT1 5.0.2
2024-08-20 18:53:19,382 [INFO] ThirdParty:1030 - CMSIS Pack Vendor :STMicroelectronics USB_HOST 1.0.0
2024-08-20 18:53:19,382 [INFO] ThirdParty:1030 - CMSIS Pack Vendor :STMicroelectronics X-CUBE-AZRTOS-G4 2.0.0
2024-08-20 18:53:19,382 [INFO] ThirdParty:1030 - CMSIS Pack Vendor :STMicroelectronics PDM2PCM 3.1.0
2024-08-20 18:53:19,382 [INFO] ThirdParty:1030 - CMSIS Pack Vendor :STMicroelectronics X-CUBE-BLEMGR 3.0.0
2024-08-20 18:53:19,382 [INFO] ThirdParty:1030 - CMSIS Pack Vendor :STMicroelectronics PDM2PCM 3.3.0
2024-08-20 18:53:19,382 [INFO] ThirdParty:1030 - CMSIS Pack Vendor :STMicroelectronics X-CUBE-DISPLAY 3.0.0
2024-08-20 18:53:19,382 [INFO] ThirdParty:1030 - CMSIS Pack Vendor :RealThread X-CUBE-RT-Thread_Nano 4.1.1
2024-08-20 18:53:19,382 [INFO] ThirdParty:1030 - CMSIS Pack Vendor :STMicroelectronics FP-SNS-MOTENVWB1 1.3.1
2024-08-20 18:53:19,382 [INFO] ThirdParty:1030 - CMSIS Pack Vendor :STMicroelectronics X-CUBE-BLE1 7.0.0
2024-08-20 18:53:19,382 [INFO] ThirdParty:1030 - CMSIS Pack Vendor :STMicroelectronics FP-ATR-SIGFOX1 3.2.0
2024-08-20 18:53:19,382 [INFO] ThirdParty:1030 - CMSIS Pack Vendor :STMicroelectronics X-CUBE-ISPU 2.0.0
2024-08-20 18:53:19,382 [INFO] ThirdParty:1030 - CMSIS Pack Vendor :STMicroelectronics X-CUBE-EEPRMA1 5.1.0
2024-08-20 18:53:19,382 [INFO] ThirdParty:1030 - CMSIS Pack Vendor :STMicroelectronics HAL Drivers 0.0.0
2024-08-20 18:53:19,382 [INFO] ThirdParty:1030 - CMSIS Pack Vendor :STMicroelectronics MBEDTLS 2.16.2
2024-08-20 18:53:19,382 [INFO] ThirdParty:1030 - CMSIS Pack Vendor :STMicroelectronics X-CUBE-ALS 1.0.2
2024-08-20 18:53:19,382 [INFO] ThirdParty:1030 - CMSIS Pack Vendor :emotas I-CUBE-CANOPEN 1.3.0
2024-08-20 18:53:19,382 [INFO] ThirdParty:1030 - CMSIS Pack Vendor :STMicroelectronics X-CUBE-MEMS1 10.0.0
2024-08-20 18:53:19,382 [INFO] ThirdParty:1030 - CMSIS Pack Vendor :STMicroelectronics X-CUBE-FREERTOS 1.1.0
2024-08-20 18:53:19,382 [INFO] ThirdParty:1030 - CMSIS Pack Vendor :STMicroelectronics X-CUBE-NFC7 1.0.1
2024-08-20 18:53:19,382 [INFO] ThirdParty:1030 - CMSIS Pack Vendor :STMicroelectronics MBEDTLS 2.14.1
2024-08-20 18:53:19,382 [INFO] ThirdParty:1030 - CMSIS Pack Vendor :STMicroelectronics X-CUBE-TOUCHGFX 4.24.0
2024-08-20 18:53:19,382 [INFO] ThirdParty:1030 - CMSIS Pack Vendor :wolfSSL I-CUBE-wolfTPM 3.2.0
2024-08-20 18:53:19,382 [INFO] ThirdParty:1030 - CMSIS Pack Vendor :STMicroelectronics X-CUBE-NFC6 3.0.0
2024-08-20 18:53:19,382 [INFO] ThirdParty:1030 - CMSIS Pack Vendor :portGmbH I-Cube-SoM-uGOAL 1.1.0
2024-08-20 18:53:19,382 [INFO] ThirdParty:1030 - CMSIS Pack Vendor :STMicroelectronics X-CUBE-ALS 1.0.1
2024-08-20 18:53:19,382 [INFO] ThirdParty:1030 - CMSIS Pack Vendor :STMicroelectronics ThreadX 1.0.0
2024-08-20 18:53:19,382 [INFO] ThirdParty:1030 - CMSIS Pack Vendor :STMicroelectronics FP-SNS-SMARTAG2 1.2.0
2024-08-20 18:53:19,382 [INFO] ThirdParty:1030 - CMSIS Pack Vendor :STMicroelectronics X-CUBE-AZRTOS-WL 2.0.0
2024-08-20 18:53:19,382 [INFO] ThirdParty:1030 - CMSIS Pack Vendor :SEGGER I-CUBE-embOS 1.3.1
2024-08-20 18:53:19,382 [INFO] ThirdParty:1030 - CMSIS Pack Vendor :STMicroelectronics X-CUBE-ALGOBUILD 1.4.0
2024-08-20 18:53:19,382 [INFO] ThirdParty:1030 - CMSIS Pack Vendor :STMicroelectronics USB_DEVICE 1.0.0
2024-08-20 18:53:19,382 [INFO] ThirdParty:1030 - CMSIS Pack Vendor :STMicroelectronics X-CUBE-AI 8.1.0
2024-08-20 18:53:19,382 [INFO] ThirdParty:1030 - CMSIS Pack Vendor :wolfSSL I-CUBE-wolfMQTT 1.19.0
2024-08-20 18:53:19,382 [INFO] ThirdParty:1030 - CMSIS Pack Vendor :STMicroelectronics X-CUBE-AZRTOS-L4 2.0.0
2024-08-20 18:53:19,382 [INFO] ThirdParty:1030 - CMSIS Pack Vendor :STMicroelectronics ThreadX 0.0.2
2024-08-20 18:53:19,382 [INFO] ThirdParty:1030 - CMSIS Pack Vendor :STMicroelectronics FP-ATR-ASTRA1 2.0.0
2024-08-20 18:53:19,382 [INFO] ThirdParty:1030 - CMSIS Pack Vendor :STMicroelectronics lwIP 2.1.2
2024-08-20 18:53:19,382 [INFO] ThirdParty:1030 - CMSIS Pack Vendor :STMicroelectronics X-CUBE-SFXS2LP1 4.0.0
2024-08-20 18:53:19,382 [INFO] ThirdParty:1030 - CMSIS Pack Vendor :STMicroelectronics X-CUBE-BLE2 3.3.0
2024-08-20 18:53:19,382 [INFO] ThirdParty:1030 - CMSIS Pack Vendor :STMicroelectronics X-CUBE-TOF1 3.4.2
2024-08-20 18:53:19,382 [INFO] ThirdParty:1030 - CMSIS Pack Vendor :STMicroelectronics X-CUBE-TOF1 3.4.0
2024-08-20 18:53:19,382 [INFO] ThirdParty:1030 - CMSIS Pack Vendor :Infineon AIROC-Wi-Fi-Bluetooth-STM32 1.6.1
2024-08-20 18:53:19,382 [INFO] ThirdParty:1030 - CMSIS Pack Vendor :STMicroelectronics X-CUBE-TOF1 3.4.1
2024-08-20 18:53:19,382 [INFO] ThirdParty:1030 - CMSIS Pack Vendor :STMicroelectronics X-CUBE-AZRTOS-H7 3.2.0
2024-08-20 18:53:19,383 [INFO] ThirdParty:1030 - CMSIS Pack Vendor :STMicroelectronics PDM2PCM 3.2.0
2024-08-20 18:53:19,383 [INFO] ThirdParty:1030 - CMSIS Pack Vendor :wolfSSL I-CUBE-wolfSSH 1.4.17
2024-08-20 18:53:19,383 [INFO] ThirdPartyModel:298 - Start build external matchings
2024-08-20 18:53:19,690 [INFO] ThirdPartyModel:316 - End build external matchings
2024-08-20 18:53:19,695 [INFO] LoadServerUpdatesThread:375 - End of LoadServerUpdate Thread
2024-08-20 21:21:23,354 [INFO] DmaTabbedPanel:205 - Cannot restore the selected Tab for DMA
2024-08-20 21:21:23,882 [INFO] Gpio:277 - dependency for GPIO [I2C1, RCC, SYS, TIM2]
