2024-05-31 11:45:10,740 [INFO] Activator:176 - 


2024-05-31 11:45:10,745 [INFO] Activator:177 - !SESSION log4j initialized
2024-05-31 11:45:14,085 [INFO] LogOutputStream:77 - [STDOUT_REDIRECT] Error:  Could not parse XML contribution for "com.st.stm32cube.ide.mcu.linkerdb/". Any contributed extensions and extension points will be ignored.
2024-05-31 11:45:14,095 [INFO] LogOutputStream:77 - [STDOUT_REDIRECT] Error:  Could not parse XML contribution for "com.st.stm32cube.ide.mpu.productdb.debug/". Any contributed extensions and extension points will be ignored.
2024-05-31 11:45:14,107 [INFO] LogOutputStream:77 - [STDOUT_REDIRECT] Error:  Could not parse XML contribution for "com.st.stm32cube.ide.mcu.productdb/". Any contributed extensions and extension points will be ignored.
2024-05-31 11:45:14,125 [INFO] LogOutputStream:77 - [STDOUT_REDIRECT] Error:  Could not parse XML contribution for "com.st.stm32cube.ide.common.services/". Any contributed extensions and extension points will be ignored.
2024-05-31 11:45:14,128 [INFO] LogOutputStream:77 - [STDOUT_REDIRECT] Error:  Could not parse XML contribution for "com.st.stm32cube.ide.mcu.productdb.debug/". Any contributed extensions and extension points will be ignored.
2024-05-31 11:45:14,132 [INFO] LogOutputStream:77 - [STDOUT_REDIRECT] Error:  Could not parse XML contribution for "com.st.stm32cube.ide.mpu.resources.common/". Any contributed extensions and extension points will be ignored.
2024-05-31 11:45:14,147 [INFO] LogOutputStream:77 - [STDOUT_REDIRECT] Error:  Could not parse XML contribution for "com.st.stm32cube.ide.common.services.mx/". Any contributed extensions and extension points will be ignored.
2024-05-31 11:45:14,155 [INFO] LogOutputStream:77 - [STDOUT_REDIRECT] Error:  Could not parse XML contribution for "com.st.stm32cube.ide.mpu.resources.extended/". Any contributed extensions and extension points will be ignored.
2024-05-31 11:45:14,178 [INFO] LogOutputStream:77 - [STDOUT_REDIRECT] Error:  Could not parse XML contribution for "com.st.stm32cube.ide.mpu.startup/". Any contributed extensions and extension points will be ignored.
2024-05-31 11:45:14,184 [INFO] LogOutputStream:77 - [STDOUT_REDIRECT] Error:  Could not parse XML contribution for "com.st.stm32cube.ide.documentation/". Any contributed extensions and extension points will be ignored.
2024-05-31 11:45:14,192 [INFO] LogOutputStream:77 - [STDOUT_REDIRECT] Error:  Could not parse XML contribution for "com.st.stm32cube.ide.mcu.resources.common/". Any contributed extensions and extension points will be ignored.
2024-05-31 11:45:14,216 [INFO] LogOutputStream:77 - [STDOUT_REDIRECT] Error:  Could not parse XML contribution for "com.st.stm32cube.ide.mcu.resources.extended/". Any contributed extensions and extension points will be ignored.
2024-05-31 11:45:14,241 [INFO] LogOutputStream:77 - [STDOUT_REDIRECT] Error:  Could not parse XML contribution for "com.st.stm32cube.ide.mpu.debug.openocd/". Any contributed extensions and extension points will be ignored.
2024-05-31 11:45:14,261 [INFO] LogOutputStream:77 - [STDOUT_REDIRECT] Error:  Could not parse XML contribution for "com.st.stm32cube.ide.mpu.linker/". Any contributed extensions and extension points will be ignored.
2024-05-31 11:45:14,270 [INFO] LogOutputStream:77 - [STDOUT_REDIRECT] Error:  Could not parse XML contribution for "com.st.stm32cube.ide.mcu.ide/". Any contributed extensions and extension points will be ignored.
2024-05-31 11:45:14,273 [INFO] LogOutputStream:77 - [STDOUT_REDIRECT] Error:  Could not parse XML contribution for "com.st.stm32cube.ide.mpu.linkerdb/". Any contributed extensions and extension points will be ignored.
2024-05-31 11:45:14,298 [INFO] LogOutputStream:77 - [STDOUT_REDIRECT] Error:  Could not parse XML contribution for "com.st.stm32cube.ide.mcu.linker/". Any contributed extensions and extension points will be ignored.
2024-05-31 11:45:14,340 [INFO] LogOutputStream:77 - [STDOUT_REDIRECT] Error:  Could not parse XML contribution for "com.st.stm32cube.ide.mcu.externaltools.openocd.win32/". Any contributed extensions and extension points will be ignored.
2024-05-31 11:45:14,374 [INFO] LogOutputStream:77 - [STDOUT_REDIRECT] Error:  Could not parse XML contribution for "com.st.stm32cube.ide.mcu.externaltools.rtosproxy.win32/". Any contributed extensions and extension points will be ignored.
2024-05-31 11:45:14,380 [INFO] LogOutputStream:77 - [STDOUT_REDIRECT] Error:  Could not parse XML contribution for "com.st.stm32cube.ide.mcu.externaltools.gnu-tools-for-stm32.12.3.rel1.win32/". Any contributed extensions and extension points will be ignored.
2024-05-31 11:45:14,410 [INFO] LogOutputStream:77 - [STDOUT_REDIRECT] Error:  Could not parse XML contribution for "com.st.stm32cube.ide.mcu.externaltools.stlink-gdb-server.win32/". Any contributed extensions and extension points will be ignored.
2024-05-31 11:45:14,471 [INFO] LogOutputStream:77 - [STDOUT_REDIRECT] Error:  Could not parse XML contribution for "com.st.stm32cube.ide.mcu.externaltools.make.win32/". Any contributed extensions and extension points will be ignored.
2024-05-31 11:45:14,519 [INFO] LogOutputStream:77 - [STDOUT_REDIRECT] Error:  Could not parse XML contribution for "com.st.stm32cube.ide.mcu.externaltools.cubeprogrammer.win32/". Any contributed extensions and extension points will be ignored.
2024-05-31 11:45:15,963 [INFO] LogOutputStream:77 - [STDOUT_REDIRECT] 
2024-05-31 11:45:18,039 [INFO] ApplicationProperties:184 - Using Application install path: I:\software\STM32CubeIDE_1.15.1\STM32CubeIDE\plugins\com.st.stm32cube.common.mx_6.11.1.202404110753
2024-05-31 11:45:18,052 [INFO] DbMcusXml:78 - Set database path to: I:\software\STM32CubeIDE_1.15.1\STM32CubeIDE\plugins\com.st.stm32cube.common.mx_6.11.1.202404110753\\db\/mcu/
2024-05-31 11:45:18,052 [INFO] ApiDb:274 - Set plugin database path to: I:\software\STM32CubeIDE_1.15.1\STM32CubeIDE\plugins\com.st.stm32cube.common.mx_6.11.1.202404110753\\db\/plugins/boardmanager/
2024-05-31 11:45:18,052 [WARN] ApiDb:259 - Overriding images path with different value:  => I:\software\STM32CubeIDE_1.15.1\STM32CubeIDE\plugins\com.st.stm32cube.common.mx_6.11.1.202404110753\\db\/plugins/mcufinder/images/
2024-05-31 11:45:18,063 [INFO] ApiDb:250 - Set database path to: C:\Users\king\.stmcufinder\plugins\mcufinder//mcu/
2024-05-31 11:45:18,064 [INFO] DbMcusAds:125 - Set database path to: C:\Users\king\.stmcufinder\plugins\mcufinder//mcu/
2024-05-31 11:45:18,066 [INFO] CrossReferenceDbSqlite:203 - Set database path to: C:\Users\king\.stmcufinder\plugins\mcufinder//mcu/cs/
2024-05-31 11:45:18,148 [INFO] RulesReader:64 - Compatibility file has been processed (297 Rules)
2024-05-31 11:45:18,255 [INFO] DbMcusXml:78 - Set database path to: I:\software\STM32CubeIDE_1.15.1\STM32CubeIDE\plugins\com.st.stm32cube.common.mx_6.11.1.202404110753\\db\/mcu/
2024-05-31 11:45:18,255 [INFO] ApiDb:274 - Set plugin database path to: I:\software\STM32CubeIDE_1.15.1\STM32CubeIDE\plugins\com.st.stm32cube.common.mx_6.11.1.202404110753\\db\/plugins/boardmanager/
2024-05-31 11:45:18,255 [INFO] ApiDb:261 - Set plugin images path to: I:\software\STM32CubeIDE_1.15.1\STM32CubeIDE\plugins\com.st.stm32cube.common.mx_6.11.1.202404110753\\db\/plugins/mcufinder/images/
2024-05-31 11:45:18,256 [WARN] DbFile:41 - Overriding database path with different value: C:\Users\king\.stmcufinder\plugins\mcufinder/ => C:\Users\king\.stmcufinder\plugins\mcufinder
2024-05-31 11:45:18,256 [INFO] ApiDb:250 - Set database path to: C:\Users\king\.stmcufinder\plugins\mcufinder//mcu/
2024-05-31 11:45:18,256 [WARN] DbFile:41 - Overriding database path with different value: C:\Users\king\.stmcufinder\plugins\mcufinder/ => C:\Users\king\.stmcufinder\plugins\mcufinder
2024-05-31 11:45:18,256 [INFO] DbMcusAds:125 - Set database path to: C:\Users\king\.stmcufinder\plugins\mcufinder//mcu/
2024-05-31 11:45:18,256 [WARN] DbFile:41 - Overriding database path with different value: C:\Users\king\.stmcufinder\plugins\mcufinder/ => C:\Users\king\.stmcufinder\plugins\mcufinder
2024-05-31 11:45:18,256 [WARN] DbFile:41 - Overriding database path with different value: C:\Users\king\.stmcufinder\plugins\mcufinder/ => C:\Users\king\.stmcufinder\plugins\mcufinder
2024-05-31 11:45:18,257 [INFO] CrossReferenceDbSqlite:203 - Set database path to: C:\Users\king\.stmcufinder\plugins\mcufinder//mcu/cs/
2024-05-31 11:45:18,345 [INFO] MainPanel:264 - HeapMemory: 268435456
2024-05-31 11:45:18,414 [INFO] DbMcusXml:78 - Set database path to: I:\software\STM32CubeIDE_1.15.1\STM32CubeIDE\plugins\com.st.stm32cube.common.mx_6.11.1.202404110753\\db\/mcu/
2024-05-31 11:45:18,414 [INFO] ApiDb:274 - Set plugin database path to: I:\software\STM32CubeIDE_1.15.1\STM32CubeIDE\plugins\com.st.stm32cube.common.mx_6.11.1.202404110753\\db\/plugins/boardmanager/
2024-05-31 11:45:18,414 [INFO] ApiDb:261 - Set plugin images path to: I:\software\STM32CubeIDE_1.15.1\STM32CubeIDE\plugins\com.st.stm32cube.common.mx_6.11.1.202404110753\\db\/plugins/mcufinder/images/
2024-05-31 11:45:18,414 [WARN] DbFile:41 - Overriding database path with different value: C:\Users\king\.stmcufinder\plugins\mcufinder/ => C:\Users\king\.stmcufinder\plugins\mcufinder
2024-05-31 11:45:18,414 [INFO] ApiDb:250 - Set database path to: C:\Users\king\.stmcufinder\plugins\mcufinder//mcu/
2024-05-31 11:45:18,414 [WARN] DbFile:41 - Overriding database path with different value: C:\Users\king\.stmcufinder\plugins\mcufinder/ => C:\Users\king\.stmcufinder\plugins\mcufinder
2024-05-31 11:45:18,414 [INFO] DbMcusAds:125 - Set database path to: C:\Users\king\.stmcufinder\plugins\mcufinder//mcu/
2024-05-31 11:45:18,414 [WARN] DbFile:41 - Overriding database path with different value: C:\Users\king\.stmcufinder\plugins\mcufinder/ => C:\Users\king\.stmcufinder\plugins\mcufinder
2024-05-31 11:45:18,414 [WARN] DbFile:41 - Overriding database path with different value: C:\Users\king\.stmcufinder\plugins\mcufinder/ => C:\Users\king\.stmcufinder\plugins\mcufinder
2024-05-31 11:45:18,415 [INFO] CrossReferenceDbSqlite:203 - Set database path to: C:\Users\king\.stmcufinder\plugins\mcufinder//mcu/cs/
2024-05-31 11:45:18,437 [INFO] ApplicationProperties:184 - Using Application install path: I:\software\STM32CubeIDE_1.15.1\STM32CubeIDE\plugins\com.st.stm32cube.common.mx_6.11.1.202404110753
2024-05-31 11:45:18,438 [INFO] PluginManage:196 - Search for loadable plugins [exclusion list=, ]
2024-05-31 11:45:18,439 [INFO] PluginManage:310 - Check plugin analytics
2024-05-31 11:45:18,579 [INFO] AnalyticsPlugin:253 - Accepted Software Licenses: STM32CubeMX.6.8.1,STM32CubeMX.6.10.0
2024-05-31 11:45:18,579 [INFO] AnalyticsPlugin:255 - Accepted CMSIS Pack Licenses: 
2024-05-31 11:45:18,579 [INFO] AnalyticsPlugin:257 - Accepted Firmware Licenses: FW.F4.1.28.0
2024-05-31 11:45:18,581 [INFO] PluginManage:359 - Loaded plugin analytics (category:tool,tabindex:-1)
2024-05-31 11:45:18,581 [INFO] PluginManage:310 - Check plugin cadmodel
2024-05-31 11:45:18,593 [INFO] CADModel:105 - Init CAD model plugin
2024-05-31 11:45:18,593 [INFO] PluginManage:359 - Loaded plugin cadmodel (category:power,tabindex:5)
2024-05-31 11:45:18,593 [INFO] PluginManage:310 - Check plugin clock
2024-05-31 11:45:18,608 [INFO] PluginManage:359 - Loaded plugin clock (category:base,tabindex:2)
2024-05-31 11:45:18,608 [INFO] PluginManage:310 - Check plugin ddr
2024-05-31 11:45:18,610 [INFO] PluginManage:359 - Loaded plugin ddr (category:tool,tabindex:6)
2024-05-31 11:45:18,610 [INFO] PluginManage:310 - Check plugin filemanager
2024-05-31 11:45:18,716 [INFO] PluginManage:359 - Loaded plugin filemanager (category:base,tabindex:10)
2024-05-31 11:45:18,716 [INFO] PluginManage:310 - Check plugin ipmanager
2024-05-31 11:45:18,725 [INFO] PluginManage:359 - Loaded plugin ipmanager (category:base,tabindex:5)
2024-05-31 11:45:18,725 [INFO] PluginManage:310 - Check plugin lpbam
2024-05-31 11:45:18,738 [INFO] PluginManage:359 - Loaded plugin lpbam (category:base,tabindex:0)
2024-05-31 11:45:18,738 [INFO] PluginManage:310 - Check plugin memorymap
2024-05-31 11:45:18,755 [INFO] PluginManage:359 - Loaded plugin memorymap (category:base,tabindex:4)
2024-05-31 11:45:18,755 [INFO] PluginManage:310 - Check plugin pinoutandconfiguration
2024-05-31 11:45:18,768 [INFO] PluginManage:359 - Loaded plugin pinoutandconfiguration (category:base,tabindex:1)
2024-05-31 11:45:18,768 [INFO] PluginManage:310 - Check plugin pinoutconfig
2024-05-31 11:45:18,839 [WARN] SupportedApi:132 - Cannot load RTOS API schema: s4s-elt-must-match.1: The content of 'definitions' must match (annotation?, (simpleType | complexType)?, (unique | key | keyref)*)). A problem was found starting at: attribute.
2024-05-31 11:45:18,937 [INFO] PluginManage:359 - Loaded plugin pinoutconfig (category:base,tabindex:0)
2024-05-31 11:45:18,937 [INFO] PluginManage:310 - Check plugin power
2024-05-31 11:45:18,952 [INFO] PluginManage:359 - Loaded plugin power (category:power,tabindex:4)
2024-05-31 11:45:18,952 [INFO] PluginManage:310 - Check plugin projectmanager
2024-05-31 11:45:18,965 [INFO] PluginManage:359 - Loaded plugin projectmanager (category:projectmanager,tabindex:3)
2024-05-31 11:45:18,965 [INFO] PluginManage:310 - Check plugin thirdparty
2024-05-31 11:45:19,160 [INFO] PluginManage:359 - Loaded plugin thirdparty (category:base,tabindex:-1)
2024-05-31 11:45:19,160 [INFO] PluginManage:310 - Check plugin tools
2024-05-31 11:45:19,160 [WARN] IntegrityCheckThread:84 - waiting for thirdparty lock release [integrity check]
2024-05-31 11:45:19,160 [INFO] IntegrityCheckThread:86 - entering critical section [integrity check]
2024-05-31 11:45:19,160 [INFO] ThirdPartyUpdaterWithRetryManager:70 - Updater plugin not ready yet. [1/15]
2024-05-31 11:45:19,186 [INFO] PluginManage:359 - Loaded plugin tools (category:base,tabindex:7)
2024-05-31 11:45:19,186 [INFO] PluginManage:310 - Check plugin tutovideos
2024-05-31 11:45:19,328 [INFO] PluginManage:359 - Loaded plugin tutovideos (category:base,tabindex:-1)
2024-05-31 11:45:19,328 [INFO] PluginManage:310 - Check plugin updater
2024-05-31 11:45:19,335 [INFO] PluginManage:359 - Loaded plugin updater (category:base,tabindex:12)
2024-05-31 11:45:19,335 [INFO] PluginManage:310 - Check plugin userauth
2024-05-31 11:45:19,339 [INFO] UserAuth:114 - Init User Auth plugin
2024-05-31 11:45:19,339 [INFO] PluginManage:359 - Loaded plugin userauth (category:base,tabindex:14)
2024-05-31 11:45:19,339 [INFO] PluginManage:283 - PluginManage : Loaded plugins [17]
2024-05-31 11:45:19,556 [INFO] PinOutPanel:1561 - setPackage(No Configuration,No Configuration)
2024-05-31 11:45:19,662 [INFO] CADModel:165 - CPN selected for project level
2024-05-31 11:45:19,662 [INFO] CADModel:114 - Register for checkConnection events
2024-05-31 11:45:19,681 [INFO] IPUIPlugin:80 - create IPUIPlugin
2024-05-31 11:45:19,681 [INFO] PluginManager:220 - loadIPPluginJar : add adc
2024-05-31 11:45:19,707 [INFO] IPUIPlugin:80 - create IPUIPlugin
2024-05-31 11:45:19,707 [INFO] PluginManager:220 - loadIPPluginJar : add aes
2024-05-31 11:45:19,735 [INFO] IPUIPlugin:80 - create IPUIPlugin
2024-05-31 11:45:19,735 [INFO] PluginManager:220 - loadIPPluginJar : add can
2024-05-31 11:45:19,750 [INFO] IPUIPlugin:80 - create IPUIPlugin
2024-05-31 11:45:19,751 [INFO] PluginManager:220 - loadIPPluginJar : add comp
2024-05-31 11:45:19,772 [INFO] IPUIPlugin:80 - create IPUIPlugin
2024-05-31 11:45:19,772 [INFO] PluginManager:220 - loadIPPluginJar : add cryp
2024-05-31 11:45:19,792 [INFO] IPUIPlugin:80 - create IPUIPlugin
2024-05-31 11:45:19,792 [INFO] PluginManager:220 - loadIPPluginJar : add dfsdm
2024-05-31 11:45:19,803 [INFO] IPUIPlugin:80 - create IPUIPlugin
2024-05-31 11:45:19,803 [INFO] PluginManager:220 - loadIPPluginJar : add dma
2024-05-31 11:45:19,831 [INFO] IPUIPlugin:80 - create IPUIPlugin
2024-05-31 11:45:19,831 [INFO] PluginManager:220 - loadIPPluginJar : add dma3
2024-05-31 11:45:19,861 [INFO] IPUIPlugin:80 - create IPUIPlugin
2024-05-31 11:45:19,861 [INFO] PluginManager:220 - loadIPPluginJar : add extmemmanager
2024-05-31 11:45:19,875 [INFO] IPUIPlugin:80 - create IPUIPlugin
2024-05-31 11:45:19,875 [INFO] PluginManager:220 - loadIPPluginJar : add fatfs
2024-05-31 11:45:19,908 [INFO] IPUIPlugin:80 - create IPUIPlugin
2024-05-31 11:45:19,908 [INFO] PluginManager:220 - loadIPPluginJar : add fmc
2024-05-31 11:45:19,919 [INFO] IPUIPlugin:80 - create IPUIPlugin
2024-05-31 11:45:19,919 [INFO] PluginManager:220 - loadIPPluginJar : add freertos
2024-05-31 11:45:19,934 [INFO] IPUIPlugin:80 - create IPUIPlugin
2024-05-31 11:45:19,934 [INFO] PluginManager:220 - loadIPPluginJar : add genericplugin
2024-05-31 11:45:19,995 [INFO] IPUIPlugin:80 - create IPUIPlugin
2024-05-31 11:45:19,995 [INFO] PluginManager:220 - loadIPPluginJar : add gfxmmu
2024-05-31 11:45:20,081 [INFO] IPUIPlugin:80 - create IPUIPlugin
2024-05-31 11:45:20,081 [INFO] PluginManager:220 - loadIPPluginJar : add gic
2024-05-31 11:45:20,091 [INFO] IPUIPlugin:80 - create IPUIPlugin
2024-05-31 11:45:20,091 [INFO] PluginManager:220 - loadIPPluginJar : add gpio
2024-05-31 11:45:20,155 [INFO] IPUIPlugin:80 - create IPUIPlugin
2024-05-31 11:45:20,155 [INFO] PluginManager:220 - loadIPPluginJar : add gtzc
2024-05-31 11:45:20,176 [INFO] IPUIPlugin:80 - create IPUIPlugin
2024-05-31 11:45:20,176 [INFO] PluginManager:220 - loadIPPluginJar : add hash
2024-05-31 11:45:20,212 [INFO] IPUIPlugin:80 - create IPUIPlugin
2024-05-31 11:45:20,212 [INFO] PluginManager:220 - loadIPPluginJar : add i2c
2024-05-31 11:45:20,238 [INFO] IPUIPlugin:80 - create IPUIPlugin
2024-05-31 11:45:20,238 [INFO] PluginManager:220 - loadIPPluginJar : add i2s
2024-05-31 11:45:20,266 [INFO] IPUIPlugin:80 - create IPUIPlugin
2024-05-31 11:45:20,266 [INFO] PluginManager:220 - loadIPPluginJar : add i3c
2024-05-31 11:45:20,336 [INFO] IPUIPlugin:80 - create IPUIPlugin
2024-05-31 11:45:20,336 [INFO] PluginManager:220 - loadIPPluginJar : add ipddr
2024-05-31 11:45:20,396 [INFO] IPUIPlugin:80 - create IPUIPlugin
2024-05-31 11:45:20,396 [INFO] PluginManager:220 - loadIPPluginJar : add linkedlist
2024-05-31 11:45:20,421 [INFO] IPUIPlugin:80 - create IPUIPlugin
2024-05-31 11:45:20,421 [INFO] PluginManager:220 - loadIPPluginJar : add lorawan
2024-05-31 11:45:20,447 [INFO] IPUIPlugin:80 - create IPUIPlugin
2024-05-31 11:45:20,447 [INFO] PluginManager:220 - loadIPPluginJar : add ltdc
2024-05-31 11:45:20,466 [INFO] IPUIPlugin:80 - create IPUIPlugin
2024-05-31 11:45:20,466 [INFO] PluginManager:220 - loadIPPluginJar : add mdma
2024-05-31 11:45:20,484 [INFO] IPUIPlugin:80 - create IPUIPlugin
2024-05-31 11:45:20,484 [INFO] PluginManager:220 - loadIPPluginJar : add nvic
2024-05-31 11:45:20,514 [INFO] IPUIPlugin:80 - create IPUIPlugin
2024-05-31 11:45:20,514 [INFO] PluginManager:220 - loadIPPluginJar : add opamp
2024-05-31 11:45:20,562 [INFO] IPUIPlugin:80 - create IPUIPlugin
2024-05-31 11:45:20,563 [INFO] PluginManager:220 - loadIPPluginJar : add openamp
2024-05-31 11:45:20,594 [INFO] IPUIPlugin:80 - create IPUIPlugin
2024-05-31 11:45:20,594 [INFO] PluginManager:220 - loadIPPluginJar : add pdm2pcm
2024-05-31 11:45:20,606 [INFO] IPUIPlugin:80 - create IPUIPlugin
2024-05-31 11:45:20,607 [INFO] PluginManager:220 - loadIPPluginJar : add plateformsettings
2024-05-31 11:45:20,625 [INFO] IPUIPlugin:80 - create IPUIPlugin
2024-05-31 11:45:20,625 [INFO] PluginManager:220 - loadIPPluginJar : add quadspi
2024-05-31 11:45:20,635 [INFO] IPUIPlugin:80 - create IPUIPlugin
2024-05-31 11:45:20,636 [INFO] PluginManager:220 - loadIPPluginJar : add resmgrutility
2024-05-31 11:45:20,669 [INFO] IPUIPlugin:80 - create IPUIPlugin
2024-05-31 11:45:20,669 [INFO] PluginManager:220 - loadIPPluginJar : add sai
2024-05-31 11:45:20,696 [INFO] IPUIPlugin:80 - create IPUIPlugin
2024-05-31 11:45:20,696 [INFO] PluginManager:220 - loadIPPluginJar : add spi
2024-05-31 11:45:20,743 [INFO] IPUIPlugin:80 - create IPUIPlugin
2024-05-31 11:45:20,743 [INFO] PluginManager:220 - loadIPPluginJar : add stm32_wpan
2024-05-31 11:45:20,759 [INFO] IPUIPlugin:80 - create IPUIPlugin
2024-05-31 11:45:20,759 [INFO] PluginManager:220 - loadIPPluginJar : add tim
2024-05-31 11:45:20,799 [INFO] IPUIPlugin:80 - create IPUIPlugin
2024-05-31 11:45:20,800 [INFO] PluginManager:220 - loadIPPluginJar : add touchsensing
2024-05-31 11:45:20,816 [INFO] IPUIPlugin:80 - create IPUIPlugin
2024-05-31 11:45:20,816 [INFO] PluginManager:220 - loadIPPluginJar : add tracer_emb
2024-05-31 11:45:20,831 [INFO] IPUIPlugin:80 - create IPUIPlugin
2024-05-31 11:45:20,831 [INFO] PluginManager:220 - loadIPPluginJar : add ts
2024-05-31 11:45:20,847 [INFO] IPUIPlugin:80 - create IPUIPlugin
2024-05-31 11:45:20,847 [INFO] PluginManager:220 - loadIPPluginJar : add tsc
2024-05-31 11:45:20,862 [INFO] IPUIPlugin:80 - create IPUIPlugin
2024-05-31 11:45:20,862 [INFO] PluginManager:220 - loadIPPluginJar : add ucpd
2024-05-31 11:45:20,893 [INFO] IPUIPlugin:80 - create IPUIPlugin
2024-05-31 11:45:20,893 [INFO] PluginManager:220 - loadIPPluginJar : add usart
2024-05-31 11:45:20,923 [INFO] IPUIPlugin:80 - create IPUIPlugin
2024-05-31 11:45:20,923 [INFO] PluginManager:220 - loadIPPluginJar : add usbx
2024-05-31 11:45:21,064 [INFO] CADModel:165 - CPN selected for project level
2024-05-31 11:45:21,064 [INFO] CADModel:114 - Register for checkConnection events
2024-05-31 11:45:21,064 [FATAL] Updater:308 - Updater called before beeing initialized
2024-05-31 11:45:21,064 [ERROR] CADModel:125 - Updater not yet initialized, retry later 
2024-05-31 11:45:21,178 [INFO] CADModel:165 - CPN selected for project level
2024-05-31 11:45:21,178 [INFO] CADModel:114 - Register for checkConnection events
2024-05-31 11:45:21,178 [FATAL] Updater:308 - Updater called before beeing initialized
2024-05-31 11:45:21,178 [ERROR] CADModel:125 - Updater not yet initialized, retry later 
2024-05-31 11:45:21,180 [FATAL] Updater:308 - Updater called before beeing initialized
2024-05-31 11:45:21,286 [FATAL] Updater:308 - Updater called before beeing initialized
2024-05-31 11:45:21,292 [INFO] DbMcusAds:53 - JSON generation date=Thu May 02 16:37:29 CST 2024 (1714639049318)
2024-05-31 11:45:21,292 [FATAL] Updater:308 - Updater called before beeing initialized
2024-05-31 11:45:21,354 [WARN] DetailPanel:346 - Failed to get advertising image, set to default
2024-05-31 11:45:21,474 [FATAL] Updater:308 - Updater called before beeing initialized
2024-05-31 11:45:21,476 [FATAL] Updater:308 - Updater called before beeing initialized
2024-05-31 11:45:21,476 [FATAL] Updater:308 - Updater called before beeing initialized
2024-05-31 11:45:21,476 [WARN] DetailPanel:346 - Failed to get advertising image, set to default
2024-05-31 11:45:21,477 [FATAL] Updater:308 - Updater called before beeing initialized
2024-05-31 11:45:21,540 [ERROR] Updater:1120 - MainUpdater not yet initialized. External WinMGr cannot be set.
2024-05-31 11:45:21,550 [INFO] Updater:1056 - Updater Version found : 6.11.1
2024-05-31 11:45:21,563 [INFO] ApplicationProperties:184 - Using Application install path: I:\software\STM32CubeIDE_1.15.1\STM32CubeIDE\plugins\com.st.stm32cube.common.mx_6.11.1.202404110753
2024-05-31 11:45:21,870 [INFO] MainUpdater:2873 - connection check result : 10
2024-05-31 11:45:21,870 [INFO] MainUpdater:3567 - Updater definition file requires update
2024-05-31 11:45:21,871 [INFO] MainUpdater:290 - Updater Check For Update Now.
2024-05-31 11:45:21,872 [INFO] MicroXplorer:498 - Change Database Version : DB.6.0.111
2024-05-31 11:45:21,883 [INFO] McuFinderGlobals:63 - Set McuFinder mode to 2 (CubeIDE integrated)
2024-05-31 11:45:21,884 [INFO] UserAuth:179 - activating auth plugin
2024-05-31 11:45:21,885 [INFO] UserAuth:415 - Internet connection configuration mode: 1
2024-05-31 11:45:21,898 [INFO] ServerAccessManage:473 - Download File updaters.zip
2024-05-31 11:45:21,903 [INFO] JxBrowserEngine:152 - Initiate JxBrowser Engine with user profile folder
2024-05-31 11:45:21,944 [INFO] FileExtend:240 - Unzip File : updaters.zip
2024-05-31 11:45:21,944 [INFO] FileExtend:255 - Standard Zip Deflate
2024-05-31 11:45:22,161 [WARN] MainUpdater:1194 - Updater busy. Cannot search thirdparties
2024-05-31 11:45:22,161 [INFO] ThirdPartyUpdaterWithRetryManager:96 - Updater plugin is busy. [1/15]
2024-05-31 11:45:22,418 [INFO] ServerAccessManage:473 - Download File PacksControlFlags.xml
2024-05-31 11:45:22,466 [INFO] ServerAccessManage:473 - Download File cubemx.pidx
2024-05-31 11:45:22,743 [INFO] ServerAccessManage:473 - Download File STMicroelectronics.X-CUBE-ALS.pdsc
2024-05-31 11:45:25,164 [WARN] MainUpdater:1194 - Updater busy. Cannot search thirdparties
2024-05-31 11:45:25,164 [INFO] ThirdPartyUpdaterWithRetryManager:96 - Updater plugin is busy. [2/15]
2024-05-31 11:45:25,168 [INFO] ServerAccessManage:473 - Download File wolfSSL.I-CUBE-wolfMQTT.pdsc
2024-05-31 11:45:26,123 [INFO] WebApp:161 - Instantiating new browser for Auth
2024-05-31 11:45:26,601 [INFO] WebApp:779 - Register for checkConnection events
2024-05-31 11:45:26,601 [INFO] WebApp:414 - Apply proxy settings
2024-05-31 11:45:26,603 [INFO] WebApp:459 - Chromium authenticates against Manually configured proxy
2024-05-31 11:45:26,608 [INFO] WebApp:467 - Username used for proxy authentication: 
2024-05-31 11:45:26,735 [INFO] WebApp:192 - Starting web application
2024-05-31 11:45:26,735 [INFO] WebApp:544 - Web application path used I:\software\STM32CubeIDE_1.15.1\STM32CubeIDE\plugins\com.st.stm32cube.common.mx_6.11.1.202404110753\db\plugins\mcufinder\reactClient1\index.html
2024-05-31 11:45:28,166 [WARN] MainUpdater:1194 - Updater busy. Cannot search thirdparties
2024-05-31 11:45:28,166 [INFO] ThirdPartyUpdaterWithRetryManager:96 - Updater plugin is busy. [3/15]
2024-05-31 11:45:29,345 [ERROR] ServerAccessManage:1089 - Problem, file not found on Server
2024-05-31 11:45:30,502 [ERROR] ServerAccessManage:1131 - HTTP unexpected response (418) for https://www.weston-embedded.com/stm_packages/WES.I-CUBE-Cesium.pdsc
2024-05-31 11:45:30,503 [ERROR] ServerAccessManage:651 - Error during Access to HTTP Server. : WES.I-CUBE-Cesium.pdsc.
2024-05-31 11:45:31,168 [WARN] MainUpdater:1194 - Updater busy. Cannot search thirdparties
2024-05-31 11:45:31,168 [INFO] ThirdPartyUpdaterWithRetryManager:96 - Updater plugin is busy. [4/15]
2024-05-31 11:45:34,170 [WARN] MainUpdater:1194 - Updater busy. Cannot search thirdparties
2024-05-31 11:45:34,170 [INFO] ThirdPartyUpdaterWithRetryManager:96 - Updater plugin is busy. [5/15]
2024-05-31 11:45:34,911 [INFO] McuFinderGlobals:63 - Set McuFinder mode to 2 (CubeIDE integrated)
2024-05-31 11:45:34,912 [INFO] UserAuth:179 - activating auth plugin
2024-05-31 11:45:34,913 [INFO] UserAuth:415 - Internet connection configuration mode: 1
2024-05-31 11:45:37,171 [WARN] MainUpdater:1194 - Updater busy. Cannot search thirdparties
2024-05-31 11:45:37,171 [INFO] ThirdPartyUpdaterWithRetryManager:96 - Updater plugin is busy. [6/15]
2024-05-31 11:45:40,172 [WARN] MainUpdater:1194 - Updater busy. Cannot search thirdparties
2024-05-31 11:45:40,172 [INFO] ThirdPartyUpdaterWithRetryManager:96 - Updater plugin is busy. [7/15]
2024-05-31 11:45:43,172 [WARN] MainUpdater:1194 - Updater busy. Cannot search thirdparties
2024-05-31 11:45:43,172 [INFO] ThirdPartyUpdaterWithRetryManager:96 - Updater plugin is busy. [8/15]
2024-05-31 11:45:46,173 [WARN] MainUpdater:1194 - Updater busy. Cannot search thirdparties
2024-05-31 11:45:46,173 [INFO] ThirdPartyUpdaterWithRetryManager:96 - Updater plugin is busy. [9/15]
2024-05-31 11:45:49,175 [WARN] MainUpdater:1194 - Updater busy. Cannot search thirdparties
2024-05-31 11:45:49,175 [INFO] ThirdPartyUpdaterWithRetryManager:96 - Updater plugin is busy. [10/15]
2024-05-31 11:45:52,175 [WARN] MainUpdater:1194 - Updater busy. Cannot search thirdparties
2024-05-31 11:45:52,175 [INFO] ThirdPartyUpdaterWithRetryManager:96 - Updater plugin is busy. [11/15]
2024-05-31 11:45:55,176 [WARN] MainUpdater:1194 - Updater busy. Cannot search thirdparties
2024-05-31 11:45:55,176 [INFO] ThirdPartyUpdaterWithRetryManager:96 - Updater plugin is busy. [12/15]
2024-05-31 11:45:58,177 [WARN] MainUpdater:1194 - Updater busy. Cannot search thirdparties
2024-05-31 11:45:58,177 [INFO] ThirdPartyUpdaterWithRetryManager:96 - Updater plugin is busy. [13/15]
2024-05-31 11:46:01,178 [WARN] MainUpdater:1194 - Updater busy. Cannot search thirdparties
2024-05-31 11:46:01,178 [INFO] ThirdPartyUpdaterWithRetryManager:96 - Updater plugin is busy. [14/15]
2024-05-31 11:46:04,180 [WARN] MainUpdater:1194 - Updater busy. Cannot search thirdparties
2024-05-31 11:46:04,180 [INFO] ThirdPartyUpdaterWithRetryManager:96 - Updater plugin is busy. [15/15]
2024-05-31 11:46:04,180 [ERROR] IntegrityCheckThread:130 - Cannot retrieve database content from updater: error -1
2024-05-31 11:46:04,180 [INFO] ThirdParty:978 - Integrity check success = false
2024-05-31 11:46:04,180 [INFO] IntegrityCheckThread:100 - exiting critical section [integrity check]
2024-05-31 11:46:04,180 [INFO] IntegrityCheckThread:103 - End integrity checks thread
2024-05-31 11:46:12,517 [ERROR] ServerAccessManage:1172 - Problem during Server Connection :  IO error Connection timed out: no further information
2024-05-31 11:46:12,517 [ERROR] ServerAccessManage:651 - Problem during Server Connection :  : Infineon.AIROC-Wi-Fi-Bluetooth-STM32.pdsc.
2024-05-31 11:46:33,549 [ERROR] ServerAccessManage:1172 - Problem during Server Connection :  IO error Connection timed out: no further information
2024-05-31 11:46:33,549 [ERROR] ServerAccessManage:651 - Problem during Server Connection :  : Cesanta.I-CUBE-Mongoose.pdsc.
2024-05-31 11:46:33,616 [WARN] PackLoader:240 - Cannot read IP mode file for STMicroelectronics.X-CUBE-ALS.1.0.2
2024-05-31 11:46:33,621 [WARN] PackLoader:240 - Cannot read IP mode file for wolfSSL.I-CUBE-wolfMQTT.1.18.0
2024-05-31 11:46:33,622 [INFO] PopulateThirdPartyThread:66 - Ending populate Thread
2024-05-31 11:46:33,622 [INFO] ThirdParty:1030 - CMSIS Pack Vendor :wolfSSL I-CUBE-wolfMQTT 1.18.0
2024-05-31 11:46:33,622 [INFO] ThirdParty:1030 - CMSIS Pack Vendor :STMicroelectronics X-CUBE-ALS 1.0.2
2024-05-31 11:46:33,622 [INFO] LoadServerUpdatesThread:375 - End of LoadServerUpdate Thread
2024-05-31 11:46:33,736 [INFO] CheckServerUpdateThread:120 - End of CheckServer Thread
2024-05-31 11:48:30,725 [INFO] WebApp:609 - userauth.ini created with success
2024-05-31 11:53:29,632 [INFO] McuFinderGlobals:63 - Set McuFinder mode to 2 (CubeIDE integrated)
2024-05-31 11:53:29,651 [INFO] MainUpdater:2873 - connection check result : 10
2024-05-31 11:53:29,656 [INFO] MainUpdater:2873 - connection check result : 10
2024-05-31 11:53:29,825 [INFO] MicroXplorer:468 - Change Database Path : 
2024-05-31 11:53:29,825 [INFO] MicroXplorer:498 - Change Database Version : DB.6.0.111
2024-05-31 11:53:29,830 [WARN] ThirdParty:871 - waiting for thirdparty lock release [close project]
2024-05-31 11:53:29,831 [INFO] ThirdParty:873 - entering critical section [close project]
2024-05-31 11:53:29,831 [INFO] ThirdParty:883 - exiting critical section [close project]
2024-05-31 11:53:29,833 [INFO] PinOutPanel:1561 - setPackage(No Configuration,No Configuration)
2024-05-31 11:53:29,835 [INFO] UtilMem:75 - Begin LoadConfig() Used Memory: 789298640 Bytes (1073741824)
2024-05-31 11:53:29,836 [INFO] MicroXplorer:468 - Change Database Path : 
2024-05-31 11:53:29,836 [INFO] MicroXplorer:498 - Change Database Version : DB.6.0.111
2024-05-31 11:53:29,836 [INFO] OpenFileManager:312 - Change cursor
2024-05-31 11:53:29,847 [WARN] IntegrityCheckThread:84 - waiting for thirdparty lock release [integrity check]
2024-05-31 11:53:29,847 [INFO] IntegrityCheckThread:86 - entering critical section [integrity check]
2024-05-31 11:53:30,099 [WARN] PackLoader:240 - Cannot read IP mode file for STMicroelectronics.X-CUBE-SMBUS.2.1.0
2024-05-31 11:53:30,108 [WARN] PackLoader:240 - Cannot read IP mode file for STMicroelectronics.X-CUBE-TOUCHGFX.4.23.0
2024-05-31 11:53:30,133 [WARN] PackLoader:240 - Cannot read IP mode file for STMicroelectronics.X-CUBE-AZRTOS-F7.1.1.0
2024-05-31 11:53:30,145 [WARN] PackLoader:240 - Cannot read IP mode file for STMicroelectronics.FP-SNS-MOTENV1.4.3.2
2024-05-31 11:53:30,157 [WARN] PackLoader:240 - Cannot read IP mode file for STMicroelectronics.FP-SNS-FLIGHT1.5.0.2
2024-05-31 11:53:30,169 [WARN] PackLoader:240 - Cannot read IP mode file for STMicroelectronics.X-CUBE-DISPLAY.3.0.0
2024-05-31 11:53:30,184 [WARN] PackLoader:240 - Cannot read IP mode file for STMicroelectronics.X-CUBE-BLE1.7.0.0
2024-05-31 11:53:30,194 [WARN] PackLoader:240 - Cannot read IP mode file for emotas.I-CUBE-CANOPEN.1.3.0
2024-05-31 11:53:30,204 [WARN] PackLoader:240 - Cannot read IP mode file for STMicroelectronics.FP-SNS-SMARTAG2.1.2.0
2024-05-31 11:53:30,220 [INFO] LogOutputStream:77 - [STDOUT_REDIRECT] 1 : Invalid condition id : UX_CORESTACK_Condition cause : null
2024-05-31 11:53:30,221 [INFO] LogOutputStream:77 - [STDOUT_REDIRECT] 1 : Invalid condition id : UX_CORESTACK_Condition cause : null
2024-05-31 11:53:30,222 [INFO] LogOutputStream:77 - [STDOUT_REDIRECT] 1 : Invalid condition id : UX_CORESTACK_Condition cause : null
2024-05-31 11:53:30,222 [INFO] LogOutputStream:77 - [STDOUT_REDIRECT] 1 : Invalid condition id : UX_CORESTACK_Condition cause : null
2024-05-31 11:53:30,223 [INFO] LogOutputStream:77 - [STDOUT_REDIRECT] 1 : Invalid condition id : UX_CORESTACK_Condition cause : null
2024-05-31 11:53:30,225 [WARN] PackLoader:240 - Cannot read IP mode file for STMicroelectronics.X-CUBE-AZRTOS-WL.2.0.0
2024-05-31 11:53:30,236 [WARN] PackLoader:240 - Cannot read IP mode file for STMicroelectronics.X-CUBE-BLE2.3.3.0
2024-05-31 11:53:30,246 [WARN] PackLoader:240 - Cannot read IP mode file for STMicroelectronics.X-CUBE-ALGOBUILD.1.3.0
2024-05-31 11:53:30,265 [WARN] PackLoader:240 - Cannot read IP mode file for STMicroelectronics.X-CUBE-AZRTOS-G0.1.1.0
2024-05-31 11:53:30,276 [WARN] PackLoader:240 - Cannot read IP mode file for STMicroelectronics.X-CUBE-NFC4.3.0.0
2024-05-31 11:53:30,280 [WARN] PackLoader:240 - Cannot read IP mode file for wolfSSL.I-CUBE-wolfMQTT.1.18.0
2024-05-31 11:53:30,293 [WARN] PackLoader:240 - Cannot read IP mode file for STMicroelectronics.X-CUBE-BLEMGR.3.0.0
2024-05-31 11:53:30,303 [WARN] PackLoader:240 - Cannot read IP mode file for STMicroelectronics.FP-ATR-SIGFOX1.3.2.0
2024-05-31 11:53:30,312 [WARN] PackLoader:240 - Cannot read IP mode file for STMicroelectronics.X-CUBE-EEPRMA1.5.1.0
2024-05-31 11:53:30,338 [WARN] PackLoader:240 - Cannot read IP mode file for SEGGER.I-CUBE-embOS.1.3.1
2024-05-31 11:53:30,374 [WARN] PackLoader:240 - Cannot read IP mode file for STMicroelectronics.X-CUBE-ALGOBUILD.1.4.0
2024-05-31 11:53:30,385 [WARN] PackLoader:240 - Cannot read IP mode file for STMicroelectronics.X-CUBE-GNSS1.6.0.0
2024-05-31 11:53:30,405 [WARN] PackLoader:240 - Cannot read IP mode file for STMicroelectronics.X-CUBE-AZRTOS-F4.1.1.0
2024-05-31 11:53:30,426 [WARN] PackLoader:240 - Cannot read IP mode file for STMicroelectronics.X-CUBE-AZRTOS-L5.2.0.0
2024-05-31 11:53:30,437 [WARN] PackLoader:240 - Cannot read IP mode file for ITTIA_DB.I-CUBE-ITTIADB.8.8.0
2024-05-31 11:53:30,447 [WARN] PackLoader:240 - Cannot read IP mode file for STMicroelectronics.X-CUBE-NFC7.1.0.1
2024-05-31 11:53:30,458 [WARN] PackLoader:240 - Cannot read IP mode file for STMicroelectronics.X-CUBE-NFC6.3.0.0
2024-05-31 11:53:30,469 [WARN] PackLoader:240 - Cannot read IP mode file for STMicroelectronics.X-CUBE-AI.8.1.0
2024-05-31 11:53:30,498 [WARN] ConditionMgr:438 - getConditionDescription Invalid condition id : LAN8742 Phy interface Condition cause : null
2024-05-31 11:53:30,499 [WARN] PackLoader:240 - Cannot read IP mode file for STMicroelectronics.X-CUBE-AZRTOS-L4.2.0.0
2024-05-31 11:53:30,499 [WARN] ConditionMgr:1039 - genDependencies : Invalid condition id : LAN8742 Phy interface Condition cause : null
2024-05-31 11:53:30,499 [WARN] ConditionMgr:1039 - genDependencies : Invalid condition id : LAN8742 Phy interface Condition cause : null
2024-05-31 11:53:30,500 [WARN] ConditionMgr:1039 - genDependencies : Invalid condition id : LAN8742 Phy interface Condition cause : null
2024-05-31 11:53:30,510 [WARN] PackLoader:240 - Cannot read IP mode file for STMicroelectronics.X-CUBE-SFXS2LP1.4.0.0
2024-05-31 11:53:30,526 [WARN] ConditionMgr:438 - getConditionDescription Invalid condition id : UX DEVICE CLASS RTOS Condition cause : null
2024-05-31 11:53:30,527 [WARN] ConditionMgr:438 - getConditionDescription Invalid condition id : UX DEVICE CLASS RTOS Condition cause : null
2024-05-31 11:53:30,528 [WARN] PackLoader:240 - Cannot read IP mode file for STMicroelectronics.X-CUBE-AZRTOS-WB.2.0.0
2024-05-31 11:53:30,528 [WARN] ConditionMgr:1039 - genDependencies : Invalid condition id : UX DEVICE CLASS RTOS Condition cause : null
2024-05-31 11:53:30,528 [WARN] ConditionMgr:1039 - genDependencies : Invalid condition id : UX DEVICE CLASS RTOS Condition cause : null
2024-05-31 11:53:30,528 [WARN] ConditionMgr:1039 - genDependencies : Invalid condition id : UX DEVICE CLASS RTOS Condition cause : null
2024-05-31 11:53:30,528 [WARN] ConditionMgr:1039 - genDependencies : Invalid condition id : UX DEVICE CLASS RTOS Condition cause : null
2024-05-31 11:53:30,528 [WARN] ConditionMgr:1039 - genDependencies : Invalid condition id : UX DEVICE CLASS RTOS Condition cause : null
2024-05-31 11:53:30,542 [WARN] PackLoader:240 - Cannot read IP mode file for STMicroelectronics.X-CUBE-SUBG2.5.0.0
2024-05-31 11:53:30,562 [WARN] PackLoader:240 - Cannot read IP mode file for STMicroelectronics.X-CUBE-AZRTOS-G4.2.0.0
2024-05-31 11:53:30,572 [WARN] PackLoader:240 - Cannot read IP mode file for STMicroelectronics.FP-SNS-MOTENVWB1.1.3.1
2024-05-31 11:53:30,580 [WARN] PackLoader:240 - Cannot read IP mode file for STMicroelectronics.X-CUBE-ISPU.2.0.0
2024-05-31 11:53:30,583 [WARN] PackLoader:240 - Cannot read IP mode file for STMicroelectronics.X-CUBE-ALS.1.0.2
2024-05-31 11:53:30,614 [WARN] PackLoader:240 - Cannot read IP mode file for STMicroelectronics.X-CUBE-MEMS1.10.0.0
2024-05-31 11:53:30,682 [WARN] PackLoader:240 - Cannot read IP mode file for STMicroelectronics.X-CUBE-FREERTOS.1.1.0
2024-05-31 11:53:30,692 [WARN] PackLoader:240 - Cannot read IP mode file for portGmbH.I-Cube-SoM-uGOAL.1.1.0
2024-05-31 11:53:30,701 [WARN] PackLoader:240 - Cannot read IP mode file for STMicroelectronics.X-CUBE-ALS.1.0.1
2024-05-31 11:53:30,710 [WARN] PackLoader:240 - Cannot read IP mode file for STMicroelectronics.FP-ATR-ASTRA1.2.0.0
2024-05-31 11:53:30,725 [WARN] PackLoader:240 - Cannot read IP mode file for STMicroelectronics.X-CUBE-TOF1.3.4.0
2024-05-31 11:53:30,749 [WARN] PackLoader:240 - Cannot read IP mode file for STMicroelectronics.X-CUBE-AZRTOS-H7.3.2.0
2024-05-31 11:53:30,751 [INFO] ThirdParty:978 - Integrity check success = true
2024-05-31 11:53:30,751 [INFO] IntegrityCheckThread:100 - exiting critical section [integrity check]
2024-05-31 11:53:30,751 [INFO] IntegrityCheckThread:103 - End integrity checks thread
2024-05-31 11:53:30,768 [INFO] Mcu:2021 - Initializing MCU STM32F407V(E-G)Tx STM32F407VETx STM32F407VET6
2024-05-31 11:53:32,626 [INFO] Context:663 - Trying to add GPIOservice into a context  which must be forbidden
2024-05-31 11:53:33,029 [INFO] RtosManager:555 - Registered RTOS mode: class=CMSIS, group=RTOS, mode=CMSIS_V1, owner=FREERTOS
2024-05-31 11:53:33,029 [INFO] RtosManager:555 - Registered RTOS mode: class=CMSIS, group=RTOS2, mode=CMSIS_V2, owner=FREERTOS
2024-05-31 11:53:33,029 [INFO] RtosManager:555 - Registered RTOS mode: class=RTOS, group=Core, mode=CMSIS_V1, owner=FREERTOS
2024-05-31 11:53:33,029 [INFO] RtosManager:555 - Registered RTOS mode: class=RTOS, group=Core, mode=CMSIS_V2, owner=FREERTOS
2024-05-31 11:53:33,030 [WARN] ModelIntegratedComponent:184 - Missing modes for component STMicroelectronics:FreeRTOS:0.0.1:STMicroelectronics:RTOS:FreeRTOS:Core:::10.2.0:
2024-05-31 11:53:33,039 [WARN] ModelIntegratedComponent:63 - No mode defined for component null
2024-05-31 11:53:33,039 [WARN] ModelIntegratedComponent:63 - No mode defined for component null
2024-05-31 11:53:33,039 [WARN] ModelIntegratedComponent:63 - No mode defined for component null
2024-05-31 11:53:33,039 [WARN] ModelIntegratedComponent:63 - No mode defined for component null
2024-05-31 11:53:33,039 [WARN] ModelIntegratedComponent:63 - No mode defined for component null
2024-05-31 11:53:33,039 [WARN] ModelIntegratedComponent:63 - No mode defined for component null
2024-05-31 11:53:33,039 [WARN] ModelIntegratedComponent:63 - No mode defined for component null
2024-05-31 11:53:33,039 [WARN] ModelIntegratedComponent:63 - No mode defined for component null
2024-05-31 11:53:33,040 [WARN] ModelIntegratedComponent:63 - No mode defined for component null
2024-05-31 11:53:33,040 [WARN] ModelIntegratedComponent:63 - No mode defined for component null
2024-05-31 11:53:33,040 [WARN] ModelIntegratedComponent:63 - No mode defined for component null
2024-05-31 11:53:33,040 [WARN] ModelIntegratedComponent:63 - No mode defined for component null
2024-05-31 11:53:33,040 [WARN] ModelIntegratedComponent:63 - No mode defined for component null
2024-05-31 11:53:33,040 [WARN] ModelIntegratedComponent:63 - No mode defined for component null
2024-05-31 11:53:33,040 [WARN] ModelIntegratedComponent:63 - No mode defined for component null
2024-05-31 11:53:33,040 [WARN] ModelIntegratedComponent:63 - No mode defined for component null
2024-05-31 11:53:33,040 [WARN] ModelIntegratedComponent:63 - No mode defined for component null
2024-05-31 11:53:33,040 [WARN] ModelIntegratedComponent:63 - No mode defined for component null
2024-05-31 11:53:33,040 [WARN] ModelIntegratedComponent:63 - No mode defined for component null
2024-05-31 11:53:33,040 [WARN] ModelIntegratedComponent:63 - No mode defined for component null
2024-05-31 11:53:33,040 [WARN] ModelIntegratedComponent:63 - No mode defined for component null
2024-05-31 11:53:33,040 [WARN] ModelIntegratedComponent:63 - No mode defined for component null
2024-05-31 11:53:33,040 [WARN] ModelIntegratedComponent:63 - No mode defined for component null
2024-05-31 11:53:33,040 [WARN] ModelIntegratedComponent:63 - No mode defined for component null
2024-05-31 11:53:33,040 [WARN] ModelIntegratedComponent:63 - No mode defined for component null
2024-05-31 11:53:33,040 [WARN] ModelIntegratedComponent:63 - No mode defined for component null
2024-05-31 11:53:33,040 [WARN] ModelIntegratedComponent:63 - No mode defined for component null
2024-05-31 11:53:33,040 [WARN] ModelIntegratedComponent:63 - No mode defined for component null
2024-05-31 11:53:33,040 [WARN] ModelIntegratedComponent:63 - No mode defined for component null
2024-05-31 11:53:33,041 [WARN] ModelIntegratedComponent:63 - No mode defined for component null
2024-05-31 11:53:33,041 [WARN] ModelIntegratedComponent:63 - No mode defined for component null
2024-05-31 11:53:33,041 [WARN] ModelIntegratedComponent:63 - No mode defined for component null
2024-05-31 11:53:33,041 [WARN] ModelIntegratedComponent:63 - No mode defined for component null
2024-05-31 11:53:33,041 [WARN] ModelIntegratedComponent:63 - No mode defined for component null
2024-05-31 11:53:33,148 [INFO] ThirdPartyModel:298 - Start build external matchings
2024-05-31 11:53:33,302 [INFO] ThirdPartyModel:316 - End build external matchings
2024-05-31 11:53:33,685 [INFO] ApiDb:581 - Connected to CubeFinder SQLite database (C:\Users\king\.stmcufinder\plugins\mcufinder\mcu\cube-finder-db.db)
2024-05-31 11:53:33,766 [INFO] ApiDb:668 - CubeFinder database Data Model version=2.1
2024-05-31 11:53:33,766 [INFO] ApiDb:669 - CubeFinder database Configuration version=3.0.39
2024-05-31 11:53:33,767 [INFO] ApiDb:670 - CubeFinder database generation date=2024-04-15 (1713193726)
2024-05-31 11:53:33,767 [INFO] ApiDb:671 - CubeFinder database FW Pack versions=[FP-ATR-ASTRA1_V2.0.0, FP-SNS-FLIGHT1_V5.0.1, FP-SNS-FLIGHT1_V5.0.2, FP-SNS-MOTENV1_V4.3.1, FP-SNS-MOTENV1_V4.3.2, FP-SNS-MOTENVWB1_V1.3.1, FP-SNS-SMARTAG2_V1.2.0, STM32Cube_FW_C0_V1.1.0, STM32Cube_FW_F4_V1.28.0, STM32Cube_FW_F7_V1.17.0, STM32Cube_FW_G0_V1.6.2, STM32Cube_FW_G4_V1.5.2, STM32Cube_FW_H5_V0.5.1, STM32Cube_FW_H5_V1.1.1, STM32Cube_FW_H5_V1.2.0, STM32Cube_FW_H5_V1.2.0RC4, STM32Cube_FW_H7RS_V1.0.0, STM32Cube_FW_H7RS_V1.0.0RC4, STM32Cube_FW_H7_V1.11.0, STM32Cube_FW_L0_V1.12.2, STM32Cube_FW_L5_V1.5.1, STM32Cube_FW_U0_V1.0.0, STM32Cube_FW_U0_V1.0.0RC1, STM32Cube_FW_U5_V1.3.0RC4, STM32Cube_FW_U5_V1.5.0, STM32Cube_FW_U5_V1.5.0RC1, STM32Cube_FW_WBA_V1.0.0RC1, STM32Cube_FW_WBA_V1.2.0, STM32Cube_FW_WBA_V1.2.0RC2, STM32Cube_FW_WBA_V1.3.0, STM32Cube_FW_WBA_V1.3.0RC1, STM32Cube_FW_WB_V1.15.0RC1, STM32Cube_FW_WB_V1.16.0, STM32Cube_FW_WB_V1.16.0RC2, STM32Cube_FW_WB_V1.18.0, STM32Cube_FW_WB_V1.19.0, STM32Cube_FW_WL_V1.3.0, X-CUBE-ALGOBUILD_V1.3.0, X-CUBE-ALS_V1.0.1, X-CUBE-AZRTOS-F4_V1.1.0, X-CUBE-AZRTOS-F7_V1.1.0, X-CUBE-AZRTOS-G0_V1.1.0, X-CUBE-AZRTOS-G4_V2.0.0, X-CUBE-AZRTOS-H7_V3.2.0, X-CUBE-AZRTOS-L4_V1.0.0, X-CUBE-AZRTOS-L4_V2.0.0, X-CUBE-AZRTOS-L5_V1.1.0, X-CUBE-AZRTOS-WB_V2.0.0, X-CUBE-AZRTOS-WL_V2.0.0, X-CUBE-BLE1_V7.0.0, X-CUBE-BLE2_V3.3.0, X-CUBE-BLEMGR_V3.1.0, X-CUBE-EEPRMA1_V4.1.0, X-CUBE-EEPRMA1_V5.1.0, X-CUBE-FREERTOS_V1.1.0, X-CUBE-GNSS1_V6.0.0, X-CUBE-MEMS1_V10.0.0, X-CUBE-MEMS1_V9.1.0, X-CUBE-MEMS1_V9.4.0, X-CUBE-MEMS1_V9.6.0, X-CUBE-NFC4_V3.0.0, X-CUBE-NFC7_V1.0.1, X-CUBE-SFXS2LP1_V4.0.0, X-CUBE-SUBG2_V5.0.0, X-CUBE-TOF1_V3.4.0]
2024-05-31 11:53:33,885 [INFO] DbBoardsSqlite:226 - include board P-NUCLEO-WB55-NUCLEO as a kit item of type 'Nucleo-64'
2024-05-31 11:53:33,885 [INFO] DbBoardsSqlite:226 - include board P-NUCLEO-WB55-USBDONGLE as a kit item of type 'Nucleo USB Dongle'
2024-05-31 11:53:33,886 [INFO] DbBoardsSqlite:226 - include board STEVAL-IDP005V1 as a kit item of type 'Evaluation Board'
2024-05-31 11:53:33,887 [INFO] DbBoardsSqlite:226 - include board STEVAL-IDP005V2 as a kit item of type 'Evaluation Board'
2024-05-31 11:53:34,221 [INFO] ApiDb:240 - Found 483 in-development CPN: [B-G473E-ZEST1S, B-WB1M-WPAN1, B-WL5M-SUBG1, NUCLEO-C031C6, NUCLEO-H503RB, NUCLEO-H533RE, NUCLEO-H563ZI, NUCLEO-H7S3L8, NUCLEO-U031R8, NUCLEO-U083RC, NUCLEO-U545RE-Q, NUCLEO-U5A5ZJ-Q, NUCLEO-WBA52CG, NUCLEO-WBA55CG, STEVAL-PROTEUS1, STEVAL-SMARTAG2, STEVAL-STWINBX1, STM320518-EVAL, STM32C0116-DK, STM32C011D6Y3TR, STM32C011D6Y6TR, STM32C011F4P3, STM32C011F4P6, STM32C011F4U3, STM32C011F4U6TR, STM32C011F6P3, STM32C011F6P6, STM32C011F6U3, STM32C011F6U6TR, STM32C011J4M3, STM32C011J4M6, STM32C011J6M3, STM32C011J6M6, STM32C0316-DK, STM32C031C4T3, STM32C031C4T6, STM32C031C4U3, STM32C031C4U6, STM32C031C6T3, STM32C031C6T6, STM32C031C6U3, STM32C031C6U6, STM32C031F4P3, STM32C031F4P6, STM32C031F6P3, STM32C031F6P6, STM32C031G4U3, STM32C031G4U6, STM32C031G6U3, STM32C031G6U6, STM32C031K4T3, STM32C031K4T6, STM32C031K4U3, STM32C031K4U6, STM32C031K6T3, STM32C031K6T6, STM32C031K6U3, STM32C031K6U6, STM32G071K8TXN, STM32G071K8UXN, STM32G081GBU6N, STM32G081KBT6N, STM32G081KBUXN, STM32G0B1CCT6N, STM32G0B1KCT6, STM32G0B1NEY6TR, STM32G0B1RCT6N, STM32G0C1CCT6, STM32G0C1CCT6N, STM32G0C1CCU6N, STM32G0C1CET6N, STM32G0C1CEU6N, STM32G0C1KCT6, STM32G0C1NEY6TR, STM32G0C1RCI6N, STM32G0C1RCT6N, STM32G0C1REI6N, STM32G0C1RET6N, STM32G0C1VCI6, STM32G0C1VEI6, STM32G471CCT6, STM32G471CCU6, STM32G471CET3, STM32G471CET6, STM32G471CEU3, STM32G471CEU6, STM32G471MCT6, STM32G471MET3, STM32G471MET6, STM32G471MEY6TR, STM32G471QCT6, STM32G471QET3, STM32G471RCT6, STM32G471RET3, STM32G471RET6, STM32G471VCH6, STM32G471VCI6, STM32G471VCT6, STM32G471VEH3, STM32G471VEH6, STM32G471VEI3, STM32G471VEI6, STM32G471VET3, STM32G471VET6, STM32G474CCT6, STM32H503CBT6, STM32H503CBU6, STM32H503EBY6TR, STM32H503KBU6, STM32H503RBT6, STM32H523CCT6, STM32H523CCU6, STM32H523CET6, STM32H523CEU6, STM32H523HEY6TR, STM32H523RCT6, STM32H523RET6, STM32H523VCI6, STM32H523VCT6, STM32H523VEI6, STM32H523VET6, STM32H523ZCJ6, STM32H523ZCT6, STM32H523ZEJ6, STM32H523ZET6, STM32H533CET6, STM32H533CEU6, STM32H533HEY6TR, STM32H533RET6, STM32H533VEI6, STM32H533VET6, STM32H533ZEJ6, STM32H533ZET6, STM32H562AGI6, STM32H562AII6, STM32H562IGK6, STM32H562IGT6, STM32H562IIK6, STM32H562IIT6, STM32H562RGT6, STM32H562RGV6, STM32H562RIT6, STM32H562RIV6, STM32H562VGT6, STM32H562VIT6, STM32H562ZGT6, STM32H562ZIT6, STM32H563AGI6, STM32H563AII3Q, STM32H563AII6, STM32H563IGK6, STM32H563IGT6, STM32H563IIK3Q, STM32H563IIK6, STM32H563IIT3Q, STM32H563IIT6, STM32H563MIY3QTR, STM32H563RGT6, STM32H563RGV6, STM32H563RIT6, STM32H563RIV6, STM32H563VGT6, STM32H563VIT3Q, STM32H563VIT6, STM32H563ZGT6, STM32H563ZIT3Q, STM32H563ZIT6, STM32H573AII3Q, STM32H573AII6, STM32H573I-DK, STM32H573IIK3Q, STM32H573IIK6, STM32H573IIT3Q, STM32H573IIT6, STM32H573MIY3QTR, STM32H573RIT6, STM32H573RIV6, STM32H573VIT3Q, STM32H573VIT6, STM32H573ZIT3Q, STM32H573ZIT6, STM32H7R3A8I6, STM32H7R3I8K6, STM32H7R3I8T6, STM32H7R3L8H6, STM32H7R3L8H6H, STM32H7R3R8V6, STM32H7R3V8H6, STM32H7R3V8T6, STM32H7R3V8Y6, STM32H7R3Z8J6, STM32H7R3Z8T6, STM32H7R7A8I6, STM32H7R7I8K6, STM32H7R7I8T6, STM32H7R7L8H6, STM32H7R7L8H6H, STM32H7R7Z8J6, STM32H7S3A8I6, STM32H7S3I8K6, STM32H7S3I8T6, STM32H7S3L8H6, STM32H7S3L8H6H, STM32H7S3R8V6, STM32H7S3V8H6, STM32H7S3V8T6, STM32H7S3V8Y6, STM32H7S3Z8J6, STM32H7S3Z8T6, STM32H7S78-DK, STM32H7S7A8I6, STM32H7S7I8K6, STM32H7S7I8T6, STM32H7S7L8H6, STM32H7S7L8H6H, STM32H7S7Z8J6, STM32L4R5QGI6STR, STM32MP131AAE3, STM32MP131AAF3, STM32MP131AAG3, STM32MP131CAE3, STM32MP131CAF3, STM32MP131CAG3, STM32MP131DAE7, STM32MP131DAF7, STM32MP131DAG7, STM32MP131FAE7, STM32MP131FAF7, STM32MP131FAG7, STM32MP133AAE3, STM32MP133AAF3, STM32MP133AAG3, STM32MP133CAE3, STM32MP133CAF3, STM32MP133CAG3, STM32MP133DAE7, STM32MP133DAF7, STM32MP133DAG7, STM32MP133FAE7, STM32MP133FAF7, STM32MP133FAG7, STM32MP135AAE3, STM32MP135AAF3, STM32MP135AAG3, STM32MP135CAE3, STM32MP135CAF3, STM32MP135CAG3, STM32MP135DAE7, STM32MP135DAF7, STM32MP135DAG7, STM32MP135F-DK, STM32MP135FAE7, STM32MP135FAF7, STM32MP135FAF7T, STM32MP135FAF7U, STM32MP135FAG7, STM32U031C6T6, STM32U031C6U6, STM32U031C8T6, STM32U031C8U6, STM32U031F4P6, STM32U031F6P6, STM32U031F8P6, STM32U031G6Y6TR, STM32U031G8Y6TR, STM32U031K4U6, STM32U031K6U6, STM32U031K8U6, STM32U031R6I6, STM32U031R6T6, STM32U031R8I6, STM32U031R8T6, STM32U073C8T6, STM32U073C8U6, STM32U073CBT6, STM32U073CBU6, STM32U073CCT6, STM32U073CCU6, STM32U073H8Y6TR, STM32U073HBY6TR, STM32U073HCY6TR, STM32U073K8U6, STM32U073KBU6, STM32U073KCU6, STM32U073M8I6, STM32U073M8T6, STM32U073MBI6, STM32U073MBT6, STM32U073MCI6, STM32U073MCT6, STM32U073R8I6, STM32U073R8T6, STM32U073RBI6, STM32U073RBT6, STM32U073RCI6, STM32U073RCT6, STM32U083C-DK, STM32U083CCT6, STM32U083CCU6, STM32U083HCY6TR, STM32U083KCU6, STM32U083MCI6, STM32U083MCT6, STM32U083RCI6, STM32U083RCT6, STM32U535CBT6, STM32U535CBT6Q, STM32U535CBU6, STM32U535CBU6Q, STM32U535CCT6, STM32U535CCT6Q, STM32U535CCU6, STM32U535CCU6Q, STM32U535CET6, STM32U535CET6Q, STM32U535CEU6, STM32U535CEU6Q, STM32U535JEY6QTR, STM32U535NCY6QTR, STM32U535NEY6QTR, STM32U535RBI6, STM32U535RBI6Q, STM32U535RBT6, STM32U535RBT6Q, STM32U535RCI6, STM32U535RCI6Q, STM32U535RCT6, STM32U535RCT6Q, STM32U535REI6, STM32U535REI6Q, STM32U535RET6, STM32U535RET6Q, STM32U535VCI6, STM32U535VCI6Q, STM32U535VCT6, STM32U535VCT6Q, STM32U535VEI6, STM32U535VEI6Q, STM32U535VET6, STM32U535VET6Q, STM32U545CET6, STM32U545CET6Q, STM32U545CEU6, STM32U545CEU6Q, STM32U545JEY6QTR, STM32U545NEY6QTR, STM32U545REI6, STM32U545REI6Q, STM32U545RET6, STM32U545RET6Q, STM32U545VEI6, STM32U545VEI6Q, STM32U545VET6, STM32U545VET6Q, STM32U595AIH6, STM32U595AIH6Q, STM32U595AJH6, STM32U595AJH6Q, STM32U595QII6, STM32U595QII6Q, STM32U595QJI6, STM32U595QJI6Q, STM32U595RIT6, STM32U595RIT6Q, STM32U595RJT6, STM32U595RJT6Q, STM32U595VIT6, STM32U595VIT6Q, STM32U595VJT6, STM32U595VJT6Q, STM32U595ZIT6, STM32U595ZIT6Q, STM32U595ZIY6QTR, STM32U595ZJT6, STM32U595ZJT6Q, STM32U595ZJY6QTR, STM32U599BJY6QTR, STM32U599NIH6Q, STM32U599NJH6Q, STM32U599VIT6Q, STM32U599VJT6, STM32U599VJT6Q, STM32U599ZIT6Q, STM32U599ZIY6QTR, STM32U599ZJT6Q, STM32U599ZJY6QTR, STM32U5A5AJH6, STM32U5A5AJH6Q, STM32U5A5QII3Q , STM32U5A5QJI6, STM32U5A5QJI6Q, STM32U5A5RJT6, STM32U5A5RJT6Q, STM32U5A5VJT6, STM32U5A5VJT6Q, STM32U5A5ZJT6, STM32U5A5ZJT6Q, STM32U5A5ZJY6QTR, STM32U5A9BJY6QTR, STM32U5A9J-DK, STM32U5A9NJH6Q, STM32U5A9VJT6Q, STM32U5A9ZJT6Q, STM32U5A9ZJY6QTR, STM32U5F7VIT6, STM32U5F7VIT6Q, STM32U5F7VJT6, STM32U5F7VJT6Q, STM32U5F9BJY6QTR, STM32U5F9NJH6Q, STM32U5F9VIT6Q, STM32U5F9VJT6Q, STM32U5F9ZIJ6QTR, STM32U5F9ZIT6Q, STM32U5F9ZJJ6QTR, STM32U5F9ZJT6Q, STM32U5G7VJT6, STM32U5G7VJT6Q, STM32U5G9BJY6QTR, STM32U5G9J-DK1, STM32U5G9J-DK2, STM32U5G9NJH6Q, STM32U5G9VJT6Q, STM32U5G9ZJJ6QTR, STM32U5G9ZJT6Q, STM32WB1MMCH6, STM32WBA50KEU6, STM32WBA50KEU6TR, STM32WBA50KGU6, STM32WBA50KGU6TR, STM32WBA52CEU6, STM32WBA52CEU6TR, STM32WBA52CEU7, STM32WBA52CEU7TR, STM32WBA52CGU6, STM32WBA52CGU6TR, STM32WBA52CGU6U, STM32WBA52CGU7, STM32WBA52CGU7TR, STM32WBA52KEU6, STM32WBA52KEU6TR, STM32WBA52KGU6, STM32WBA52KGU6TR, STM32WBA54CEU6, STM32WBA54CEU6TR, STM32WBA54CEU7, STM32WBA54CEU7TR, STM32WBA54CGU6, STM32WBA54CGU6TR, STM32WBA54CGU7, STM32WBA54CGU7TR, STM32WBA54KEU6, STM32WBA54KEU6TR, STM32WBA54KEU7, STM32WBA54KEU7TR, STM32WBA54KGU6, STM32WBA54KGU6TR, STM32WBA54KGU7, STM32WBA54KGU7TR, STM32WBA55CEU6, STM32WBA55CEU6TR, STM32WBA55CEU7, STM32WBA55CEU7TR, STM32WBA55CGU6, STM32WBA55CGU6TR, STM32WBA55CGU6U, STM32WBA55CGU7, STM32WBA55CGU7TR, STM32WBA55G-DK1, STM32WBA55HEF6, STM32WBA55HEF7, STM32WBA55HGF6, STM32WBA55HGF7, STM32WBA55UEI6, STM32WBA55UEI6TR, STM32WBA55UEI7, STM32WBA55UEI7TR, STM32WBA55UGI6, STM32WBA55UGI6TR, STM32WBA55UGI7, STM32WBA55UGI7TR, STM32WL5MOCH6, STM32WL5MOCH6TR]
2024-05-31 11:53:34,299 [INFO] BoardInfo:889 - No configuration file found for board P-NUCLEO-WB55
2024-05-31 11:53:34,300 [INFO] DbBoards:161 - Kit is not supported: P-NUCLEO-WB55
2024-05-31 11:53:34,303 [INFO] BoardInfo:889 - No configuration file found for board STEVAL-BFA001V1B
2024-05-31 11:53:34,303 [INFO] DbBoards:161 - Kit is not supported: STEVAL-BFA001V1B
2024-05-31 11:53:34,307 [INFO] BoardInfo:889 - No configuration file found for board STEVAL-BFA001V2B
2024-05-31 11:53:34,307 [INFO] DbBoards:161 - Kit is not supported: STEVAL-BFA001V2B
2024-05-31 11:53:34,419 [INFO] DbBoards:168 - Found 199 boards, 196 are supported
2024-05-31 11:53:34,419 [INFO] DbBoards:169 - Found 199 boards, 8 of them is supported for  Bsp
2024-05-31 11:53:34,422 [INFO] ApiDb:668 - CubeFinder database Data Model version=2.1
2024-05-31 11:53:34,422 [INFO] ApiDb:669 - CubeFinder database Configuration version=3.0.39
2024-05-31 11:53:34,422 [INFO] ApiDb:670 - CubeFinder database generation date=2024-04-15 (1713193726)
2024-05-31 11:53:34,422 [INFO] ApiDb:671 - CubeFinder database FW Pack versions=[FP-ATR-ASTRA1_V2.0.0, FP-SNS-FLIGHT1_V5.0.1, FP-SNS-FLIGHT1_V5.0.2, FP-SNS-MOTENV1_V4.3.1, FP-SNS-MOTENV1_V4.3.2, FP-SNS-MOTENVWB1_V1.3.1, FP-SNS-SMARTAG2_V1.2.0, STM32Cube_FW_C0_V1.1.0, STM32Cube_FW_F4_V1.28.0, STM32Cube_FW_F7_V1.17.0, STM32Cube_FW_G0_V1.6.2, STM32Cube_FW_G4_V1.5.2, STM32Cube_FW_H5_V0.5.1, STM32Cube_FW_H5_V1.1.1, STM32Cube_FW_H5_V1.2.0, STM32Cube_FW_H5_V1.2.0RC4, STM32Cube_FW_H7RS_V1.0.0, STM32Cube_FW_H7RS_V1.0.0RC4, STM32Cube_FW_H7_V1.11.0, STM32Cube_FW_L0_V1.12.2, STM32Cube_FW_L5_V1.5.1, STM32Cube_FW_U0_V1.0.0, STM32Cube_FW_U0_V1.0.0RC1, STM32Cube_FW_U5_V1.3.0RC4, STM32Cube_FW_U5_V1.5.0, STM32Cube_FW_U5_V1.5.0RC1, STM32Cube_FW_WBA_V1.0.0RC1, STM32Cube_FW_WBA_V1.2.0, STM32Cube_FW_WBA_V1.2.0RC2, STM32Cube_FW_WBA_V1.3.0, STM32Cube_FW_WBA_V1.3.0RC1, STM32Cube_FW_WB_V1.15.0RC1, STM32Cube_FW_WB_V1.16.0, STM32Cube_FW_WB_V1.16.0RC2, STM32Cube_FW_WB_V1.18.0, STM32Cube_FW_WB_V1.19.0, STM32Cube_FW_WL_V1.3.0, X-CUBE-ALGOBUILD_V1.3.0, X-CUBE-ALS_V1.0.1, X-CUBE-AZRTOS-F4_V1.1.0, X-CUBE-AZRTOS-F7_V1.1.0, X-CUBE-AZRTOS-G0_V1.1.0, X-CUBE-AZRTOS-G4_V2.0.0, X-CUBE-AZRTOS-H7_V3.2.0, X-CUBE-AZRTOS-L4_V1.0.0, X-CUBE-AZRTOS-L4_V2.0.0, X-CUBE-AZRTOS-L5_V1.1.0, X-CUBE-AZRTOS-WB_V2.0.0, X-CUBE-AZRTOS-WL_V2.0.0, X-CUBE-BLE1_V7.0.0, X-CUBE-BLE2_V3.3.0, X-CUBE-BLEMGR_V3.1.0, X-CUBE-EEPRMA1_V4.1.0, X-CUBE-EEPRMA1_V5.1.0, X-CUBE-FREERTOS_V1.1.0, X-CUBE-GNSS1_V6.0.0, X-CUBE-MEMS1_V10.0.0, X-CUBE-MEMS1_V9.1.0, X-CUBE-MEMS1_V9.4.0, X-CUBE-MEMS1_V9.6.0, X-CUBE-NFC4_V3.0.0, X-CUBE-NFC7_V1.0.1, X-CUBE-SFXS2LP1_V4.0.0, X-CUBE-SUBG2_V5.0.0, X-CUBE-TOF1_V3.4.0]
2024-05-31 11:53:36,024 [INFO] ApiDb:240 - Found 483 in-development CPN: [B-G473E-ZEST1S, B-WB1M-WPAN1, B-WL5M-SUBG1, NUCLEO-C031C6, NUCLEO-H503RB, NUCLEO-H533RE, NUCLEO-H563ZI, NUCLEO-H7S3L8, NUCLEO-U031R8, NUCLEO-U083RC, NUCLEO-U545RE-Q, NUCLEO-U5A5ZJ-Q, NUCLEO-WBA52CG, NUCLEO-WBA55CG, STEVAL-PROTEUS1, STEVAL-SMARTAG2, STEVAL-STWINBX1, STM320518-EVAL, STM32C0116-DK, STM32C011D6Y3TR, STM32C011D6Y6TR, STM32C011F4P3, STM32C011F4P6, STM32C011F4U3, STM32C011F4U6TR, STM32C011F6P3, STM32C011F6P6, STM32C011F6U3, STM32C011F6U6TR, STM32C011J4M3, STM32C011J4M6, STM32C011J6M3, STM32C011J6M6, STM32C0316-DK, STM32C031C4T3, STM32C031C4T6, STM32C031C4U3, STM32C031C4U6, STM32C031C6T3, STM32C031C6T6, STM32C031C6U3, STM32C031C6U6, STM32C031F4P3, STM32C031F4P6, STM32C031F6P3, STM32C031F6P6, STM32C031G4U3, STM32C031G4U6, STM32C031G6U3, STM32C031G6U6, STM32C031K4T3, STM32C031K4T6, STM32C031K4U3, STM32C031K4U6, STM32C031K6T3, STM32C031K6T6, STM32C031K6U3, STM32C031K6U6, STM32G071K8TXN, STM32G071K8UXN, STM32G081GBU6N, STM32G081KBT6N, STM32G081KBUXN, STM32G0B1CCT6N, STM32G0B1KCT6, STM32G0B1NEY6TR, STM32G0B1RCT6N, STM32G0C1CCT6, STM32G0C1CCT6N, STM32G0C1CCU6N, STM32G0C1CET6N, STM32G0C1CEU6N, STM32G0C1KCT6, STM32G0C1NEY6TR, STM32G0C1RCI6N, STM32G0C1RCT6N, STM32G0C1REI6N, STM32G0C1RET6N, STM32G0C1VCI6, STM32G0C1VEI6, STM32G471CCT6, STM32G471CCU6, STM32G471CET3, STM32G471CET6, STM32G471CEU3, STM32G471CEU6, STM32G471MCT6, STM32G471MET3, STM32G471MET6, STM32G471MEY6TR, STM32G471QCT6, STM32G471QET3, STM32G471RCT6, STM32G471RET3, STM32G471RET6, STM32G471VCH6, STM32G471VCI6, STM32G471VCT6, STM32G471VEH3, STM32G471VEH6, STM32G471VEI3, STM32G471VEI6, STM32G471VET3, STM32G471VET6, STM32G474CCT6, STM32H503CBT6, STM32H503CBU6, STM32H503EBY6TR, STM32H503KBU6, STM32H503RBT6, STM32H523CCT6, STM32H523CCU6, STM32H523CET6, STM32H523CEU6, STM32H523HEY6TR, STM32H523RCT6, STM32H523RET6, STM32H523VCI6, STM32H523VCT6, STM32H523VEI6, STM32H523VET6, STM32H523ZCJ6, STM32H523ZCT6, STM32H523ZEJ6, STM32H523ZET6, STM32H533CET6, STM32H533CEU6, STM32H533HEY6TR, STM32H533RET6, STM32H533VEI6, STM32H533VET6, STM32H533ZEJ6, STM32H533ZET6, STM32H562AGI6, STM32H562AII6, STM32H562IGK6, STM32H562IGT6, STM32H562IIK6, STM32H562IIT6, STM32H562RGT6, STM32H562RGV6, STM32H562RIT6, STM32H562RIV6, STM32H562VGT6, STM32H562VIT6, STM32H562ZGT6, STM32H562ZIT6, STM32H563AGI6, STM32H563AII3Q, STM32H563AII6, STM32H563IGK6, STM32H563IGT6, STM32H563IIK3Q, STM32H563IIK6, STM32H563IIT3Q, STM32H563IIT6, STM32H563MIY3QTR, STM32H563RGT6, STM32H563RGV6, STM32H563RIT6, STM32H563RIV6, STM32H563VGT6, STM32H563VIT3Q, STM32H563VIT6, STM32H563ZGT6, STM32H563ZIT3Q, STM32H563ZIT6, STM32H573AII3Q, STM32H573AII6, STM32H573I-DK, STM32H573IIK3Q, STM32H573IIK6, STM32H573IIT3Q, STM32H573IIT6, STM32H573MIY3QTR, STM32H573RIT6, STM32H573RIV6, STM32H573VIT3Q, STM32H573VIT6, STM32H573ZIT3Q, STM32H573ZIT6, STM32H7R3A8I6, STM32H7R3I8K6, STM32H7R3I8T6, STM32H7R3L8H6, STM32H7R3L8H6H, STM32H7R3R8V6, STM32H7R3V8H6, STM32H7R3V8T6, STM32H7R3V8Y6, STM32H7R3Z8J6, STM32H7R3Z8T6, STM32H7R7A8I6, STM32H7R7I8K6, STM32H7R7I8T6, STM32H7R7L8H6, STM32H7R7L8H6H, STM32H7R7Z8J6, STM32H7S3A8I6, STM32H7S3I8K6, STM32H7S3I8T6, STM32H7S3L8H6, STM32H7S3L8H6H, STM32H7S3R8V6, STM32H7S3V8H6, STM32H7S3V8T6, STM32H7S3V8Y6, STM32H7S3Z8J6, STM32H7S3Z8T6, STM32H7S78-DK, STM32H7S7A8I6, STM32H7S7I8K6, STM32H7S7I8T6, STM32H7S7L8H6, STM32H7S7L8H6H, STM32H7S7Z8J6, STM32L4R5QGI6STR, STM32MP131AAE3, STM32MP131AAF3, STM32MP131AAG3, STM32MP131CAE3, STM32MP131CAF3, STM32MP131CAG3, STM32MP131DAE7, STM32MP131DAF7, STM32MP131DAG7, STM32MP131FAE7, STM32MP131FAF7, STM32MP131FAG7, STM32MP133AAE3, STM32MP133AAF3, STM32MP133AAG3, STM32MP133CAE3, STM32MP133CAF3, STM32MP133CAG3, STM32MP133DAE7, STM32MP133DAF7, STM32MP133DAG7, STM32MP133FAE7, STM32MP133FAF7, STM32MP133FAG7, STM32MP135AAE3, STM32MP135AAF3, STM32MP135AAG3, STM32MP135CAE3, STM32MP135CAF3, STM32MP135CAG3, STM32MP135DAE7, STM32MP135DAF7, STM32MP135DAG7, STM32MP135F-DK, STM32MP135FAE7, STM32MP135FAF7, STM32MP135FAF7T, STM32MP135FAF7U, STM32MP135FAG7, STM32U031C6T6, STM32U031C6U6, STM32U031C8T6, STM32U031C8U6, STM32U031F4P6, STM32U031F6P6, STM32U031F8P6, STM32U031G6Y6TR, STM32U031G8Y6TR, STM32U031K4U6, STM32U031K6U6, STM32U031K8U6, STM32U031R6I6, STM32U031R6T6, STM32U031R8I6, STM32U031R8T6, STM32U073C8T6, STM32U073C8U6, STM32U073CBT6, STM32U073CBU6, STM32U073CCT6, STM32U073CCU6, STM32U073H8Y6TR, STM32U073HBY6TR, STM32U073HCY6TR, STM32U073K8U6, STM32U073KBU6, STM32U073KCU6, STM32U073M8I6, STM32U073M8T6, STM32U073MBI6, STM32U073MBT6, STM32U073MCI6, STM32U073MCT6, STM32U073R8I6, STM32U073R8T6, STM32U073RBI6, STM32U073RBT6, STM32U073RCI6, STM32U073RCT6, STM32U083C-DK, STM32U083CCT6, STM32U083CCU6, STM32U083HCY6TR, STM32U083KCU6, STM32U083MCI6, STM32U083MCT6, STM32U083RCI6, STM32U083RCT6, STM32U535CBT6, STM32U535CBT6Q, STM32U535CBU6, STM32U535CBU6Q, STM32U535CCT6, STM32U535CCT6Q, STM32U535CCU6, STM32U535CCU6Q, STM32U535CET6, STM32U535CET6Q, STM32U535CEU6, STM32U535CEU6Q, STM32U535JEY6QTR, STM32U535NCY6QTR, STM32U535NEY6QTR, STM32U535RBI6, STM32U535RBI6Q, STM32U535RBT6, STM32U535RBT6Q, STM32U535RCI6, STM32U535RCI6Q, STM32U535RCT6, STM32U535RCT6Q, STM32U535REI6, STM32U535REI6Q, STM32U535RET6, STM32U535RET6Q, STM32U535VCI6, STM32U535VCI6Q, STM32U535VCT6, STM32U535VCT6Q, STM32U535VEI6, STM32U535VEI6Q, STM32U535VET6, STM32U535VET6Q, STM32U545CET6, STM32U545CET6Q, STM32U545CEU6, STM32U545CEU6Q, STM32U545JEY6QTR, STM32U545NEY6QTR, STM32U545REI6, STM32U545REI6Q, STM32U545RET6, STM32U545RET6Q, STM32U545VEI6, STM32U545VEI6Q, STM32U545VET6, STM32U545VET6Q, STM32U595AIH6, STM32U595AIH6Q, STM32U595AJH6, STM32U595AJH6Q, STM32U595QII6, STM32U595QII6Q, STM32U595QJI6, STM32U595QJI6Q, STM32U595RIT6, STM32U595RIT6Q, STM32U595RJT6, STM32U595RJT6Q, STM32U595VIT6, STM32U595VIT6Q, STM32U595VJT6, STM32U595VJT6Q, STM32U595ZIT6, STM32U595ZIT6Q, STM32U595ZIY6QTR, STM32U595ZJT6, STM32U595ZJT6Q, STM32U595ZJY6QTR, STM32U599BJY6QTR, STM32U599NIH6Q, STM32U599NJH6Q, STM32U599VIT6Q, STM32U599VJT6, STM32U599VJT6Q, STM32U599ZIT6Q, STM32U599ZIY6QTR, STM32U599ZJT6Q, STM32U599ZJY6QTR, STM32U5A5AJH6, STM32U5A5AJH6Q, STM32U5A5QII3Q , STM32U5A5QJI6, STM32U5A5QJI6Q, STM32U5A5RJT6, STM32U5A5RJT6Q, STM32U5A5VJT6, STM32U5A5VJT6Q, STM32U5A5ZJT6, STM32U5A5ZJT6Q, STM32U5A5ZJY6QTR, STM32U5A9BJY6QTR, STM32U5A9J-DK, STM32U5A9NJH6Q, STM32U5A9VJT6Q, STM32U5A9ZJT6Q, STM32U5A9ZJY6QTR, STM32U5F7VIT6, STM32U5F7VIT6Q, STM32U5F7VJT6, STM32U5F7VJT6Q, STM32U5F9BJY6QTR, STM32U5F9NJH6Q, STM32U5F9VIT6Q, STM32U5F9VJT6Q, STM32U5F9ZIJ6QTR, STM32U5F9ZIT6Q, STM32U5F9ZJJ6QTR, STM32U5F9ZJT6Q, STM32U5G7VJT6, STM32U5G7VJT6Q, STM32U5G9BJY6QTR, STM32U5G9J-DK1, STM32U5G9J-DK2, STM32U5G9NJH6Q, STM32U5G9VJT6Q, STM32U5G9ZJJ6QTR, STM32U5G9ZJT6Q, STM32WB1MMCH6, STM32WBA50KEU6, STM32WBA50KEU6TR, STM32WBA50KGU6, STM32WBA50KGU6TR, STM32WBA52CEU6, STM32WBA52CEU6TR, STM32WBA52CEU7, STM32WBA52CEU7TR, STM32WBA52CGU6, STM32WBA52CGU6TR, STM32WBA52CGU6U, STM32WBA52CGU7, STM32WBA52CGU7TR, STM32WBA52KEU6, STM32WBA52KEU6TR, STM32WBA52KGU6, STM32WBA52KGU6TR, STM32WBA54CEU6, STM32WBA54CEU6TR, STM32WBA54CEU7, STM32WBA54CEU7TR, STM32WBA54CGU6, STM32WBA54CGU6TR, STM32WBA54CGU7, STM32WBA54CGU7TR, STM32WBA54KEU6, STM32WBA54KEU6TR, STM32WBA54KEU7, STM32WBA54KEU7TR, STM32WBA54KGU6, STM32WBA54KGU6TR, STM32WBA54KGU7, STM32WBA54KGU7TR, STM32WBA55CEU6, STM32WBA55CEU6TR, STM32WBA55CEU7, STM32WBA55CEU7TR, STM32WBA55CGU6, STM32WBA55CGU6TR, STM32WBA55CGU6U, STM32WBA55CGU7, STM32WBA55CGU7TR, STM32WBA55G-DK1, STM32WBA55HEF6, STM32WBA55HEF7, STM32WBA55HGF6, STM32WBA55HGF7, STM32WBA55UEI6, STM32WBA55UEI6TR, STM32WBA55UEI7, STM32WBA55UEI7TR, STM32WBA55UGI6, STM32WBA55UGI6TR, STM32WBA55UGI7, STM32WBA55UGI7TR, STM32WL5MOCH6, STM32WL5MOCH6TR]
2024-05-31 11:53:36,027 [INFO] DbMcus:218 - Found 4096 MCUs, 4096 are supported
2024-05-31 11:53:36,027 [INFO] ApiDb:423 - Load user favorites file C:\Users\king/.stm32cubeide/favorites.mcus.txt: 2 item(s)
2024-05-31 11:53:36,027 [INFO] ApiDb:427 - User favorites MCUs=[STM32F103C6T6A, STM32F103C8T6]
2024-05-31 11:53:36,027 [INFO] DbMcus:224 - Set 2 / 2 favorites MCUs
2024-05-31 11:53:36,279 [INFO] ApiDb:423 - Load user favorites file C:\Users\king/.stm32cubeide/favorites.boards.txt: 0 item(s)
2024-05-31 11:53:36,279 [INFO] ApiDb:427 - User favorites Boards=[]
2024-05-31 11:53:36,280 [INFO] DbBoards:198 - Set 0 / 0 favorites Boards
2024-05-31 11:53:36,320 [INFO] UtilMem:75 - End LoadConfig() Used Memory: 940535744 Bytes (1073741824)
2024-05-31 11:53:36,438 [WARN] ThirdParty:833 - waiting for thirdparty lock release [change project]
2024-05-31 11:53:36,439 [INFO] ThirdParty:835 - entering critical section [change project]
2024-05-31 11:53:36,439 [INFO] ThirdParty:1030 - CMSIS Pack Vendor :STMicroelectronics USBPD 4.1
2024-05-31 11:53:36,439 [INFO] ThirdParty:1030 - CMSIS Pack Vendor :STMicroelectronics X-CUBE-GNSS1 6.0.0
2024-05-31 11:53:36,439 [INFO] ThirdParty:1030 - CMSIS Pack Vendor :STMicroelectronics USB_HOST 2.0.0
2024-05-31 11:53:36,439 [INFO] ThirdParty:1030 - CMSIS Pack Vendor :STMicroelectronics X-CUBE-AZRTOS-F4 1.1.0
2024-05-31 11:53:36,439 [INFO] ThirdParty:1030 - CMSIS Pack Vendor :STMicroelectronics LIBJPEG 8.0.0
2024-05-31 11:53:36,439 [INFO] ThirdParty:1030 - CMSIS Pack Vendor :STMicroelectronics X-CUBE-SMBUS 2.1.0
2024-05-31 11:53:36,439 [INFO] ThirdParty:1030 - CMSIS Pack Vendor :STMicroelectronics USB_DEVICE 3.0.0
2024-05-31 11:53:36,439 [INFO] ThirdParty:1030 - CMSIS Pack Vendor :STMicroelectronics X-CUBE-AZRTOS-WB 2.0.0
2024-05-31 11:53:36,439 [INFO] ThirdParty:1030 - CMSIS Pack Vendor :STMicroelectronics X-CUBE-TOUCHGFX 4.23.0
2024-05-31 11:53:36,439 [INFO] ThirdParty:1030 - CMSIS Pack Vendor :STMicroelectronics X-CUBE-AZRTOS-F7 1.1.0
2024-05-31 11:53:36,439 [INFO] ThirdParty:1030 - CMSIS Pack Vendor :STMicroelectronics X-CUBE-AZRTOS-L5 2.0.0
2024-05-31 11:53:36,439 [INFO] ThirdParty:1030 - CMSIS Pack Vendor :STMicroelectronics USB_DEVICE 2.0.0
2024-05-31 11:53:36,439 [INFO] ThirdParty:1030 - CMSIS Pack Vendor :ITTIA_DB I-CUBE-ITTIADB 8.8.0
2024-05-31 11:53:36,439 [INFO] ThirdParty:1030 - CMSIS Pack Vendor :STMicroelectronics FP-SNS-MOTENV1 4.3.2
2024-05-31 11:53:36,439 [INFO] ThirdParty:1030 - CMSIS Pack Vendor :STMicroelectronics X-CUBE-ALGOBUILD 1.3.0
2024-05-31 11:53:36,439 [INFO] ThirdParty:1030 - CMSIS Pack Vendor :STMicroelectronics FreeRTOS 0.0.1
2024-05-31 11:53:36,440 [INFO] ThirdParty:1030 - CMSIS Pack Vendor :STMicroelectronics X-CUBE-AZRTOS-G0 1.1.0
2024-05-31 11:53:36,440 [INFO] ThirdParty:1030 - CMSIS Pack Vendor :STMicroelectronics X-CUBE-NFC4 3.0.0
2024-05-31 11:53:36,440 [INFO] ThirdParty:1030 - CMSIS Pack Vendor :STMicroelectronics X-CUBE-SUBG2 5.0.0
2024-05-31 11:53:36,440 [INFO] ThirdParty:1030 - CMSIS Pack Vendor :STMicroelectronics STM32_WPAN 1.0.0
2024-05-31 11:53:36,440 [INFO] ThirdParty:1030 - CMSIS Pack Vendor :wolfSSL I-CUBE-wolfMQTT 1.18.0
2024-05-31 11:53:36,440 [INFO] ThirdParty:1030 - CMSIS Pack Vendor :STMicroelectronics lwIP 2.0.3
2024-05-31 11:53:36,440 [INFO] ThirdParty:1030 - CMSIS Pack Vendor :STMicroelectronics FP-SNS-FLIGHT1 5.0.2
2024-05-31 11:53:36,440 [INFO] ThirdParty:1030 - CMSIS Pack Vendor :STMicroelectronics USB_HOST 1.0.0
2024-05-31 11:53:36,440 [INFO] ThirdParty:1030 - CMSIS Pack Vendor :STMicroelectronics X-CUBE-AZRTOS-G4 2.0.0
2024-05-31 11:53:36,440 [INFO] ThirdParty:1030 - CMSIS Pack Vendor :STMicroelectronics PDM2PCM 3.1.0
2024-05-31 11:53:36,440 [INFO] ThirdParty:1030 - CMSIS Pack Vendor :STMicroelectronics X-CUBE-BLEMGR 3.0.0
2024-05-31 11:53:36,440 [INFO] ThirdParty:1030 - CMSIS Pack Vendor :STMicroelectronics PDM2PCM 3.3.0
2024-05-31 11:53:36,440 [INFO] ThirdParty:1030 - CMSIS Pack Vendor :STMicroelectronics X-CUBE-DISPLAY 3.0.0
2024-05-31 11:53:36,440 [INFO] ThirdParty:1030 - CMSIS Pack Vendor :STMicroelectronics FP-SNS-MOTENVWB1 1.3.1
2024-05-31 11:53:36,440 [INFO] ThirdParty:1030 - CMSIS Pack Vendor :STMicroelectronics X-CUBE-BLE1 7.0.0
2024-05-31 11:53:36,440 [INFO] ThirdParty:1030 - CMSIS Pack Vendor :STMicroelectronics FP-ATR-SIGFOX1 3.2.0
2024-05-31 11:53:36,440 [INFO] ThirdParty:1030 - CMSIS Pack Vendor :STMicroelectronics X-CUBE-ISPU 2.0.0
2024-05-31 11:53:36,440 [INFO] ThirdParty:1030 - CMSIS Pack Vendor :STMicroelectronics X-CUBE-EEPRMA1 5.1.0
2024-05-31 11:53:36,440 [INFO] ThirdParty:1030 - CMSIS Pack Vendor :STMicroelectronics HAL Drivers 0.0.0
2024-05-31 11:53:36,440 [INFO] ThirdParty:1030 - CMSIS Pack Vendor :STMicroelectronics MBEDTLS 2.16.2
2024-05-31 11:53:36,441 [INFO] ThirdParty:1030 - CMSIS Pack Vendor :STMicroelectronics X-CUBE-ALS 1.0.2
2024-05-31 11:53:36,441 [INFO] ThirdParty:1030 - CMSIS Pack Vendor :emotas I-CUBE-CANOPEN 1.3.0
2024-05-31 11:53:36,441 [INFO] ThirdParty:1030 - CMSIS Pack Vendor :STMicroelectronics X-CUBE-MEMS1 10.0.0
2024-05-31 11:53:36,441 [INFO] ThirdParty:1030 - CMSIS Pack Vendor :STMicroelectronics X-CUBE-FREERTOS 1.1.0
2024-05-31 11:53:36,441 [INFO] ThirdParty:1030 - CMSIS Pack Vendor :STMicroelectronics X-CUBE-NFC7 1.0.1
2024-05-31 11:53:36,441 [INFO] ThirdParty:1030 - CMSIS Pack Vendor :STMicroelectronics MBEDTLS 2.14.1
2024-05-31 11:53:36,441 [INFO] ThirdParty:1030 - CMSIS Pack Vendor :STMicroelectronics X-CUBE-NFC6 3.0.0
2024-05-31 11:53:36,441 [INFO] ThirdParty:1030 - CMSIS Pack Vendor :portGmbH I-Cube-SoM-uGOAL 1.1.0
2024-05-31 11:53:36,441 [INFO] ThirdParty:1030 - CMSIS Pack Vendor :STMicroelectronics X-CUBE-ALS 1.0.1
2024-05-31 11:53:36,441 [INFO] ThirdParty:1030 - CMSIS Pack Vendor :STMicroelectronics ThreadX 1.0.0
2024-05-31 11:53:36,441 [INFO] ThirdParty:1030 - CMSIS Pack Vendor :STMicroelectronics FP-SNS-SMARTAG2 1.2.0
2024-05-31 11:53:36,441 [INFO] ThirdParty:1030 - CMSIS Pack Vendor :STMicroelectronics X-CUBE-AZRTOS-WL 2.0.0
2024-05-31 11:53:36,441 [INFO] ThirdParty:1030 - CMSIS Pack Vendor :SEGGER I-CUBE-embOS 1.3.1
2024-05-31 11:53:36,441 [INFO] ThirdParty:1030 - CMSIS Pack Vendor :STMicroelectronics X-CUBE-ALGOBUILD 1.4.0
2024-05-31 11:53:36,441 [INFO] ThirdParty:1030 - CMSIS Pack Vendor :STMicroelectronics USB_DEVICE 1.0.0
2024-05-31 11:53:36,441 [INFO] ThirdParty:1030 - CMSIS Pack Vendor :STMicroelectronics X-CUBE-AI 8.1.0
2024-05-31 11:53:36,441 [INFO] ThirdParty:1030 - CMSIS Pack Vendor :STMicroelectronics X-CUBE-AZRTOS-L4 2.0.0
2024-05-31 11:53:36,441 [INFO] ThirdParty:1030 - CMSIS Pack Vendor :STMicroelectronics ThreadX 0.0.2
2024-05-31 11:53:36,441 [INFO] ThirdParty:1030 - CMSIS Pack Vendor :STMicroelectronics FP-ATR-ASTRA1 2.0.0
2024-05-31 11:53:36,441 [INFO] ThirdParty:1030 - CMSIS Pack Vendor :STMicroelectronics lwIP 2.1.2
2024-05-31 11:53:36,441 [INFO] ThirdParty:1030 - CMSIS Pack Vendor :STMicroelectronics X-CUBE-SFXS2LP1 4.0.0
2024-05-31 11:53:36,441 [INFO] ThirdParty:1030 - CMSIS Pack Vendor :STMicroelectronics X-CUBE-BLE2 3.3.0
2024-05-31 11:53:36,441 [INFO] ThirdParty:1030 - CMSIS Pack Vendor :STMicroelectronics X-CUBE-TOF1 3.4.0
2024-05-31 11:53:36,441 [INFO] ThirdParty:1030 - CMSIS Pack Vendor :STMicroelectronics X-CUBE-AZRTOS-H7 3.2.0
2024-05-31 11:53:36,441 [INFO] ThirdParty:1030 - CMSIS Pack Vendor :STMicroelectronics PDM2PCM 3.2.0
2024-05-31 11:53:36,442 [INFO] ThirdParty:841 - exiting critical section [change project]
2024-05-31 11:53:36,791 [INFO] PinOutPanel:1561 - setPackage(No Configuration,No Configuration)
2024-05-31 11:53:36,792 [INFO] PinOutPanel:1561 - setPackage(STM32F407VETx,LQFP100)
2024-05-31 11:53:37,066 [INFO] UtilMem:75 - Before build in PCC Used Memory: 878743200 Bytes (1073741824)
2024-05-31 11:53:37,654 [INFO] UtilMem:75 - After build in PCC Used Memory: 844297272 Bytes (1073741824)
2024-05-31 11:53:37,681 [INFO] IPUIPlugin:80 - create IPUIPlugin
2024-05-31 11:53:37,682 [INFO] IPUIPlugin:80 - create IPUIPlugin
2024-05-31 11:53:37,682 [INFO] IPUIPlugin:80 - create IPUIPlugin
2024-05-31 11:53:37,682 [INFO] IPUIPlugin:80 - create IPUIPlugin
2024-05-31 11:53:37,682 [INFO] IPUIPlugin:80 - create IPUIPlugin
2024-05-31 11:53:37,682 [INFO] IPUIPlugin:80 - create IPUIPlugin
2024-05-31 11:53:37,682 [INFO] IPUIPlugin:80 - create IPUIPlugin
2024-05-31 11:53:37,682 [INFO] IPUIPlugin:80 - create IPUIPlugin
2024-05-31 11:53:37,682 [INFO] IPUIPlugin:80 - create IPUIPlugin
2024-05-31 11:53:37,682 [INFO] IPUIPlugin:80 - create IPUIPlugin
2024-05-31 11:53:37,682 [INFO] IPUIPlugin:80 - create IPUIPlugin
2024-05-31 11:53:37,682 [INFO] IPUIPlugin:80 - create IPUIPlugin
2024-05-31 11:53:37,682 [INFO] IPUIPlugin:80 - create IPUIPlugin
2024-05-31 11:53:37,682 [INFO] IPUIPlugin:80 - create IPUIPlugin
2024-05-31 11:53:37,683 [INFO] IPUIPlugin:80 - create IPUIPlugin
2024-05-31 11:53:37,683 [INFO] IPUIPlugin:80 - create IPUIPlugin
2024-05-31 11:53:37,683 [INFO] IPUIPlugin:80 - create IPUIPlugin
2024-05-31 11:53:37,683 [INFO] IPUIPlugin:80 - create IPUIPlugin
2024-05-31 11:53:37,683 [INFO] IPUIPlugin:80 - create IPUIPlugin
2024-05-31 11:53:37,683 [INFO] IPUIPlugin:80 - create IPUIPlugin
2024-05-31 11:53:37,683 [INFO] IPUIPlugin:80 - create IPUIPlugin
2024-05-31 11:53:37,684 [INFO] IPUIPlugin:80 - create IPUIPlugin
2024-05-31 11:53:37,684 [INFO] IPUIPlugin:80 - create IPUIPlugin
2024-05-31 11:53:37,684 [INFO] IPUIPlugin:80 - create IPUIPlugin
2024-05-31 11:53:37,684 [INFO] IPUIPlugin:80 - create IPUIPlugin
2024-05-31 11:53:37,684 [INFO] IPUIPlugin:80 - create IPUIPlugin
2024-05-31 11:53:37,685 [INFO] IPUIPlugin:80 - create IPUIPlugin
2024-05-31 11:53:37,685 [INFO] IPUIPlugin:80 - create IPUIPlugin
2024-05-31 11:53:37,685 [INFO] IPUIPlugin:80 - create IPUIPlugin
2024-05-31 11:53:37,685 [INFO] IPUIPlugin:80 - create IPUIPlugin
2024-05-31 11:53:37,685 [INFO] IPUIPlugin:80 - create IPUIPlugin
2024-05-31 11:53:37,685 [INFO] IPUIPlugin:80 - create IPUIPlugin
2024-05-31 11:53:37,685 [INFO] IPUIPlugin:80 - create IPUIPlugin
2024-05-31 11:53:37,686 [INFO] IPUIPlugin:80 - create IPUIPlugin
2024-05-31 11:53:37,686 [INFO] IPUIPlugin:80 - create IPUIPlugin
2024-05-31 11:53:37,686 [INFO] IPUIPlugin:80 - create IPUIPlugin
2024-05-31 11:53:37,686 [INFO] IPUIPlugin:80 - create IPUIPlugin
2024-05-31 11:53:37,686 [INFO] IPUIPlugin:80 - create IPUIPlugin
2024-05-31 11:53:37,687 [INFO] IPUIPlugin:80 - create IPUIPlugin
2024-05-31 11:53:37,687 [INFO] IPUIPlugin:80 - create IPUIPlugin
2024-05-31 11:53:37,687 [INFO] IPUIPlugin:80 - create IPUIPlugin
2024-05-31 11:53:37,687 [INFO] IPUIPlugin:80 - create IPUIPlugin
2024-05-31 11:53:37,687 [INFO] IPUIPlugin:80 - create IPUIPlugin
2024-05-31 11:53:37,687 [INFO] IPUIPlugin:80 - create IPUIPlugin
2024-05-31 11:53:37,687 [INFO] IPUIPlugin:80 - create IPUIPlugin
2024-05-31 11:53:37,687 [INFO] IPUIPlugin:80 - create IPUIPlugin
2024-05-31 11:53:37,688 [INFO] IPUIPlugin:80 - create IPUIPlugin
2024-05-31 11:53:37,688 [INFO] IPUIPlugin:80 - create IPUIPlugin
2024-05-31 11:53:37,688 [INFO] IPUIPlugin:80 - create IPUIPlugin
2024-05-31 11:53:37,689 [INFO] IPUIPlugin:80 - create IPUIPlugin
2024-05-31 11:53:37,689 [INFO] IPUIPlugin:80 - create IPUIPlugin
2024-05-31 11:53:37,689 [INFO] IPUIPlugin:80 - create IPUIPlugin
2024-05-31 11:53:37,689 [INFO] IPUIPlugin:80 - create IPUIPlugin
2024-05-31 11:53:37,690 [INFO] IPUIPlugin:80 - create IPUIPlugin
2024-05-31 11:53:37,690 [INFO] IPUIPlugin:80 - create IPUIPlugin
2024-05-31 11:53:37,691 [INFO] IPUIPlugin:80 - create IPUIPlugin
2024-05-31 11:53:37,691 [INFO] IPUIPlugin:80 - create IPUIPlugin
2024-05-31 11:53:37,691 [INFO] IPUIPlugin:80 - create IPUIPlugin
2024-05-31 11:53:37,768 [INFO] ApiDbMcu:508 - Load IP Config File for PDM2PCM
2024-05-31 11:53:37,918 [INFO] CADModel:165 - CPN selected for project levelSTM32F407VET6
2024-05-31 11:53:37,918 [INFO] CADModel:114 - Register for checkConnection events
2024-05-31 11:53:37,956 [INFO] OpenFileManager:343 - Restore cursor
2024-05-31 11:56:09,063 [INFO] MainUpdater:2873 - connection check result : 10
2024-05-31 11:56:09,063 [INFO] MainUpdater:2873 - connection check result : 10
2024-05-31 11:56:09,107 [INFO] MicroXplorer:468 - Change Database Path : 
2024-05-31 11:56:09,107 [INFO] MicroXplorer:498 - Change Database Version : DB.6.0.111
2024-05-31 11:56:09,113 [ERROR] ProjectManagerView:394 - 
java.lang.NullPointerException: Cannot invoke "javax.swing.JTextField.getText()" because the return value of "java.util.List.get(int)" is null
	at com.st.microxplorer.plugins.projectmanager.gui.ProjectChoiceTab$10.caretUpdate(ProjectChoiceTab.java:2504) ~[filemanager.jar:?]
	at javax.swing.text.JTextComponent.fireCaretUpdate(JTextComponent.java:412) ~[?:?]
	at javax.swing.text.JTextComponent$MutableCaretEvent.fire(JTextComponent.java:4491) ~[?:?]
	at javax.swing.text.JTextComponent$MutableCaretEvent.stateChanged(JTextComponent.java:4513) ~[?:?]
	at javax.swing.text.DefaultCaret.fireStateChanged(DefaultCaret.java:842) ~[?:?]
	at javax.swing.text.DefaultCaret.changeCaretPosition(DefaultCaret.java:1313) ~[?:?]
	at javax.swing.text.DefaultCaret.handleSetDot(DefaultCaret.java:1212) ~[?:?]
	at javax.swing.text.DefaultCaret.setDot(DefaultCaret.java:1193) ~[?:?]
	at javax.swing.text.DefaultCaret$Handler.insertUpdate(DefaultCaret.java:1789) ~[?:?]
	at javax.swing.text.AbstractDocument.fireInsertUpdate(AbstractDocument.java:226) ~[?:?]
	at javax.swing.text.AbstractDocument.handleInsertString(AbstractDocument.java:780) ~[?:?]
	at javax.swing.text.AbstractDocument.insertString(AbstractDocument.java:739) ~[?:?]
	at javax.swing.text.PlainDocument.insertString(PlainDocument.java:131) ~[?:?]
	at javax.swing.text.AbstractDocument.replace(AbstractDocument.java:698) ~[?:?]
	at javax.swing.text.JTextComponent.setText(JTextComponent.java:1729) ~[?:?]
	at com.st.microxplorer.plugins.projectmanager.gui.ProjectChoiceTab.createHeapStackFields(ProjectChoiceTab.java:944) ~[filemanager.jar:?]
	at com.st.microxplorer.plugins.projectmanager.gui.ProjectChoiceTab.buildLinkSettingsPanel(ProjectChoiceTab.java:3475) ~[filemanager.jar:?]
	at com.st.microxplorer.plugins.projectmanager.gui.ProjectChoiceTab.defineWindowsFields(ProjectChoiceTab.java:1816) ~[filemanager.jar:?]
	at com.st.microxplorer.plugins.projectmanager.gui.ProjectChoiceTab.updateSettings(ProjectChoiceTab.java:544) ~[filemanager.jar:?]
	at com.st.microxplorer.plugins.projectmanager.gui.ProjectSettingsPanel.UpdateDialog(ProjectSettingsPanel.java:245) ~[filemanager.jar:?]
	at com.st.microxplorer.plugins.projectmanager.ProjectManagerView.propertyChange(ProjectManagerView.java:391) ~[filemanager.jar:?]
	at java.beans.PropertyChangeSupport.fire(PropertyChangeSupport.java:343) ~[?:?]
	at java.beans.PropertyChangeSupport.firePropertyChange(PropertyChangeSupport.java:335) ~[?:?]
	at java.beans.PropertyChangeSupport.firePropertyChange(PropertyChangeSupport.java:268) ~[?:?]
	at com.st.microxplorer.util.MXPropertyChangeSupport.firePropertyChange(MXPropertyChangeSupport.java:54) ~[STM32CubeMX.jar:?]
	at com.st.microxplorer.mxsystem.MxSystem.closeConfig(MxSystem.java:900) ~[STM32CubeMX.jar:?]
	at com.st.microxplorer.maingui.MainPanel.closeConfig(MainPanel.java:776) ~[STM32CubeMX.jar:?]
	at com.st.microxplorer.plugins.filemanager.engine.OpenFileManager.loadConfigurationFile(OpenFileManager.java:245) ~[filemanager.jar:?]
	at com.st.microxplorer.plugins.filemanager.engine.MainFileManager.userLoadConfig(MainFileManager.java:315) ~[filemanager.jar:?]
	at com.st.microxplorer.plugins.filemanager.engine.MainFileManager.userLoadConfig(MainFileManager.java:293) ~[filemanager.jar:?]
	at com.st.microxplorer.plugins.filemanager.FileManagerView.getSpecificTask(FileManagerView.java:247) ~[filemanager.jar:?]
	at com.st.stm32cube.common.mx.editor.CubeMxEditor.getMxTabbedPaneInstance(CubeMxEditor.java:1198) ~[com.st.stm32cube.common.mx_6.11.1.202404110753/:?]
	at com.st.stm32cube.common.mx.editor.CubeMxEditor$12$1.createSwingComponent(CubeMxEditor.java:1068) ~[com.st.stm32cube.common.mx_6.11.1.202404110753/:?]
	at com.st.stm32cube.common.mx.oss.core.awtswtbridge.EmbeddedSwingComposite.doComponentCreation(EmbeddedSwingComposite.java:492) ~[com.st.stm32cube.common.mx.oss_6.11.1.202404110753/:?]
	at com.st.stm32cube.common.mx.oss.core.awtswtbridge.EmbeddedSwingComposite$4.run(EmbeddedSwingComposite.java:291) ~[com.st.stm32cube.common.mx.oss_6.11.1.202404110753/:?]
	at com.st.stm32cube.common.mx.oss.core.awtswtbridge.AwtEnvironment$2.run(AwtEnvironment.java:166) ~[com.st.stm32cube.common.mx.oss_6.11.1.202404110753/:?]
	at java.awt.event.InvocationEvent.dispatch(InvocationEvent.java:318) ~[?:?]
	at java.awt.EventQueue.dispatchEventImpl(EventQueue.java:773) ~[?:?]
	at java.awt.EventQueue$4.run(EventQueue.java:720) ~[?:?]
	at java.awt.EventQueue$4.run(EventQueue.java:714) ~[?:?]
	at java.security.AccessController.doPrivileged(AccessController.java:399) ~[?:?]
	at java.security.ProtectionDomain$JavaSecurityAccessImpl.doIntersectionPrivilege(ProtectionDomain.java:86) ~[?:?]
	at java.awt.EventQueue.dispatchEvent(EventQueue.java:742) ~[?:?]
	at java.awt.EventDispatchThread.pumpOneEventForFilters(EventDispatchThread.java:203) ~[?:?]
	at java.awt.EventDispatchThread.pumpEventsForFilter(EventDispatchThread.java:124) ~[?:?]
	at java.awt.EventDispatchThread.pumpEventsForHierarchy(EventDispatchThread.java:113) ~[?:?]
	at java.awt.EventDispatchThread.pumpEvents(EventDispatchThread.java:109) ~[?:?]
	at java.awt.EventDispatchThread.pumpEvents(EventDispatchThread.java:101) ~[?:?]
	at java.awt.EventDispatchThread.run(EventDispatchThread.java:90) ~[?:?]
2024-05-31 11:56:09,118 [WARN] ThirdParty:871 - waiting for thirdparty lock release [close project]
2024-05-31 11:56:09,118 [INFO] ThirdParty:873 - entering critical section [close project]
2024-05-31 11:56:09,118 [INFO] ThirdParty:883 - exiting critical section [close project]
2024-05-31 11:56:09,119 [INFO] PinOutPanel:1561 - setPackage(No Configuration,No Configuration)
2024-05-31 11:56:09,128 [WARN] IpParametersView:151 - Warning: This peripheral hasn't parameters
2024-05-31 11:56:09,136 [WARN] MainPanel:272 - <html><b><center>Warning: This peripheral has no parameters to be configured<br></b></html>
2024-05-31 11:56:09,142 [INFO] UtilMem:75 - Begin LoadConfig() Used Memory: 815092448 Bytes (1073741824)
2024-05-31 11:56:13,013 [INFO] ServerAccessManage:473 - Download File stm32cube_db_v60100.zip
2024-05-31 11:56:14,689 [INFO] FileExtend:240 - Unzip File : stm32cube_db_v60100.zip
2024-05-31 11:56:14,689 [INFO] FileExtend:255 - Standard Zip Deflate
2024-05-31 11:56:21,009 [INFO] LoadServerPackagesThread:196 - End of LoadServerPackages Thread
2024-05-31 11:56:21,146 [INFO] CheckServerUpdateThread:120 - End of CheckServer Thread
2024-05-31 11:56:21,157 [INFO] MicroXplorer:468 - Change Database Path : C:/Users/king/.stm32cubemx/databases/DB.6.0.100/db/
2024-05-31 11:56:21,157 [INFO] MicroXplorer:498 - Change Database Version : DB.6.0.100
2024-05-31 11:56:21,157 [INFO] OpenFileManager:312 - Change cursor
2024-05-31 11:56:21,162 [INFO] Mcu:2021 - Initializing MCU STM32F103C(4-6)Tx STM32F103C6Tx STM32F103C6T6A
2024-05-31 11:56:21,555 [INFO] Context:663 - Trying to add GPIOservice into a context  which must be forbidden
2024-05-31 11:56:21,644 [INFO] RtosManager:555 - Registered RTOS mode: class=CMSIS, group=RTOS, mode=CMSIS_V1, owner=FREERTOS
2024-05-31 11:56:21,644 [INFO] RtosManager:555 - Registered RTOS mode: class=CMSIS, group=RTOS2, mode=CMSIS_V2, owner=FREERTOS
2024-05-31 11:56:21,644 [INFO] RtosManager:555 - Registered RTOS mode: class=RTOS, group=Core, mode=CMSIS_V1, owner=FREERTOS
2024-05-31 11:56:21,644 [INFO] RtosManager:555 - Registered RTOS mode: class=RTOS, group=Core, mode=CMSIS_V2, owner=FREERTOS
2024-05-31 11:56:21,644 [WARN] ModelIntegratedComponent:184 - Missing modes for component STMicroelectronics:FreeRTOS:0.0.1:STMicroelectronics:RTOS:FreeRTOS:Core:::10.2.0:
2024-05-31 11:56:21,650 [WARN] ModelIntegratedComponent:63 - No mode defined for component null
2024-05-31 11:56:21,650 [WARN] ModelIntegratedComponent:63 - No mode defined for component null
2024-05-31 11:56:21,650 [WARN] ModelIntegratedComponent:63 - No mode defined for component null
2024-05-31 11:56:21,650 [WARN] ModelIntegratedComponent:63 - No mode defined for component null
2024-05-31 11:56:21,650 [WARN] ModelIntegratedComponent:63 - No mode defined for component null
2024-05-31 11:56:21,650 [WARN] ModelIntegratedComponent:63 - No mode defined for component null
2024-05-31 11:56:21,650 [WARN] ModelIntegratedComponent:63 - No mode defined for component null
2024-05-31 11:56:21,650 [WARN] ModelIntegratedComponent:63 - No mode defined for component null
2024-05-31 11:56:21,650 [WARN] ModelIntegratedComponent:63 - No mode defined for component null
2024-05-31 11:56:21,650 [WARN] ModelIntegratedComponent:63 - No mode defined for component null
2024-05-31 11:56:21,650 [WARN] ModelIntegratedComponent:63 - No mode defined for component null
2024-05-31 11:56:21,650 [WARN] ModelIntegratedComponent:63 - No mode defined for component null
2024-05-31 11:56:21,650 [WARN] ModelIntegratedComponent:63 - No mode defined for component null
2024-05-31 11:56:21,650 [WARN] ModelIntegratedComponent:63 - No mode defined for component null
2024-05-31 11:56:21,650 [WARN] ModelIntegratedComponent:63 - No mode defined for component null
2024-05-31 11:56:21,650 [WARN] ModelIntegratedComponent:63 - No mode defined for component null
2024-05-31 11:56:21,650 [WARN] ModelIntegratedComponent:63 - No mode defined for component null
2024-05-31 11:56:21,650 [WARN] ModelIntegratedComponent:63 - No mode defined for component null
2024-05-31 11:56:21,651 [WARN] ModelIntegratedComponent:63 - No mode defined for component null
2024-05-31 11:56:21,651 [WARN] ModelIntegratedComponent:63 - No mode defined for component null
2024-05-31 11:56:21,651 [WARN] ModelIntegratedComponent:63 - No mode defined for component null
2024-05-31 11:56:21,651 [WARN] ModelIntegratedComponent:63 - No mode defined for component null
2024-05-31 11:56:21,651 [WARN] ModelIntegratedComponent:63 - No mode defined for component null
2024-05-31 11:56:21,651 [WARN] ModelIntegratedComponent:63 - No mode defined for component null
2024-05-31 11:56:21,651 [WARN] ModelIntegratedComponent:63 - No mode defined for component null
2024-05-31 11:56:21,651 [WARN] ModelIntegratedComponent:63 - No mode defined for component null
2024-05-31 11:56:21,651 [WARN] ModelIntegratedComponent:63 - No mode defined for component null
2024-05-31 11:56:21,651 [WARN] ModelIntegratedComponent:63 - No mode defined for component null
2024-05-31 11:56:21,651 [WARN] ModelIntegratedComponent:63 - No mode defined for component null
2024-05-31 11:56:21,651 [WARN] ModelIntegratedComponent:63 - No mode defined for component null
2024-05-31 11:56:21,651 [WARN] ModelIntegratedComponent:63 - No mode defined for component null
2024-05-31 11:56:21,651 [WARN] ModelIntegratedComponent:63 - No mode defined for component null
2024-05-31 11:56:21,651 [WARN] ModelIntegratedComponent:63 - No mode defined for component null
2024-05-31 11:56:21,651 [WARN] ModelIntegratedComponent:63 - No mode defined for component null
2024-05-31 11:56:21,711 [INFO] ThirdPartyModel:298 - Start build external matchings
2024-05-31 11:56:21,860 [INFO] ThirdPartyModel:316 - End build external matchings
2024-05-31 11:56:22,032 [INFO] UtilMem:75 - End LoadConfig() Used Memory: 889126816 Bytes (1073741824)
2024-05-31 11:56:22,128 [WARN] ThirdParty:833 - waiting for thirdparty lock release [change project]
2024-05-31 11:56:22,128 [INFO] ThirdParty:835 - entering critical section [change project]
2024-05-31 11:56:22,128 [INFO] ThirdParty:1030 - CMSIS Pack Vendor :STMicroelectronics USBPD 4.1
2024-05-31 11:56:22,128 [INFO] ThirdParty:1030 - CMSIS Pack Vendor :STMicroelectronics X-CUBE-GNSS1 6.0.0
2024-05-31 11:56:22,128 [INFO] ThirdParty:1030 - CMSIS Pack Vendor :STMicroelectronics USB_HOST 2.0.0
2024-05-31 11:56:22,128 [INFO] ThirdParty:1030 - CMSIS Pack Vendor :STMicroelectronics X-CUBE-AZRTOS-F4 1.1.0
2024-05-31 11:56:22,128 [INFO] ThirdParty:1030 - CMSIS Pack Vendor :STMicroelectronics LIBJPEG 8.0.0
2024-05-31 11:56:22,129 [INFO] ThirdParty:1030 - CMSIS Pack Vendor :STMicroelectronics X-CUBE-SMBUS 2.1.0
2024-05-31 11:56:22,129 [INFO] ThirdParty:1030 - CMSIS Pack Vendor :STMicroelectronics USB_DEVICE 3.0.0
2024-05-31 11:56:22,129 [INFO] ThirdParty:1030 - CMSIS Pack Vendor :STMicroelectronics X-CUBE-AZRTOS-WB 2.0.0
2024-05-31 11:56:22,129 [INFO] ThirdParty:1030 - CMSIS Pack Vendor :STMicroelectronics X-CUBE-TOUCHGFX 4.23.0
2024-05-31 11:56:22,129 [INFO] ThirdParty:1030 - CMSIS Pack Vendor :STMicroelectronics X-CUBE-AZRTOS-F7 1.1.0
2024-05-31 11:56:22,129 [INFO] ThirdParty:1030 - CMSIS Pack Vendor :STMicroelectronics X-CUBE-AZRTOS-L5 2.0.0
2024-05-31 11:56:22,129 [INFO] ThirdParty:1030 - CMSIS Pack Vendor :STMicroelectronics USB_DEVICE 2.0.0
2024-05-31 11:56:22,129 [INFO] ThirdParty:1030 - CMSIS Pack Vendor :ITTIA_DB I-CUBE-ITTIADB 8.8.0
2024-05-31 11:56:22,129 [INFO] ThirdParty:1030 - CMSIS Pack Vendor :STMicroelectronics FP-SNS-MOTENV1 4.3.2
2024-05-31 11:56:22,129 [INFO] ThirdParty:1030 - CMSIS Pack Vendor :STMicroelectronics X-CUBE-ALGOBUILD 1.3.0
2024-05-31 11:56:22,129 [INFO] ThirdParty:1030 - CMSIS Pack Vendor :STMicroelectronics FreeRTOS 0.0.1
2024-05-31 11:56:22,129 [INFO] ThirdParty:1030 - CMSIS Pack Vendor :STMicroelectronics X-CUBE-AZRTOS-G0 1.1.0
2024-05-31 11:56:22,129 [INFO] ThirdParty:1030 - CMSIS Pack Vendor :STMicroelectronics X-CUBE-NFC4 3.0.0
2024-05-31 11:56:22,129 [INFO] ThirdParty:1030 - CMSIS Pack Vendor :STMicroelectronics X-CUBE-SUBG2 5.0.0
2024-05-31 11:56:22,129 [INFO] ThirdParty:1030 - CMSIS Pack Vendor :STMicroelectronics STM32_WPAN 1.0.0
2024-05-31 11:56:22,129 [INFO] ThirdParty:1030 - CMSIS Pack Vendor :wolfSSL I-CUBE-wolfMQTT 1.18.0
2024-05-31 11:56:22,129 [INFO] ThirdParty:1030 - CMSIS Pack Vendor :STMicroelectronics lwIP 2.0.3
2024-05-31 11:56:22,129 [INFO] ThirdParty:1030 - CMSIS Pack Vendor :STMicroelectronics FP-SNS-FLIGHT1 5.0.2
2024-05-31 11:56:22,129 [INFO] ThirdParty:1030 - CMSIS Pack Vendor :STMicroelectronics USB_HOST 1.0.0
2024-05-31 11:56:22,129 [INFO] ThirdParty:1030 - CMSIS Pack Vendor :STMicroelectronics X-CUBE-AZRTOS-G4 2.0.0
2024-05-31 11:56:22,129 [INFO] ThirdParty:1030 - CMSIS Pack Vendor :STMicroelectronics PDM2PCM 3.1.0
2024-05-31 11:56:22,129 [INFO] ThirdParty:1030 - CMSIS Pack Vendor :STMicroelectronics X-CUBE-BLEMGR 3.0.0
2024-05-31 11:56:22,129 [INFO] ThirdParty:1030 - CMSIS Pack Vendor :STMicroelectronics PDM2PCM 3.3.0
2024-05-31 11:56:22,129 [INFO] ThirdParty:1030 - CMSIS Pack Vendor :STMicroelectronics X-CUBE-DISPLAY 3.0.0
2024-05-31 11:56:22,129 [INFO] ThirdParty:1030 - CMSIS Pack Vendor :STMicroelectronics FP-SNS-MOTENVWB1 1.3.1
2024-05-31 11:56:22,129 [INFO] ThirdParty:1030 - CMSIS Pack Vendor :STMicroelectronics X-CUBE-BLE1 7.0.0
2024-05-31 11:56:22,129 [INFO] ThirdParty:1030 - CMSIS Pack Vendor :STMicroelectronics FP-ATR-SIGFOX1 3.2.0
2024-05-31 11:56:22,129 [INFO] ThirdParty:1030 - CMSIS Pack Vendor :STMicroelectronics X-CUBE-ISPU 2.0.0
2024-05-31 11:56:22,129 [INFO] ThirdParty:1030 - CMSIS Pack Vendor :STMicroelectronics X-CUBE-EEPRMA1 5.1.0
2024-05-31 11:56:22,129 [INFO] ThirdParty:1030 - CMSIS Pack Vendor :STMicroelectronics HAL Drivers 0.0.0
2024-05-31 11:56:22,129 [INFO] ThirdParty:1030 - CMSIS Pack Vendor :STMicroelectronics MBEDTLS 2.16.2
2024-05-31 11:56:22,129 [INFO] ThirdParty:1030 - CMSIS Pack Vendor :STMicroelectronics X-CUBE-ALS 1.0.2
2024-05-31 11:56:22,129 [INFO] ThirdParty:1030 - CMSIS Pack Vendor :emotas I-CUBE-CANOPEN 1.3.0
2024-05-31 11:56:22,129 [INFO] ThirdParty:1030 - CMSIS Pack Vendor :STMicroelectronics X-CUBE-MEMS1 10.0.0
2024-05-31 11:56:22,129 [INFO] ThirdParty:1030 - CMSIS Pack Vendor :STMicroelectronics X-CUBE-FREERTOS 1.1.0
2024-05-31 11:56:22,129 [INFO] ThirdParty:1030 - CMSIS Pack Vendor :STMicroelectronics X-CUBE-NFC7 1.0.1
2024-05-31 11:56:22,129 [INFO] ThirdParty:1030 - CMSIS Pack Vendor :STMicroelectronics MBEDTLS 2.14.1
2024-05-31 11:56:22,130 [INFO] ThirdParty:1030 - CMSIS Pack Vendor :STMicroelectronics X-CUBE-NFC6 3.0.0
2024-05-31 11:56:22,130 [INFO] ThirdParty:1030 - CMSIS Pack Vendor :portGmbH I-Cube-SoM-uGOAL 1.1.0
2024-05-31 11:56:22,130 [INFO] ThirdParty:1030 - CMSIS Pack Vendor :STMicroelectronics X-CUBE-ALS 1.0.1
2024-05-31 11:56:22,130 [INFO] ThirdParty:1030 - CMSIS Pack Vendor :STMicroelectronics ThreadX 1.0.0
2024-05-31 11:56:22,130 [INFO] ThirdParty:1030 - CMSIS Pack Vendor :STMicroelectronics FP-SNS-SMARTAG2 1.2.0
2024-05-31 11:56:22,130 [INFO] ThirdParty:1030 - CMSIS Pack Vendor :STMicroelectronics X-CUBE-AZRTOS-WL 2.0.0
2024-05-31 11:56:22,130 [INFO] ThirdParty:1030 - CMSIS Pack Vendor :SEGGER I-CUBE-embOS 1.3.1
2024-05-31 11:56:22,130 [INFO] ThirdParty:1030 - CMSIS Pack Vendor :STMicroelectronics X-CUBE-ALGOBUILD 1.4.0
2024-05-31 11:56:22,130 [INFO] ThirdParty:1030 - CMSIS Pack Vendor :STMicroelectronics USB_DEVICE 1.0.0
2024-05-31 11:56:22,130 [INFO] ThirdParty:1030 - CMSIS Pack Vendor :STMicroelectronics X-CUBE-AI 8.1.0
2024-05-31 11:56:22,130 [INFO] ThirdParty:1030 - CMSIS Pack Vendor :STMicroelectronics X-CUBE-AZRTOS-L4 2.0.0
2024-05-31 11:56:22,130 [INFO] ThirdParty:1030 - CMSIS Pack Vendor :STMicroelectronics ThreadX 0.0.2
2024-05-31 11:56:22,130 [INFO] ThirdParty:1030 - CMSIS Pack Vendor :STMicroelectronics FP-ATR-ASTRA1 2.0.0
2024-05-31 11:56:22,130 [INFO] ThirdParty:1030 - CMSIS Pack Vendor :STMicroelectronics lwIP 2.1.2
2024-05-31 11:56:22,130 [INFO] ThirdParty:1030 - CMSIS Pack Vendor :STMicroelectronics X-CUBE-SFXS2LP1 4.0.0
2024-05-31 11:56:22,130 [INFO] ThirdParty:1030 - CMSIS Pack Vendor :STMicroelectronics X-CUBE-BLE2 3.3.0
2024-05-31 11:56:22,130 [INFO] ThirdParty:1030 - CMSIS Pack Vendor :STMicroelectronics X-CUBE-TOF1 3.4.0
2024-05-31 11:56:22,130 [INFO] ThirdParty:1030 - CMSIS Pack Vendor :STMicroelectronics X-CUBE-AZRTOS-H7 3.2.0
2024-05-31 11:56:22,130 [INFO] ThirdParty:1030 - CMSIS Pack Vendor :STMicroelectronics PDM2PCM 3.2.0
2024-05-31 11:56:22,130 [INFO] ThirdParty:841 - exiting critical section [change project]
2024-05-31 11:56:22,170 [INFO] PinOutPanel:1561 - setPackage(No Configuration,No Configuration)
2024-05-31 11:56:22,171 [INFO] PinOutPanel:1561 - setPackage(STM32F103C6Tx,LQFP48)
2024-05-31 11:56:22,271 [INFO] UtilMem:75 - Before build in PCC Used Memory: 812882568 Bytes (1073741824)
2024-05-31 11:56:22,428 [INFO] UtilMem:75 - After build in PCC Used Memory: 804104192 Bytes (1073741824)
2024-05-31 11:56:22,436 [INFO] IPUIPlugin:80 - create IPUIPlugin
2024-05-31 11:56:22,436 [INFO] IPUIPlugin:80 - create IPUIPlugin
2024-05-31 11:56:22,436 [INFO] IPUIPlugin:80 - create IPUIPlugin
2024-05-31 11:56:22,436 [INFO] IPUIPlugin:80 - create IPUIPlugin
2024-05-31 11:56:22,436 [INFO] IPUIPlugin:80 - create IPUIPlugin
2024-05-31 11:56:22,436 [INFO] IPUIPlugin:80 - create IPUIPlugin
2024-05-31 11:56:22,436 [INFO] IPUIPlugin:80 - create IPUIPlugin
2024-05-31 11:56:22,436 [INFO] IPUIPlugin:80 - create IPUIPlugin
2024-05-31 11:56:22,436 [INFO] IPUIPlugin:80 - create IPUIPlugin
2024-05-31 11:56:22,436 [INFO] IPUIPlugin:80 - create IPUIPlugin
2024-05-31 11:56:22,436 [INFO] IPUIPlugin:80 - create IPUIPlugin
2024-05-31 11:56:22,436 [INFO] IPUIPlugin:80 - create IPUIPlugin
2024-05-31 11:56:22,437 [INFO] IPUIPlugin:80 - create IPUIPlugin
2024-05-31 11:56:22,437 [INFO] IPUIPlugin:80 - create IPUIPlugin
2024-05-31 11:56:22,437 [INFO] IPUIPlugin:80 - create IPUIPlugin
2024-05-31 11:56:22,437 [INFO] IPUIPlugin:80 - create IPUIPlugin
2024-05-31 11:56:22,437 [INFO] IPUIPlugin:80 - create IPUIPlugin
2024-05-31 11:56:22,437 [INFO] IPUIPlugin:80 - create IPUIPlugin
2024-05-31 11:56:22,437 [INFO] IPUIPlugin:80 - create IPUIPlugin
2024-05-31 11:56:22,437 [INFO] IPUIPlugin:80 - create IPUIPlugin
2024-05-31 11:56:22,438 [INFO] IPUIPlugin:80 - create IPUIPlugin
2024-05-31 11:56:22,438 [INFO] IPUIPlugin:80 - create IPUIPlugin
2024-05-31 11:56:22,438 [INFO] IPUIPlugin:80 - create IPUIPlugin
2024-05-31 11:56:22,456 [INFO] CADModel:165 - CPN selected for project levelSTM32F103C6T6A
2024-05-31 11:56:22,456 [INFO] CADModel:114 - Register for checkConnection events
2024-05-31 11:56:22,503 [INFO] OpenFileManager:343 - Restore cursor
2024-05-31 11:59:28,962 [INFO] UtilMem:75 - End SaveConfig() Used Memory: 622561808 Bytes (1073741824)
2024-05-31 11:59:29,013 [INFO] UtilMem:75 - End SaveConfig() Used Memory: 625170736 Bytes (1073741824)
2024-05-31 11:59:29,224 [INFO] UtilMem:75 - End SaveConfig() Used Memory: 760592040 Bytes (1073741824)
2024-05-31 11:59:29,570 [INFO] BlockDiagram:2759 - set Specific Code input for plugin: RCC
2024-05-31 11:59:29,570 [INFO] BlockDiagram:2759 - set Specific Code input for plugin: NVIC
2024-05-31 11:59:29,570 [INFO] BlockDiagram:2759 - set Specific Code input for plugin: GPIO
2024-05-31 11:59:29,572 [INFO] CodeGenerator:807 - code generatio: config db path: C:/Users/king/.stm32cubemx/databases/DB.6.0.100/db/
2024-05-31 11:59:29,633 [INFO] CodeEngine:255 - oldGeneratedFile, I:\document\Stm32_Cube\Project_LED\MXTmpFiles\license.tmp_save
2024-05-31 11:59:29,905 [INFO] CodeEngine:279 - Generated code: I:\document\Stm32_Cube\Project_LED\MXTmpFiles\license.tmp
2024-05-31 11:59:29,941 [INFO] CodeEngine:255 - oldGeneratedFile, I:\document\Stm32_Cube\Project_LED\MXTmpFiles\gpio.tmp_save
2024-05-31 11:59:30,036 [INFO] CodeEngine:279 - Generated code: I:\document\Stm32_Cube\Project_LED\MXTmpFiles\gpio.tmp
2024-05-31 11:59:30,055 [INFO] CodeEngine:255 - oldGeneratedFile, I:\document\Stm32_Cube\Project_LED\Core\Src\stm32f1xx_it.c_save
2024-05-31 11:59:30,146 [INFO] CodeEngine:279 - Generated code: I:\document\Stm32_Cube\Project_LED\Core\Src\stm32f1xx_it.c
2024-05-31 11:59:30,159 [INFO] CodeEngine:255 - oldGeneratedFile, I:\document\Stm32_Cube\Project_LED\Core\Inc\stm32f1xx_it.h_save
2024-05-31 11:59:30,221 [INFO] CodeEngine:279 - Generated code: I:\document\Stm32_Cube\Project_LED\Core\Inc\stm32f1xx_it.h
2024-05-31 11:59:30,248 [INFO] CodeEngine:255 - oldGeneratedFile, I:\document\Stm32_Cube\Project_LED\Core\Src\stm32f1xx_hal_msp.c_save
2024-05-31 11:59:30,333 [INFO] CodeEngine:279 - Generated code: I:\document\Stm32_Cube\Project_LED\Core\Src\stm32f1xx_hal_msp.c
2024-05-31 11:59:30,338 [INFO] CodeEngine:255 - oldGeneratedFile, I:\document\Stm32_Cube\Project_LED\MXTmpFiles\system.tmp_save
2024-05-31 11:59:30,389 [INFO] CodeEngine:279 - Generated code: I:\document\Stm32_Cube\Project_LED\MXTmpFiles\system.tmp
2024-05-31 11:59:30,407 [INFO] CodeEngine:311 - oldGeneratedFile, I:\document\Stm32_Cube\Project_LED\Core\Inc\stm32f1xx_hal_conf.h_save
2024-05-31 11:59:30,475 [INFO] CodeEngine:335 - Generated code: I:\document\Stm32_Cube\Project_LED\Core\Inc\stm32f1xx_hal_conf.h
2024-05-31 11:59:30,509 [INFO] CodeEngine:255 - oldGeneratedFile, I:\document\Stm32_Cube\Project_LED\Core\Inc\main.h_save
2024-05-31 11:59:30,584 [INFO] CodeEngine:279 - Generated code: I:\document\Stm32_Cube\Project_LED\Core\Inc\main.h
2024-05-31 11:59:30,596 [INFO] CodeEngine:255 - oldGeneratedFile, I:\document\Stm32_Cube\Project_LED\Core\Src\main.c_save
2024-05-31 11:59:30,696 [INFO] CodeEngine:279 - Generated code: I:\document\Stm32_Cube\Project_LED\Core\Src\main.c
2024-05-31 11:59:31,125 [INFO] ProjectBuilder:3163 - Time for Copy HAL[1] : 247mS.
2024-05-31 11:59:31,131 [INFO] ProjectBuilder:4736 - Project Generator version: 4.3.0-B58
2024-05-31 11:59:31,202 [INFO] ConfigFileManager:1503 - The Die is : DIE412
2024-05-31 11:59:31,208 [INFO] ApiDbMcu:508 - Load IP Config File for FATFS
2024-05-31 11:59:31,213 [INFO] ApiDbMcu:508 - Load IP Config File for FREERTOS
2024-05-31 11:59:31,217 [INFO] ApiDbMcu:508 - Load IP Config File for USB_DEVICE
2024-05-31 11:59:31,754 [INFO] LogOutputStream:77 - [STDOUT_REDIRECT] 
2024-05-31 11:59:32,875 [INFO] ProjectBuilder:5002 - Time for Generating toolchain IDE Files: 1744mS.
2024-05-31 11:59:32,876 [INFO] ProjectBuilder:3034 - Time for Copy CMSIS : 1mS.
2024-05-31 11:59:32,880 [INFO] ProjectBuilder:3034 - Time for Copy CMSIS : 0mS.
2024-05-31 11:59:35,919 [ERROR] LogOutputStream:75 - [STDERR_REDIRECT] 
