2024-09-19 02:35:50,830 [INFO] Activator:176 - 


2024-09-19 02:35:50,835 [INFO] Activator:177 - !SESSION log4j initialized
2024-09-19 02:35:53,364 [INFO] LogOutputStream:77 - [STDOUT_REDIRECT] 
2024-09-19 02:35:54,810 [INFO] ApplicationProperties:184 - Using Application install path: I:\software\STM32CubeIDE_1.15.1\STM32CubeIDE\plugins\com.st.stm32cube.common.mx_6.11.1.202404110753
2024-09-19 02:35:54,823 [INFO] DbMcusXml:78 - Set database path to: I:\software\STM32CubeIDE_1.15.1\STM32CubeIDE\plugins\com.st.stm32cube.common.mx_6.11.1.202404110753\\db\/mcu/
2024-09-19 02:35:54,823 [INFO] ApiDb:274 - Set plugin database path to: I:\software\STM32CubeIDE_1.15.1\STM32CubeIDE\plugins\com.st.stm32cube.common.mx_6.11.1.202404110753\\db\/plugins/boardmanager/
2024-09-19 02:35:54,824 [WARN] ApiDb:259 - Overriding images path with different value:  => I:\software\STM32CubeIDE_1.15.1\STM32CubeIDE\plugins\com.st.stm32cube.common.mx_6.11.1.202404110753\\db\/plugins/mcufinder/images/
2024-09-19 02:35:54,829 [INFO] ApiDb:250 - Set database path to: C:\Users\king\.stmcufinder\plugins\mcufinder//mcu/
2024-09-19 02:35:54,829 [INFO] DbMcusAds:125 - Set database path to: C:\Users\king\.stmcufinder\plugins\mcufinder//mcu/
2024-09-19 02:35:54,831 [INFO] CrossReferenceDbSqlite:203 - Set database path to: C:\Users\king\.stmcufinder\plugins\mcufinder//mcu/cs/
2024-09-19 02:35:54,923 [INFO] RulesReader:64 - Compatibility file has been processed (297 Rules)
2024-09-19 02:35:54,997 [INFO] DbMcusXml:78 - Set database path to: I:\software\STM32CubeIDE_1.15.1\STM32CubeIDE\plugins\com.st.stm32cube.common.mx_6.11.1.202404110753\\db\/mcu/
2024-09-19 02:35:54,997 [INFO] ApiDb:274 - Set plugin database path to: I:\software\STM32CubeIDE_1.15.1\STM32CubeIDE\plugins\com.st.stm32cube.common.mx_6.11.1.202404110753\\db\/plugins/boardmanager/
2024-09-19 02:35:54,997 [INFO] ApiDb:261 - Set plugin images path to: I:\software\STM32CubeIDE_1.15.1\STM32CubeIDE\plugins\com.st.stm32cube.common.mx_6.11.1.202404110753\\db\/plugins/mcufinder/images/
2024-09-19 02:35:54,998 [WARN] DbFile:41 - Overriding database path with different value: C:\Users\king\.stmcufinder\plugins\mcufinder/ => C:\Users\king\.stmcufinder\plugins\mcufinder
2024-09-19 02:35:54,998 [INFO] ApiDb:250 - Set database path to: C:\Users\king\.stmcufinder\plugins\mcufinder//mcu/
2024-09-19 02:35:54,998 [WARN] DbFile:41 - Overriding database path with different value: C:\Users\king\.stmcufinder\plugins\mcufinder/ => C:\Users\king\.stmcufinder\plugins\mcufinder
2024-09-19 02:35:54,998 [INFO] DbMcusAds:125 - Set database path to: C:\Users\king\.stmcufinder\plugins\mcufinder//mcu/
2024-09-19 02:35:54,998 [WARN] DbFile:41 - Overriding database path with different value: C:\Users\king\.stmcufinder\plugins\mcufinder/ => C:\Users\king\.stmcufinder\plugins\mcufinder
2024-09-19 02:35:54,998 [WARN] DbFile:41 - Overriding database path with different value: C:\Users\king\.stmcufinder\plugins\mcufinder/ => C:\Users\king\.stmcufinder\plugins\mcufinder
2024-09-19 02:35:54,998 [INFO] CrossReferenceDbSqlite:203 - Set database path to: C:\Users\king\.stmcufinder\plugins\mcufinder//mcu/cs/
2024-09-19 02:35:55,070 [INFO] MainPanel:264 - HeapMemory: 268435456
2024-09-19 02:35:55,116 [INFO] DbMcusXml:78 - Set database path to: I:\software\STM32CubeIDE_1.15.1\STM32CubeIDE\plugins\com.st.stm32cube.common.mx_6.11.1.202404110753\\db\/mcu/
2024-09-19 02:35:55,117 [INFO] ApiDb:274 - Set plugin database path to: I:\software\STM32CubeIDE_1.15.1\STM32CubeIDE\plugins\com.st.stm32cube.common.mx_6.11.1.202404110753\\db\/plugins/boardmanager/
2024-09-19 02:35:55,117 [INFO] ApiDb:261 - Set plugin images path to: I:\software\STM32CubeIDE_1.15.1\STM32CubeIDE\plugins\com.st.stm32cube.common.mx_6.11.1.202404110753\\db\/plugins/mcufinder/images/
2024-09-19 02:35:55,117 [WARN] DbFile:41 - Overriding database path with different value: C:\Users\king\.stmcufinder\plugins\mcufinder/ => C:\Users\king\.stmcufinder\plugins\mcufinder
2024-09-19 02:35:55,117 [INFO] ApiDb:250 - Set database path to: C:\Users\king\.stmcufinder\plugins\mcufinder//mcu/
2024-09-19 02:35:55,117 [WARN] DbFile:41 - Overriding database path with different value: C:\Users\king\.stmcufinder\plugins\mcufinder/ => C:\Users\king\.stmcufinder\plugins\mcufinder
2024-09-19 02:35:55,117 [INFO] DbMcusAds:125 - Set database path to: C:\Users\king\.stmcufinder\plugins\mcufinder//mcu/
2024-09-19 02:35:55,117 [WARN] DbFile:41 - Overriding database path with different value: C:\Users\king\.stmcufinder\plugins\mcufinder/ => C:\Users\king\.stmcufinder\plugins\mcufinder
2024-09-19 02:35:55,117 [WARN] DbFile:41 - Overriding database path with different value: C:\Users\king\.stmcufinder\plugins\mcufinder/ => C:\Users\king\.stmcufinder\plugins\mcufinder
2024-09-19 02:35:55,118 [INFO] CrossReferenceDbSqlite:203 - Set database path to: C:\Users\king\.stmcufinder\plugins\mcufinder//mcu/cs/
2024-09-19 02:35:55,129 [INFO] ApplicationProperties:184 - Using Application install path: I:\software\STM32CubeIDE_1.15.1\STM32CubeIDE\plugins\com.st.stm32cube.common.mx_6.11.1.202404110753
2024-09-19 02:35:55,130 [INFO] PluginManage:196 - Search for loadable plugins [exclusion list=, ]
2024-09-19 02:35:55,131 [INFO] PluginManage:310 - Check plugin analytics
2024-09-19 02:35:55,252 [INFO] AnalyticsPlugin:253 - Accepted Software Licenses: STM32CubeMX.6.8.1,STM32CubeMX.6.10.0
2024-09-19 02:35:55,252 [INFO] AnalyticsPlugin:255 - Accepted CMSIS Pack Licenses: 
2024-09-19 02:35:55,252 [INFO] AnalyticsPlugin:257 - Accepted Firmware Licenses: FW.F4.1.28.0
2024-09-19 02:35:55,253 [INFO] PluginManage:359 - Loaded plugin analytics (category:tool,tabindex:-1)
2024-09-19 02:35:55,253 [INFO] PluginManage:310 - Check plugin cadmodel
2024-09-19 02:35:55,256 [INFO] CADModel:105 - Init CAD model plugin
2024-09-19 02:35:55,256 [INFO] PluginManage:359 - Loaded plugin cadmodel (category:power,tabindex:5)
2024-09-19 02:35:55,256 [INFO] PluginManage:310 - Check plugin clock
2024-09-19 02:35:55,262 [INFO] PluginManage:359 - Loaded plugin clock (category:base,tabindex:2)
2024-09-19 02:35:55,263 [INFO] PluginManage:310 - Check plugin ddr
2024-09-19 02:35:55,264 [INFO] PluginManage:359 - Loaded plugin ddr (category:tool,tabindex:6)
2024-09-19 02:35:55,264 [INFO] PluginManage:310 - Check plugin filemanager
2024-09-19 02:35:55,374 [INFO] PluginManage:359 - Loaded plugin filemanager (category:base,tabindex:10)
2024-09-19 02:35:55,374 [INFO] PluginManage:310 - Check plugin ipmanager
2024-09-19 02:35:55,385 [INFO] PluginManage:359 - Loaded plugin ipmanager (category:base,tabindex:5)
2024-09-19 02:35:55,385 [INFO] PluginManage:310 - Check plugin lpbam
2024-09-19 02:35:55,393 [INFO] PluginManage:359 - Loaded plugin lpbam (category:base,tabindex:0)
2024-09-19 02:35:55,393 [INFO] PluginManage:310 - Check plugin memorymap
2024-09-19 02:35:55,403 [INFO] PluginManage:359 - Loaded plugin memorymap (category:base,tabindex:4)
2024-09-19 02:35:55,403 [INFO] PluginManage:310 - Check plugin pinoutandconfiguration
2024-09-19 02:35:55,409 [INFO] PluginManage:359 - Loaded plugin pinoutandconfiguration (category:base,tabindex:1)
2024-09-19 02:35:55,409 [INFO] PluginManage:310 - Check plugin pinoutconfig
2024-09-19 02:35:55,476 [WARN] SupportedApi:132 - Cannot load RTOS API schema: s4s-elt-must-match.1: The content of 'definitions' must match (annotation?, (simpleType | complexType)?, (unique | key | keyref)*)). A problem was found starting at: attribute.
2024-09-19 02:35:55,581 [INFO] PluginManage:359 - Loaded plugin pinoutconfig (category:base,tabindex:0)
2024-09-19 02:35:55,581 [INFO] PluginManage:310 - Check plugin power
2024-09-19 02:35:55,588 [INFO] PluginManage:359 - Loaded plugin power (category:power,tabindex:4)
2024-09-19 02:35:55,588 [INFO] PluginManage:310 - Check plugin projectmanager
2024-09-19 02:35:55,600 [INFO] PluginManage:359 - Loaded plugin projectmanager (category:projectmanager,tabindex:3)
2024-09-19 02:35:55,600 [INFO] PluginManage:310 - Check plugin thirdparty
2024-09-19 02:35:55,689 [INFO] PluginManage:359 - Loaded plugin thirdparty (category:base,tabindex:-1)
2024-09-19 02:35:55,689 [WARN] IntegrityCheckThread:84 - waiting for thirdparty lock release [integrity check]
2024-09-19 02:35:55,689 [INFO] PluginManage:310 - Check plugin tools
2024-09-19 02:35:55,690 [INFO] IntegrityCheckThread:86 - entering critical section [integrity check]
2024-09-19 02:35:55,690 [INFO] ThirdPartyUpdaterWithRetryManager:70 - Updater plugin not ready yet. [1/15]
2024-09-19 02:35:55,692 [INFO] PluginManage:359 - Loaded plugin tools (category:base,tabindex:7)
2024-09-19 02:35:55,692 [INFO] PluginManage:310 - Check plugin tutovideos
2024-09-19 02:35:55,803 [INFO] PluginManage:359 - Loaded plugin tutovideos (category:base,tabindex:-1)
2024-09-19 02:35:55,803 [INFO] PluginManage:310 - Check plugin updater
2024-09-19 02:35:55,810 [INFO] PluginManage:359 - Loaded plugin updater (category:base,tabindex:12)
2024-09-19 02:35:55,810 [INFO] PluginManage:310 - Check plugin userauth
2024-09-19 02:35:55,813 [INFO] UserAuth:114 - Init User Auth plugin
2024-09-19 02:35:55,813 [INFO] PluginManage:359 - Loaded plugin userauth (category:base,tabindex:14)
2024-09-19 02:35:55,813 [INFO] PluginManage:283 - PluginManage : Loaded plugins [17]
2024-09-19 02:35:56,008 [INFO] PinOutPanel:1561 - setPackage(No Configuration,No Configuration)
2024-09-19 02:35:56,092 [INFO] CADModel:165 - CPN selected for project level
2024-09-19 02:35:56,092 [INFO] CADModel:114 - Register for checkConnection events
2024-09-19 02:35:56,105 [INFO] IPUIPlugin:80 - create IPUIPlugin
2024-09-19 02:35:56,105 [INFO] PluginManager:220 - loadIPPluginJar : add adc
2024-09-19 02:35:56,107 [INFO] IPUIPlugin:80 - create IPUIPlugin
2024-09-19 02:35:56,108 [INFO] PluginManager:220 - loadIPPluginJar : add aes
2024-09-19 02:35:56,109 [INFO] IPUIPlugin:80 - create IPUIPlugin
2024-09-19 02:35:56,110 [INFO] PluginManager:220 - loadIPPluginJar : add can
2024-09-19 02:35:56,111 [INFO] IPUIPlugin:80 - create IPUIPlugin
2024-09-19 02:35:56,111 [INFO] PluginManager:220 - loadIPPluginJar : add comp
2024-09-19 02:35:56,113 [INFO] IPUIPlugin:80 - create IPUIPlugin
2024-09-19 02:35:56,113 [INFO] PluginManager:220 - loadIPPluginJar : add cryp
2024-09-19 02:35:56,115 [INFO] IPUIPlugin:80 - create IPUIPlugin
2024-09-19 02:35:56,115 [INFO] PluginManager:220 - loadIPPluginJar : add dfsdm
2024-09-19 02:35:56,118 [INFO] IPUIPlugin:80 - create IPUIPlugin
2024-09-19 02:35:56,119 [INFO] PluginManager:220 - loadIPPluginJar : add dma
2024-09-19 02:35:56,121 [INFO] IPUIPlugin:80 - create IPUIPlugin
2024-09-19 02:35:56,121 [INFO] PluginManager:220 - loadIPPluginJar : add dma3
2024-09-19 02:35:56,123 [INFO] IPUIPlugin:80 - create IPUIPlugin
2024-09-19 02:35:56,123 [INFO] PluginManager:220 - loadIPPluginJar : add extmemmanager
2024-09-19 02:35:56,124 [INFO] IPUIPlugin:80 - create IPUIPlugin
2024-09-19 02:35:56,124 [INFO] PluginManager:220 - loadIPPluginJar : add fatfs
2024-09-19 02:35:56,127 [INFO] IPUIPlugin:80 - create IPUIPlugin
2024-09-19 02:35:56,127 [INFO] PluginManager:220 - loadIPPluginJar : add fmc
2024-09-19 02:35:56,131 [INFO] IPUIPlugin:80 - create IPUIPlugin
2024-09-19 02:35:56,131 [INFO] PluginManager:220 - loadIPPluginJar : add freertos
2024-09-19 02:35:56,132 [INFO] IPUIPlugin:80 - create IPUIPlugin
2024-09-19 02:35:56,132 [INFO] PluginManager:220 - loadIPPluginJar : add genericplugin
2024-09-19 02:35:56,133 [INFO] IPUIPlugin:80 - create IPUIPlugin
2024-09-19 02:35:56,133 [INFO] PluginManager:220 - loadIPPluginJar : add gfxmmu
2024-09-19 02:35:56,136 [INFO] IPUIPlugin:80 - create IPUIPlugin
2024-09-19 02:35:56,137 [INFO] PluginManager:220 - loadIPPluginJar : add gic
2024-09-19 02:35:56,139 [INFO] IPUIPlugin:80 - create IPUIPlugin
2024-09-19 02:35:56,139 [INFO] PluginManager:220 - loadIPPluginJar : add gpio
2024-09-19 02:35:56,141 [INFO] IPUIPlugin:80 - create IPUIPlugin
2024-09-19 02:35:56,141 [INFO] PluginManager:220 - loadIPPluginJar : add gtzc
2024-09-19 02:35:56,143 [INFO] IPUIPlugin:80 - create IPUIPlugin
2024-09-19 02:35:56,143 [INFO] PluginManager:220 - loadIPPluginJar : add hash
2024-09-19 02:35:56,144 [INFO] IPUIPlugin:80 - create IPUIPlugin
2024-09-19 02:35:56,144 [INFO] PluginManager:220 - loadIPPluginJar : add i2c
2024-09-19 02:35:56,146 [INFO] IPUIPlugin:80 - create IPUIPlugin
2024-09-19 02:35:56,147 [INFO] PluginManager:220 - loadIPPluginJar : add i2s
2024-09-19 02:35:56,149 [INFO] IPUIPlugin:80 - create IPUIPlugin
2024-09-19 02:35:56,149 [INFO] PluginManager:220 - loadIPPluginJar : add i3c
2024-09-19 02:35:56,150 [INFO] IPUIPlugin:80 - create IPUIPlugin
2024-09-19 02:35:56,150 [INFO] PluginManager:220 - loadIPPluginJar : add ipddr
2024-09-19 02:35:56,155 [INFO] IPUIPlugin:80 - create IPUIPlugin
2024-09-19 02:35:56,155 [INFO] PluginManager:220 - loadIPPluginJar : add linkedlist
2024-09-19 02:35:56,156 [INFO] IPUIPlugin:80 - create IPUIPlugin
2024-09-19 02:35:56,156 [INFO] PluginManager:220 - loadIPPluginJar : add lorawan
2024-09-19 02:35:56,157 [INFO] IPUIPlugin:80 - create IPUIPlugin
2024-09-19 02:35:56,157 [INFO] PluginManager:220 - loadIPPluginJar : add ltdc
2024-09-19 02:35:56,161 [INFO] IPUIPlugin:80 - create IPUIPlugin
2024-09-19 02:35:56,161 [INFO] PluginManager:220 - loadIPPluginJar : add mdma
2024-09-19 02:35:56,163 [INFO] IPUIPlugin:80 - create IPUIPlugin
2024-09-19 02:35:56,163 [INFO] PluginManager:220 - loadIPPluginJar : add nvic
2024-09-19 02:35:56,165 [INFO] IPUIPlugin:80 - create IPUIPlugin
2024-09-19 02:35:56,165 [INFO] PluginManager:220 - loadIPPluginJar : add opamp
2024-09-19 02:35:56,167 [INFO] IPUIPlugin:80 - create IPUIPlugin
2024-09-19 02:35:56,167 [INFO] PluginManager:220 - loadIPPluginJar : add openamp
2024-09-19 02:35:56,170 [INFO] IPUIPlugin:80 - create IPUIPlugin
2024-09-19 02:35:56,170 [INFO] PluginManager:220 - loadIPPluginJar : add pdm2pcm
2024-09-19 02:35:56,175 [INFO] IPUIPlugin:80 - create IPUIPlugin
2024-09-19 02:35:56,176 [INFO] PluginManager:220 - loadIPPluginJar : add plateformsettings
2024-09-19 02:35:56,177 [INFO] IPUIPlugin:80 - create IPUIPlugin
2024-09-19 02:35:56,177 [INFO] PluginManager:220 - loadIPPluginJar : add quadspi
2024-09-19 02:35:56,179 [INFO] IPUIPlugin:80 - create IPUIPlugin
2024-09-19 02:35:56,179 [INFO] PluginManager:220 - loadIPPluginJar : add resmgrutility
2024-09-19 02:35:56,182 [INFO] IPUIPlugin:80 - create IPUIPlugin
2024-09-19 02:35:56,182 [INFO] PluginManager:220 - loadIPPluginJar : add sai
2024-09-19 02:35:56,184 [INFO] IPUIPlugin:80 - create IPUIPlugin
2024-09-19 02:35:56,184 [INFO] PluginManager:220 - loadIPPluginJar : add spi
2024-09-19 02:35:56,186 [INFO] IPUIPlugin:80 - create IPUIPlugin
2024-09-19 02:35:56,186 [INFO] PluginManager:220 - loadIPPluginJar : add stm32_wpan
2024-09-19 02:35:56,188 [INFO] IPUIPlugin:80 - create IPUIPlugin
2024-09-19 02:35:56,188 [INFO] PluginManager:220 - loadIPPluginJar : add tim
2024-09-19 02:35:56,190 [INFO] IPUIPlugin:80 - create IPUIPlugin
2024-09-19 02:35:56,190 [INFO] PluginManager:220 - loadIPPluginJar : add touchsensing
2024-09-19 02:35:56,192 [INFO] IPUIPlugin:80 - create IPUIPlugin
2024-09-19 02:35:56,192 [INFO] PluginManager:220 - loadIPPluginJar : add tracer_emb
2024-09-19 02:35:56,193 [INFO] IPUIPlugin:80 - create IPUIPlugin
2024-09-19 02:35:56,193 [INFO] PluginManager:220 - loadIPPluginJar : add ts
2024-09-19 02:35:56,195 [INFO] IPUIPlugin:80 - create IPUIPlugin
2024-09-19 02:35:56,195 [INFO] PluginManager:220 - loadIPPluginJar : add tsc
2024-09-19 02:35:56,197 [INFO] IPUIPlugin:80 - create IPUIPlugin
2024-09-19 02:35:56,197 [INFO] PluginManager:220 - loadIPPluginJar : add ucpd
2024-09-19 02:35:56,198 [INFO] IPUIPlugin:80 - create IPUIPlugin
2024-09-19 02:35:56,199 [INFO] PluginManager:220 - loadIPPluginJar : add usart
2024-09-19 02:35:56,201 [INFO] IPUIPlugin:80 - create IPUIPlugin
2024-09-19 02:35:56,201 [INFO] PluginManager:220 - loadIPPluginJar : add usbx
2024-09-19 02:35:56,328 [INFO] CADModel:165 - CPN selected for project level
2024-09-19 02:35:56,328 [INFO] CADModel:114 - Register for checkConnection events
2024-09-19 02:35:56,328 [FATAL] Updater:308 - Updater called before beeing initialized
2024-09-19 02:35:56,328 [ERROR] CADModel:125 - Updater not yet initialized, retry later 
2024-09-19 02:35:56,425 [INFO] CADModel:165 - CPN selected for project level
2024-09-19 02:35:56,425 [INFO] CADModel:114 - Register for checkConnection events
2024-09-19 02:35:56,425 [FATAL] Updater:308 - Updater called before beeing initialized
2024-09-19 02:35:56,425 [ERROR] CADModel:125 - Updater not yet initialized, retry later 
2024-09-19 02:35:56,427 [FATAL] Updater:308 - Updater called before beeing initialized
2024-09-19 02:35:56,523 [FATAL] Updater:308 - Updater called before beeing initialized
2024-09-19 02:35:56,526 [INFO] DbMcusAds:53 - JSON generation date=Mon Sep 16 22:40:22 CST 2024 (1726497622318)
2024-09-19 02:35:56,526 [FATAL] Updater:308 - Updater called before beeing initialized
2024-09-19 02:35:56,555 [WARN] DetailPanel:346 - Failed to get advertising image, set to default
2024-09-19 02:35:56,664 [FATAL] Updater:308 - Updater called before beeing initialized
2024-09-19 02:35:56,665 [FATAL] Updater:308 - Updater called before beeing initialized
2024-09-19 02:35:56,665 [FATAL] Updater:308 - Updater called before beeing initialized
2024-09-19 02:35:56,665 [WARN] DetailPanel:346 - Failed to get advertising image, set to default
2024-09-19 02:35:56,666 [FATAL] Updater:308 - Updater called before beeing initialized
2024-09-19 02:35:56,717 [ERROR] Updater:1120 - MainUpdater not yet initialized. External WinMGr cannot be set.
2024-09-19 02:35:56,718 [INFO] Updater:1056 - Updater Version found : 6.11.1
2024-09-19 02:35:56,729 [INFO] ApplicationProperties:184 - Using Application install path: I:\software\STM32CubeIDE_1.15.1\STM32CubeIDE\plugins\com.st.stm32cube.common.mx_6.11.1.202404110753
2024-09-19 02:35:57,067 [INFO] MainUpdater:2873 - connection check result : 10
2024-09-19 02:35:57,068 [INFO] MainUpdater:290 - Updater Check For Update Now.
2024-09-19 02:35:57,068 [INFO] MicroXplorer:498 - Change Database Version : DB.6.0.111
2024-09-19 02:35:57,072 [INFO] McuFinderGlobals:63 - Set McuFinder mode to 2 (CubeIDE integrated)
2024-09-19 02:35:57,075 [INFO] UserAuth:415 - Internet connection configuration mode: 1
2024-09-19 02:35:57,086 [INFO] JxBrowserEngine:152 - Initiate JxBrowser Engine with user profile folder
2024-09-19 02:35:57,238 [INFO] CheckServerUpdateThread:120 - End of CheckServer Thread
2024-09-19 02:35:57,778 [INFO] WebApp:161 - Instantiating new browser for Auth
2024-09-19 02:35:58,938 [INFO] WebApp:779 - Register for checkConnection events
2024-09-19 02:35:58,938 [INFO] WebApp:414 - Apply proxy settings
2024-09-19 02:35:58,939 [INFO] WebApp:459 - Chromium authenticates against Manually configured proxy
2024-09-19 02:35:58,944 [INFO] WebApp:467 - Username used for proxy authentication: 
2024-09-19 02:35:58,976 [WARN] PackLoader:240 - Cannot read IP mode file for STMicroelectronics.X-CUBE-SMBUS.2.1.0
2024-09-19 02:35:58,987 [WARN] PackLoader:240 - Cannot read IP mode file for STMicroelectronics.X-CUBE-TOUCHGFX.4.23.0
2024-09-19 02:35:58,991 [WARN] PackLoader:240 - Cannot read IP mode file for STMicroelectronics.X-CUBE-TOUCHGFX.4.23.2
2024-09-19 02:35:59,017 [WARN] PackLoader:240 - Cannot read IP mode file for STMicroelectronics.X-CUBE-AZRTOS-F7.1.1.0
2024-09-19 02:35:59,026 [WARN] PackLoader:240 - Cannot read IP mode file for STMicroelectronics.FP-SNS-MOTENV1.4.3.2
2024-09-19 02:35:59,083 [WARN] PackLoader:240 - Cannot read IP mode file for STMicroelectronics.X-CUBE-MEMS1.11.0.0
2024-09-19 02:35:59,192 [INFO] WebApp:192 - Starting web application
2024-09-19 02:35:59,192 [INFO] WebApp:544 - Web application path used I:\software\STM32CubeIDE_1.15.1\STM32CubeIDE\plugins\com.st.stm32cube.common.mx_6.11.1.202404110753\db\plugins\mcufinder\reactClient1\index.html
2024-09-19 02:35:59,289 [WARN] PackLoader:240 - Cannot read IP mode file for STMicroelectronics.FP-SNS-FLIGHT1.5.0.2
2024-09-19 02:35:59,299 [WARN] PackLoader:240 - Cannot read IP mode file for STMicroelectronics.X-CUBE-DISPLAY.3.0.0
2024-09-19 02:35:59,308 [WARN] PackLoader:240 - Cannot read IP mode file for STMicroelectronics.X-CUBE-BLE1.7.0.0
2024-09-19 02:35:59,315 [WARN] PackLoader:240 - Cannot read IP mode file for emotas.I-CUBE-CANOPEN.1.3.0
2024-09-19 02:35:59,321 [WARN] PackLoader:240 - Cannot read IP mode file for STMicroelectronics.FP-SNS-SMARTAG2.1.2.0
2024-09-19 02:35:59,331 [INFO] LogOutputStream:77 - [STDOUT_REDIRECT] 1 : Invalid condition id : UX_CORESTACK_Condition cause : null
2024-09-19 02:35:59,332 [INFO] LogOutputStream:77 - [STDOUT_REDIRECT] 1 : Invalid condition id : UX_CORESTACK_Condition cause : null
2024-09-19 02:35:59,334 [INFO] LogOutputStream:77 - [STDOUT_REDIRECT] 1 : Invalid condition id : UX_CORESTACK_Condition cause : null
2024-09-19 02:35:59,335 [INFO] LogOutputStream:77 - [STDOUT_REDIRECT] 1 : Invalid condition id : UX_CORESTACK_Condition cause : null
2024-09-19 02:35:59,337 [INFO] LogOutputStream:77 - [STDOUT_REDIRECT] 1 : Invalid condition id : UX_CORESTACK_Condition cause : null
2024-09-19 02:35:59,340 [WARN] PackLoader:240 - Cannot read IP mode file for STMicroelectronics.X-CUBE-AZRTOS-WL.2.0.0
2024-09-19 02:35:59,347 [WARN] PackLoader:240 - Cannot read IP mode file for wolfSSL.I-CUBE-wolfMQTT.1.19.0
2024-09-19 02:35:59,352 [WARN] PackLoader:240 - Cannot read IP mode file for STMicroelectronics.X-CUBE-BLE2.3.3.0
2024-09-19 02:35:59,358 [WARN] PackLoader:240 - Cannot read IP mode file for STMicroelectronics.X-CUBE-ALGOBUILD.1.3.0
2024-09-19 02:35:59,373 [WARN] PackLoader:240 - Cannot read IP mode file for STMicroelectronics.X-CUBE-AZRTOS-G0.1.1.0
2024-09-19 02:35:59,381 [WARN] PackLoader:240 - Cannot read IP mode file for STMicroelectronics.X-CUBE-NFC4.3.0.0
2024-09-19 02:35:59,384 [WARN] PackLoader:240 - Cannot read IP mode file for wolfSSL.I-CUBE-wolfMQTT.1.18.0
2024-09-19 02:35:59,392 [WARN] PackLoader:240 - Cannot read IP mode file for EmbeddedOffice.I-CUBE-FS-RTOS.1.0.1
2024-09-19 02:35:59,392 [ERROR] ConditionMgr:805 - Attr not supported : Dmpu
2024-09-19 02:35:59,392 [ERROR] ConditionMgr:805 - Attr not supported : Dmpu
2024-09-19 02:35:59,392 [ERROR] ConditionMgr:805 - Attr not supported : Dmpu
2024-09-19 02:35:59,392 [ERROR] ConditionMgr:805 - Attr not supported : Dmpu
2024-09-19 02:35:59,392 [ERROR] ConditionMgr:805 - Attr not supported : Dmpu
2024-09-19 02:35:59,392 [ERROR] ConditionMgr:805 - Attr not supported : Dmpu
2024-09-19 02:35:59,392 [ERROR] ConditionMgr:805 - Attr not supported : Dmpu
2024-09-19 02:35:59,392 [ERROR] ConditionMgr:805 - Attr not supported : Dmpu
2024-09-19 02:35:59,392 [ERROR] ConditionMgr:805 - Attr not supported : Dmpu
2024-09-19 02:35:59,392 [ERROR] ConditionMgr:805 - Attr not supported : Dmpu
2024-09-19 02:35:59,392 [ERROR] ConditionMgr:805 - Attr not supported : Dmpu
2024-09-19 02:35:59,392 [ERROR] ConditionMgr:805 - Attr not supported : Dmpu
2024-09-19 02:35:59,393 [ERROR] ConditionMgr:805 - Attr not supported : Dmpu
2024-09-19 02:35:59,393 [ERROR] ConditionMgr:805 - Attr not supported : Dmpu
2024-09-19 02:35:59,393 [ERROR] ConditionMgr:805 - Attr not supported : Dmpu
2024-09-19 02:35:59,393 [ERROR] ConditionMgr:805 - Attr not supported : Dmpu
2024-09-19 02:35:59,393 [ERROR] ConditionMgr:805 - Attr not supported : Dmpu
2024-09-19 02:35:59,393 [ERROR] ConditionMgr:805 - Attr not supported : Dmpu
2024-09-19 02:35:59,393 [ERROR] ConditionMgr:805 - Attr not supported : Dmpu
2024-09-19 02:35:59,393 [ERROR] ConditionMgr:805 - Attr not supported : Dmpu
2024-09-19 02:35:59,393 [ERROR] ConditionMgr:805 - Attr not supported : Dmpu
2024-09-19 02:35:59,393 [ERROR] ConditionMgr:805 - Attr not supported : Dmpu
2024-09-19 02:35:59,393 [ERROR] ConditionMgr:805 - Attr not supported : Dmpu
2024-09-19 02:35:59,393 [ERROR] ConditionMgr:805 - Attr not supported : Dmpu
2024-09-19 02:35:59,393 [ERROR] ConditionMgr:805 - Attr not supported : Dmpu
2024-09-19 02:35:59,393 [ERROR] ConditionMgr:805 - Attr not supported : Dmpu
2024-09-19 02:35:59,393 [ERROR] ConditionMgr:805 - Attr not supported : Dmpu
2024-09-19 02:35:59,394 [ERROR] ConditionMgr:805 - Attr not supported : Dmpu
2024-09-19 02:35:59,394 [ERROR] ConditionMgr:805 - Attr not supported : Dmpu
2024-09-19 02:35:59,394 [ERROR] ConditionMgr:805 - Attr not supported : Dmpu
2024-09-19 02:35:59,394 [ERROR] ConditionMgr:805 - Attr not supported : Dmpu
2024-09-19 02:35:59,394 [ERROR] ConditionMgr:805 - Attr not supported : Dmpu
2024-09-19 02:35:59,394 [ERROR] ConditionMgr:805 - Attr not supported : Dmpu
2024-09-19 02:35:59,394 [ERROR] ConditionMgr:805 - Attr not supported : Dmpu
2024-09-19 02:35:59,394 [ERROR] ConditionMgr:805 - Attr not supported : Dmpu
2024-09-19 02:35:59,394 [ERROR] ConditionMgr:805 - Attr not supported : Dmpu
2024-09-19 02:35:59,394 [ERROR] ConditionMgr:805 - Attr not supported : Dmpu
2024-09-19 02:35:59,394 [ERROR] ConditionMgr:805 - Attr not supported : Dmpu
2024-09-19 02:35:59,394 [ERROR] ConditionMgr:805 - Attr not supported : Dmpu
2024-09-19 02:35:59,394 [ERROR] ConditionMgr:805 - Attr not supported : Dmpu
2024-09-19 02:35:59,394 [ERROR] ConditionMgr:805 - Attr not supported : Dmpu
2024-09-19 02:35:59,395 [ERROR] ConditionMgr:805 - Attr not supported : Dmpu
2024-09-19 02:35:59,395 [ERROR] ConditionMgr:805 - Attr not supported : Dmpu
2024-09-19 02:35:59,395 [ERROR] ConditionMgr:805 - Attr not supported : Dmpu
2024-09-19 02:35:59,395 [ERROR] ConditionMgr:805 - Attr not supported : Dmpu
2024-09-19 02:35:59,395 [ERROR] ConditionMgr:805 - Attr not supported : Dmpu
2024-09-19 02:35:59,395 [ERROR] ConditionMgr:805 - Attr not supported : Dmpu
2024-09-19 02:35:59,395 [ERROR] ConditionMgr:805 - Attr not supported : Dmpu
2024-09-19 02:35:59,395 [ERROR] ConditionMgr:805 - Attr not supported : Dmpu
2024-09-19 02:35:59,395 [ERROR] ConditionMgr:805 - Attr not supported : Dmpu
2024-09-19 02:35:59,395 [ERROR] ConditionMgr:805 - Attr not supported : Dmpu
2024-09-19 02:35:59,395 [ERROR] ConditionMgr:805 - Attr not supported : Dmpu
2024-09-19 02:35:59,395 [ERROR] ConditionMgr:805 - Attr not supported : Dmpu
2024-09-19 02:35:59,395 [ERROR] ConditionMgr:805 - Attr not supported : Dmpu
2024-09-19 02:35:59,395 [ERROR] ConditionMgr:805 - Attr not supported : Dmpu
2024-09-19 02:35:59,395 [ERROR] ConditionMgr:805 - Attr not supported : Dmpu
2024-09-19 02:35:59,395 [ERROR] ConditionMgr:805 - Attr not supported : Dmpu
2024-09-19 02:35:59,396 [ERROR] ConditionMgr:805 - Attr not supported : Dmpu
2024-09-19 02:35:59,396 [ERROR] ConditionMgr:805 - Attr not supported : Dmpu
2024-09-19 02:35:59,396 [ERROR] ConditionMgr:805 - Attr not supported : Dmpu
2024-09-19 02:35:59,396 [ERROR] ConditionMgr:805 - Attr not supported : Dmpu
2024-09-19 02:35:59,396 [ERROR] ConditionMgr:805 - Attr not supported : Dmpu
2024-09-19 02:35:59,396 [ERROR] ConditionMgr:805 - Attr not supported : Dmpu
2024-09-19 02:35:59,396 [ERROR] ConditionMgr:805 - Attr not supported : Dmpu
2024-09-19 02:35:59,406 [WARN] PackLoader:240 - Cannot read IP mode file for STMicroelectronics.X-CUBE-BLEMGR.3.0.0
2024-09-19 02:35:59,417 [WARN] PackLoader:240 - Cannot read IP mode file for RealThread.X-CUBE-RT-Thread_Nano.4.1.1
2024-09-19 02:35:59,423 [WARN] PackLoader:240 - Cannot read IP mode file for STMicroelectronics.FP-ATR-SIGFOX1.3.2.0
2024-09-19 02:35:59,429 [WARN] PackLoader:240 - Cannot read IP mode file for STMicroelectronics.X-CUBE-EEPRMA1.5.1.0
2024-09-19 02:35:59,455 [WARN] PackLoader:240 - Cannot read IP mode file for SEGGER.I-CUBE-embOS.1.3.1
2024-09-19 02:35:59,491 [WARN] PackLoader:240 - Cannot read IP mode file for STMicroelectronics.X-CUBE-ALGOBUILD.1.4.0
2024-09-19 02:35:59,495 [WARN] PackLoader:240 - Cannot read IP mode file for STMicroelectronics.X-CUBE-GNSS1.6.0.0
2024-09-19 02:35:59,507 [WARN] PackLoader:240 - Cannot read IP mode file for STMicroelectronics.X-CUBE-AZRTOS-F4.1.1.0
2024-09-19 02:35:59,512 [WARN] PackLoader:240 - Cannot read IP mode file for STMicroelectronics.X-CUBE-ISPU.2.1.0
2024-09-19 02:35:59,523 [WARN] PackLoader:240 - Cannot read IP mode file for STMicroelectronics.X-CUBE-AZRTOS-L5.2.0.0
2024-09-19 02:35:59,529 [WARN] PackLoader:240 - Cannot read IP mode file for ITTIA_DB.I-CUBE-ITTIADB.8.8.0
2024-09-19 02:35:59,536 [WARN] PackLoader:240 - Cannot read IP mode file for STMicroelectronics.X-CUBE-DPower.1.2.0
2024-09-19 02:35:59,543 [WARN] PackLoader:240 - Cannot read IP mode file for STMicroelectronics.X-CUBE-NFC7.1.0.1
2024-09-19 02:35:59,548 [WARN] PackLoader:240 - Cannot read IP mode file for wolfSSL.I-CUBE-wolfTPM.3.2.0
2024-09-19 02:35:59,556 [WARN] PackLoader:240 - Cannot read IP mode file for STMicroelectronics.X-CUBE-NFC6.3.0.0
2024-09-19 02:35:59,561 [WARN] PackLoader:240 - Cannot read IP mode file for STMicroelectronics.X-CUBE-AI.8.1.0
2024-09-19 02:35:59,575 [WARN] ConditionMgr:438 - getConditionDescription Invalid condition id : LAN8742 Phy interface Condition cause : null
2024-09-19 02:35:59,576 [WARN] PackLoader:240 - Cannot read IP mode file for STMicroelectronics.X-CUBE-AZRTOS-L4.2.0.0
2024-09-19 02:35:59,577 [WARN] ConditionMgr:1039 - genDependencies : Invalid condition id : LAN8742 Phy interface Condition cause : null
2024-09-19 02:35:59,577 [WARN] ConditionMgr:1039 - genDependencies : Invalid condition id : LAN8742 Phy interface Condition cause : null
2024-09-19 02:35:59,577 [WARN] ConditionMgr:1039 - genDependencies : Invalid condition id : LAN8742 Phy interface Condition cause : null
2024-09-19 02:35:59,583 [WARN] PackLoader:240 - Cannot read IP mode file for STMicroelectronics.X-CUBE-SFXS2LP1.4.0.0
2024-09-19 02:35:59,596 [WARN] PackLoader:240 - Cannot read IP mode file for STMicroelectronics.X-CUBE-AZRTOS-H7.3.3.0
2024-09-19 02:35:59,608 [WARN] ConditionMgr:438 - getConditionDescription Invalid condition id : UX DEVICE CLASS RTOS Condition cause : null
2024-09-19 02:35:59,608 [WARN] ConditionMgr:438 - getConditionDescription Invalid condition id : UX DEVICE CLASS RTOS Condition cause : null
2024-09-19 02:35:59,609 [WARN] PackLoader:240 - Cannot read IP mode file for STMicroelectronics.X-CUBE-AZRTOS-WB.2.0.0
2024-09-19 02:35:59,609 [WARN] ConditionMgr:1039 - genDependencies : Invalid condition id : UX DEVICE CLASS RTOS Condition cause : null
2024-09-19 02:35:59,610 [WARN] ConditionMgr:1039 - genDependencies : Invalid condition id : UX DEVICE CLASS RTOS Condition cause : null
2024-09-19 02:35:59,610 [WARN] ConditionMgr:1039 - genDependencies : Invalid condition id : UX DEVICE CLASS RTOS Condition cause : null
2024-09-19 02:35:59,610 [WARN] ConditionMgr:1039 - genDependencies : Invalid condition id : UX DEVICE CLASS RTOS Condition cause : null
2024-09-19 02:35:59,610 [WARN] ConditionMgr:1039 - genDependencies : Invalid condition id : UX DEVICE CLASS RTOS Condition cause : null
2024-09-19 02:35:59,614 [WARN] PackLoader:240 - Cannot read IP mode file for STMicroelectronics.X-CUBE-GNSS1.7.0.0
2024-09-19 02:35:59,619 [WARN] PackLoader:240 - Cannot read IP mode file for STMicroelectronics.FP-SNS-STBOX1.2.0.0
2024-09-19 02:35:59,630 [WARN] PackLoader:240 - Cannot read IP mode file for STMicroelectronics.X-CUBE-SUBG2.5.0.0
2024-09-19 02:35:59,645 [WARN] PackLoader:240 - Cannot read IP mode file for STMicroelectronics.X-CUBE-AZRTOS-G4.2.0.0
2024-09-19 02:35:59,649 [WARN] PackLoader:240 - Cannot read IP mode file for STMicroelectronics.FP-SNS-MOTENVWB1.1.3.1
2024-09-19 02:35:59,652 [WARN] PackLoader:240 - Cannot read IP mode file for STMicroelectronics.X-CUBE-ISPU.2.0.0
2024-09-19 02:35:59,656 [WARN] PackLoader:240 - Cannot read IP mode file for STMicroelectronics.X-CUBE-ALS.1.0.2
2024-09-19 02:35:59,683 [WARN] PackLoader:240 - Cannot read IP mode file for STMicroelectronics.X-CUBE-MEMS1.10.0.0
2024-09-19 02:35:59,766 [WARN] PackLoader:240 - Cannot read IP mode file for STMicroelectronics.X-CUBE-FREERTOS.1.1.0
2024-09-19 02:35:59,769 [WARN] PackLoader:240 - Cannot read IP mode file for STMicroelectronics.X-CUBE-TOUCHGFX.4.24.0
2024-09-19 02:35:59,775 [WARN] PackLoader:240 - Cannot read IP mode file for portGmbH.I-Cube-SoM-uGOAL.1.1.0
2024-09-19 02:35:59,779 [WARN] PackLoader:240 - Cannot read IP mode file for STMicroelectronics.X-CUBE-ALS.1.0.1
2024-09-19 02:35:59,783 [WARN] PackLoader:240 - Cannot read IP mode file for STMicroelectronics.FP-ATR-ASTRA1.2.0.0
2024-09-19 02:35:59,791 [WARN] PackLoader:240 - Cannot read IP mode file for STMicroelectronics.X-CUBE-TOF1.3.4.2
2024-09-19 02:35:59,806 [WARN] PackLoader:240 - Cannot read IP mode file for STMicroelectronics.X-CUBE-TOF1.3.4.0
2024-09-19 02:35:59,815 [WARN] PackLoader:240 - Cannot read IP mode file for STMicroelectronics.X-CUBE-TOF1.3.4.1
2024-09-19 02:35:59,835 [WARN] PackLoader:240 - Cannot read IP mode file for STMicroelectronics.X-CUBE-AZRTOS-H7.3.2.0
2024-09-19 02:35:59,842 [WARN] PackLoader:240 - Cannot read IP mode file for wolfSSL.I-CUBE-wolfSSH.1.4.17
2024-09-19 02:35:59,842 [INFO] ThirdParty:978 - Integrity check success = true
2024-09-19 02:35:59,842 [INFO] IntegrityCheckThread:100 - exiting critical section [integrity check]
2024-09-19 02:35:59,842 [INFO] IntegrityCheckThread:103 - End integrity checks thread
2024-09-19 02:36:10,878 [INFO] McuFinderGlobals:63 - Set McuFinder mode to 2 (CubeIDE integrated)
2024-09-19 02:36:10,880 [INFO] MainUpdater:2873 - connection check result : 10
2024-09-19 02:36:10,882 [INFO] McuFinderGlobals:76 - Set McuFinderConnectedMode to true
2024-09-19 02:36:11,052 [INFO] ServerAccessManage:473 - Download File mcusAds.json._tmp_
2024-09-19 02:36:11,162 [INFO] LoadUrlFilesThread:156 - End of LoadUrlFiles Thread
2024-09-19 02:36:11,482 [INFO] ServerAccessManage:473 - Download File cube-finder-db.zip
2024-09-19 02:36:12,994 [INFO] FileExtend:240 - Unzip File : cube-finder-db.zip
2024-09-19 02:36:12,994 [INFO] FileExtend:255 - Standard Zip Deflate
2024-09-19 02:36:13,584 [INFO] LoadUrlFilesThread:156 - End of LoadUrlFiles Thread
2024-09-19 02:36:15,485 [ERROR] ServerAccessManage:1172 - Problem during Server Connection :  IO error Remote host terminated the handshake
2024-09-19 02:36:15,485 [ERROR] ServerAccessManage:651 - Problem during Server Connection :  : crdb_full.zip.
2024-09-19 02:36:16,224 [INFO] LoadUrlFilesThread:156 - End of LoadUrlFiles Thread
2024-09-19 02:36:17,172 [INFO] DbMcusAds:53 - JSON generation date=Mon Sep 16 22:40:22 CST 2024 (1726497622318)
2024-09-19 02:36:17,186 [ERROR] TargetSelectorAdapter:267 - Unable to refresh data
2024-09-19 02:36:17,352 [INFO] ApiDb:581 - Connected to CubeFinder SQLite database (C:\Users\king\.stmcufinder\plugins\mcufinder\mcu\cube-finder-db.db)
2024-09-19 02:36:17,413 [INFO] ApiDb:668 - CubeFinder database Data Model version=2.1
2024-09-19 02:36:17,413 [INFO] ApiDb:669 - CubeFinder database Configuration version=3.0.39
2024-09-19 02:36:17,413 [INFO] ApiDb:670 - CubeFinder database generation date=2024-09-16 (1726485674)
2024-09-19 02:36:17,413 [INFO] ApiDb:671 - CubeFinder database FW Pack versions=[FP-ATR-ASTRA1_V2.0.0, FP-SNS-FLIGHT1_V5.0.2, FP-SNS-MOTENV1_V5.0.0, FP-SNS-MOTENVWB1_V1.4.0, FP-SNS-SMARTAG2_V1.2.0, FP-SNS-STBOX1_V2.0.0, STM32Cube_FW_C0_V1.2.0, STM32Cube_FW_F4_V1.28.1, STM32Cube_FW_F7_V1.17.2, STM32Cube_FW_G0_V1.6.2, STM32Cube_FW_G4_V1.6.0, STM32Cube_FW_H5_V1.3.0, STM32Cube_FW_H7RS_V1.1.0, STM32Cube_FW_H7_V1.11.2, STM32Cube_FW_L0_V1.12.2, STM32Cube_FW_L5_V1.5.1, STM32Cube_FW_U0_V1.1.0, STM32Cube_FW_U5_V1.6.0, STM32Cube_FW_WB0_V1.0.0, STM32Cube_FW_WBA_V1.4.1, STM32Cube_FW_WB_V1.20.0, STM32Cube_FW_WL_V1.3.0, X-CUBE-ALGOBUILD_V1.4.0, X-CUBE-ALS_V1.0.2, X-CUBE-AZRTOS-F4_V1.1.0, X-CUBE-AZRTOS-F7_V1.1.0, X-CUBE-AZRTOS-G0_V1.1.0, X-CUBE-AZRTOS-G4_V2.0.0, X-CUBE-AZRTOS-H7RS_V1.0.0, X-CUBE-AZRTOS-H7_V3.2.0, X-CUBE-AZRTOS-L4_V2.0.0, X-CUBE-AZRTOS-L5_V2.0.0, X-CUBE-AZRTOS-WB_V2.0.0, X-CUBE-AZRTOS-WL_V2.0.0, X-CUBE-BLE1_V7.0.0, X-CUBE-BLE2_V3.3.0, X-CUBE-BLEMGR_V3.1.0, X-CUBE-EEPRMA1_V5.1.0, X-CUBE-FREERTOS_V1.2.0, X-CUBE-GNSS1_V6.0.0, X-CUBE-MEMS1_V11.0.0, X-CUBE-NFC4_V3.0.0, X-CUBE-NFC7_V1.0.1, X-CUBE-SFXS2LP1_V4.0.0, X-CUBE-SUBG2_V5.0.0, X-CUBE-TOF1_V3.4.2]
2024-09-19 02:36:17,462 [INFO] DbBoardsSqlite:226 - include board P-NUCLEO-WB55-NUCLEO as a kit item of type 'Nucleo-64'
2024-09-19 02:36:17,462 [INFO] DbBoardsSqlite:226 - include board P-NUCLEO-WB55-USBDONGLE as a kit item of type 'Nucleo USB Dongle'
2024-09-19 02:36:17,462 [INFO] DbBoardsSqlite:226 - include board STEVAL-IDP005V1 as a kit item of type 'Evaluation Board'
2024-09-19 02:36:17,463 [INFO] DbBoardsSqlite:226 - include board STEVAL-IDP005V2 as a kit item of type 'Evaluation Board'
2024-09-19 02:36:17,511 [INFO] ApiDb:240 - Found 483 in-development CPN: [B-G473E-ZEST1S, B-WB1M-WPAN1, B-WL5M-SUBG1, NUCLEO-C031C6, NUCLEO-H503RB, NUCLEO-H533RE, NUCLEO-H563ZI, NUCLEO-H7S3L8, NUCLEO-U031R8, NUCLEO-U083RC, NUCLEO-U545RE-Q, NUCLEO-U5A5ZJ-Q, NUCLEO-WBA52CG, NUCLEO-WBA55CG, STEVAL-PROTEUS1, STEVAL-SMARTAG2, STEVAL-STWINBX1, STM320518-EVAL, STM32C0116-DK, STM32C011D6Y3TR, STM32C011D6Y6TR, STM32C011F4P3, STM32C011F4P6, STM32C011F4U3, STM32C011F4U6TR, STM32C011F6P3, STM32C011F6P6, STM32C011F6U3, STM32C011F6U6TR, STM32C011J4M3, STM32C011J4M6, STM32C011J6M3, STM32C011J6M6, STM32C0316-DK, STM32C031C4T3, STM32C031C4T6, STM32C031C4U3, STM32C031C4U6, STM32C031C6T3, STM32C031C6T6, STM32C031C6U3, STM32C031C6U6, STM32C031F4P3, STM32C031F4P6, STM32C031F6P3, STM32C031F6P6, STM32C031G4U3, STM32C031G4U6, STM32C031G6U3, STM32C031G6U6, STM32C031K4T3, STM32C031K4T6, STM32C031K4U3, STM32C031K4U6, STM32C031K6T3, STM32C031K6T6, STM32C031K6U3, STM32C031K6U6, STM32G071K8TXN, STM32G071K8UXN, STM32G081GBU6N, STM32G081KBT6N, STM32G081KBUXN, STM32G0B1CCT6N, STM32G0B1KCT6, STM32G0B1NEY6TR, STM32G0B1RCT6N, STM32G0C1CCT6, STM32G0C1CCT6N, STM32G0C1CCU6N, STM32G0C1CET6N, STM32G0C1CEU6N, STM32G0C1KCT6, STM32G0C1NEY6TR, STM32G0C1RCI6N, STM32G0C1RCT6N, STM32G0C1REI6N, STM32G0C1RET6N, STM32G0C1VCI6, STM32G0C1VEI6, STM32G471CCT6, STM32G471CCU6, STM32G471CET3, STM32G471CET6, STM32G471CEU3, STM32G471CEU6, STM32G471MCT6, STM32G471MET3, STM32G471MET6, STM32G471MEY6TR, STM32G471QCT6, STM32G471QET3, STM32G471RCT6, STM32G471RET3, STM32G471RET6, STM32G471VCH6, STM32G471VCI6, STM32G471VCT6, STM32G471VEH3, STM32G471VEH6, STM32G471VEI3, STM32G471VEI6, STM32G471VET3, STM32G471VET6, STM32G474CCT6, STM32H503CBT6, STM32H503CBU6, STM32H503EBY6TR, STM32H503KBU6, STM32H503RBT6, STM32H523CCT6, STM32H523CCU6, STM32H523CET6, STM32H523CEU6, STM32H523HEY6TR, STM32H523RCT6, STM32H523RET6, STM32H523VCI6, STM32H523VCT6, STM32H523VEI6, STM32H523VET6, STM32H523ZCJ6, STM32H523ZCT6, STM32H523ZEJ6, STM32H523ZET6, STM32H533CET6, STM32H533CEU6, STM32H533HEY6TR, STM32H533RET6, STM32H533VEI6, STM32H533VET6, STM32H533ZEJ6, STM32H533ZET6, STM32H562AGI6, STM32H562AII6, STM32H562IGK6, STM32H562IGT6, STM32H562IIK6, STM32H562IIT6, STM32H562RGT6, STM32H562RGV6, STM32H562RIT6, STM32H562RIV6, STM32H562VGT6, STM32H562VIT6, STM32H562ZGT6, STM32H562ZIT6, STM32H563AGI6, STM32H563AII3Q, STM32H563AII6, STM32H563IGK6, STM32H563IGT6, STM32H563IIK3Q, STM32H563IIK6, STM32H563IIT3Q, STM32H563IIT6, STM32H563MIY3QTR, STM32H563RGT6, STM32H563RGV6, STM32H563RIT6, STM32H563RIV6, STM32H563VGT6, STM32H563VIT3Q, STM32H563VIT6, STM32H563ZGT6, STM32H563ZIT3Q, STM32H563ZIT6, STM32H573AII3Q, STM32H573AII6, STM32H573I-DK, STM32H573IIK3Q, STM32H573IIK6, STM32H573IIT3Q, STM32H573IIT6, STM32H573MIY3QTR, STM32H573RIT6, STM32H573RIV6, STM32H573VIT3Q, STM32H573VIT6, STM32H573ZIT3Q, STM32H573ZIT6, STM32H7R3A8I6, STM32H7R3I8K6, STM32H7R3I8T6, STM32H7R3L8H6, STM32H7R3L8H6H, STM32H7R3R8V6, STM32H7R3V8H6, STM32H7R3V8T6, STM32H7R3V8Y6, STM32H7R3Z8J6, STM32H7R3Z8T6, STM32H7R7A8I6, STM32H7R7I8K6, STM32H7R7I8T6, STM32H7R7L8H6, STM32H7R7L8H6H, STM32H7R7Z8J6, STM32H7S3A8I6, STM32H7S3I8K6, STM32H7S3I8T6, STM32H7S3L8H6, STM32H7S3L8H6H, STM32H7S3R8V6, STM32H7S3V8H6, STM32H7S3V8T6, STM32H7S3V8Y6, STM32H7S3Z8J6, STM32H7S3Z8T6, STM32H7S78-DK, STM32H7S7A8I6, STM32H7S7I8K6, STM32H7S7I8T6, STM32H7S7L8H6, STM32H7S7L8H6H, STM32H7S7Z8J6, STM32L4R5QGI6STR, STM32MP131AAE3, STM32MP131AAF3, STM32MP131AAG3, STM32MP131CAE3, STM32MP131CAF3, STM32MP131CAG3, STM32MP131DAE7, STM32MP131DAF7, STM32MP131DAG7, STM32MP131FAE7, STM32MP131FAF7, STM32MP131FAG7, STM32MP133AAE3, STM32MP133AAF3, STM32MP133AAG3, STM32MP133CAE3, STM32MP133CAF3, STM32MP133CAG3, STM32MP133DAE7, STM32MP133DAF7, STM32MP133DAG7, STM32MP133FAE7, STM32MP133FAF7, STM32MP133FAG7, STM32MP135AAE3, STM32MP135AAF3, STM32MP135AAG3, STM32MP135CAE3, STM32MP135CAF3, STM32MP135CAG3, STM32MP135DAE7, STM32MP135DAF7, STM32MP135DAG7, STM32MP135F-DK, STM32MP135FAE7, STM32MP135FAF7, STM32MP135FAF7T, STM32MP135FAF7U, STM32MP135FAG7, STM32U031C6T6, STM32U031C6U6, STM32U031C8T6, STM32U031C8U6, STM32U031F4P6, STM32U031F6P6, STM32U031F8P6, STM32U031G6Y6TR, STM32U031G8Y6TR, STM32U031K4U6, STM32U031K6U6, STM32U031K8U6, STM32U031R6I6, STM32U031R6T6, STM32U031R8I6, STM32U031R8T6, STM32U073C8T6, STM32U073C8U6, STM32U073CBT6, STM32U073CBU6, STM32U073CCT6, STM32U073CCU6, STM32U073H8Y6TR, STM32U073HBY6TR, STM32U073HCY6TR, STM32U073K8U6, STM32U073KBU6, STM32U073KCU6, STM32U073M8I6, STM32U073M8T6, STM32U073MBI6, STM32U073MBT6, STM32U073MCI6, STM32U073MCT6, STM32U073R8I6, STM32U073R8T6, STM32U073RBI6, STM32U073RBT6, STM32U073RCI6, STM32U073RCT6, STM32U083C-DK, STM32U083CCT6, STM32U083CCU6, STM32U083HCY6TR, STM32U083KCU6, STM32U083MCI6, STM32U083MCT6, STM32U083RCI6, STM32U083RCT6, STM32U535CBT6, STM32U535CBT6Q, STM32U535CBU6, STM32U535CBU6Q, STM32U535CCT6, STM32U535CCT6Q, STM32U535CCU6, STM32U535CCU6Q, STM32U535CET6, STM32U535CET6Q, STM32U535CEU6, STM32U535CEU6Q, STM32U535JEY6QTR, STM32U535NCY6QTR, STM32U535NEY6QTR, STM32U535RBI6, STM32U535RBI6Q, STM32U535RBT6, STM32U535RBT6Q, STM32U535RCI6, STM32U535RCI6Q, STM32U535RCT6, STM32U535RCT6Q, STM32U535REI6, STM32U535REI6Q, STM32U535RET6, STM32U535RET6Q, STM32U535VCI6, STM32U535VCI6Q, STM32U535VCT6, STM32U535VCT6Q, STM32U535VEI6, STM32U535VEI6Q, STM32U535VET6, STM32U535VET6Q, STM32U545CET6, STM32U545CET6Q, STM32U545CEU6, STM32U545CEU6Q, STM32U545JEY6QTR, STM32U545NEY6QTR, STM32U545REI6, STM32U545REI6Q, STM32U545RET6, STM32U545RET6Q, STM32U545VEI6, STM32U545VEI6Q, STM32U545VET6, STM32U545VET6Q, STM32U595AIH6, STM32U595AIH6Q, STM32U595AJH6, STM32U595AJH6Q, STM32U595QII6, STM32U595QII6Q, STM32U595QJI6, STM32U595QJI6Q, STM32U595RIT6, STM32U595RIT6Q, STM32U595RJT6, STM32U595RJT6Q, STM32U595VIT6, STM32U595VIT6Q, STM32U595VJT6, STM32U595VJT6Q, STM32U595ZIT6, STM32U595ZIT6Q, STM32U595ZIY6QTR, STM32U595ZJT6, STM32U595ZJT6Q, STM32U595ZJY6QTR, STM32U599BJY6QTR, STM32U599NIH6Q, STM32U599NJH6Q, STM32U599VIT6Q, STM32U599VJT6, STM32U599VJT6Q, STM32U599ZIT6Q, STM32U599ZIY6QTR, STM32U599ZJT6Q, STM32U599ZJY6QTR, STM32U5A5AJH6, STM32U5A5AJH6Q, STM32U5A5QII3Q , STM32U5A5QJI6, STM32U5A5QJI6Q, STM32U5A5RJT6, STM32U5A5RJT6Q, STM32U5A5VJT6, STM32U5A5VJT6Q, STM32U5A5ZJT6, STM32U5A5ZJT6Q, STM32U5A5ZJY6QTR, STM32U5A9BJY6QTR, STM32U5A9J-DK, STM32U5A9NJH6Q, STM32U5A9VJT6Q, STM32U5A9ZJT6Q, STM32U5A9ZJY6QTR, STM32U5F7VIT6, STM32U5F7VIT6Q, STM32U5F7VJT6, STM32U5F7VJT6Q, STM32U5F9BJY6QTR, STM32U5F9NJH6Q, STM32U5F9VIT6Q, STM32U5F9VJT6Q, STM32U5F9ZIJ6QTR, STM32U5F9ZIT6Q, STM32U5F9ZJJ6QTR, STM32U5F9ZJT6Q, STM32U5G7VJT6, STM32U5G7VJT6Q, STM32U5G9BJY6QTR, STM32U5G9J-DK1, STM32U5G9J-DK2, STM32U5G9NJH6Q, STM32U5G9VJT6Q, STM32U5G9ZJJ6QTR, STM32U5G9ZJT6Q, STM32WB1MMCH6, STM32WBA50KEU6, STM32WBA50KEU6TR, STM32WBA50KGU6, STM32WBA50KGU6TR, STM32WBA52CEU6, STM32WBA52CEU6TR, STM32WBA52CEU7, STM32WBA52CEU7TR, STM32WBA52CGU6, STM32WBA52CGU6TR, STM32WBA52CGU6U, STM32WBA52CGU7, STM32WBA52CGU7TR, STM32WBA52KEU6, STM32WBA52KEU6TR, STM32WBA52KGU6, STM32WBA52KGU6TR, STM32WBA54CEU6, STM32WBA54CEU6TR, STM32WBA54CEU7, STM32WBA54CEU7TR, STM32WBA54CGU6, STM32WBA54CGU6TR, STM32WBA54CGU7, STM32WBA54CGU7TR, STM32WBA54KEU6, STM32WBA54KEU6TR, STM32WBA54KEU7, STM32WBA54KEU7TR, STM32WBA54KGU6, STM32WBA54KGU6TR, STM32WBA54KGU7, STM32WBA54KGU7TR, STM32WBA55CEU6, STM32WBA55CEU6TR, STM32WBA55CEU7, STM32WBA55CEU7TR, STM32WBA55CGU6, STM32WBA55CGU6TR, STM32WBA55CGU6U, STM32WBA55CGU7, STM32WBA55CGU7TR, STM32WBA55G-DK1, STM32WBA55HEF6, STM32WBA55HEF7, STM32WBA55HGF6, STM32WBA55HGF7, STM32WBA55UEI6, STM32WBA55UEI6TR, STM32WBA55UEI7, STM32WBA55UEI7TR, STM32WBA55UGI6, STM32WBA55UGI6TR, STM32WBA55UGI7, STM32WBA55UGI7TR, STM32WL5MOCH6, STM32WL5MOCH6TR]
2024-09-19 02:36:17,513 [INFO] ApiDb:668 - CubeFinder database Data Model version=2.1
2024-09-19 02:36:17,513 [INFO] ApiDb:669 - CubeFinder database Configuration version=3.0.39
2024-09-19 02:36:17,514 [INFO] ApiDb:670 - CubeFinder database generation date=2024-09-16 (1726485674)
2024-09-19 02:36:17,514 [INFO] ApiDb:671 - CubeFinder database FW Pack versions=[FP-ATR-ASTRA1_V2.0.0, FP-SNS-FLIGHT1_V5.0.2, FP-SNS-MOTENV1_V5.0.0, FP-SNS-MOTENVWB1_V1.4.0, FP-SNS-SMARTAG2_V1.2.0, FP-SNS-STBOX1_V2.0.0, STM32Cube_FW_C0_V1.2.0, STM32Cube_FW_F4_V1.28.1, STM32Cube_FW_F7_V1.17.2, STM32Cube_FW_G0_V1.6.2, STM32Cube_FW_G4_V1.6.0, STM32Cube_FW_H5_V1.3.0, STM32Cube_FW_H7RS_V1.1.0, STM32Cube_FW_H7_V1.11.2, STM32Cube_FW_L0_V1.12.2, STM32Cube_FW_L5_V1.5.1, STM32Cube_FW_U0_V1.1.0, STM32Cube_FW_U5_V1.6.0, STM32Cube_FW_WB0_V1.0.0, STM32Cube_FW_WBA_V1.4.1, STM32Cube_FW_WB_V1.20.0, STM32Cube_FW_WL_V1.3.0, X-CUBE-ALGOBUILD_V1.4.0, X-CUBE-ALS_V1.0.2, X-CUBE-AZRTOS-F4_V1.1.0, X-CUBE-AZRTOS-F7_V1.1.0, X-CUBE-AZRTOS-G0_V1.1.0, X-CUBE-AZRTOS-G4_V2.0.0, X-CUBE-AZRTOS-H7RS_V1.0.0, X-CUBE-AZRTOS-H7_V3.2.0, X-CUBE-AZRTOS-L4_V2.0.0, X-CUBE-AZRTOS-L5_V2.0.0, X-CUBE-AZRTOS-WB_V2.0.0, X-CUBE-AZRTOS-WL_V2.0.0, X-CUBE-BLE1_V7.0.0, X-CUBE-BLE2_V3.3.0, X-CUBE-BLEMGR_V3.1.0, X-CUBE-EEPRMA1_V5.1.0, X-CUBE-FREERTOS_V1.2.0, X-CUBE-GNSS1_V6.0.0, X-CUBE-MEMS1_V11.0.0, X-CUBE-NFC4_V3.0.0, X-CUBE-NFC7_V1.0.1, X-CUBE-SFXS2LP1_V4.0.0, X-CUBE-SUBG2_V5.0.0, X-CUBE-TOF1_V3.4.2]
2024-09-19 02:36:19,000 [INFO] ApiDb:240 - Found 483 in-development CPN: [B-G473E-ZEST1S, B-WB1M-WPAN1, B-WL5M-SUBG1, NUCLEO-C031C6, NUCLEO-H503RB, NUCLEO-H533RE, NUCLEO-H563ZI, NUCLEO-H7S3L8, NUCLEO-U031R8, NUCLEO-U083RC, NUCLEO-U545RE-Q, NUCLEO-U5A5ZJ-Q, NUCLEO-WBA52CG, NUCLEO-WBA55CG, STEVAL-PROTEUS1, STEVAL-SMARTAG2, STEVAL-STWINBX1, STM320518-EVAL, STM32C0116-DK, STM32C011D6Y3TR, STM32C011D6Y6TR, STM32C011F4P3, STM32C011F4P6, STM32C011F4U3, STM32C011F4U6TR, STM32C011F6P3, STM32C011F6P6, STM32C011F6U3, STM32C011F6U6TR, STM32C011J4M3, STM32C011J4M6, STM32C011J6M3, STM32C011J6M6, STM32C0316-DK, STM32C031C4T3, STM32C031C4T6, STM32C031C4U3, STM32C031C4U6, STM32C031C6T3, STM32C031C6T6, STM32C031C6U3, STM32C031C6U6, STM32C031F4P3, STM32C031F4P6, STM32C031F6P3, STM32C031F6P6, STM32C031G4U3, STM32C031G4U6, STM32C031G6U3, STM32C031G6U6, STM32C031K4T3, STM32C031K4T6, STM32C031K4U3, STM32C031K4U6, STM32C031K6T3, STM32C031K6T6, STM32C031K6U3, STM32C031K6U6, STM32G071K8TXN, STM32G071K8UXN, STM32G081GBU6N, STM32G081KBT6N, STM32G081KBUXN, STM32G0B1CCT6N, STM32G0B1KCT6, STM32G0B1NEY6TR, STM32G0B1RCT6N, STM32G0C1CCT6, STM32G0C1CCT6N, STM32G0C1CCU6N, STM32G0C1CET6N, STM32G0C1CEU6N, STM32G0C1KCT6, STM32G0C1NEY6TR, STM32G0C1RCI6N, STM32G0C1RCT6N, STM32G0C1REI6N, STM32G0C1RET6N, STM32G0C1VCI6, STM32G0C1VEI6, STM32G471CCT6, STM32G471CCU6, STM32G471CET3, STM32G471CET6, STM32G471CEU3, STM32G471CEU6, STM32G471MCT6, STM32G471MET3, STM32G471MET6, STM32G471MEY6TR, STM32G471QCT6, STM32G471QET3, STM32G471RCT6, STM32G471RET3, STM32G471RET6, STM32G471VCH6, STM32G471VCI6, STM32G471VCT6, STM32G471VEH3, STM32G471VEH6, STM32G471VEI3, STM32G471VEI6, STM32G471VET3, STM32G471VET6, STM32G474CCT6, STM32H503CBT6, STM32H503CBU6, STM32H503EBY6TR, STM32H503KBU6, STM32H503RBT6, STM32H523CCT6, STM32H523CCU6, STM32H523CET6, STM32H523CEU6, STM32H523HEY6TR, STM32H523RCT6, STM32H523RET6, STM32H523VCI6, STM32H523VCT6, STM32H523VEI6, STM32H523VET6, STM32H523ZCJ6, STM32H523ZCT6, STM32H523ZEJ6, STM32H523ZET6, STM32H533CET6, STM32H533CEU6, STM32H533HEY6TR, STM32H533RET6, STM32H533VEI6, STM32H533VET6, STM32H533ZEJ6, STM32H533ZET6, STM32H562AGI6, STM32H562AII6, STM32H562IGK6, STM32H562IGT6, STM32H562IIK6, STM32H562IIT6, STM32H562RGT6, STM32H562RGV6, STM32H562RIT6, STM32H562RIV6, STM32H562VGT6, STM32H562VIT6, STM32H562ZGT6, STM32H562ZIT6, STM32H563AGI6, STM32H563AII3Q, STM32H563AII6, STM32H563IGK6, STM32H563IGT6, STM32H563IIK3Q, STM32H563IIK6, STM32H563IIT3Q, STM32H563IIT6, STM32H563MIY3QTR, STM32H563RGT6, STM32H563RGV6, STM32H563RIT6, STM32H563RIV6, STM32H563VGT6, STM32H563VIT3Q, STM32H563VIT6, STM32H563ZGT6, STM32H563ZIT3Q, STM32H563ZIT6, STM32H573AII3Q, STM32H573AII6, STM32H573I-DK, STM32H573IIK3Q, STM32H573IIK6, STM32H573IIT3Q, STM32H573IIT6, STM32H573MIY3QTR, STM32H573RIT6, STM32H573RIV6, STM32H573VIT3Q, STM32H573VIT6, STM32H573ZIT3Q, STM32H573ZIT6, STM32H7R3A8I6, STM32H7R3I8K6, STM32H7R3I8T6, STM32H7R3L8H6, STM32H7R3L8H6H, STM32H7R3R8V6, STM32H7R3V8H6, STM32H7R3V8T6, STM32H7R3V8Y6, STM32H7R3Z8J6, STM32H7R3Z8T6, STM32H7R7A8I6, STM32H7R7I8K6, STM32H7R7I8T6, STM32H7R7L8H6, STM32H7R7L8H6H, STM32H7R7Z8J6, STM32H7S3A8I6, STM32H7S3I8K6, STM32H7S3I8T6, STM32H7S3L8H6, STM32H7S3L8H6H, STM32H7S3R8V6, STM32H7S3V8H6, STM32H7S3V8T6, STM32H7S3V8Y6, STM32H7S3Z8J6, STM32H7S3Z8T6, STM32H7S78-DK, STM32H7S7A8I6, STM32H7S7I8K6, STM32H7S7I8T6, STM32H7S7L8H6, STM32H7S7L8H6H, STM32H7S7Z8J6, STM32L4R5QGI6STR, STM32MP131AAE3, STM32MP131AAF3, STM32MP131AAG3, STM32MP131CAE3, STM32MP131CAF3, STM32MP131CAG3, STM32MP131DAE7, STM32MP131DAF7, STM32MP131DAG7, STM32MP131FAE7, STM32MP131FAF7, STM32MP131FAG7, STM32MP133AAE3, STM32MP133AAF3, STM32MP133AAG3, STM32MP133CAE3, STM32MP133CAF3, STM32MP133CAG3, STM32MP133DAE7, STM32MP133DAF7, STM32MP133DAG7, STM32MP133FAE7, STM32MP133FAF7, STM32MP133FAG7, STM32MP135AAE3, STM32MP135AAF3, STM32MP135AAG3, STM32MP135CAE3, STM32MP135CAF3, STM32MP135CAG3, STM32MP135DAE7, STM32MP135DAF7, STM32MP135DAG7, STM32MP135F-DK, STM32MP135FAE7, STM32MP135FAF7, STM32MP135FAF7T, STM32MP135FAF7U, STM32MP135FAG7, STM32U031C6T6, STM32U031C6U6, STM32U031C8T6, STM32U031C8U6, STM32U031F4P6, STM32U031F6P6, STM32U031F8P6, STM32U031G6Y6TR, STM32U031G8Y6TR, STM32U031K4U6, STM32U031K6U6, STM32U031K8U6, STM32U031R6I6, STM32U031R6T6, STM32U031R8I6, STM32U031R8T6, STM32U073C8T6, STM32U073C8U6, STM32U073CBT6, STM32U073CBU6, STM32U073CCT6, STM32U073CCU6, STM32U073H8Y6TR, STM32U073HBY6TR, STM32U073HCY6TR, STM32U073K8U6, STM32U073KBU6, STM32U073KCU6, STM32U073M8I6, STM32U073M8T6, STM32U073MBI6, STM32U073MBT6, STM32U073MCI6, STM32U073MCT6, STM32U073R8I6, STM32U073R8T6, STM32U073RBI6, STM32U073RBT6, STM32U073RCI6, STM32U073RCT6, STM32U083C-DK, STM32U083CCT6, STM32U083CCU6, STM32U083HCY6TR, STM32U083KCU6, STM32U083MCI6, STM32U083MCT6, STM32U083RCI6, STM32U083RCT6, STM32U535CBT6, STM32U535CBT6Q, STM32U535CBU6, STM32U535CBU6Q, STM32U535CCT6, STM32U535CCT6Q, STM32U535CCU6, STM32U535CCU6Q, STM32U535CET6, STM32U535CET6Q, STM32U535CEU6, STM32U535CEU6Q, STM32U535JEY6QTR, STM32U535NCY6QTR, STM32U535NEY6QTR, STM32U535RBI6, STM32U535RBI6Q, STM32U535RBT6, STM32U535RBT6Q, STM32U535RCI6, STM32U535RCI6Q, STM32U535RCT6, STM32U535RCT6Q, STM32U535REI6, STM32U535REI6Q, STM32U535RET6, STM32U535RET6Q, STM32U535VCI6, STM32U535VCI6Q, STM32U535VCT6, STM32U535VCT6Q, STM32U535VEI6, STM32U535VEI6Q, STM32U535VET6, STM32U535VET6Q, STM32U545CET6, STM32U545CET6Q, STM32U545CEU6, STM32U545CEU6Q, STM32U545JEY6QTR, STM32U545NEY6QTR, STM32U545REI6, STM32U545REI6Q, STM32U545RET6, STM32U545RET6Q, STM32U545VEI6, STM32U545VEI6Q, STM32U545VET6, STM32U545VET6Q, STM32U595AIH6, STM32U595AIH6Q, STM32U595AJH6, STM32U595AJH6Q, STM32U595QII6, STM32U595QII6Q, STM32U595QJI6, STM32U595QJI6Q, STM32U595RIT6, STM32U595RIT6Q, STM32U595RJT6, STM32U595RJT6Q, STM32U595VIT6, STM32U595VIT6Q, STM32U595VJT6, STM32U595VJT6Q, STM32U595ZIT6, STM32U595ZIT6Q, STM32U595ZIY6QTR, STM32U595ZJT6, STM32U595ZJT6Q, STM32U595ZJY6QTR, STM32U599BJY6QTR, STM32U599NIH6Q, STM32U599NJH6Q, STM32U599VIT6Q, STM32U599VJT6, STM32U599VJT6Q, STM32U599ZIT6Q, STM32U599ZIY6QTR, STM32U599ZJT6Q, STM32U599ZJY6QTR, STM32U5A5AJH6, STM32U5A5AJH6Q, STM32U5A5QII3Q , STM32U5A5QJI6, STM32U5A5QJI6Q, STM32U5A5RJT6, STM32U5A5RJT6Q, STM32U5A5VJT6, STM32U5A5VJT6Q, STM32U5A5ZJT6, STM32U5A5ZJT6Q, STM32U5A5ZJY6QTR, STM32U5A9BJY6QTR, STM32U5A9J-DK, STM32U5A9NJH6Q, STM32U5A9VJT6Q, STM32U5A9ZJT6Q, STM32U5A9ZJY6QTR, STM32U5F7VIT6, STM32U5F7VIT6Q, STM32U5F7VJT6, STM32U5F7VJT6Q, STM32U5F9BJY6QTR, STM32U5F9NJH6Q, STM32U5F9VIT6Q, STM32U5F9VJT6Q, STM32U5F9ZIJ6QTR, STM32U5F9ZIT6Q, STM32U5F9ZJJ6QTR, STM32U5F9ZJT6Q, STM32U5G7VJT6, STM32U5G7VJT6Q, STM32U5G9BJY6QTR, STM32U5G9J-DK1, STM32U5G9J-DK2, STM32U5G9NJH6Q, STM32U5G9VJT6Q, STM32U5G9ZJJ6QTR, STM32U5G9ZJT6Q, STM32WB1MMCH6, STM32WBA50KEU6, STM32WBA50KEU6TR, STM32WBA50KGU6, STM32WBA50KGU6TR, STM32WBA52CEU6, STM32WBA52CEU6TR, STM32WBA52CEU7, STM32WBA52CEU7TR, STM32WBA52CGU6, STM32WBA52CGU6TR, STM32WBA52CGU6U, STM32WBA52CGU7, STM32WBA52CGU7TR, STM32WBA52KEU6, STM32WBA52KEU6TR, STM32WBA52KGU6, STM32WBA52KGU6TR, STM32WBA54CEU6, STM32WBA54CEU6TR, STM32WBA54CEU7, STM32WBA54CEU7TR, STM32WBA54CGU6, STM32WBA54CGU6TR, STM32WBA54CGU7, STM32WBA54CGU7TR, STM32WBA54KEU6, STM32WBA54KEU6TR, STM32WBA54KEU7, STM32WBA54KEU7TR, STM32WBA54KGU6, STM32WBA54KGU6TR, STM32WBA54KGU7, STM32WBA54KGU7TR, STM32WBA55CEU6, STM32WBA55CEU6TR, STM32WBA55CEU7, STM32WBA55CEU7TR, STM32WBA55CGU6, STM32WBA55CGU6TR, STM32WBA55CGU6U, STM32WBA55CGU7, STM32WBA55CGU7TR, STM32WBA55G-DK1, STM32WBA55HEF6, STM32WBA55HEF7, STM32WBA55HGF6, STM32WBA55HGF7, STM32WBA55UEI6, STM32WBA55UEI6TR, STM32WBA55UEI7, STM32WBA55UEI7TR, STM32WBA55UGI6, STM32WBA55UGI6TR, STM32WBA55UGI7, STM32WBA55UGI7TR, STM32WL5MOCH6, STM32WL5MOCH6TR]
2024-09-19 02:36:19,004 [INFO] DbMcus:218 - Found 4204 MCUs, 4204 are supported
2024-09-19 02:36:19,005 [INFO] ApiDb:423 - Load user favorites file C:\Users\king/.stm32cubeide/favorites.mcus.txt: 3 item(s)
2024-09-19 02:36:19,005 [INFO] ApiDb:427 - User favorites MCUs=[STM32F103C6T6A, STM32F103C8T6, STM32F407VET6]
2024-09-19 02:36:19,005 [INFO] DbMcus:224 - Set 3 / 3 favorites MCUs
2024-09-19 02:36:19,311 [INFO] BoardInfo:889 - No configuration file found for board NUCLEO-WB05KZ
2024-09-19 02:36:19,311 [INFO] DbBoards:161 - Board is not supported: NUCLEO-WB05KZ
2024-09-19 02:36:19,312 [INFO] BoardInfo:889 - No configuration file found for board NUCLEO-WB07CC
2024-09-19 02:36:19,313 [INFO] DbBoards:161 - Board is not supported: NUCLEO-WB07CC
2024-09-19 02:36:19,313 [INFO] BoardInfo:889 - No configuration file found for board NUCLEO-WB09KE
2024-09-19 02:36:19,314 [INFO] DbBoards:161 - Board is not supported: NUCLEO-WB09KE
2024-09-19 02:36:19,324 [INFO] BoardInfo:889 - No configuration file found for board P-NUCLEO-WB55
2024-09-19 02:36:19,324 [INFO] DbBoards:161 - Kit is not supported: P-NUCLEO-WB55
2024-09-19 02:36:19,328 [INFO] BoardInfo:889 - No configuration file found for board STEVAL-BFA001V1B
2024-09-19 02:36:19,328 [INFO] DbBoards:161 - Kit is not supported: STEVAL-BFA001V1B
2024-09-19 02:36:19,329 [INFO] BoardInfo:889 - No configuration file found for board STEVAL-BFA001V2B
2024-09-19 02:36:19,329 [INFO] DbBoards:161 - Kit is not supported: STEVAL-BFA001V2B
2024-09-19 02:36:19,418 [INFO] BoardInfo:889 - No configuration file found for board STM32MP257F-DK
2024-09-19 02:36:19,418 [INFO] DbBoards:161 - Board is not supported: STM32MP257F-DK
2024-09-19 02:36:19,419 [INFO] BoardInfo:889 - No configuration file found for board STM32MP257F-EV1
2024-09-19 02:36:19,419 [INFO] DbBoards:161 - Board is not supported: STM32MP257F-EV1
2024-09-19 02:36:19,426 [INFO] DbBoards:168 - Found 200 boards, 192 are supported
2024-09-19 02:36:19,426 [INFO] DbBoards:169 - Found 200 boards, 8 of them is supported for  Bsp
2024-09-19 02:36:19,429 [INFO] ApiDb:423 - Load user favorites file C:\Users\king/.stm32cubeide/favorites.boards.txt: 0 item(s)
2024-09-19 02:36:19,429 [INFO] ApiDb:427 - User favorites Boards=[]
2024-09-19 02:36:19,429 [INFO] DbBoards:198 - Set 0 / 0 favorites Boards
2024-09-19 02:36:19,429 [INFO] McuFinderGlobals:76 - Set McuFinderConnectedMode to true
2024-09-19 02:36:19,433 [INFO] MultiScanPanel:200 - Auto-refresh data requested => check proxy status ongoing
2024-09-19 02:36:19,434 [INFO] FinderPluginLoader:95 - Searching for filters in installed packs
2024-09-19 02:36:20,293 [INFO] LoadUrlFilesThread:185 - End of LoadServerUrlFiles without Thread
2024-09-19 02:36:20,329 [INFO] DetailPanel:341 - Set advertising image to C:/Users/king/STM32Cube/Repository/\en.prom-stm32c071-usb-memories-mcu-finder.png
2024-09-19 02:36:33,575 [INFO] MainUpdater:2873 - connection check result : 10
2024-09-19 02:36:33,575 [INFO] MainUpdater:2873 - connection check result : 10
2024-09-19 02:36:33,589 [INFO] MicroXplorer:468 - Change Database Path : 
2024-09-19 02:36:33,589 [INFO] MicroXplorer:498 - Change Database Version : DB.6.0.111
2024-09-19 02:36:33,593 [WARN] ThirdParty:871 - waiting for thirdparty lock release [close project]
2024-09-19 02:36:33,593 [INFO] ThirdParty:873 - entering critical section [close project]
2024-09-19 02:36:33,593 [INFO] ThirdParty:883 - exiting critical section [close project]
2024-09-19 02:36:33,595 [INFO] PinOutPanel:1561 - setPackage(No Configuration,No Configuration)
2024-09-19 02:36:33,597 [INFO] UtilMem:75 - Begin LoadConfig() Used Memory: 287474328 Bytes (502267904)
2024-09-19 02:36:33,598 [INFO] MicroXplorer:468 - Change Database Path : 
2024-09-19 02:36:33,598 [INFO] MicroXplorer:498 - Change Database Version : DB.6.0.111
2024-09-19 02:36:33,598 [INFO] OpenFileManager:312 - Change cursor
2024-09-19 02:36:33,624 [INFO] Mcu:2021 - Initializing MCU STM32F103C8Tx STM32F103C8Tx STM32F103C8T6
2024-09-19 02:36:34,115 [INFO] Context:663 - Trying to add GPIOservice into a context  which must be forbidden
2024-09-19 02:36:34,262 [INFO] ImportTextPane:194 - (OptionalMessage_ERROR) Unable to find key (Mcu.ThirdPartyNb) in loaded IOC file
2024-09-19 02:36:34,263 [INFO] ImportTextPane:194 - (OptionalMessage_ERROR) Unable to find key (Mcu.PinsNb) in loaded IOC file
2024-09-19 02:36:34,263 [INFO] ImportTextPane:194 - (OptionalMessage_ERROR) Unable to find key (Mcu.IPNb) in loaded IOC file
2024-09-19 02:36:34,355 [INFO] RtosManager:555 - Registered RTOS mode: class=CMSIS, group=RTOS, mode=CMSIS_V1, owner=FREERTOS
2024-09-19 02:36:34,356 [INFO] RtosManager:555 - Registered RTOS mode: class=CMSIS, group=RTOS2, mode=CMSIS_V2, owner=FREERTOS
2024-09-19 02:36:34,356 [INFO] RtosManager:555 - Registered RTOS mode: class=RTOS, group=Core, mode=CMSIS_V1, owner=FREERTOS
2024-09-19 02:36:34,356 [INFO] RtosManager:555 - Registered RTOS mode: class=RTOS, group=Core, mode=CMSIS_V2, owner=FREERTOS
2024-09-19 02:36:34,356 [WARN] ModelIntegratedComponent:184 - Missing modes for component STMicroelectronics:FreeRTOS:0.0.1:STMicroelectronics:RTOS:FreeRTOS:Core:::10.2.0:
2024-09-19 02:36:34,366 [WARN] ModelIntegratedComponent:63 - No mode defined for component null
2024-09-19 02:36:34,366 [WARN] ModelIntegratedComponent:63 - No mode defined for component null
2024-09-19 02:36:34,366 [WARN] ModelIntegratedComponent:63 - No mode defined for component null
2024-09-19 02:36:34,366 [WARN] ModelIntegratedComponent:63 - No mode defined for component null
2024-09-19 02:36:34,366 [WARN] ModelIntegratedComponent:63 - No mode defined for component null
2024-09-19 02:36:34,366 [WARN] ModelIntegratedComponent:63 - No mode defined for component null
2024-09-19 02:36:34,366 [WARN] ModelIntegratedComponent:63 - No mode defined for component null
2024-09-19 02:36:34,366 [WARN] ModelIntegratedComponent:63 - No mode defined for component null
2024-09-19 02:36:34,366 [WARN] ModelIntegratedComponent:63 - No mode defined for component null
2024-09-19 02:36:34,366 [WARN] ModelIntegratedComponent:63 - No mode defined for component null
2024-09-19 02:36:34,366 [WARN] ModelIntegratedComponent:63 - No mode defined for component null
2024-09-19 02:36:34,366 [WARN] ModelIntegratedComponent:63 - No mode defined for component null
2024-09-19 02:36:34,366 [WARN] ModelIntegratedComponent:63 - No mode defined for component null
2024-09-19 02:36:34,366 [WARN] ModelIntegratedComponent:63 - No mode defined for component null
2024-09-19 02:36:34,366 [WARN] ModelIntegratedComponent:63 - No mode defined for component null
2024-09-19 02:36:34,366 [WARN] ModelIntegratedComponent:63 - No mode defined for component null
2024-09-19 02:36:34,366 [WARN] ModelIntegratedComponent:63 - No mode defined for component null
2024-09-19 02:36:34,367 [WARN] ModelIntegratedComponent:63 - No mode defined for component null
2024-09-19 02:36:34,367 [WARN] ModelIntegratedComponent:63 - No mode defined for component null
2024-09-19 02:36:34,367 [WARN] ModelIntegratedComponent:63 - No mode defined for component null
2024-09-19 02:36:34,367 [WARN] ModelIntegratedComponent:63 - No mode defined for component null
2024-09-19 02:36:34,367 [WARN] ModelIntegratedComponent:63 - No mode defined for component null
2024-09-19 02:36:34,367 [WARN] ModelIntegratedComponent:63 - No mode defined for component null
2024-09-19 02:36:34,367 [WARN] ModelIntegratedComponent:63 - No mode defined for component null
2024-09-19 02:36:34,367 [WARN] ModelIntegratedComponent:63 - No mode defined for component null
2024-09-19 02:36:34,367 [WARN] ModelIntegratedComponent:63 - No mode defined for component null
2024-09-19 02:36:34,367 [WARN] ModelIntegratedComponent:63 - No mode defined for component null
2024-09-19 02:36:34,367 [WARN] ModelIntegratedComponent:63 - No mode defined for component null
2024-09-19 02:36:34,367 [WARN] ModelIntegratedComponent:63 - No mode defined for component null
2024-09-19 02:36:34,367 [WARN] ModelIntegratedComponent:63 - No mode defined for component null
2024-09-19 02:36:34,367 [WARN] ModelIntegratedComponent:63 - No mode defined for component null
2024-09-19 02:36:34,367 [WARN] ModelIntegratedComponent:63 - No mode defined for component null
2024-09-19 02:36:34,367 [WARN] ModelIntegratedComponent:63 - No mode defined for component null
2024-09-19 02:36:34,367 [WARN] ModelIntegratedComponent:63 - No mode defined for component null
2024-09-19 02:36:34,444 [INFO] ThirdPartyModel:298 - Start build external matchings
2024-09-19 02:36:34,952 [INFO] ThirdPartyModel:316 - End build external matchings
2024-09-19 02:36:35,107 [INFO] UtilMem:75 - End LoadConfig() Used Memory: 482282872 Bytes (711983104)
2024-09-19 02:36:35,124 [WARN] ThirdParty:833 - waiting for thirdparty lock release [change project]
2024-09-19 02:36:35,124 [INFO] ThirdParty:835 - entering critical section [change project]
2024-09-19 02:36:35,124 [INFO] ThirdParty:1030 - CMSIS Pack Vendor :STMicroelectronics USBPD 4.1
2024-09-19 02:36:35,124 [INFO] ThirdParty:1030 - CMSIS Pack Vendor :STMicroelectronics X-CUBE-AZRTOS-H7 3.3.0
2024-09-19 02:36:35,124 [INFO] ThirdParty:1030 - CMSIS Pack Vendor :STMicroelectronics X-CUBE-GNSS1 6.0.0
2024-09-19 02:36:35,124 [INFO] ThirdParty:1030 - CMSIS Pack Vendor :STMicroelectronics USB_HOST 2.0.0
2024-09-19 02:36:35,124 [INFO] ThirdParty:1030 - CMSIS Pack Vendor :STMicroelectronics X-CUBE-AZRTOS-F4 1.1.0
2024-09-19 02:36:35,124 [INFO] ThirdParty:1030 - CMSIS Pack Vendor :STMicroelectronics LIBJPEG 8.0.0
2024-09-19 02:36:35,124 [INFO] ThirdParty:1030 - CMSIS Pack Vendor :STMicroelectronics X-CUBE-SMBUS 2.1.0
2024-09-19 02:36:35,124 [INFO] ThirdParty:1030 - CMSIS Pack Vendor :STMicroelectronics USB_DEVICE 3.0.0
2024-09-19 02:36:35,124 [INFO] ThirdParty:1030 - CMSIS Pack Vendor :STMicroelectronics X-CUBE-ISPU 2.1.0
2024-09-19 02:36:35,124 [INFO] ThirdParty:1030 - CMSIS Pack Vendor :STMicroelectronics X-CUBE-AZRTOS-WB 2.0.0
2024-09-19 02:36:35,124 [INFO] ThirdParty:1030 - CMSIS Pack Vendor :STMicroelectronics X-CUBE-GNSS1 7.0.0
2024-09-19 02:36:35,124 [INFO] ThirdParty:1030 - CMSIS Pack Vendor :STMicroelectronics X-CUBE-TOUCHGFX 4.23.0
2024-09-19 02:36:35,124 [INFO] ThirdParty:1030 - CMSIS Pack Vendor :STMicroelectronics X-CUBE-TOUCHGFX 4.23.2
2024-09-19 02:36:35,124 [INFO] ThirdParty:1030 - CMSIS Pack Vendor :STMicroelectronics X-CUBE-AZRTOS-F7 1.1.0
2024-09-19 02:36:35,124 [INFO] ThirdParty:1030 - CMSIS Pack Vendor :STMicroelectronics X-CUBE-AZRTOS-L5 2.0.0
2024-09-19 02:36:35,125 [INFO] ThirdParty:1030 - CMSIS Pack Vendor :STMicroelectronics USB_DEVICE 2.0.0
2024-09-19 02:36:35,125 [INFO] ThirdParty:1030 - CMSIS Pack Vendor :ITTIA_DB I-CUBE-ITTIADB 8.8.0
2024-09-19 02:36:35,125 [INFO] ThirdParty:1030 - CMSIS Pack Vendor :STMicroelectronics FP-SNS-STBOX1 2.0.0
2024-09-19 02:36:35,125 [INFO] ThirdParty:1030 - CMSIS Pack Vendor :STMicroelectronics FP-SNS-MOTENV1 4.3.2
2024-09-19 02:36:35,125 [INFO] ThirdParty:1030 - CMSIS Pack Vendor :STMicroelectronics X-CUBE-ALGOBUILD 1.3.0
2024-09-19 02:36:35,125 [INFO] ThirdParty:1030 - CMSIS Pack Vendor :STMicroelectronics X-CUBE-MEMS1 11.0.0
2024-09-19 02:36:35,125 [INFO] ThirdParty:1030 - CMSIS Pack Vendor :STMicroelectronics FreeRTOS 0.0.1
2024-09-19 02:36:35,125 [INFO] ThirdParty:1030 - CMSIS Pack Vendor :STMicroelectronics X-CUBE-AZRTOS-G0 1.1.0
2024-09-19 02:36:35,125 [INFO] ThirdParty:1030 - CMSIS Pack Vendor :STMicroelectronics X-CUBE-NFC4 3.0.0
2024-09-19 02:36:35,125 [INFO] ThirdParty:1030 - CMSIS Pack Vendor :STMicroelectronics X-CUBE-DPower 1.2.0
2024-09-19 02:36:35,125 [INFO] ThirdParty:1030 - CMSIS Pack Vendor :STMicroelectronics X-CUBE-SUBG2 5.0.0
2024-09-19 02:36:35,125 [INFO] ThirdParty:1030 - CMSIS Pack Vendor :STMicroelectronics STM32_WPAN 1.0.0
2024-09-19 02:36:35,125 [INFO] ThirdParty:1030 - CMSIS Pack Vendor :wolfSSL I-CUBE-wolfMQTT 1.18.0
2024-09-19 02:36:35,125 [INFO] ThirdParty:1030 - CMSIS Pack Vendor :EmbeddedOffice I-CUBE-FS-RTOS 1.0.1
2024-09-19 02:36:35,125 [INFO] ThirdParty:1030 - CMSIS Pack Vendor :STMicroelectronics lwIP 2.0.3
2024-09-19 02:36:35,125 [INFO] ThirdParty:1030 - CMSIS Pack Vendor :STMicroelectronics FP-SNS-FLIGHT1 5.0.2
2024-09-19 02:36:35,125 [INFO] ThirdParty:1030 - CMSIS Pack Vendor :STMicroelectronics USB_HOST 1.0.0
2024-09-19 02:36:35,125 [INFO] ThirdParty:1030 - CMSIS Pack Vendor :STMicroelectronics X-CUBE-AZRTOS-G4 2.0.0
2024-09-19 02:36:35,125 [INFO] ThirdParty:1030 - CMSIS Pack Vendor :STMicroelectronics PDM2PCM 3.1.0
2024-09-19 02:36:35,125 [INFO] ThirdParty:1030 - CMSIS Pack Vendor :STMicroelectronics X-CUBE-BLEMGR 3.0.0
2024-09-19 02:36:35,125 [INFO] ThirdParty:1030 - CMSIS Pack Vendor :STMicroelectronics PDM2PCM 3.3.0
2024-09-19 02:36:35,125 [INFO] ThirdParty:1030 - CMSIS Pack Vendor :STMicroelectronics X-CUBE-DISPLAY 3.0.0
2024-09-19 02:36:35,125 [INFO] ThirdParty:1030 - CMSIS Pack Vendor :RealThread X-CUBE-RT-Thread_Nano 4.1.1
2024-09-19 02:36:35,125 [INFO] ThirdParty:1030 - CMSIS Pack Vendor :STMicroelectronics FP-SNS-MOTENVWB1 1.3.1
2024-09-19 02:36:35,125 [INFO] ThirdParty:1030 - CMSIS Pack Vendor :STMicroelectronics X-CUBE-BLE1 7.0.0
2024-09-19 02:36:35,125 [INFO] ThirdParty:1030 - CMSIS Pack Vendor :STMicroelectronics FP-ATR-SIGFOX1 3.2.0
2024-09-19 02:36:35,125 [INFO] ThirdParty:1030 - CMSIS Pack Vendor :STMicroelectronics X-CUBE-ISPU 2.0.0
2024-09-19 02:36:35,125 [INFO] ThirdParty:1030 - CMSIS Pack Vendor :STMicroelectronics X-CUBE-EEPRMA1 5.1.0
2024-09-19 02:36:35,125 [INFO] ThirdParty:1030 - CMSIS Pack Vendor :STMicroelectronics HAL Drivers 0.0.0
2024-09-19 02:36:35,126 [INFO] ThirdParty:1030 - CMSIS Pack Vendor :STMicroelectronics MBEDTLS 2.16.2
2024-09-19 02:36:35,126 [INFO] ThirdParty:1030 - CMSIS Pack Vendor :STMicroelectronics X-CUBE-ALS 1.0.2
2024-09-19 02:36:35,126 [INFO] ThirdParty:1030 - CMSIS Pack Vendor :emotas I-CUBE-CANOPEN 1.3.0
2024-09-19 02:36:35,126 [INFO] ThirdParty:1030 - CMSIS Pack Vendor :STMicroelectronics X-CUBE-MEMS1 10.0.0
2024-09-19 02:36:35,126 [INFO] ThirdParty:1030 - CMSIS Pack Vendor :STMicroelectronics X-CUBE-FREERTOS 1.1.0
2024-09-19 02:36:35,126 [INFO] ThirdParty:1030 - CMSIS Pack Vendor :STMicroelectronics X-CUBE-NFC7 1.0.1
2024-09-19 02:36:35,126 [INFO] ThirdParty:1030 - CMSIS Pack Vendor :STMicroelectronics MBEDTLS 2.14.1
2024-09-19 02:36:35,126 [INFO] ThirdParty:1030 - CMSIS Pack Vendor :STMicroelectronics X-CUBE-TOUCHGFX 4.24.0
2024-09-19 02:36:35,126 [INFO] ThirdParty:1030 - CMSIS Pack Vendor :wolfSSL I-CUBE-wolfTPM 3.2.0
2024-09-19 02:36:35,126 [INFO] ThirdParty:1030 - CMSIS Pack Vendor :STMicroelectronics X-CUBE-NFC6 3.0.0
2024-09-19 02:36:35,126 [INFO] ThirdParty:1030 - CMSIS Pack Vendor :portGmbH I-Cube-SoM-uGOAL 1.1.0
2024-09-19 02:36:35,126 [INFO] ThirdParty:1030 - CMSIS Pack Vendor :STMicroelectronics X-CUBE-ALS 1.0.1
2024-09-19 02:36:35,126 [INFO] ThirdParty:1030 - CMSIS Pack Vendor :STMicroelectronics ThreadX 1.0.0
2024-09-19 02:36:35,126 [INFO] ThirdParty:1030 - CMSIS Pack Vendor :STMicroelectronics FP-SNS-SMARTAG2 1.2.0
2024-09-19 02:36:35,126 [INFO] ThirdParty:1030 - CMSIS Pack Vendor :STMicroelectronics X-CUBE-AZRTOS-WL 2.0.0
2024-09-19 02:36:35,126 [INFO] ThirdParty:1030 - CMSIS Pack Vendor :SEGGER I-CUBE-embOS 1.3.1
2024-09-19 02:36:35,126 [INFO] ThirdParty:1030 - CMSIS Pack Vendor :STMicroelectronics X-CUBE-ALGOBUILD 1.4.0
2024-09-19 02:36:35,126 [INFO] ThirdParty:1030 - CMSIS Pack Vendor :STMicroelectronics USB_DEVICE 1.0.0
2024-09-19 02:36:35,126 [INFO] ThirdParty:1030 - CMSIS Pack Vendor :STMicroelectronics X-CUBE-AI 8.1.0
2024-09-19 02:36:35,126 [INFO] ThirdParty:1030 - CMSIS Pack Vendor :wolfSSL I-CUBE-wolfMQTT 1.19.0
2024-09-19 02:36:35,126 [INFO] ThirdParty:1030 - CMSIS Pack Vendor :STMicroelectronics X-CUBE-AZRTOS-L4 2.0.0
2024-09-19 02:36:35,127 [INFO] ThirdParty:1030 - CMSIS Pack Vendor :STMicroelectronics ThreadX 0.0.2
2024-09-19 02:36:35,127 [INFO] ThirdParty:1030 - CMSIS Pack Vendor :STMicroelectronics FP-ATR-ASTRA1 2.0.0
2024-09-19 02:36:35,127 [INFO] ThirdParty:1030 - CMSIS Pack Vendor :STMicroelectronics lwIP 2.1.2
2024-09-19 02:36:35,127 [INFO] ThirdParty:1030 - CMSIS Pack Vendor :STMicroelectronics X-CUBE-SFXS2LP1 4.0.0
2024-09-19 02:36:35,127 [INFO] ThirdParty:1030 - CMSIS Pack Vendor :STMicroelectronics X-CUBE-BLE2 3.3.0
2024-09-19 02:36:35,127 [INFO] ThirdParty:1030 - CMSIS Pack Vendor :STMicroelectronics X-CUBE-TOF1 3.4.2
2024-09-19 02:36:35,127 [INFO] ThirdParty:1030 - CMSIS Pack Vendor :STMicroelectronics X-CUBE-TOF1 3.4.0
2024-09-19 02:36:35,127 [INFO] ThirdParty:1030 - CMSIS Pack Vendor :STMicroelectronics X-CUBE-TOF1 3.4.1
2024-09-19 02:36:35,127 [INFO] ThirdParty:1030 - CMSIS Pack Vendor :STMicroelectronics X-CUBE-AZRTOS-H7 3.2.0
2024-09-19 02:36:35,127 [INFO] ThirdParty:1030 - CMSIS Pack Vendor :STMicroelectronics PDM2PCM 3.2.0
2024-09-19 02:36:35,127 [INFO] ThirdParty:1030 - CMSIS Pack Vendor :wolfSSL I-CUBE-wolfSSH 1.4.17
2024-09-19 02:36:35,127 [INFO] ThirdParty:841 - exiting critical section [change project]
2024-09-19 02:36:35,264 [INFO] PinOutPanel:1561 - setPackage(No Configuration,No Configuration)
2024-09-19 02:36:35,265 [INFO] PinOutPanel:1561 - setPackage(STM32F103C8Tx,LQFP48)
2024-09-19 02:36:35,504 [INFO] UtilMem:75 - Before build in PCC Used Memory: 337784680 Bytes (711983104)
2024-09-19 02:36:35,942 [INFO] UtilMem:75 - After build in PCC Used Memory: 409251232 Bytes (711983104)
2024-09-19 02:36:35,955 [INFO] IPUIPlugin:80 - create IPUIPlugin
2024-09-19 02:36:35,955 [INFO] IPUIPlugin:80 - create IPUIPlugin
2024-09-19 02:36:35,955 [INFO] IPUIPlugin:80 - create IPUIPlugin
2024-09-19 02:36:35,955 [INFO] IPUIPlugin:80 - create IPUIPlugin
2024-09-19 02:36:35,955 [INFO] IPUIPlugin:80 - create IPUIPlugin
2024-09-19 02:36:35,955 [INFO] IPUIPlugin:80 - create IPUIPlugin
2024-09-19 02:36:35,955 [INFO] IPUIPlugin:80 - create IPUIPlugin
2024-09-19 02:36:35,956 [INFO] IPUIPlugin:80 - create IPUIPlugin
2024-09-19 02:36:35,956 [INFO] IPUIPlugin:80 - create IPUIPlugin
2024-09-19 02:36:35,956 [INFO] IPUIPlugin:80 - create IPUIPlugin
2024-09-19 02:36:35,956 [INFO] IPUIPlugin:80 - create IPUIPlugin
2024-09-19 02:36:35,956 [INFO] IPUIPlugin:80 - create IPUIPlugin
2024-09-19 02:36:35,956 [INFO] IPUIPlugin:80 - create IPUIPlugin
2024-09-19 02:36:35,956 [INFO] IPUIPlugin:80 - create IPUIPlugin
2024-09-19 02:36:35,956 [INFO] IPUIPlugin:80 - create IPUIPlugin
2024-09-19 02:36:35,956 [INFO] IPUIPlugin:80 - create IPUIPlugin
2024-09-19 02:36:35,956 [INFO] IPUIPlugin:80 - create IPUIPlugin
2024-09-19 02:36:35,956 [INFO] IPUIPlugin:80 - create IPUIPlugin
2024-09-19 02:36:35,957 [INFO] IPUIPlugin:80 - create IPUIPlugin
2024-09-19 02:36:35,957 [INFO] IPUIPlugin:80 - create IPUIPlugin
2024-09-19 02:36:35,957 [INFO] IPUIPlugin:80 - create IPUIPlugin
2024-09-19 02:36:35,957 [INFO] IPUIPlugin:80 - create IPUIPlugin
2024-09-19 02:36:35,957 [INFO] IPUIPlugin:80 - create IPUIPlugin
2024-09-19 02:36:35,957 [INFO] IPUIPlugin:80 - create IPUIPlugin
2024-09-19 02:36:35,957 [INFO] IPUIPlugin:80 - create IPUIPlugin
2024-09-19 02:36:35,957 [INFO] IPUIPlugin:80 - create IPUIPlugin
2024-09-19 02:36:35,958 [INFO] IPUIPlugin:80 - create IPUIPlugin
2024-09-19 02:36:36,066 [INFO] CADModel:165 - CPN selected for project levelSTM32F103C8T6
2024-09-19 02:36:36,066 [INFO] CADModel:114 - Register for checkConnection events
2024-09-19 02:36:36,110 [INFO] OpenFileManager:343 - Restore cursor
2024-09-19 02:36:36,452 [INFO] UtilMem:75 - End SaveConfig() Used Memory: 483175832 Bytes (711983104)
2024-09-19 02:36:36,510 [INFO] UtilMem:75 - End SaveConfig() Used Memory: 496086024 Bytes (711983104)
2024-09-19 02:36:36,798 [INFO] BlockDiagram:2759 - set Specific Code input for plugin: NVIC
2024-09-19 02:36:36,798 [INFO] BlockDiagram:2759 - set Specific Code input for plugin: RCC
2024-09-19 02:36:36,800 [INFO] CodeGenerator:807 - code generatio: config db path: I:\software\STM32CubeIDE_1.15.1\STM32CubeIDE\plugins\com.st.stm32cube.common.mx_6.11.1.202404110753\\db\
2024-09-19 02:36:36,918 [INFO] CodeEngine:255 - oldGeneratedFile, I:\document\Stm32_Cube\RDA5807\MXTmpFiles\license.tmp_save
2024-09-19 02:36:37,215 [INFO] CodeEngine:279 - Generated code: I:\document\Stm32_Cube\RDA5807\MXTmpFiles\license.tmp
2024-09-19 02:36:37,232 [INFO] CodeEngine:255 - oldGeneratedFile, I:\document\Stm32_Cube\RDA5807\Core\Src\stm32f1xx_it.c_save
2024-09-19 02:36:37,356 [INFO] CodeEngine:279 - Generated code: I:\document\Stm32_Cube\RDA5807\Core\Src\stm32f1xx_it.c
2024-09-19 02:36:37,363 [INFO] CodeEngine:255 - oldGeneratedFile, I:\document\Stm32_Cube\RDA5807\Core\Inc\stm32f1xx_it.h_save
2024-09-19 02:36:37,447 [INFO] CodeEngine:279 - Generated code: I:\document\Stm32_Cube\RDA5807\Core\Inc\stm32f1xx_it.h
2024-09-19 02:36:37,540 [INFO] CodeEngine:255 - oldGeneratedFile, I:\document\Stm32_Cube\RDA5807\Core\Src\stm32f1xx_hal_msp.c_save
2024-09-19 02:36:37,647 [INFO] CodeEngine:279 - Generated code: I:\document\Stm32_Cube\RDA5807\Core\Src\stm32f1xx_hal_msp.c
2024-09-19 02:36:37,653 [INFO] CodeEngine:255 - oldGeneratedFile, I:\document\Stm32_Cube\RDA5807\MXTmpFiles\system.tmp_save
2024-09-19 02:36:37,719 [INFO] CodeEngine:279 - Generated code: I:\document\Stm32_Cube\RDA5807\MXTmpFiles\system.tmp
2024-09-19 02:36:37,732 [INFO] CodeEngine:311 - oldGeneratedFile, I:\document\Stm32_Cube\RDA5807\Core\Inc\stm32f1xx_hal_conf.h_save
2024-09-19 02:36:37,817 [INFO] CodeEngine:335 - Generated code: I:\document\Stm32_Cube\RDA5807\Core\Inc\stm32f1xx_hal_conf.h
2024-09-19 02:36:37,854 [INFO] CodeEngine:255 - oldGeneratedFile, I:\document\Stm32_Cube\RDA5807\Core\Inc\main.h_save
2024-09-19 02:36:37,941 [INFO] CodeEngine:279 - Generated code: I:\document\Stm32_Cube\RDA5807\Core\Inc\main.h
2024-09-19 02:36:37,947 [INFO] CodeEngine:255 - oldGeneratedFile, I:\document\Stm32_Cube\RDA5807\Core\Src\main.c_save
2024-09-19 02:36:38,059 [INFO] CodeEngine:279 - Generated code: I:\document\Stm32_Cube\RDA5807\Core\Src\main.c
2024-09-19 02:36:38,508 [INFO] ProjectBuilder:3163 - Time for Copy HAL[1] : 282mS.
2024-09-19 02:36:38,517 [INFO] ProjectBuilder:4736 - Project Generator version: 4.3.0-B58
2024-09-19 02:36:38,575 [INFO] ConfigFileManager:1503 - The Die is : DIE410
2024-09-19 02:36:38,584 [INFO] ApiDbMcu:508 - Load IP Config File for FATFS
2024-09-19 02:36:38,588 [INFO] ApiDbMcu:508 - Load IP Config File for FREERTOS
2024-09-19 02:36:38,593 [INFO] ApiDbMcu:508 - Load IP Config File for USB_DEVICE
2024-09-19 02:36:38,834 [INFO] LogOutputStream:77 - [STDOUT_REDIRECT] 
2024-09-19 02:36:40,443 [INFO] ProjectBuilder:5002 - Time for Generating toolchain IDE Files: 1926mS.
2024-09-19 02:36:40,446 [INFO] ProjectBuilder:3034 - Time for Copy CMSIS : 1mS.
2024-09-19 02:36:40,450 [INFO] ProjectBuilder:3034 - Time for Copy CMSIS : 0mS.
2024-09-19 02:36:41,207 [INFO] McuFinderGlobals:76 - Set McuFinderConnectedMode to true
2024-09-19 02:36:41,209 [INFO] ApiDb:448 - Save user favorites file C:\Users\king/.stm32cubeide/favorites.mcus.txt: 3 item(s)
2024-09-19 02:36:41,210 [INFO] ApiDb:452 - User favorites MCUs=[STM32F103C6T6A, STM32F103C8T6, STM32F407VET6]
2024-09-19 02:38:45,725 [WARN] IP:2120 - I2C_Coeff_DF not found: check if there is a RefParameter without a condition.
2024-09-19 02:38:45,725 [WARN] IP:2120 - Analog_Filter not found: check if there is a RefParameter without a condition.
2024-09-19 02:38:45,726 [WARN] IP:2120 - I2C_Coeff_DF not found: check if there is a RefParameter without a condition.
2024-09-19 02:38:45,726 [WARN] IP:2120 - Analog_Filter not found: check if there is a RefParameter without a condition.
2024-09-19 02:38:45,726 [WARN] IP:2120 - I2C_Coeff_DF not found: check if there is a RefParameter without a condition.
2024-09-19 02:38:45,726 [WARN] IP:2120 - Analog_Filter not found: check if there is a RefParameter without a condition.
2024-09-19 02:38:45,812 [WARN] IP:2120 - I2C_Coeff_DF not found: check if there is a RefParameter without a condition.
2024-09-19 02:38:45,812 [WARN] IP:2120 - Analog_Filter not found: check if there is a RefParameter without a condition.
2024-09-19 02:38:45,814 [WARN] IP:2120 - I2C_Coeff_DF not found: check if there is a RefParameter without a condition.
2024-09-19 02:38:45,814 [WARN] IP:2120 - Analog_Filter not found: check if there is a RefParameter without a condition.
2024-09-19 02:38:45,864 [WARN] IP:2120 - I2C_Coeff_DF not found: check if there is a RefParameter without a condition.
2024-09-19 02:38:45,864 [WARN] IP:2120 - Analog_Filter not found: check if there is a RefParameter without a condition.
2024-09-19 02:38:45,909 [WARN] IP:2120 - I2C_Coeff_DF not found: check if there is a RefParameter without a condition.
2024-09-19 02:38:45,909 [WARN] IP:2120 - Analog_Filter not found: check if there is a RefParameter without a condition.
2024-09-19 02:38:45,909 [WARN] IP:2120 - I2C_Coeff_DF not found: check if there is a RefParameter without a condition.
2024-09-19 02:38:45,909 [WARN] IP:2120 - Analog_Filter not found: check if there is a RefParameter without a condition.
2024-09-19 02:38:45,947 [WARN] IP:2120 - I2C_Coeff_DF not found: check if there is a RefParameter without a condition.
2024-09-19 02:38:45,947 [WARN] IP:2120 - Analog_Filter not found: check if there is a RefParameter without a condition.
2024-09-19 02:38:52,972 [INFO] UtilMem:75 - End SaveConfig() Used Memory: 807823456 Bytes (1073741824)
2024-09-19 02:38:53,030 [INFO] UtilMem:75 - End SaveConfig() Used Memory: 821833248 Bytes (1073741824)
2024-09-19 02:38:53,523 [INFO] UtilMem:75 - End SaveConfig() Used Memory: 881873360 Bytes (1073741824)
2024-09-19 02:38:53,651 [INFO] BlockDiagram:2759 - set Specific Code input for plugin: NVIC
2024-09-19 02:38:53,651 [INFO] BlockDiagram:2759 - set Specific Code input for plugin: SYS
2024-09-19 02:38:53,651 [INFO] BlockDiagram:2759 - set Specific Code input for plugin: GPIO
2024-09-19 02:38:53,651 [INFO] BlockDiagram:2759 - set Specific Code input for plugin: RCC
2024-09-19 02:38:53,651 [INFO] BlockDiagram:2759 - set Specific Code input for plugin: I2C
2024-09-19 02:38:53,652 [INFO] CodeGenerator:807 - code generatio: config db path: I:\software\STM32CubeIDE_1.15.1\STM32CubeIDE\plugins\com.st.stm32cube.common.mx_6.11.1.202404110753\\db\
2024-09-19 02:38:53,653 [WARN] IP:2120 - I2C_Coeff_DF not found: check if there is a RefParameter without a condition.
2024-09-19 02:38:53,653 [WARN] IP:2120 - Analog_Filter not found: check if there is a RefParameter without a condition.
2024-09-19 02:38:53,694 [INFO] CodeEngine:255 - oldGeneratedFile, I:\document\Stm32_Cube\RDA5807\MXTmpFiles\license.tmp_save
2024-09-19 02:38:53,754 [INFO] CodeEngine:279 - Generated code: I:\document\Stm32_Cube\RDA5807\MXTmpFiles\license.tmp
2024-09-19 02:38:53,795 [INFO] CodeEngine:255 - oldGeneratedFile, I:\document\Stm32_Cube\RDA5807\MXTmpFiles\gpio.tmp_save
2024-09-19 02:38:53,856 [INFO] CodeEngine:279 - Generated code: I:\document\Stm32_Cube\RDA5807\MXTmpFiles\gpio.tmp
2024-09-19 02:38:53,914 [INFO] CodeEngine:255 - oldGeneratedFile, I:\document\Stm32_Cube\RDA5807\Core\Src\stm32f1xx_it.c_save
2024-09-19 02:38:53,986 [INFO] CodeEngine:279 - Generated code: I:\document\Stm32_Cube\RDA5807\Core\Src\stm32f1xx_it.c
2024-09-19 02:38:54,000 [INFO] CodeEngine:255 - oldGeneratedFile, I:\document\Stm32_Cube\RDA5807\Core\Inc\stm32f1xx_it.h_save
2024-09-19 02:38:54,051 [INFO] CodeEngine:279 - Generated code: I:\document\Stm32_Cube\RDA5807\Core\Inc\stm32f1xx_it.h
2024-09-19 02:38:54,071 [INFO] CodeEngine:255 - oldGeneratedFile, I:\document\Stm32_Cube\RDA5807\Core\Src\stm32f1xx_hal_msp.c_save
2024-09-19 02:38:54,157 [INFO] CodeEngine:279 - Generated code: I:\document\Stm32_Cube\RDA5807\Core\Src\stm32f1xx_hal_msp.c
2024-09-19 02:38:54,165 [INFO] CodeEngine:255 - oldGeneratedFile, I:\document\Stm32_Cube\RDA5807\MXTmpFiles\system.tmp_save
2024-09-19 02:38:54,218 [INFO] CodeEngine:279 - Generated code: I:\document\Stm32_Cube\RDA5807\MXTmpFiles\system.tmp
2024-09-19 02:38:54,239 [INFO] CodeEngine:311 - oldGeneratedFile, I:\document\Stm32_Cube\RDA5807\Core\Inc\stm32f1xx_hal_conf.h_save
2024-09-19 02:38:54,309 [INFO] CodeEngine:335 - Generated code: I:\document\Stm32_Cube\RDA5807\Core\Inc\stm32f1xx_hal_conf.h
2024-09-19 02:38:54,345 [INFO] CodeEngine:255 - oldGeneratedFile, I:\document\Stm32_Cube\RDA5807\Core\Inc\main.h_save
2024-09-19 02:38:54,400 [INFO] CodeEngine:279 - Generated code: I:\document\Stm32_Cube\RDA5807\Core\Inc\main.h
2024-09-19 02:38:54,414 [INFO] CodeEngine:255 - oldGeneratedFile, I:\document\Stm32_Cube\RDA5807\Core\Src\main.c_save
2024-09-19 02:38:54,509 [INFO] CodeEngine:279 - Generated code: I:\document\Stm32_Cube\RDA5807\Core\Src\main.c
2024-09-19 02:38:54,961 [INFO] ProjectBuilder:3163 - Time for Copy HAL[1] : 327mS.
2024-09-19 02:38:54,968 [INFO] ProjectBuilder:4736 - Project Generator version: 4.3.0-B58
2024-09-19 02:38:55,020 [INFO] ConfigFileManager:1503 - The Die is : DIE410
2024-09-19 02:38:55,862 [INFO] ProjectBuilder:5002 - Time for Generating toolchain IDE Files: 894mS.
2024-09-19 02:38:55,864 [INFO] ProjectBuilder:3034 - Time for Copy CMSIS : 1mS.
2024-09-19 02:38:55,869 [INFO] ProjectBuilder:3034 - Time for Copy CMSIS : 0mS.
2024-09-19 03:10:02,956 [INFO] UtilMem:75 - End SaveConfig() Used Memory: 664537192 Bytes (1073741824)
2024-09-19 03:10:03,018 [INFO] UtilMem:75 - End SaveConfig() Used Memory: 678171384 Bytes (1073741824)
2024-09-19 03:10:03,502 [INFO] UtilMem:75 - End SaveConfig() Used Memory: 635962040 Bytes (1073741824)
2024-09-19 03:10:03,636 [INFO] BlockDiagram:2759 - set Specific Code input for plugin: NVIC
2024-09-19 03:10:03,636 [INFO] BlockDiagram:2759 - set Specific Code input for plugin: SYS
2024-09-19 03:10:03,636 [INFO] BlockDiagram:2759 - set Specific Code input for plugin: GPIO
2024-09-19 03:10:03,636 [INFO] BlockDiagram:2759 - set Specific Code input for plugin: RCC
2024-09-19 03:10:03,636 [INFO] BlockDiagram:2759 - set Specific Code input for plugin: I2C
2024-09-19 03:10:03,638 [INFO] CodeGenerator:807 - code generatio: config db path: I:\software\STM32CubeIDE_1.15.1\STM32CubeIDE\plugins\com.st.stm32cube.common.mx_6.11.1.202404110753\\db\
2024-09-19 03:10:03,639 [WARN] IP:2120 - I2C_Coeff_DF not found: check if there is a RefParameter without a condition.
2024-09-19 03:10:03,639 [WARN] IP:2120 - Analog_Filter not found: check if there is a RefParameter without a condition.
2024-09-19 03:10:03,689 [INFO] CodeEngine:255 - oldGeneratedFile, I:\document\Stm32_Cube\RDA5807\MXTmpFiles\license.tmp_save
2024-09-19 03:10:03,787 [INFO] CodeEngine:279 - Generated code: I:\document\Stm32_Cube\RDA5807\MXTmpFiles\license.tmp
2024-09-19 03:10:03,806 [INFO] CodeEngine:255 - oldGeneratedFile, I:\document\Stm32_Cube\RDA5807\MXTmpFiles\gpio.tmp_save
2024-09-19 03:10:03,879 [INFO] CodeEngine:279 - Generated code: I:\document\Stm32_Cube\RDA5807\MXTmpFiles\gpio.tmp
2024-09-19 03:10:03,917 [INFO] CodeEngine:255 - oldGeneratedFile, I:\document\Stm32_Cube\RDA5807\Core\Src\stm32f1xx_it.c_save
2024-09-19 03:10:04,026 [INFO] CodeEngine:279 - Generated code: I:\document\Stm32_Cube\RDA5807\Core\Src\stm32f1xx_it.c
2024-09-19 03:10:04,039 [INFO] CodeEngine:255 - oldGeneratedFile, I:\document\Stm32_Cube\RDA5807\Core\Inc\stm32f1xx_it.h_save
2024-09-19 03:10:04,094 [INFO] CodeEngine:279 - Generated code: I:\document\Stm32_Cube\RDA5807\Core\Inc\stm32f1xx_it.h
2024-09-19 03:10:04,114 [INFO] CodeEngine:255 - oldGeneratedFile, I:\document\Stm32_Cube\RDA5807\Core\Src\stm32f1xx_hal_msp.c_save
2024-09-19 03:10:04,212 [INFO] CodeEngine:279 - Generated code: I:\document\Stm32_Cube\RDA5807\Core\Src\stm32f1xx_hal_msp.c
2024-09-19 03:10:04,219 [INFO] CodeEngine:255 - oldGeneratedFile, I:\document\Stm32_Cube\RDA5807\MXTmpFiles\system.tmp_save
2024-09-19 03:10:04,271 [INFO] CodeEngine:279 - Generated code: I:\document\Stm32_Cube\RDA5807\MXTmpFiles\system.tmp
2024-09-19 03:10:04,288 [INFO] CodeEngine:311 - oldGeneratedFile, I:\document\Stm32_Cube\RDA5807\Core\Inc\stm32f1xx_hal_conf.h_save
2024-09-19 03:10:04,351 [INFO] CodeEngine:335 - Generated code: I:\document\Stm32_Cube\RDA5807\Core\Inc\stm32f1xx_hal_conf.h
2024-09-19 03:10:04,381 [INFO] CodeEngine:255 - oldGeneratedFile, I:\document\Stm32_Cube\RDA5807\Core\Inc\main.h_save
2024-09-19 03:10:04,448 [INFO] CodeEngine:279 - Generated code: I:\document\Stm32_Cube\RDA5807\Core\Inc\main.h
2024-09-19 03:10:04,462 [INFO] CodeEngine:255 - oldGeneratedFile, I:\document\Stm32_Cube\RDA5807\Core\Src\main.c_save
2024-09-19 03:10:04,550 [INFO] CodeEngine:279 - Generated code: I:\document\Stm32_Cube\RDA5807\Core\Src\main.c
2024-09-19 03:10:04,964 [INFO] ProjectBuilder:3163 - Time for Copy HAL[1] : 304mS.
2024-09-19 03:10:04,972 [INFO] ProjectBuilder:4736 - Project Generator version: 4.3.0-B58
2024-09-19 03:10:05,025 [INFO] ConfigFileManager:1503 - The Die is : DIE410
2024-09-19 03:10:05,716 [INFO] ProjectBuilder:5002 - Time for Generating toolchain IDE Files: 744mS.
2024-09-19 03:10:05,717 [INFO] ProjectBuilder:3034 - Time for Copy CMSIS : 1mS.
2024-09-19 03:10:05,722 [INFO] ProjectBuilder:3034 - Time for Copy CMSIS : 0mS.
2024-09-19 03:10:23,511 [INFO] UtilMem:75 - End SaveConfig() Used Memory: 680166016 Bytes (1073741824)
2024-09-19 03:10:23,573 [INFO] UtilMem:75 - End SaveConfig() Used Memory: 693007080 Bytes (1073741824)
2024-09-19 03:10:24,054 [INFO] UtilMem:75 - End SaveConfig() Used Memory: 723942120 Bytes (1073741824)
2024-09-19 03:10:24,174 [INFO] BlockDiagram:2759 - set Specific Code input for plugin: NVIC
2024-09-19 03:10:24,174 [INFO] BlockDiagram:2759 - set Specific Code input for plugin: SYS
2024-09-19 03:10:24,174 [INFO] BlockDiagram:2759 - set Specific Code input for plugin: GPIO
2024-09-19 03:10:24,174 [INFO] BlockDiagram:2759 - set Specific Code input for plugin: RCC
2024-09-19 03:10:24,174 [INFO] BlockDiagram:2759 - set Specific Code input for plugin: I2C
2024-09-19 03:10:24,176 [INFO] CodeGenerator:807 - code generatio: config db path: I:\software\STM32CubeIDE_1.15.1\STM32CubeIDE\plugins\com.st.stm32cube.common.mx_6.11.1.202404110753\\db\
2024-09-19 03:10:24,176 [WARN] IP:2120 - I2C_Coeff_DF not found: check if there is a RefParameter without a condition.
2024-09-19 03:10:24,176 [WARN] IP:2120 - Analog_Filter not found: check if there is a RefParameter without a condition.
2024-09-19 03:10:24,216 [INFO] CodeEngine:255 - oldGeneratedFile, I:\document\Stm32_Cube\RDA5807\MXTmpFiles\license.tmp_save
2024-09-19 03:10:24,278 [INFO] CodeEngine:279 - Generated code: I:\document\Stm32_Cube\RDA5807\MXTmpFiles\license.tmp
2024-09-19 03:10:24,300 [INFO] CodeEngine:255 - oldGeneratedFile, I:\document\Stm32_Cube\RDA5807\Core\Src\gpio.c_save
2024-09-19 03:10:24,364 [INFO] CodeEngine:279 - Generated code: I:\document\Stm32_Cube\RDA5807\Core\Src\gpio.c
2024-09-19 03:10:24,373 [INFO] CodeEngine:255 - oldGeneratedFile, I:\document\Stm32_Cube\RDA5807\Core\Inc\gpio.h_save
2024-09-19 03:10:24,433 [INFO] CodeEngine:279 - Generated code: I:\document\Stm32_Cube\RDA5807\Core\Inc\gpio.h
2024-09-19 03:10:24,465 [INFO] CodeEngine:255 - oldGeneratedFile, I:\document\Stm32_Cube\RDA5807\Core\Src\i2c.c_save
2024-09-19 03:10:24,542 [INFO] CodeEngine:279 - Generated code: I:\document\Stm32_Cube\RDA5807\Core\Src\i2c.c
2024-09-19 03:10:24,552 [INFO] CodeEngine:255 - oldGeneratedFile, I:\document\Stm32_Cube\RDA5807\Core\Inc\i2c.h_save
2024-09-19 03:10:24,613 [INFO] CodeEngine:279 - Generated code: I:\document\Stm32_Cube\RDA5807\Core\Inc\i2c.h
2024-09-19 03:10:24,632 [INFO] CodeEngine:255 - oldGeneratedFile, I:\document\Stm32_Cube\RDA5807\Core\Src\stm32f1xx_it.c_save
2024-09-19 03:10:24,687 [INFO] CodeEngine:279 - Generated code: I:\document\Stm32_Cube\RDA5807\Core\Src\stm32f1xx_it.c
2024-09-19 03:10:24,695 [INFO] CodeEngine:255 - oldGeneratedFile, I:\document\Stm32_Cube\RDA5807\Core\Inc\stm32f1xx_it.h_save
2024-09-19 03:10:24,744 [INFO] CodeEngine:279 - Generated code: I:\document\Stm32_Cube\RDA5807\Core\Inc\stm32f1xx_it.h
2024-09-19 03:10:24,763 [INFO] CodeEngine:255 - oldGeneratedFile, I:\document\Stm32_Cube\RDA5807\Core\Src\stm32f1xx_hal_msp.c_save
2024-09-19 03:10:24,842 [INFO] CodeEngine:279 - Generated code: I:\document\Stm32_Cube\RDA5807\Core\Src\stm32f1xx_hal_msp.c
2024-09-19 03:10:24,849 [INFO] CodeEngine:255 - oldGeneratedFile, I:\document\Stm32_Cube\RDA5807\MXTmpFiles\system.tmp_save
2024-09-19 03:10:24,894 [INFO] CodeEngine:279 - Generated code: I:\document\Stm32_Cube\RDA5807\MXTmpFiles\system.tmp
2024-09-19 03:10:24,911 [INFO] CodeEngine:311 - oldGeneratedFile, I:\document\Stm32_Cube\RDA5807\Core\Inc\stm32f1xx_hal_conf.h_save
2024-09-19 03:10:24,975 [INFO] CodeEngine:335 - Generated code: I:\document\Stm32_Cube\RDA5807\Core\Inc\stm32f1xx_hal_conf.h
2024-09-19 03:10:25,004 [INFO] CodeEngine:255 - oldGeneratedFile, I:\document\Stm32_Cube\RDA5807\Core\Inc\main.h_save
2024-09-19 03:10:25,064 [INFO] CodeEngine:279 - Generated code: I:\document\Stm32_Cube\RDA5807\Core\Inc\main.h
2024-09-19 03:10:25,076 [INFO] CodeEngine:255 - oldGeneratedFile, I:\document\Stm32_Cube\RDA5807\Core\Src\main.c_save
2024-09-19 03:10:25,165 [INFO] CodeEngine:279 - Generated code: I:\document\Stm32_Cube\RDA5807\Core\Src\main.c
2024-09-19 03:10:25,574 [INFO] ProjectBuilder:3163 - Time for Copy HAL[1] : 304mS.
2024-09-19 03:10:25,580 [INFO] ProjectBuilder:4736 - Project Generator version: 4.3.0-B58
2024-09-19 03:10:25,641 [INFO] ConfigFileManager:1503 - The Die is : DIE410
2024-09-19 03:10:26,215 [INFO] ProjectBuilder:5002 - Time for Generating toolchain IDE Files: 635mS.
2024-09-19 03:10:26,217 [INFO] ProjectBuilder:3034 - Time for Copy CMSIS : 1mS.
2024-09-19 03:10:26,222 [INFO] ProjectBuilder:3034 - Time for Copy CMSIS : 0mS.
2024-09-19 03:10:56,388 [WARN] IP:2120 - I2C_Coeff_DF not found: check if there is a RefParameter without a condition.
2024-09-19 03:10:56,388 [WARN] IP:2120 - Analog_Filter not found: check if there is a RefParameter without a condition.
2024-09-19 03:10:56,388 [WARN] IP:2120 - I2C_Coeff_DF not found: check if there is a RefParameter without a condition.
2024-09-19 03:10:56,389 [WARN] IP:2120 - Analog_Filter not found: check if there is a RefParameter without a condition.
2024-09-19 03:10:57,400 [INFO] UtilMem:75 - End SaveConfig() Used Memory: 789492920 Bytes (1073741824)
2024-09-19 03:10:57,448 [INFO] UtilMem:75 - End SaveConfig() Used Memory: 803064176 Bytes (1073741824)
2024-09-19 03:10:57,960 [INFO] UtilMem:75 - End SaveConfig() Used Memory: 834521456 Bytes (1073741824)
2024-09-19 03:10:58,097 [INFO] BlockDiagram:2759 - set Specific Code input for plugin: NVIC
2024-09-19 03:10:58,097 [INFO] BlockDiagram:2759 - set Specific Code input for plugin: SYS
2024-09-19 03:10:58,097 [INFO] BlockDiagram:2759 - set Specific Code input for plugin: GPIO
2024-09-19 03:10:58,097 [INFO] BlockDiagram:2759 - set Specific Code input for plugin: RCC
2024-09-19 03:10:58,097 [INFO] BlockDiagram:2759 - set Specific Code input for plugin: I2C
2024-09-19 03:10:58,098 [INFO] CodeGenerator:807 - code generatio: config db path: I:\software\STM32CubeIDE_1.15.1\STM32CubeIDE\plugins\com.st.stm32cube.common.mx_6.11.1.202404110753\\db\
2024-09-19 03:10:58,099 [WARN] IP:2120 - I2C_Coeff_DF not found: check if there is a RefParameter without a condition.
2024-09-19 03:10:58,099 [WARN] IP:2120 - Analog_Filter not found: check if there is a RefParameter without a condition.
2024-09-19 03:10:58,139 [INFO] CodeEngine:255 - oldGeneratedFile, I:\document\Stm32_Cube\RDA5807\MXTmpFiles\license.tmp_save
2024-09-19 03:10:58,194 [INFO] CodeEngine:279 - Generated code: I:\document\Stm32_Cube\RDA5807\MXTmpFiles\license.tmp
2024-09-19 03:10:58,214 [INFO] CodeEngine:255 - oldGeneratedFile, I:\document\Stm32_Cube\RDA5807\Core\Src\gpio.c_save
2024-09-19 03:10:58,280 [INFO] CodeEngine:279 - Generated code: I:\document\Stm32_Cube\RDA5807\Core\Src\gpio.c
2024-09-19 03:10:58,289 [INFO] CodeEngine:255 - oldGeneratedFile, I:\document\Stm32_Cube\RDA5807\Core\Inc\gpio.h_save
2024-09-19 03:10:58,338 [INFO] CodeEngine:279 - Generated code: I:\document\Stm32_Cube\RDA5807\Core\Inc\gpio.h
2024-09-19 03:10:58,370 [INFO] CodeEngine:255 - oldGeneratedFile, I:\document\Stm32_Cube\RDA5807\Core\Src\i2c.c_save
2024-09-19 03:10:58,440 [INFO] CodeEngine:279 - Generated code: I:\document\Stm32_Cube\RDA5807\Core\Src\i2c.c
2024-09-19 03:10:58,448 [INFO] CodeEngine:255 - oldGeneratedFile, I:\document\Stm32_Cube\RDA5807\Core\Inc\i2c.h_save
2024-09-19 03:10:58,497 [INFO] CodeEngine:279 - Generated code: I:\document\Stm32_Cube\RDA5807\Core\Inc\i2c.h
2024-09-19 03:10:58,515 [INFO] CodeEngine:255 - oldGeneratedFile, I:\document\Stm32_Cube\RDA5807\Core\Src\stm32f1xx_it.c_save
2024-09-19 03:10:58,568 [INFO] CodeEngine:279 - Generated code: I:\document\Stm32_Cube\RDA5807\Core\Src\stm32f1xx_it.c
2024-09-19 03:10:58,575 [INFO] CodeEngine:255 - oldGeneratedFile, I:\document\Stm32_Cube\RDA5807\Core\Inc\stm32f1xx_it.h_save
2024-09-19 03:10:58,623 [INFO] CodeEngine:279 - Generated code: I:\document\Stm32_Cube\RDA5807\Core\Inc\stm32f1xx_it.h
2024-09-19 03:10:58,641 [INFO] CodeEngine:255 - oldGeneratedFile, I:\document\Stm32_Cube\RDA5807\Core\Src\stm32f1xx_hal_msp.c_save
2024-09-19 03:10:58,704 [INFO] CodeEngine:279 - Generated code: I:\document\Stm32_Cube\RDA5807\Core\Src\stm32f1xx_hal_msp.c
2024-09-19 03:10:58,710 [INFO] CodeEngine:255 - oldGeneratedFile, I:\document\Stm32_Cube\RDA5807\MXTmpFiles\system.tmp_save
2024-09-19 03:10:58,759 [INFO] CodeEngine:279 - Generated code: I:\document\Stm32_Cube\RDA5807\MXTmpFiles\system.tmp
2024-09-19 03:10:58,778 [INFO] CodeEngine:311 - oldGeneratedFile, I:\document\Stm32_Cube\RDA5807\Core\Inc\stm32f1xx_hal_conf.h_save
2024-09-19 03:10:58,845 [INFO] CodeEngine:335 - Generated code: I:\document\Stm32_Cube\RDA5807\Core\Inc\stm32f1xx_hal_conf.h
2024-09-19 03:10:58,874 [INFO] CodeEngine:255 - oldGeneratedFile, I:\document\Stm32_Cube\RDA5807\Core\Inc\main.h_save
2024-09-19 03:10:58,929 [INFO] CodeEngine:279 - Generated code: I:\document\Stm32_Cube\RDA5807\Core\Inc\main.h
2024-09-19 03:10:58,942 [INFO] CodeEngine:255 - oldGeneratedFile, I:\document\Stm32_Cube\RDA5807\Core\Src\main.c_save
2024-09-19 03:10:59,022 [INFO] CodeEngine:279 - Generated code: I:\document\Stm32_Cube\RDA5807\Core\Src\main.c
2024-09-19 03:10:59,495 [INFO] ProjectBuilder:3163 - Time for Copy HAL[1] : 348mS.
2024-09-19 03:10:59,501 [INFO] ProjectBuilder:4736 - Project Generator version: 4.3.0-B58
2024-09-19 03:10:59,553 [INFO] ConfigFileManager:1503 - The Die is : DIE410
2024-09-19 03:11:00,162 [INFO] ProjectBuilder:5002 - Time for Generating toolchain IDE Files: 661mS.
2024-09-19 03:11:00,163 [INFO] ProjectBuilder:3034 - Time for Copy CMSIS : 0mS.
2024-09-19 03:11:00,170 [INFO] ProjectBuilder:3034 - Time for Copy CMSIS : 1mS.
2024-09-19 03:16:22,040 [WARN] IP:2120 - I2C_Coeff_DF not found: check if there is a RefParameter without a condition.
2024-09-19 03:16:22,040 [WARN] IP:2120 - Analog_Filter not found: check if there is a RefParameter without a condition.
2024-09-19 03:45:22,142 [ERROR] AdobePublisher:162 - Exception while opening the connection: java.net.SocketTimeoutException: Read timed out
2024-09-19 03:45:24,144 [ERROR] AdobePublisher:162 - Exception while opening the connection: java.net.SocketTimeoutException: Read timed out
2024-09-19 03:45:26,351 [ERROR] LogOutputStream:75 - [STDERR_REDIRECT] 
