2024-03-05 02:25:45,005 [INFO] Activator:176 - 


2024-03-05 02:25:45,009 [INFO] Activator:177 - !SESSION log4j initialized
2024-03-05 02:25:49,283 [INFO] LogOutputStream:77 - [STDOUT_REDIRECT] 
2024-03-05 02:25:50,832 [INFO] ApplicationProperties:184 - Using Application install path: I:\software\STM32CubeIDE_1.14.1\STM32CubeIDE\plugins\com.st.stm32cube.common.mx_6.10.0.202311202037
2024-03-05 02:25:50,847 [INFO] DbMcusXml:78 - Set database path to: I:\software\STM32CubeIDE_1.14.1\STM32CubeIDE\plugins\com.st.stm32cube.common.mx_6.10.0.202311202037\\db\/mcu/
2024-03-05 02:25:50,848 [INFO] ApiDb:274 - Set plugin database path to: I:\software\STM32CubeIDE_1.14.1\STM32CubeIDE\plugins\com.st.stm32cube.common.mx_6.10.0.202311202037\\db\/plugins/boardmanager/
2024-03-05 02:25:50,848 [WARN] ApiDb:259 - Overriding images path with different value:  => I:\software\STM32CubeIDE_1.14.1\STM32CubeIDE\plugins\com.st.stm32cube.common.mx_6.10.0.202311202037\\db\/plugins/mcufinder/images/
2024-03-05 02:25:50,860 [INFO] ApiDb:250 - Set database path to: C:\Users\king\.stmcufinder\plugins\mcufinder//mcu/
2024-03-05 02:25:50,861 [INFO] DbMcusAds:125 - Set database path to: C:\Users\king\.stmcufinder\plugins\mcufinder//mcu/
2024-03-05 02:25:50,863 [INFO] CrossReferenceDbSqlite:203 - Set database path to: C:\Users\king\.stmcufinder\plugins\mcufinder//mcu/cs/
2024-03-05 02:25:50,948 [INFO] RulesReader:64 - Compatibility file has been processed (297 Rules)
2024-03-05 02:25:51,060 [INFO] DbMcusXml:78 - Set database path to: I:\software\STM32CubeIDE_1.14.1\STM32CubeIDE\plugins\com.st.stm32cube.common.mx_6.10.0.202311202037\\db\/mcu/
2024-03-05 02:25:51,060 [INFO] ApiDb:274 - Set plugin database path to: I:\software\STM32CubeIDE_1.14.1\STM32CubeIDE\plugins\com.st.stm32cube.common.mx_6.10.0.202311202037\\db\/plugins/boardmanager/
2024-03-05 02:25:51,060 [INFO] ApiDb:261 - Set plugin images path to: I:\software\STM32CubeIDE_1.14.1\STM32CubeIDE\plugins\com.st.stm32cube.common.mx_6.10.0.202311202037\\db\/plugins/mcufinder/images/
2024-03-05 02:25:51,060 [WARN] DbFile:41 - Overriding database path with different value: C:\Users\king\.stmcufinder\plugins\mcufinder/ => C:\Users\king\.stmcufinder\plugins\mcufinder
2024-03-05 02:25:51,061 [INFO] ApiDb:250 - Set database path to: C:\Users\king\.stmcufinder\plugins\mcufinder//mcu/
2024-03-05 02:25:51,061 [WARN] DbFile:41 - Overriding database path with different value: C:\Users\king\.stmcufinder\plugins\mcufinder/ => C:\Users\king\.stmcufinder\plugins\mcufinder
2024-03-05 02:25:51,061 [INFO] DbMcusAds:125 - Set database path to: C:\Users\king\.stmcufinder\plugins\mcufinder//mcu/
2024-03-05 02:25:51,061 [WARN] DbFile:41 - Overriding database path with different value: C:\Users\king\.stmcufinder\plugins\mcufinder/ => C:\Users\king\.stmcufinder\plugins\mcufinder
2024-03-05 02:25:51,061 [WARN] DbFile:41 - Overriding database path with different value: C:\Users\king\.stmcufinder\plugins\mcufinder/ => C:\Users\king\.stmcufinder\plugins\mcufinder
2024-03-05 02:25:51,061 [INFO] CrossReferenceDbSqlite:203 - Set database path to: C:\Users\king\.stmcufinder\plugins\mcufinder//mcu/cs/
2024-03-05 02:25:51,147 [INFO] MainPanel:264 - HeapMemory: 268435456
2024-03-05 02:25:51,220 [INFO] DbMcusXml:78 - Set database path to: I:\software\STM32CubeIDE_1.14.1\STM32CubeIDE\plugins\com.st.stm32cube.common.mx_6.10.0.202311202037\\db\/mcu/
2024-03-05 02:25:51,220 [INFO] ApiDb:274 - Set plugin database path to: I:\software\STM32CubeIDE_1.14.1\STM32CubeIDE\plugins\com.st.stm32cube.common.mx_6.10.0.202311202037\\db\/plugins/boardmanager/
2024-03-05 02:25:51,220 [INFO] ApiDb:261 - Set plugin images path to: I:\software\STM32CubeIDE_1.14.1\STM32CubeIDE\plugins\com.st.stm32cube.common.mx_6.10.0.202311202037\\db\/plugins/mcufinder/images/
2024-03-05 02:25:51,220 [WARN] DbFile:41 - Overriding database path with different value: C:\Users\king\.stmcufinder\plugins\mcufinder/ => C:\Users\king\.stmcufinder\plugins\mcufinder
2024-03-05 02:25:51,220 [INFO] ApiDb:250 - Set database path to: C:\Users\king\.stmcufinder\plugins\mcufinder//mcu/
2024-03-05 02:25:51,220 [WARN] DbFile:41 - Overriding database path with different value: C:\Users\king\.stmcufinder\plugins\mcufinder/ => C:\Users\king\.stmcufinder\plugins\mcufinder
2024-03-05 02:25:51,220 [INFO] DbMcusAds:125 - Set database path to: C:\Users\king\.stmcufinder\plugins\mcufinder//mcu/
2024-03-05 02:25:51,220 [WARN] DbFile:41 - Overriding database path with different value: C:\Users\king\.stmcufinder\plugins\mcufinder/ => C:\Users\king\.stmcufinder\plugins\mcufinder
2024-03-05 02:25:51,220 [WARN] DbFile:41 - Overriding database path with different value: C:\Users\king\.stmcufinder\plugins\mcufinder/ => C:\Users\king\.stmcufinder\plugins\mcufinder
2024-03-05 02:25:51,220 [INFO] CrossReferenceDbSqlite:203 - Set database path to: C:\Users\king\.stmcufinder\plugins\mcufinder//mcu/cs/
2024-03-05 02:25:51,242 [INFO] ApplicationProperties:184 - Using Application install path: I:\software\STM32CubeIDE_1.14.1\STM32CubeIDE\plugins\com.st.stm32cube.common.mx_6.10.0.202311202037
2024-03-05 02:25:51,243 [INFO] PluginManage:196 - Search for loadable plugins [exclusion list=, ]
2024-03-05 02:25:51,244 [INFO] PluginManage:310 - Check plugin analytics
2024-03-05 02:25:51,368 [INFO] AnalyticsPlugin:253 - Accepted Software Licenses: STM32CubeMX.6.8.1,STM32CubeMX.6.10.0
2024-03-05 02:25:51,368 [INFO] AnalyticsPlugin:255 - Accepted CMSIS Pack Licenses: 
2024-03-05 02:25:51,368 [INFO] AnalyticsPlugin:257 - Accepted Firmware Licenses: 
2024-03-05 02:25:51,370 [INFO] PluginManage:359 - Loaded plugin analytics (category:tool,tabindex:-1)
2024-03-05 02:25:51,370 [INFO] PluginManage:310 - Check plugin cadmodel
2024-03-05 02:25:51,382 [INFO] CADModel:105 - Init CAD model plugin
2024-03-05 02:25:51,382 [INFO] PluginManage:359 - Loaded plugin cadmodel (category:power,tabindex:5)
2024-03-05 02:25:51,382 [INFO] PluginManage:310 - Check plugin clock
2024-03-05 02:25:51,400 [INFO] PluginManage:359 - Loaded plugin clock (category:base,tabindex:2)
2024-03-05 02:25:51,400 [INFO] PluginManage:310 - Check plugin ddr
2024-03-05 02:25:51,403 [INFO] PluginManage:359 - Loaded plugin ddr (category:tool,tabindex:6)
2024-03-05 02:25:51,403 [INFO] PluginManage:310 - Check plugin filemanager
2024-03-05 02:25:51,511 [INFO] PluginManage:359 - Loaded plugin filemanager (category:base,tabindex:10)
2024-03-05 02:25:51,511 [INFO] PluginManage:310 - Check plugin ipmanager
2024-03-05 02:25:51,524 [INFO] PluginManage:359 - Loaded plugin ipmanager (category:base,tabindex:5)
2024-03-05 02:25:51,524 [INFO] PluginManage:310 - Check plugin lpbam
2024-03-05 02:25:51,539 [INFO] PluginManage:359 - Loaded plugin lpbam (category:base,tabindex:0)
2024-03-05 02:25:51,539 [INFO] PluginManage:310 - Check plugin memorymap
2024-03-05 02:25:51,558 [INFO] PluginManage:359 - Loaded plugin memorymap (category:base,tabindex:4)
2024-03-05 02:25:51,558 [INFO] PluginManage:310 - Check plugin pinoutandconfiguration
2024-03-05 02:25:51,572 [INFO] PluginManage:359 - Loaded plugin pinoutandconfiguration (category:base,tabindex:1)
2024-03-05 02:25:51,572 [INFO] PluginManage:310 - Check plugin pinoutconfig
2024-03-05 02:25:51,643 [WARN] SupportedApi:132 - Cannot load RTOS API schema: s4s-elt-must-match.1: The content of 'definitions' must match (annotation?, (simpleType | complexType)?, (unique | key | keyref)*)). A problem was found starting at: attribute.
2024-03-05 02:25:51,745 [INFO] PluginManage:359 - Loaded plugin pinoutconfig (category:base,tabindex:0)
2024-03-05 02:25:51,745 [INFO] PluginManage:310 - Check plugin power
2024-03-05 02:25:51,762 [INFO] PluginManage:359 - Loaded plugin power (category:power,tabindex:4)
2024-03-05 02:25:51,762 [INFO] PluginManage:310 - Check plugin projectmanager
2024-03-05 02:25:51,775 [INFO] PluginManage:359 - Loaded plugin projectmanager (category:projectmanager,tabindex:3)
2024-03-05 02:25:51,775 [INFO] PluginManage:310 - Check plugin thirdparty
2024-03-05 02:25:51,961 [WARN] IntegrityCheckThread:84 - waiting for thirdparty lock release [integrity check]
2024-03-05 02:25:51,961 [INFO] PluginManage:359 - Loaded plugin thirdparty (category:base,tabindex:-1)
2024-03-05 02:25:51,961 [INFO] IntegrityCheckThread:86 - entering critical section [integrity check]
2024-03-05 02:25:51,961 [INFO] PluginManage:310 - Check plugin tools
2024-03-05 02:25:51,962 [INFO] ThirdPartyUpdaterWithRetryManager:70 - Updater plugin not ready yet. [1/15]
2024-03-05 02:25:51,984 [INFO] PluginManage:359 - Loaded plugin tools (category:base,tabindex:7)
2024-03-05 02:25:51,984 [INFO] PluginManage:310 - Check plugin tutovideos
2024-03-05 02:25:52,134 [INFO] PluginManage:359 - Loaded plugin tutovideos (category:base,tabindex:-1)
2024-03-05 02:25:52,134 [INFO] PluginManage:310 - Check plugin updater
2024-03-05 02:25:52,143 [INFO] PluginManage:359 - Loaded plugin updater (category:base,tabindex:12)
2024-03-05 02:25:52,143 [INFO] PluginManage:310 - Check plugin userauth
2024-03-05 02:25:52,148 [INFO] UserAuth:114 - Init User Auth plugin
2024-03-05 02:25:52,148 [INFO] PluginManage:359 - Loaded plugin userauth (category:base,tabindex:14)
2024-03-05 02:25:52,148 [INFO] PluginManage:283 - PluginManage : Loaded plugins [17]
2024-03-05 02:25:52,381 [INFO] PinOutPanel:1499 - setPackage(No Configuration,No Configuration)
2024-03-05 02:25:52,486 [INFO] CADModel:165 - CPN selected for project level
2024-03-05 02:25:52,486 [INFO] CADModel:114 - Register for checkConnection events
2024-03-05 02:25:52,506 [INFO] IPUIPlugin:80 - create IPUIPlugin
2024-03-05 02:25:52,506 [INFO] PluginManager:220 - loadIPPluginJar : add adc
2024-03-05 02:25:52,529 [INFO] IPUIPlugin:80 - create IPUIPlugin
2024-03-05 02:25:52,529 [INFO] PluginManager:220 - loadIPPluginJar : add aes
2024-03-05 02:25:52,555 [INFO] IPUIPlugin:80 - create IPUIPlugin
2024-03-05 02:25:52,555 [INFO] PluginManager:220 - loadIPPluginJar : add can
2024-03-05 02:25:52,570 [INFO] IPUIPlugin:80 - create IPUIPlugin
2024-03-05 02:25:52,570 [INFO] PluginManager:220 - loadIPPluginJar : add comp
2024-03-05 02:25:52,590 [INFO] IPUIPlugin:80 - create IPUIPlugin
2024-03-05 02:25:52,590 [INFO] PluginManager:220 - loadIPPluginJar : add cryp
2024-03-05 02:25:52,608 [INFO] IPUIPlugin:80 - create IPUIPlugin
2024-03-05 02:25:52,608 [INFO] PluginManager:220 - loadIPPluginJar : add dfsdm
2024-03-05 02:25:52,619 [INFO] IPUIPlugin:80 - create IPUIPlugin
2024-03-05 02:25:52,619 [INFO] PluginManager:220 - loadIPPluginJar : add dma
2024-03-05 02:25:52,645 [INFO] IPUIPlugin:80 - create IPUIPlugin
2024-03-05 02:25:52,645 [INFO] PluginManager:220 - loadIPPluginJar : add dma3
2024-03-05 02:25:52,658 [INFO] IPUIPlugin:80 - create IPUIPlugin
2024-03-05 02:25:52,658 [INFO] PluginManager:220 - loadIPPluginJar : add fatfs
2024-03-05 02:25:52,687 [INFO] IPUIPlugin:80 - create IPUIPlugin
2024-03-05 02:25:52,687 [INFO] PluginManager:220 - loadIPPluginJar : add fmc
2024-03-05 02:25:52,699 [INFO] IPUIPlugin:80 - create IPUIPlugin
2024-03-05 02:25:52,699 [INFO] PluginManager:220 - loadIPPluginJar : add freertos
2024-03-05 02:25:52,712 [INFO] IPUIPlugin:80 - create IPUIPlugin
2024-03-05 02:25:52,712 [INFO] PluginManager:220 - loadIPPluginJar : add genericplugin
2024-03-05 02:25:52,773 [INFO] IPUIPlugin:80 - create IPUIPlugin
2024-03-05 02:25:52,773 [INFO] PluginManager:220 - loadIPPluginJar : add gfxmmu
2024-03-05 02:25:52,851 [INFO] IPUIPlugin:80 - create IPUIPlugin
2024-03-05 02:25:52,851 [INFO] PluginManager:220 - loadIPPluginJar : add gic
2024-03-05 02:25:52,860 [INFO] IPUIPlugin:80 - create IPUIPlugin
2024-03-05 02:25:52,861 [INFO] PluginManager:220 - loadIPPluginJar : add gpio
2024-03-05 02:25:52,921 [INFO] IPUIPlugin:80 - create IPUIPlugin
2024-03-05 02:25:52,921 [INFO] PluginManager:220 - loadIPPluginJar : add gtzc
2024-03-05 02:25:52,942 [INFO] IPUIPlugin:80 - create IPUIPlugin
2024-03-05 02:25:52,942 [INFO] PluginManager:220 - loadIPPluginJar : add hash
2024-03-05 02:25:52,975 [INFO] IPUIPlugin:80 - create IPUIPlugin
2024-03-05 02:25:52,975 [INFO] PluginManager:220 - loadIPPluginJar : add i2c
2024-03-05 02:25:52,999 [INFO] IPUIPlugin:80 - create IPUIPlugin
2024-03-05 02:25:52,999 [INFO] PluginManager:220 - loadIPPluginJar : add i2s
2024-03-05 02:25:53,025 [INFO] IPUIPlugin:80 - create IPUIPlugin
2024-03-05 02:25:53,025 [INFO] PluginManager:220 - loadIPPluginJar : add i3c
2024-03-05 02:25:53,092 [INFO] IPUIPlugin:80 - create IPUIPlugin
2024-03-05 02:25:53,092 [INFO] PluginManager:220 - loadIPPluginJar : add ipddr
2024-03-05 02:25:53,147 [INFO] IPUIPlugin:80 - create IPUIPlugin
2024-03-05 02:25:53,147 [INFO] PluginManager:220 - loadIPPluginJar : add linkedlist
2024-03-05 02:25:53,169 [INFO] IPUIPlugin:80 - create IPUIPlugin
2024-03-05 02:25:53,169 [INFO] PluginManager:220 - loadIPPluginJar : add lorawan
2024-03-05 02:25:53,191 [INFO] IPUIPlugin:80 - create IPUIPlugin
2024-03-05 02:25:53,191 [INFO] PluginManager:220 - loadIPPluginJar : add ltdc
2024-03-05 02:25:53,201 [INFO] IPUIPlugin:80 - create IPUIPlugin
2024-03-05 02:25:53,202 [INFO] PluginManager:220 - loadIPPluginJar : add mdma
2024-03-05 02:25:53,210 [INFO] IPUIPlugin:80 - create IPUIPlugin
2024-03-05 02:25:53,210 [INFO] PluginManager:220 - loadIPPluginJar : add nvic
2024-03-05 02:25:53,232 [INFO] IPUIPlugin:80 - create IPUIPlugin
2024-03-05 02:25:53,232 [INFO] PluginManager:220 - loadIPPluginJar : add opamp
2024-03-05 02:25:53,268 [INFO] IPUIPlugin:80 - create IPUIPlugin
2024-03-05 02:25:53,268 [INFO] PluginManager:220 - loadIPPluginJar : add openamp
2024-03-05 02:25:53,294 [INFO] IPUIPlugin:80 - create IPUIPlugin
2024-03-05 02:25:53,294 [INFO] PluginManager:220 - loadIPPluginJar : add pdm2pcm
2024-03-05 02:25:53,305 [INFO] IPUIPlugin:80 - create IPUIPlugin
2024-03-05 02:25:53,306 [INFO] PluginManager:220 - loadIPPluginJar : add plateformsettings
2024-03-05 02:25:53,321 [INFO] IPUIPlugin:80 - create IPUIPlugin
2024-03-05 02:25:53,321 [INFO] PluginManager:220 - loadIPPluginJar : add quadspi
2024-03-05 02:25:53,330 [INFO] IPUIPlugin:80 - create IPUIPlugin
2024-03-05 02:25:53,330 [INFO] PluginManager:220 - loadIPPluginJar : add resmgrutility
2024-03-05 02:25:53,360 [INFO] IPUIPlugin:80 - create IPUIPlugin
2024-03-05 02:25:53,360 [INFO] PluginManager:220 - loadIPPluginJar : add sai
2024-03-05 02:25:53,382 [INFO] IPUIPlugin:80 - create IPUIPlugin
2024-03-05 02:25:53,382 [INFO] PluginManager:220 - loadIPPluginJar : add spi
2024-03-05 02:25:53,426 [INFO] IPUIPlugin:80 - create IPUIPlugin
2024-03-05 02:25:53,426 [INFO] PluginManager:220 - loadIPPluginJar : add stm32_wpan
2024-03-05 02:25:53,441 [INFO] IPUIPlugin:80 - create IPUIPlugin
2024-03-05 02:25:53,441 [INFO] PluginManager:220 - loadIPPluginJar : add tim
2024-03-05 02:25:53,475 [INFO] IPUIPlugin:80 - create IPUIPlugin
2024-03-05 02:25:53,475 [INFO] PluginManager:220 - loadIPPluginJar : add touchsensing
2024-03-05 02:25:53,489 [INFO] IPUIPlugin:80 - create IPUIPlugin
2024-03-05 02:25:53,489 [INFO] PluginManager:220 - loadIPPluginJar : add tracer_emb
2024-03-05 02:25:53,503 [INFO] IPUIPlugin:80 - create IPUIPlugin
2024-03-05 02:25:53,503 [INFO] PluginManager:220 - loadIPPluginJar : add ts
2024-03-05 02:25:53,516 [INFO] IPUIPlugin:80 - create IPUIPlugin
2024-03-05 02:25:53,516 [INFO] PluginManager:220 - loadIPPluginJar : add tsc
2024-03-05 02:25:53,530 [INFO] IPUIPlugin:80 - create IPUIPlugin
2024-03-05 02:25:53,530 [INFO] PluginManager:220 - loadIPPluginJar : add ucpd
2024-03-05 02:25:53,559 [INFO] IPUIPlugin:80 - create IPUIPlugin
2024-03-05 02:25:53,559 [INFO] PluginManager:220 - loadIPPluginJar : add usart
2024-03-05 02:25:53,587 [INFO] IPUIPlugin:80 - create IPUIPlugin
2024-03-05 02:25:53,587 [INFO] PluginManager:220 - loadIPPluginJar : add usbx
2024-03-05 02:25:53,723 [INFO] CADModel:165 - CPN selected for project level
2024-03-05 02:25:53,723 [INFO] CADModel:114 - Register for checkConnection events
2024-03-05 02:25:53,723 [FATAL] Updater:308 - Updater called before beeing initialized
2024-03-05 02:25:53,723 [ERROR] CADModel:125 - Updater not yet initialized, retry later 
2024-03-05 02:25:53,840 [INFO] CADModel:165 - CPN selected for project level
2024-03-05 02:25:53,840 [INFO] CADModel:114 - Register for checkConnection events
2024-03-05 02:25:53,840 [FATAL] Updater:308 - Updater called before beeing initialized
2024-03-05 02:25:53,840 [ERROR] CADModel:125 - Updater not yet initialized, retry later 
2024-03-05 02:25:53,842 [FATAL] Updater:308 - Updater called before beeing initialized
2024-03-05 02:25:53,947 [FATAL] Updater:308 - Updater called before beeing initialized
2024-03-05 02:25:53,953 [INFO] DbMcusAds:53 - JSON generation date=Wed Nov 29 18:52:27 CST 2023 (1701255147200)
2024-03-05 02:25:53,953 [FATAL] Updater:308 - Updater called before beeing initialized
2024-03-05 02:25:54,012 [WARN] DetailPanel:346 - Failed to get advertising image, set to default
2024-03-05 02:25:54,109 [FATAL] Updater:308 - Updater called before beeing initialized
2024-03-05 02:25:54,111 [FATAL] Updater:308 - Updater called before beeing initialized
2024-03-05 02:25:54,111 [FATAL] Updater:308 - Updater called before beeing initialized
2024-03-05 02:25:54,111 [WARN] DetailPanel:346 - Failed to get advertising image, set to default
2024-03-05 02:25:54,112 [FATAL] Updater:308 - Updater called before beeing initialized
2024-03-05 02:25:54,167 [ERROR] Updater:1120 - MainUpdater not yet initialized. External WinMGr cannot be set.
2024-03-05 02:25:54,174 [INFO] Updater:1056 - Updater Version found : 6.10.0
2024-03-05 02:25:54,189 [INFO] ApplicationProperties:184 - Using Application install path: I:\software\STM32CubeIDE_1.14.1\STM32CubeIDE\plugins\com.st.stm32cube.common.mx_6.10.0.202311202037
2024-03-05 02:25:54,446 [INFO] MainUpdater:2873 - connection check result : 10
2024-03-05 02:25:54,446 [INFO] MainUpdater:3567 - Updater definition file requires update
2024-03-05 02:25:54,447 [INFO] MainUpdater:290 - Updater Check For Update Now.
2024-03-05 02:25:54,448 [INFO] MicroXplorer:498 - Change Database Version : DB.6.0.100
2024-03-05 02:25:54,458 [INFO] McuFinderGlobals:63 - Set McuFinder mode to 2 (CubeIDE integrated)
2024-03-05 02:25:54,458 [INFO] UserAuth:180 - activating auth plugin
2024-03-05 02:25:54,460 [INFO] UserAuth:404 - Internet connection configuration mode: 1
2024-03-05 02:25:54,477 [INFO] JxBrowserEngine:152 - Initiate JxBrowser Engine with user profile folder
2024-03-05 02:25:54,606 [INFO] ServerAccessManage:473 - Download File updaters.zip
2024-03-05 02:25:54,647 [INFO] FileExtend:240 - Unzip File : updaters.zip
2024-03-05 02:25:54,648 [INFO] FileExtend:255 - Standard Zip Deflate
2024-03-05 02:25:54,963 [WARN] MainUpdater:1194 - Updater busy. Cannot search thirdparties
2024-03-05 02:25:54,963 [INFO] ThirdPartyUpdaterWithRetryManager:96 - Updater plugin is busy. [1/15]
2024-03-05 02:25:55,099 [INFO] ServerAccessManage:473 - Download File PacksControlFlags.xml
2024-03-05 02:25:55,436 [INFO] ServerAccessManage:473 - Download File cubemx.pidx
2024-03-05 02:25:56,679 [INFO] WebApp:161 - Instantiating new browser for Auth
2024-03-05 02:25:56,934 [INFO] ServerAccessManage:473 - Download File STMicroelectronics.X-CUBE-BLEMGR.pdsc
2024-03-05 02:25:57,131 [INFO] WebApp:780 - Register for checkConnection events
2024-03-05 02:25:57,132 [INFO] WebApp:414 - Apply proxy settings
2024-03-05 02:25:57,132 [INFO] WebApp:499 - Chromium requires no authentication
2024-03-05 02:25:57,137 [INFO] WebApp:442 - Direct internet connection detected
2024-03-05 02:25:57,269 [INFO] WebApp:192 - Starting web application
2024-03-05 02:25:57,269 [INFO] WebApp:544 - Web application path used I:\software\STM32CubeIDE_1.14.1\STM32CubeIDE\plugins\com.st.stm32cube.common.mx_6.10.0.202311202037\db\plugins\mcufinder\reactClient1\index.html
2024-03-05 02:25:57,965 [WARN] MainUpdater:1194 - Updater busy. Cannot search thirdparties
2024-03-05 02:25:57,965 [INFO] ThirdPartyUpdaterWithRetryManager:96 - Updater plugin is busy. [2/15]
2024-03-05 02:26:00,965 [WARN] MainUpdater:1194 - Updater busy. Cannot search thirdparties
2024-03-05 02:26:00,965 [INFO] ThirdPartyUpdaterWithRetryManager:96 - Updater plugin is busy. [3/15]
2024-03-05 02:26:03,966 [WARN] MainUpdater:1194 - Updater busy. Cannot search thirdparties
2024-03-05 02:26:03,966 [INFO] ThirdPartyUpdaterWithRetryManager:96 - Updater plugin is busy. [4/15]
2024-03-05 02:26:05,474 [INFO] ServerAccessManage:473 - Download File STMicroelectronics.X-CUBE-TOF1.pdsc
2024-03-05 02:26:06,967 [WARN] MainUpdater:1194 - Updater busy. Cannot search thirdparties
2024-03-05 02:26:06,967 [INFO] ThirdPartyUpdaterWithRetryManager:96 - Updater plugin is busy. [5/15]
2024-03-05 02:26:08,049 [ERROR] ServerAccessManage:1089 - Problem, file not found on Server
2024-03-05 02:26:09,968 [WARN] MainUpdater:1194 - Updater busy. Cannot search thirdparties
2024-03-05 02:26:09,968 [INFO] ThirdPartyUpdaterWithRetryManager:96 - Updater plugin is busy. [6/15]
2024-03-05 02:26:12,969 [WARN] MainUpdater:1194 - Updater busy. Cannot search thirdparties
2024-03-05 02:26:12,969 [INFO] ThirdPartyUpdaterWithRetryManager:96 - Updater plugin is busy. [7/15]
2024-03-05 02:26:15,969 [WARN] MainUpdater:1194 - Updater busy. Cannot search thirdparties
2024-03-05 02:26:15,969 [INFO] ThirdPartyUpdaterWithRetryManager:96 - Updater plugin is busy. [8/15]
2024-03-05 02:26:17,855 [ERROR] LogOutputStream:75 - [STDERR_REDIRECT] SLF4J: Failed to load class "org.slf4j.impl.StaticLoggerBinder".
2024-03-05 02:26:17,856 [ERROR] LogOutputStream:75 - [STDERR_REDIRECT] SLF4J: Defaulting to no-operation (NOP) logger implementation
2024-03-05 02:26:17,857 [ERROR] LogOutputStream:75 - [STDERR_REDIRECT] SLF4J: See http://www.slf4j.org/codes.html#StaticLoggerBinder for further details.
2024-03-05 02:26:18,970 [WARN] MainUpdater:1194 - Updater busy. Cannot search thirdparties
2024-03-05 02:26:18,970 [INFO] ThirdPartyUpdaterWithRetryManager:96 - Updater plugin is busy. [9/15]
2024-03-05 02:26:21,971 [WARN] MainUpdater:1194 - Updater busy. Cannot search thirdparties
2024-03-05 02:26:21,971 [INFO] ThirdPartyUpdaterWithRetryManager:96 - Updater plugin is busy. [10/15]
2024-03-05 02:26:24,972 [WARN] MainUpdater:1194 - Updater busy. Cannot search thirdparties
2024-03-05 02:26:24,972 [INFO] ThirdPartyUpdaterWithRetryManager:96 - Updater plugin is busy. [11/15]
2024-03-05 02:26:27,972 [WARN] MainUpdater:1194 - Updater busy. Cannot search thirdparties
2024-03-05 02:26:27,972 [INFO] ThirdPartyUpdaterWithRetryManager:96 - Updater plugin is busy. [12/15]
2024-03-05 02:26:30,973 [WARN] MainUpdater:1194 - Updater busy. Cannot search thirdparties
2024-03-05 02:26:30,973 [INFO] ThirdPartyUpdaterWithRetryManager:96 - Updater plugin is busy. [13/15]
2024-03-05 02:26:33,973 [WARN] MainUpdater:1194 - Updater busy. Cannot search thirdparties
2024-03-05 02:26:33,973 [INFO] ThirdPartyUpdaterWithRetryManager:96 - Updater plugin is busy. [14/15]
2024-03-05 02:26:36,974 [WARN] MainUpdater:1194 - Updater busy. Cannot search thirdparties
2024-03-05 02:26:36,974 [INFO] ThirdPartyUpdaterWithRetryManager:96 - Updater plugin is busy. [15/15]
2024-03-05 02:26:36,974 [ERROR] IntegrityCheckThread:130 - Cannot retrieve database content from updater: error -1
2024-03-05 02:26:36,974 [INFO] ThirdParty:978 - Integrity check success = false
2024-03-05 02:26:36,974 [INFO] IntegrityCheckThread:100 - exiting critical section [integrity check]
2024-03-05 02:26:36,974 [INFO] IntegrityCheckThread:103 - End integrity checks thread
2024-03-05 02:26:54,521 [INFO] McuFinderGlobals:63 - Set McuFinder mode to 2 (CubeIDE integrated)
2024-03-05 02:26:59,832 [WARN] ServerAccessManage:1168 - Warning during Server Connection :  timeout Read timed out
2024-03-05 02:27:19,796 [INFO] Activator:176 - 


2024-03-05 02:27:19,798 [INFO] Activator:177 - !SESSION log4j initialized
2024-03-05 02:27:23,331 [INFO] LogOutputStream:77 - [STDOUT_REDIRECT] 
2024-03-05 02:27:24,514 [INFO] ApplicationProperties:184 - Using Application install path: I:\software\STM32CubeIDE_1.14.1\STM32CubeIDE\plugins\com.st.stm32cube.common.mx_6.10.0.202311202037
2024-03-05 02:27:24,525 [INFO] DbMcusXml:78 - Set database path to: I:\software\STM32CubeIDE_1.14.1\STM32CubeIDE\plugins\com.st.stm32cube.common.mx_6.10.0.202311202037\\db\/mcu/
2024-03-05 02:27:24,525 [INFO] ApiDb:274 - Set plugin database path to: I:\software\STM32CubeIDE_1.14.1\STM32CubeIDE\plugins\com.st.stm32cube.common.mx_6.10.0.202311202037\\db\/plugins/boardmanager/
2024-03-05 02:27:24,525 [WARN] ApiDb:259 - Overriding images path with different value:  => I:\software\STM32CubeIDE_1.14.1\STM32CubeIDE\plugins\com.st.stm32cube.common.mx_6.10.0.202311202037\\db\/plugins/mcufinder/images/
2024-03-05 02:27:24,530 [INFO] ApiDb:250 - Set database path to: C:\Users\king\.stmcufinder\plugins\mcufinder//mcu/
2024-03-05 02:27:24,531 [INFO] DbMcusAds:125 - Set database path to: C:\Users\king\.stmcufinder\plugins\mcufinder//mcu/
2024-03-05 02:27:24,533 [INFO] CrossReferenceDbSqlite:203 - Set database path to: C:\Users\king\.stmcufinder\plugins\mcufinder//mcu/cs/
2024-03-05 02:27:24,609 [INFO] RulesReader:64 - Compatibility file has been processed (297 Rules)
2024-03-05 02:27:24,691 [INFO] DbMcusXml:78 - Set database path to: I:\software\STM32CubeIDE_1.14.1\STM32CubeIDE\plugins\com.st.stm32cube.common.mx_6.10.0.202311202037\\db\/mcu/
2024-03-05 02:27:24,691 [INFO] ApiDb:274 - Set plugin database path to: I:\software\STM32CubeIDE_1.14.1\STM32CubeIDE\plugins\com.st.stm32cube.common.mx_6.10.0.202311202037\\db\/plugins/boardmanager/
2024-03-05 02:27:24,691 [INFO] ApiDb:261 - Set plugin images path to: I:\software\STM32CubeIDE_1.14.1\STM32CubeIDE\plugins\com.st.stm32cube.common.mx_6.10.0.202311202037\\db\/plugins/mcufinder/images/
2024-03-05 02:27:24,691 [WARN] DbFile:41 - Overriding database path with different value: C:\Users\king\.stmcufinder\plugins\mcufinder/ => C:\Users\king\.stmcufinder\plugins\mcufinder
2024-03-05 02:27:24,691 [INFO] ApiDb:250 - Set database path to: C:\Users\king\.stmcufinder\plugins\mcufinder//mcu/
2024-03-05 02:27:24,691 [WARN] DbFile:41 - Overriding database path with different value: C:\Users\king\.stmcufinder\plugins\mcufinder/ => C:\Users\king\.stmcufinder\plugins\mcufinder
2024-03-05 02:27:24,691 [INFO] DbMcusAds:125 - Set database path to: C:\Users\king\.stmcufinder\plugins\mcufinder//mcu/
2024-03-05 02:27:24,691 [WARN] DbFile:41 - Overriding database path with different value: C:\Users\king\.stmcufinder\plugins\mcufinder/ => C:\Users\king\.stmcufinder\plugins\mcufinder
2024-03-05 02:27:24,691 [WARN] DbFile:41 - Overriding database path with different value: C:\Users\king\.stmcufinder\plugins\mcufinder/ => C:\Users\king\.stmcufinder\plugins\mcufinder
2024-03-05 02:27:24,691 [INFO] CrossReferenceDbSqlite:203 - Set database path to: C:\Users\king\.stmcufinder\plugins\mcufinder//mcu/cs/
2024-03-05 02:27:24,750 [INFO] MainPanel:264 - HeapMemory: 268435456
2024-03-05 02:27:24,792 [INFO] DbMcusXml:78 - Set database path to: I:\software\STM32CubeIDE_1.14.1\STM32CubeIDE\plugins\com.st.stm32cube.common.mx_6.10.0.202311202037\\db\/mcu/
2024-03-05 02:27:24,792 [INFO] ApiDb:274 - Set plugin database path to: I:\software\STM32CubeIDE_1.14.1\STM32CubeIDE\plugins\com.st.stm32cube.common.mx_6.10.0.202311202037\\db\/plugins/boardmanager/
2024-03-05 02:27:24,793 [INFO] ApiDb:261 - Set plugin images path to: I:\software\STM32CubeIDE_1.14.1\STM32CubeIDE\plugins\com.st.stm32cube.common.mx_6.10.0.202311202037\\db\/plugins/mcufinder/images/
2024-03-05 02:27:24,793 [WARN] DbFile:41 - Overriding database path with different value: C:\Users\king\.stmcufinder\plugins\mcufinder/ => C:\Users\king\.stmcufinder\plugins\mcufinder
2024-03-05 02:27:24,793 [INFO] ApiDb:250 - Set database path to: C:\Users\king\.stmcufinder\plugins\mcufinder//mcu/
2024-03-05 02:27:24,793 [WARN] DbFile:41 - Overriding database path with different value: C:\Users\king\.stmcufinder\plugins\mcufinder/ => C:\Users\king\.stmcufinder\plugins\mcufinder
2024-03-05 02:27:24,793 [INFO] DbMcusAds:125 - Set database path to: C:\Users\king\.stmcufinder\plugins\mcufinder//mcu/
2024-03-05 02:27:24,793 [WARN] DbFile:41 - Overriding database path with different value: C:\Users\king\.stmcufinder\plugins\mcufinder/ => C:\Users\king\.stmcufinder\plugins\mcufinder
2024-03-05 02:27:24,793 [WARN] DbFile:41 - Overriding database path with different value: C:\Users\king\.stmcufinder\plugins\mcufinder/ => C:\Users\king\.stmcufinder\plugins\mcufinder
2024-03-05 02:27:24,793 [INFO] CrossReferenceDbSqlite:203 - Set database path to: C:\Users\king\.stmcufinder\plugins\mcufinder//mcu/cs/
2024-03-05 02:27:24,805 [INFO] ApplicationProperties:184 - Using Application install path: I:\software\STM32CubeIDE_1.14.1\STM32CubeIDE\plugins\com.st.stm32cube.common.mx_6.10.0.202311202037
2024-03-05 02:27:24,806 [INFO] PluginManage:196 - Search for loadable plugins [exclusion list=, ]
2024-03-05 02:27:24,807 [INFO] PluginManage:310 - Check plugin analytics
2024-03-05 02:27:24,919 [INFO] AnalyticsPlugin:253 - Accepted Software Licenses: STM32CubeMX.6.8.1,STM32CubeMX.6.10.0
2024-03-05 02:27:24,919 [INFO] AnalyticsPlugin:255 - Accepted CMSIS Pack Licenses: 
2024-03-05 02:27:24,919 [INFO] AnalyticsPlugin:257 - Accepted Firmware Licenses: 
2024-03-05 02:27:24,921 [INFO] PluginManage:359 - Loaded plugin analytics (category:tool,tabindex:-1)
2024-03-05 02:27:24,921 [INFO] PluginManage:310 - Check plugin cadmodel
2024-03-05 02:27:24,924 [INFO] CADModel:105 - Init CAD model plugin
2024-03-05 02:27:24,924 [INFO] PluginManage:359 - Loaded plugin cadmodel (category:power,tabindex:5)
2024-03-05 02:27:24,924 [INFO] PluginManage:310 - Check plugin clock
2024-03-05 02:27:24,930 [INFO] PluginManage:359 - Loaded plugin clock (category:base,tabindex:2)
2024-03-05 02:27:24,931 [INFO] PluginManage:310 - Check plugin ddr
2024-03-05 02:27:24,932 [INFO] PluginManage:359 - Loaded plugin ddr (category:tool,tabindex:6)
2024-03-05 02:27:24,932 [INFO] PluginManage:310 - Check plugin filemanager
2024-03-05 02:27:25,025 [INFO] PluginManage:359 - Loaded plugin filemanager (category:base,tabindex:10)
2024-03-05 02:27:25,025 [INFO] PluginManage:310 - Check plugin ipmanager
2024-03-05 02:27:25,031 [INFO] PluginManage:359 - Loaded plugin ipmanager (category:base,tabindex:5)
2024-03-05 02:27:25,032 [INFO] PluginManage:310 - Check plugin lpbam
2024-03-05 02:27:25,037 [INFO] PluginManage:359 - Loaded plugin lpbam (category:base,tabindex:0)
2024-03-05 02:27:25,037 [INFO] PluginManage:310 - Check plugin memorymap
2024-03-05 02:27:25,046 [INFO] PluginManage:359 - Loaded plugin memorymap (category:base,tabindex:4)
2024-03-05 02:27:25,046 [INFO] PluginManage:310 - Check plugin pinoutandconfiguration
2024-03-05 02:27:25,051 [INFO] PluginManage:359 - Loaded plugin pinoutandconfiguration (category:base,tabindex:1)
2024-03-05 02:27:25,051 [INFO] PluginManage:310 - Check plugin pinoutconfig
2024-03-05 02:27:25,110 [WARN] SupportedApi:132 - Cannot load RTOS API schema: s4s-elt-must-match.1: The content of 'definitions' must match (annotation?, (simpleType | complexType)?, (unique | key | keyref)*)). A problem was found starting at: attribute.
2024-03-05 02:27:25,196 [INFO] PluginManage:359 - Loaded plugin pinoutconfig (category:base,tabindex:0)
2024-03-05 02:27:25,196 [INFO] PluginManage:310 - Check plugin power
2024-03-05 02:27:25,203 [INFO] PluginManage:359 - Loaded plugin power (category:power,tabindex:4)
2024-03-05 02:27:25,203 [INFO] PluginManage:310 - Check plugin projectmanager
2024-03-05 02:27:25,216 [INFO] PluginManage:359 - Loaded plugin projectmanager (category:projectmanager,tabindex:3)
2024-03-05 02:27:25,216 [INFO] PluginManage:310 - Check plugin thirdparty
2024-03-05 02:27:25,297 [INFO] PluginManage:359 - Loaded plugin thirdparty (category:base,tabindex:-1)
2024-03-05 02:27:25,297 [INFO] PluginManage:310 - Check plugin tools
2024-03-05 02:27:25,297 [WARN] IntegrityCheckThread:84 - waiting for thirdparty lock release [integrity check]
2024-03-05 02:27:25,297 [INFO] IntegrityCheckThread:86 - entering critical section [integrity check]
2024-03-05 02:27:25,297 [INFO] ThirdPartyUpdaterWithRetryManager:70 - Updater plugin not ready yet. [1/15]
2024-03-05 02:27:25,299 [INFO] PluginManage:359 - Loaded plugin tools (category:base,tabindex:7)
2024-03-05 02:27:25,299 [INFO] PluginManage:310 - Check plugin tutovideos
2024-03-05 02:27:25,406 [INFO] PluginManage:359 - Loaded plugin tutovideos (category:base,tabindex:-1)
2024-03-05 02:27:25,406 [INFO] PluginManage:310 - Check plugin updater
2024-03-05 02:27:25,413 [INFO] PluginManage:359 - Loaded plugin updater (category:base,tabindex:12)
2024-03-05 02:27:25,413 [INFO] PluginManage:310 - Check plugin userauth
2024-03-05 02:27:25,417 [INFO] UserAuth:114 - Init User Auth plugin
2024-03-05 02:27:25,417 [INFO] PluginManage:359 - Loaded plugin userauth (category:base,tabindex:14)
2024-03-05 02:27:25,417 [INFO] PluginManage:283 - PluginManage : Loaded plugins [17]
2024-03-05 02:27:25,596 [INFO] PinOutPanel:1499 - setPackage(No Configuration,No Configuration)
2024-03-05 02:27:25,686 [INFO] CADModel:165 - CPN selected for project level
2024-03-05 02:27:25,686 [INFO] CADModel:114 - Register for checkConnection events
2024-03-05 02:27:25,701 [INFO] IPUIPlugin:80 - create IPUIPlugin
2024-03-05 02:27:25,701 [INFO] PluginManager:220 - loadIPPluginJar : add adc
2024-03-05 02:27:25,703 [INFO] IPUIPlugin:80 - create IPUIPlugin
2024-03-05 02:27:25,703 [INFO] PluginManager:220 - loadIPPluginJar : add aes
2024-03-05 02:27:25,713 [INFO] IPUIPlugin:80 - create IPUIPlugin
2024-03-05 02:27:25,713 [INFO] PluginManager:220 - loadIPPluginJar : add can
2024-03-05 02:27:25,714 [INFO] IPUIPlugin:80 - create IPUIPlugin
2024-03-05 02:27:25,714 [INFO] PluginManager:220 - loadIPPluginJar : add comp
2024-03-05 02:27:25,716 [INFO] IPUIPlugin:80 - create IPUIPlugin
2024-03-05 02:27:25,716 [INFO] PluginManager:220 - loadIPPluginJar : add cryp
2024-03-05 02:27:25,718 [INFO] IPUIPlugin:80 - create IPUIPlugin
2024-03-05 02:27:25,718 [INFO] PluginManager:220 - loadIPPluginJar : add dfsdm
2024-03-05 02:27:25,723 [INFO] IPUIPlugin:80 - create IPUIPlugin
2024-03-05 02:27:25,732 [INFO] PluginManager:220 - loadIPPluginJar : add dma
2024-03-05 02:27:25,734 [INFO] IPUIPlugin:80 - create IPUIPlugin
2024-03-05 02:27:25,734 [INFO] PluginManager:220 - loadIPPluginJar : add dma3
2024-03-05 02:27:25,735 [INFO] IPUIPlugin:80 - create IPUIPlugin
2024-03-05 02:27:25,735 [INFO] PluginManager:220 - loadIPPluginJar : add fatfs
2024-03-05 02:27:25,738 [INFO] IPUIPlugin:80 - create IPUIPlugin
2024-03-05 02:27:25,738 [INFO] PluginManager:220 - loadIPPluginJar : add fmc
2024-03-05 02:27:25,741 [INFO] IPUIPlugin:80 - create IPUIPlugin
2024-03-05 02:27:25,741 [INFO] PluginManager:220 - loadIPPluginJar : add freertos
2024-03-05 02:27:25,742 [INFO] IPUIPlugin:80 - create IPUIPlugin
2024-03-05 02:27:25,742 [INFO] PluginManager:220 - loadIPPluginJar : add genericplugin
2024-03-05 02:27:25,744 [INFO] IPUIPlugin:80 - create IPUIPlugin
2024-03-05 02:27:25,744 [INFO] PluginManager:220 - loadIPPluginJar : add gfxmmu
2024-03-05 02:27:25,747 [INFO] IPUIPlugin:80 - create IPUIPlugin
2024-03-05 02:27:25,747 [INFO] PluginManager:220 - loadIPPluginJar : add gic
2024-03-05 02:27:25,750 [INFO] IPUIPlugin:80 - create IPUIPlugin
2024-03-05 02:27:25,750 [INFO] PluginManager:220 - loadIPPluginJar : add gpio
2024-03-05 02:27:25,752 [INFO] IPUIPlugin:80 - create IPUIPlugin
2024-03-05 02:27:25,752 [INFO] PluginManager:220 - loadIPPluginJar : add gtzc
2024-03-05 02:27:25,754 [INFO] IPUIPlugin:80 - create IPUIPlugin
2024-03-05 02:27:25,754 [INFO] PluginManager:220 - loadIPPluginJar : add hash
2024-03-05 02:27:25,755 [INFO] IPUIPlugin:80 - create IPUIPlugin
2024-03-05 02:27:25,756 [INFO] PluginManager:220 - loadIPPluginJar : add i2c
2024-03-05 02:27:25,757 [INFO] IPUIPlugin:80 - create IPUIPlugin
2024-03-05 02:27:25,757 [INFO] PluginManager:220 - loadIPPluginJar : add i2s
2024-03-05 02:27:25,759 [INFO] IPUIPlugin:80 - create IPUIPlugin
2024-03-05 02:27:25,759 [INFO] PluginManager:220 - loadIPPluginJar : add i3c
2024-03-05 02:27:25,761 [INFO] IPUIPlugin:80 - create IPUIPlugin
2024-03-05 02:27:25,761 [INFO] PluginManager:220 - loadIPPluginJar : add ipddr
2024-03-05 02:27:25,765 [INFO] IPUIPlugin:80 - create IPUIPlugin
2024-03-05 02:27:25,765 [INFO] PluginManager:220 - loadIPPluginJar : add linkedlist
2024-03-05 02:27:25,767 [INFO] IPUIPlugin:80 - create IPUIPlugin
2024-03-05 02:27:25,767 [INFO] PluginManager:220 - loadIPPluginJar : add lorawan
2024-03-05 02:27:25,768 [INFO] IPUIPlugin:80 - create IPUIPlugin
2024-03-05 02:27:25,768 [INFO] PluginManager:220 - loadIPPluginJar : add ltdc
2024-03-05 02:27:25,772 [INFO] IPUIPlugin:80 - create IPUIPlugin
2024-03-05 02:27:25,772 [INFO] PluginManager:220 - loadIPPluginJar : add mdma
2024-03-05 02:27:25,774 [INFO] IPUIPlugin:80 - create IPUIPlugin
2024-03-05 02:27:25,774 [INFO] PluginManager:220 - loadIPPluginJar : add nvic
2024-03-05 02:27:25,775 [INFO] IPUIPlugin:80 - create IPUIPlugin
2024-03-05 02:27:25,776 [INFO] PluginManager:220 - loadIPPluginJar : add opamp
2024-03-05 02:27:25,778 [INFO] IPUIPlugin:80 - create IPUIPlugin
2024-03-05 02:27:25,778 [INFO] PluginManager:220 - loadIPPluginJar : add openamp
2024-03-05 02:27:25,780 [INFO] IPUIPlugin:80 - create IPUIPlugin
2024-03-05 02:27:25,780 [INFO] PluginManager:220 - loadIPPluginJar : add pdm2pcm
2024-03-05 02:27:25,784 [INFO] IPUIPlugin:80 - create IPUIPlugin
2024-03-05 02:27:25,786 [INFO] PluginManager:220 - loadIPPluginJar : add plateformsettings
2024-03-05 02:27:25,788 [INFO] IPUIPlugin:80 - create IPUIPlugin
2024-03-05 02:27:25,788 [INFO] PluginManager:220 - loadIPPluginJar : add quadspi
2024-03-05 02:27:25,790 [INFO] IPUIPlugin:80 - create IPUIPlugin
2024-03-05 02:27:25,790 [INFO] PluginManager:220 - loadIPPluginJar : add resmgrutility
2024-03-05 02:27:25,792 [INFO] IPUIPlugin:80 - create IPUIPlugin
2024-03-05 02:27:25,792 [INFO] PluginManager:220 - loadIPPluginJar : add sai
2024-03-05 02:27:25,793 [INFO] IPUIPlugin:80 - create IPUIPlugin
2024-03-05 02:27:25,794 [INFO] PluginManager:220 - loadIPPluginJar : add spi
2024-03-05 02:27:25,797 [INFO] IPUIPlugin:80 - create IPUIPlugin
2024-03-05 02:27:25,797 [INFO] PluginManager:220 - loadIPPluginJar : add stm32_wpan
2024-03-05 02:27:25,798 [INFO] IPUIPlugin:80 - create IPUIPlugin
2024-03-05 02:27:25,798 [INFO] PluginManager:220 - loadIPPluginJar : add tim
2024-03-05 02:27:25,800 [INFO] IPUIPlugin:80 - create IPUIPlugin
2024-03-05 02:27:25,800 [INFO] PluginManager:220 - loadIPPluginJar : add touchsensing
2024-03-05 02:27:25,802 [INFO] IPUIPlugin:80 - create IPUIPlugin
2024-03-05 02:27:25,802 [INFO] PluginManager:220 - loadIPPluginJar : add tracer_emb
2024-03-05 02:27:25,803 [INFO] IPUIPlugin:80 - create IPUIPlugin
2024-03-05 02:27:25,803 [INFO] PluginManager:220 - loadIPPluginJar : add ts
2024-03-05 02:27:25,804 [INFO] IPUIPlugin:80 - create IPUIPlugin
2024-03-05 02:27:25,804 [INFO] PluginManager:220 - loadIPPluginJar : add tsc
2024-03-05 02:27:25,806 [INFO] IPUIPlugin:80 - create IPUIPlugin
2024-03-05 02:27:25,806 [INFO] PluginManager:220 - loadIPPluginJar : add ucpd
2024-03-05 02:27:25,807 [INFO] IPUIPlugin:80 - create IPUIPlugin
2024-03-05 02:27:25,807 [INFO] PluginManager:220 - loadIPPluginJar : add usart
2024-03-05 02:27:25,809 [INFO] IPUIPlugin:80 - create IPUIPlugin
2024-03-05 02:27:25,809 [INFO] PluginManager:220 - loadIPPluginJar : add usbx
2024-03-05 02:27:25,928 [INFO] CADModel:165 - CPN selected for project level
2024-03-05 02:27:25,928 [INFO] CADModel:114 - Register for checkConnection events
2024-03-05 02:27:25,928 [FATAL] Updater:308 - Updater called before beeing initialized
2024-03-05 02:27:25,928 [ERROR] CADModel:125 - Updater not yet initialized, retry later 
2024-03-05 02:27:26,017 [INFO] CADModel:165 - CPN selected for project level
2024-03-05 02:27:26,017 [INFO] CADModel:114 - Register for checkConnection events
2024-03-05 02:27:26,017 [FATAL] Updater:308 - Updater called before beeing initialized
2024-03-05 02:27:26,017 [ERROR] CADModel:125 - Updater not yet initialized, retry later 
2024-03-05 02:27:26,019 [FATAL] Updater:308 - Updater called before beeing initialized
2024-03-05 02:27:26,106 [FATAL] Updater:308 - Updater called before beeing initialized
2024-03-05 02:27:26,109 [INFO] DbMcusAds:53 - JSON generation date=Wed Nov 29 18:52:27 CST 2023 (1701255147200)
2024-03-05 02:27:26,109 [FATAL] Updater:308 - Updater called before beeing initialized
2024-03-05 02:27:26,136 [WARN] DetailPanel:346 - Failed to get advertising image, set to default
2024-03-05 02:27:26,232 [FATAL] Updater:308 - Updater called before beeing initialized
2024-03-05 02:27:26,233 [FATAL] Updater:308 - Updater called before beeing initialized
2024-03-05 02:27:26,233 [FATAL] Updater:308 - Updater called before beeing initialized
2024-03-05 02:27:26,233 [WARN] DetailPanel:346 - Failed to get advertising image, set to default
2024-03-05 02:27:26,233 [FATAL] Updater:308 - Updater called before beeing initialized
2024-03-05 02:27:26,269 [ERROR] Updater:1120 - MainUpdater not yet initialized. External WinMGr cannot be set.
2024-03-05 02:27:26,270 [INFO] Updater:1056 - Updater Version found : 6.10.0
2024-03-05 02:27:26,280 [INFO] ApplicationProperties:184 - Using Application install path: I:\software\STM32CubeIDE_1.14.1\STM32CubeIDE\plugins\com.st.stm32cube.common.mx_6.10.0.202311202037
2024-03-05 02:27:26,501 [INFO] MainUpdater:2873 - connection check result : 10
2024-03-05 02:27:26,502 [INFO] MainUpdater:3567 - Updater definition file requires update
2024-03-05 02:27:26,503 [INFO] MainUpdater:290 - Updater Check For Update Now.
2024-03-05 02:27:26,503 [INFO] MicroXplorer:498 - Change Database Version : DB.6.0.100
2024-03-05 02:27:26,508 [INFO] McuFinderGlobals:63 - Set McuFinder mode to 2 (CubeIDE integrated)
2024-03-05 02:27:26,508 [INFO] UserAuth:180 - activating auth plugin
2024-03-05 02:27:26,509 [INFO] UserAuth:404 - Internet connection configuration mode: 1
2024-03-05 02:27:26,517 [INFO] JxBrowserEngine:152 - Initiate JxBrowser Engine with user profile folder
2024-03-05 02:27:26,524 [INFO] ServerAccessManage:473 - Download File updaters.zip
2024-03-05 02:27:26,570 [INFO] FileExtend:240 - Unzip File : updaters.zip
2024-03-05 02:27:26,570 [INFO] FileExtend:255 - Standard Zip Deflate
2024-03-05 02:27:26,934 [INFO] ServerAccessManage:473 - Download File PacksControlFlags.xml
2024-03-05 02:27:27,003 [INFO] ServerAccessManage:473 - Download File cubemx.pidx
2024-03-05 02:27:27,070 [INFO] LoadServerUpdatesThread:375 - End of LoadServerUpdate Thread
2024-03-05 02:27:27,150 [INFO] WebApp:161 - Instantiating new browser for Auth
2024-03-05 02:27:27,231 [INFO] CheckServerUpdateThread:120 - End of CheckServer Thread
2024-03-05 02:27:27,683 [INFO] WebApp:780 - Register for checkConnection events
2024-03-05 02:27:27,683 [INFO] WebApp:414 - Apply proxy settings
2024-03-05 02:27:27,683 [INFO] WebApp:499 - Chromium requires no authentication
2024-03-05 02:27:27,687 [INFO] WebApp:442 - Direct internet connection detected
2024-03-05 02:27:27,783 [INFO] WebApp:192 - Starting web application
2024-03-05 02:27:27,783 [INFO] WebApp:544 - Web application path used I:\software\STM32CubeIDE_1.14.1\STM32CubeIDE\plugins\com.st.stm32cube.common.mx_6.10.0.202311202037\db\plugins\mcufinder\reactClient1\index.html
2024-03-05 02:27:28,487 [WARN] PackLoader:240 - Cannot read IP mode file for STMicroelectronics.X-CUBE-SMBUS.2.1.0
2024-03-05 02:27:28,497 [WARN] PackLoader:240 - Cannot read IP mode file for STMicroelectronics.X-CUBE-TOUCHGFX.4.23.0
2024-03-05 02:27:28,522 [WARN] PackLoader:240 - Cannot read IP mode file for STMicroelectronics.X-CUBE-AZRTOS-F7.1.1.0
2024-03-05 02:27:28,534 [WARN] PackLoader:240 - Cannot read IP mode file for STMicroelectronics.FP-SNS-MOTENV1.4.3.2
2024-03-05 02:27:28,546 [WARN] PackLoader:240 - Cannot read IP mode file for STMicroelectronics.FP-SNS-FLIGHT1.5.0.2
2024-03-05 02:27:28,561 [WARN] PackLoader:240 - Cannot read IP mode file for STMicroelectronics.X-CUBE-DISPLAY.3.0.0
2024-03-05 02:27:28,578 [WARN] PackLoader:240 - Cannot read IP mode file for STMicroelectronics.X-CUBE-BLE1.7.0.0
2024-03-05 02:27:28,590 [WARN] PackLoader:240 - Cannot read IP mode file for emotas.I-CUBE-CANOPEN.1.3.0
2024-03-05 02:27:28,599 [WARN] PackLoader:240 - Cannot read IP mode file for STMicroelectronics.FP-SNS-SMARTAG2.1.2.0
2024-03-05 02:27:28,616 [INFO] LogOutputStream:77 - [STDOUT_REDIRECT] 1 : Invalid condition id : UX_CORESTACK_Condition cause : null
2024-03-05 02:27:28,616 [INFO] LogOutputStream:77 - [STDOUT_REDIRECT] 1 : Invalid condition id : UX_CORESTACK_Condition cause : null
2024-03-05 02:27:28,617 [INFO] LogOutputStream:77 - [STDOUT_REDIRECT] 1 : Invalid condition id : UX_CORESTACK_Condition cause : null
2024-03-05 02:27:28,619 [INFO] LogOutputStream:77 - [STDOUT_REDIRECT] 1 : Invalid condition id : UX_CORESTACK_Condition cause : null
2024-03-05 02:27:28,620 [INFO] LogOutputStream:77 - [STDOUT_REDIRECT] 1 : Invalid condition id : UX_CORESTACK_Condition cause : null
2024-03-05 02:27:28,623 [WARN] PackLoader:240 - Cannot read IP mode file for STMicroelectronics.X-CUBE-AZRTOS-WL.2.0.0
2024-03-05 02:27:28,635 [WARN] PackLoader:240 - Cannot read IP mode file for STMicroelectronics.X-CUBE-BLE2.3.3.0
2024-03-05 02:27:28,646 [WARN] PackLoader:240 - Cannot read IP mode file for STMicroelectronics.X-CUBE-ALGOBUILD.1.3.0
2024-03-05 02:27:28,667 [WARN] PackLoader:240 - Cannot read IP mode file for STMicroelectronics.X-CUBE-AZRTOS-G0.1.1.0
2024-03-05 02:27:28,680 [WARN] PackLoader:240 - Cannot read IP mode file for STMicroelectronics.X-CUBE-NFC4.3.0.0
2024-03-05 02:27:28,692 [WARN] PackLoader:240 - Cannot read IP mode file for STMicroelectronics.X-CUBE-BLEMGR.3.0.0
2024-03-05 02:27:28,698 [WARN] PackLoader:240 - Cannot read IP mode file for STMicroelectronics.FP-ATR-SIGFOX1.3.2.0
2024-03-05 02:27:28,707 [WARN] PackLoader:240 - Cannot read IP mode file for STMicroelectronics.X-CUBE-EEPRMA1.5.1.0
2024-03-05 02:27:28,731 [WARN] PackLoader:240 - Cannot read IP mode file for SEGGER.I-CUBE-embOS.1.3.1
2024-03-05 02:27:28,763 [WARN] PackLoader:240 - Cannot read IP mode file for STMicroelectronics.X-CUBE-GNSS1.6.0.0
2024-03-05 02:27:28,782 [WARN] PackLoader:240 - Cannot read IP mode file for STMicroelectronics.X-CUBE-AZRTOS-F4.1.1.0
2024-03-05 02:27:28,803 [WARN] PackLoader:240 - Cannot read IP mode file for STMicroelectronics.X-CUBE-AZRTOS-L5.2.0.0
2024-03-05 02:27:28,814 [WARN] PackLoader:240 - Cannot read IP mode file for ITTIA_DB.I-CUBE-ITTIADB.8.8.0
2024-03-05 02:27:28,823 [WARN] PackLoader:240 - Cannot read IP mode file for STMicroelectronics.X-CUBE-NFC7.1.0.1
2024-03-05 02:27:28,835 [WARN] PackLoader:240 - Cannot read IP mode file for STMicroelectronics.X-CUBE-NFC6.3.0.0
2024-03-05 02:27:28,845 [WARN] PackLoader:240 - Cannot read IP mode file for STMicroelectronics.X-CUBE-AI.8.1.0
2024-03-05 02:27:28,864 [WARN] ConditionMgr:438 - getConditionDescription Invalid condition id : LAN8742 Phy interface Condition cause : null
2024-03-05 02:27:28,865 [WARN] PackLoader:240 - Cannot read IP mode file for STMicroelectronics.X-CUBE-AZRTOS-L4.2.0.0
2024-03-05 02:27:28,866 [WARN] ConditionMgr:1039 - genDependencies : Invalid condition id : LAN8742 Phy interface Condition cause : null
2024-03-05 02:27:28,866 [WARN] ConditionMgr:1039 - genDependencies : Invalid condition id : LAN8742 Phy interface Condition cause : null
2024-03-05 02:27:28,866 [WARN] ConditionMgr:1039 - genDependencies : Invalid condition id : LAN8742 Phy interface Condition cause : null
2024-03-05 02:27:28,877 [WARN] PackLoader:240 - Cannot read IP mode file for STMicroelectronics.X-CUBE-SFXS2LP1.4.0.0
2024-03-05 02:27:28,896 [WARN] ConditionMgr:438 - getConditionDescription Invalid condition id : UX DEVICE CLASS RTOS Condition cause : null
2024-03-05 02:27:28,896 [WARN] ConditionMgr:438 - getConditionDescription Invalid condition id : UX DEVICE CLASS RTOS Condition cause : null
2024-03-05 02:27:28,897 [WARN] PackLoader:240 - Cannot read IP mode file for STMicroelectronics.X-CUBE-AZRTOS-WB.2.0.0
2024-03-05 02:27:28,897 [WARN] ConditionMgr:1039 - genDependencies : Invalid condition id : UX DEVICE CLASS RTOS Condition cause : null
2024-03-05 02:27:28,897 [WARN] ConditionMgr:1039 - genDependencies : Invalid condition id : UX DEVICE CLASS RTOS Condition cause : null
2024-03-05 02:27:28,897 [WARN] ConditionMgr:1039 - genDependencies : Invalid condition id : UX DEVICE CLASS RTOS Condition cause : null
2024-03-05 02:27:28,898 [WARN] ConditionMgr:1039 - genDependencies : Invalid condition id : UX DEVICE CLASS RTOS Condition cause : null
2024-03-05 02:27:28,898 [WARN] ConditionMgr:1039 - genDependencies : Invalid condition id : UX DEVICE CLASS RTOS Condition cause : null
2024-03-05 02:27:28,911 [WARN] PackLoader:240 - Cannot read IP mode file for STMicroelectronics.X-CUBE-SUBG2.5.0.0
2024-03-05 02:27:28,932 [WARN] PackLoader:240 - Cannot read IP mode file for STMicroelectronics.X-CUBE-AZRTOS-G4.2.0.0
2024-03-05 02:27:28,938 [WARN] PackLoader:240 - Cannot read IP mode file for STMicroelectronics.FP-SNS-MOTENVWB1.1.3.1
2024-03-05 02:27:28,948 [WARN] PackLoader:240 - Cannot read IP mode file for STMicroelectronics.X-CUBE-ISPU.2.0.0
2024-03-05 02:27:28,978 [WARN] PackLoader:240 - Cannot read IP mode file for STMicroelectronics.X-CUBE-MEMS1.10.0.0
2024-03-05 02:27:29,058 [WARN] PackLoader:240 - Cannot read IP mode file for STMicroelectronics.X-CUBE-FREERTOS.1.1.0
2024-03-05 02:27:29,070 [WARN] PackLoader:240 - Cannot read IP mode file for portGmbH.I-Cube-SoM-uGOAL.1.1.0
2024-03-05 02:27:29,079 [WARN] PackLoader:240 - Cannot read IP mode file for STMicroelectronics.X-CUBE-ALS.1.0.1
2024-03-05 02:27:29,087 [WARN] PackLoader:240 - Cannot read IP mode file for STMicroelectronics.FP-ATR-ASTRA1.2.0.0
2024-03-05 02:27:29,101 [WARN] PackLoader:240 - Cannot read IP mode file for STMicroelectronics.X-CUBE-TOF1.3.4.0
2024-03-05 02:27:29,125 [WARN] PackLoader:240 - Cannot read IP mode file for STMicroelectronics.X-CUBE-AZRTOS-H7.3.2.0
2024-03-05 02:27:29,127 [INFO] ThirdParty:978 - Integrity check success = true
2024-03-05 02:27:29,127 [INFO] IntegrityCheckThread:100 - exiting critical section [integrity check]
2024-03-05 02:27:29,127 [INFO] IntegrityCheckThread:103 - End integrity checks thread
2024-03-05 02:27:48,153 [ERROR] LogOutputStream:75 - [STDERR_REDIRECT] SLF4J: Failed to load class "org.slf4j.impl.StaticLoggerBinder".
2024-03-05 02:27:48,153 [ERROR] LogOutputStream:75 - [STDERR_REDIRECT] SLF4J: Defaulting to no-operation (NOP) logger implementation
2024-03-05 02:27:48,154 [ERROR] LogOutputStream:75 - [STDERR_REDIRECT] SLF4J: See http://www.slf4j.org/codes.html#StaticLoggerBinder for further details.
2024-03-05 02:27:52,234 [INFO] McuFinderGlobals:63 - Set McuFinder mode to 2 (CubeIDE integrated)
2024-03-05 02:27:52,247 [INFO] MainUpdater:2873 - connection check result : 10
2024-03-05 02:27:52,248 [INFO] MainUpdater:2873 - connection check result : 10
2024-03-05 02:27:52,370 [INFO] MicroXplorer:468 - Change Database Path : 
2024-03-05 02:27:52,370 [INFO] MicroXplorer:498 - Change Database Version : DB.6.0.100
2024-03-05 02:27:52,373 [WARN] ThirdParty:871 - waiting for thirdparty lock release [close project]
2024-03-05 02:27:52,373 [INFO] ThirdParty:873 - entering critical section [close project]
2024-03-05 02:27:52,374 [INFO] ThirdParty:883 - exiting critical section [close project]
2024-03-05 02:27:52,375 [INFO] PinOutPanel:1499 - setPackage(No Configuration,No Configuration)
2024-03-05 02:27:52,377 [INFO] UtilMem:75 - Begin LoadConfig() Used Memory: 155101480 Bytes (311427072)
2024-03-05 02:27:52,377 [INFO] MicroXplorer:468 - Change Database Path : 
2024-03-05 02:27:52,378 [INFO] MicroXplorer:498 - Change Database Version : DB.6.0.100
2024-03-05 02:27:52,378 [INFO] OpenFileManager:312 - Change cursor
2024-03-05 02:27:52,397 [INFO] Mcu:2016 - Initializing MCU STM32F103C(4-6)Tx STM32F103C6Tx STM32F103C6T6A
2024-03-05 02:27:53,037 [INFO] Context:659 - Trying to add GPIOservice into a context  which must be forbidden
2024-03-05 02:27:53,240 [INFO] RtosManager:555 - Registered RTOS mode: class=CMSIS, group=RTOS, mode=CMSIS_V1, owner=FREERTOS
2024-03-05 02:27:53,240 [INFO] RtosManager:555 - Registered RTOS mode: class=CMSIS, group=RTOS2, mode=CMSIS_V2, owner=FREERTOS
2024-03-05 02:27:53,240 [INFO] RtosManager:555 - Registered RTOS mode: class=RTOS, group=Core, mode=CMSIS_V1, owner=FREERTOS
2024-03-05 02:27:53,241 [INFO] RtosManager:555 - Registered RTOS mode: class=RTOS, group=Core, mode=CMSIS_V2, owner=FREERTOS
2024-03-05 02:27:53,241 [WARN] ModelIntegratedComponent:184 - Missing modes for component STMicroelectronics:FreeRTOS:0.0.1:STMicroelectronics:RTOS:FreeRTOS:Core:::10.2.0:
2024-03-05 02:27:53,250 [WARN] ModelIntegratedComponent:63 - No mode defined for component null
2024-03-05 02:27:53,250 [WARN] ModelIntegratedComponent:63 - No mode defined for component null
2024-03-05 02:27:53,250 [WARN] ModelIntegratedComponent:63 - No mode defined for component null
2024-03-05 02:27:53,250 [WARN] ModelIntegratedComponent:63 - No mode defined for component null
2024-03-05 02:27:53,250 [WARN] ModelIntegratedComponent:63 - No mode defined for component null
2024-03-05 02:27:53,250 [WARN] ModelIntegratedComponent:63 - No mode defined for component null
2024-03-05 02:27:53,251 [WARN] ModelIntegratedComponent:63 - No mode defined for component null
2024-03-05 02:27:53,251 [WARN] ModelIntegratedComponent:63 - No mode defined for component null
2024-03-05 02:27:53,251 [WARN] ModelIntegratedComponent:63 - No mode defined for component null
2024-03-05 02:27:53,251 [WARN] ModelIntegratedComponent:63 - No mode defined for component null
2024-03-05 02:27:53,251 [WARN] ModelIntegratedComponent:63 - No mode defined for component null
2024-03-05 02:27:53,251 [WARN] ModelIntegratedComponent:63 - No mode defined for component null
2024-03-05 02:27:53,251 [WARN] ModelIntegratedComponent:63 - No mode defined for component null
2024-03-05 02:27:53,251 [WARN] ModelIntegratedComponent:63 - No mode defined for component null
2024-03-05 02:27:53,251 [WARN] ModelIntegratedComponent:63 - No mode defined for component null
2024-03-05 02:27:53,254 [WARN] ModelIntegratedComponent:63 - No mode defined for component null
2024-03-05 02:27:53,254 [WARN] ModelIntegratedComponent:63 - No mode defined for component null
2024-03-05 02:27:53,254 [WARN] ModelIntegratedComponent:63 - No mode defined for component null
2024-03-05 02:27:53,254 [WARN] ModelIntegratedComponent:63 - No mode defined for component null
2024-03-05 02:27:53,254 [WARN] ModelIntegratedComponent:63 - No mode defined for component null
2024-03-05 02:27:53,254 [WARN] ModelIntegratedComponent:63 - No mode defined for component null
2024-03-05 02:27:53,254 [WARN] ModelIntegratedComponent:63 - No mode defined for component null
2024-03-05 02:27:53,254 [WARN] ModelIntegratedComponent:63 - No mode defined for component null
2024-03-05 02:27:53,254 [WARN] ModelIntegratedComponent:63 - No mode defined for component null
2024-03-05 02:27:53,254 [WARN] ModelIntegratedComponent:63 - No mode defined for component null
2024-03-05 02:27:53,254 [WARN] ModelIntegratedComponent:63 - No mode defined for component null
2024-03-05 02:27:53,254 [WARN] ModelIntegratedComponent:63 - No mode defined for component null
2024-03-05 02:27:53,254 [WARN] ModelIntegratedComponent:63 - No mode defined for component null
2024-03-05 02:27:53,254 [WARN] ModelIntegratedComponent:63 - No mode defined for component null
2024-03-05 02:27:53,254 [WARN] ModelIntegratedComponent:63 - No mode defined for component null
2024-03-05 02:27:53,254 [WARN] ModelIntegratedComponent:63 - No mode defined for component null
2024-03-05 02:27:53,254 [WARN] ModelIntegratedComponent:63 - No mode defined for component null
2024-03-05 02:27:53,254 [WARN] ModelIntegratedComponent:63 - No mode defined for component null
2024-03-05 02:27:53,335 [INFO] ThirdPartyModel:298 - Start build external matchings
2024-03-05 02:27:53,457 [INFO] ThirdPartyModel:316 - End build external matchings
2024-03-05 02:27:53,584 [INFO] UtilMem:75 - End LoadConfig() Used Memory: 311523752 Bytes (355467264)
2024-03-05 02:27:53,719 [INFO] ApiDb:581 - Connected to CubeFinder SQLite database (C:\Users\king\.stmcufinder\plugins\mcufinder\mcu\cube-finder-db.db)
2024-03-05 02:27:53,799 [INFO] ApiDb:668 - CubeFinder database Data Model version=2.1
2024-03-05 02:27:53,799 [INFO] ApiDb:669 - CubeFinder database Configuration version=3.0.39
2024-03-05 02:27:53,799 [INFO] ApiDb:670 - CubeFinder database generation date=2023-12-08 (1702028721)
2024-03-05 02:27:53,799 [INFO] ApiDb:671 - CubeFinder database FW Pack versions=[FP-ATR-ASTRA1_V2.0.0, FP-SNS-FLIGHT1_V5.0.1, FP-SNS-FLIGHT1_V5.0.2, FP-SNS-MOTENV1_V4.3.1, FP-SNS-MOTENV1_V4.3.2, FP-SNS-MOTENVWB1_V1.3.1, FP-SNS-SMARTAG2_V1.2.0, STM32Cube_FW_C0_V1.1.0, STM32Cube_FW_F4_V1.28.0, STM32Cube_FW_F7_V1.17.0, STM32Cube_FW_G0_V1.6.1, STM32Cube_FW_G4_V1.5.1, STM32Cube_FW_H5_V0.5.1, STM32Cube_FW_H5_V1.1.1, STM32Cube_FW_H5_V1.2.0RC2, STM32Cube_FW_H7_V1.11.0, STM32Cube_FW_L0_V1.12.2, STM32Cube_FW_L5_V1.5.0, STM32Cube_FW_U5_V1.3.0RC4, STM32Cube_FW_U5_V1.4.0, STM32Cube_FW_WBA_V1.0.0RC1, STM32Cube_FW_WBA_V1.1.0RC1, STM32Cube_FW_WBA_V1.2.0, STM32Cube_FW_WBA_V1.2.0RC2, STM32Cube_FW_WB_V1.15.0RC1, STM32Cube_FW_WB_V1.16.0, STM32Cube_FW_WB_V1.16.0RC2, STM32Cube_FW_WB_V1.18.0, STM32Cube_FW_WL_V1.3.0, X-CUBE-ALGOBUILD_V1.3.0, X-CUBE-ALS_V1.0.1, X-CUBE-AZRTOS-F4_V1.1.0, X-CUBE-AZRTOS-F7_V1.1.0, X-CUBE-AZRTOS-G0_V1.1.0, X-CUBE-AZRTOS-G4_V2.0.0, X-CUBE-AZRTOS-H7_V3.1.0, X-CUBE-AZRTOS-L4_V1.0.0, X-CUBE-AZRTOS-L4_V2.0.0, X-CUBE-AZRTOS-L5_V1.1.0, X-CUBE-AZRTOS-WB_V2.0.0, X-CUBE-AZRTOS-WL_V2.0.0, X-CUBE-BLE1_V7.0.0, X-CUBE-BLE2_V3.3.0, X-CUBE-BLEMGR_V3.0.0, X-CUBE-EEPRMA1_V4.1.0, X-CUBE-EEPRMA1_V4.2.0, X-CUBE-FREERTOS_V1.1.0, X-CUBE-GNSS1_V6.0.0, X-CUBE-MEMS1_V10.0.0, X-CUBE-MEMS1_V9.1.0, X-CUBE-MEMS1_V9.4.0, X-CUBE-MEMS1_V9.6.0, X-CUBE-NFC4_V3.0.0, X-CUBE-NFC7_V1.0.1, X-CUBE-SFXS2LP1_V4.0.0, X-CUBE-SUBG2_V5.0.0, X-CUBE-TOF1_V3.4.0]
2024-03-05 02:27:55,695 [INFO] ApiDb:240 - Found 371 in-development CPN: [B-G473E-ZEST1S, B-WB1M-WPAN1, B-WL5M-SUBG1, NUCLEO-C031C6, NUCLEO-H503RB, NUCLEO-H563ZI, NUCLEO-U545RE-Q, NUCLEO-U5A5ZJ-Q, NUCLEO-WBA52CG, NUCLEO-WBA55CG, STEVAL-MKBOXPRO, STEVAL-PROTEUS1, STEVAL-STWINBX1, STM320518-EVAL, STM32C0116-DK, STM32C011D6Y3TR, STM32C011D6Y6TR, STM32C011F4P3, STM32C011F4P6, STM32C011F4U3, STM32C011F4U6TR, STM32C011F6P3, STM32C011F6P6, STM32C011F6U3, STM32C011F6U6TR, STM32C011J4M3, STM32C011J4M6, STM32C011J6M3, STM32C011J6M6, STM32C0316-DK, STM32C031C4T3, STM32C031C4T6, STM32C031C4U3, STM32C031C4U6, STM32C031C6T3, STM32C031C6T6, STM32C031C6U3, STM32C031C6U6, STM32C031F4P3, STM32C031F4P6, STM32C031F6P3, STM32C031F6P6, STM32C031G4U3, STM32C031G4U6, STM32C031G6U3, STM32C031G6U6, STM32C031K4T3, STM32C031K4T6, STM32C031K4U3, STM32C031K4U6, STM32C031K6T3, STM32C031K6T6, STM32C031K6U3, STM32C031K6U6, STM32G071K8TXN, STM32G071K8UXN, STM32G081GBU6N, STM32G081KBT6N, STM32G081KBUXN, STM32G0B1CCT6N, STM32G0B1KCT6, STM32G0B1NEY6TR, STM32G0B1RCT6N, STM32G0C1CCT6, STM32G0C1CCT6N, STM32G0C1CCU6N, STM32G0C1CET6N, STM32G0C1CEU6N, STM32G0C1KCT6, STM32G0C1NEY6TR, STM32G0C1RCI6N, STM32G0C1RCT6N, STM32G0C1REI6N, STM32G0C1RET6N, STM32G0C1VCI6, STM32G0C1VEI6, STM32G471CCT6, STM32G471CCU6, STM32G471CET3, STM32G471CET6, STM32G471CEU3, STM32G471CEU6, STM32G471MCT6, STM32G471MET3, STM32G471MET6, STM32G471MEY6TR, STM32G471QCT6, STM32G471QET3, STM32G471RCT6, STM32G471RET3, STM32G471RET6, STM32G471VCH6, STM32G471VCI6, STM32G471VCT6, STM32G471VEH3, STM32G471VEH6, STM32G471VEI3, STM32G471VEI6, STM32G471VET3, STM32G471VET6, STM32G474CCT6, STM32H503CBT6, STM32H503CBU6, STM32H503EBY6TR, STM32H503KBU6, STM32H503RBT6, STM32H562AGI6, STM32H562AII6, STM32H562IGK6, STM32H562IGT6, STM32H562IIK6, STM32H562IIT6, STM32H562RGT6, STM32H562RGV6, STM32H562RIT6, STM32H562RIV6, STM32H562VGT6, STM32H562VIT6, STM32H562ZGT6, STM32H562ZIT6, STM32H563AGI6, STM32H563AII3Q, STM32H563AII6, STM32H563IGK6, STM32H563IGT6, STM32H563IIK3Q, STM32H563IIK6, STM32H563IIT3Q, STM32H563IIT6, STM32H563MIY3QTR, STM32H563RGT6, STM32H563RGV6, STM32H563RIT6, STM32H563RIV6, STM32H563VGT6, STM32H563VIT3Q, STM32H563VIT6, STM32H563ZGT6, STM32H563ZIT3Q, STM32H563ZIT6, STM32H573AII3Q, STM32H573AII6, STM32H573I-DK, STM32H573IIK3Q, STM32H573IIK6, STM32H573IIT3Q, STM32H573IIT6, STM32H573MIY3QTR, STM32H573RIT6, STM32H573RIV6, STM32H573VIT3Q, STM32H573VIT6, STM32H573ZIT3Q, STM32H573ZIT6, STM32L4R5QGI6STR, STM32MP131AAE3, STM32MP131AAF3, STM32MP131AAG3, STM32MP131CAE3, STM32MP131CAF3, STM32MP131CAG3, STM32MP131DAE7, STM32MP131DAF7, STM32MP131DAG7, STM32MP131FAE7, STM32MP131FAF7, STM32MP131FAG7, STM32MP133AAE3, STM32MP133AAF3, STM32MP133AAG3, STM32MP133CAE3, STM32MP133CAF3, STM32MP133CAG3, STM32MP133DAE7, STM32MP133DAF7, STM32MP133DAG7, STM32MP133FAE7, STM32MP133FAF7, STM32MP133FAG7, STM32MP135AAE3, STM32MP135AAF3, STM32MP135AAG3, STM32MP135CAE3, STM32MP135CAF3, STM32MP135CAG3, STM32MP135DAE7, STM32MP135DAF7, STM32MP135DAG7, STM32MP135F-DK, STM32MP135FAE7, STM32MP135FAF7, STM32MP135FAF7T, STM32MP135FAF7U, STM32MP135FAG7, STM32U535CBT6, STM32U535CBT6Q, STM32U535CBU6, STM32U535CBU6Q, STM32U535CCT6, STM32U535CCT6Q, STM32U535CCU6, STM32U535CCU6Q, STM32U535CET6, STM32U535CET6Q, STM32U535CEU6, STM32U535CEU6Q, STM32U535JEY6QTR, STM32U535NCY6QTR, STM32U535NEY6QTR, STM32U535RBI6, STM32U535RBI6Q, STM32U535RBT6, STM32U535RBT6Q, STM32U535RCI6, STM32U535RCI6Q, STM32U535RCT6, STM32U535RCT6Q, STM32U535REI6, STM32U535REI6Q, STM32U535RET6, STM32U535RET6Q, STM32U535VCI6, STM32U535VCI6Q, STM32U535VCT6, STM32U535VCT6Q, STM32U535VEI6, STM32U535VEI6Q, STM32U535VET6, STM32U535VET6Q, STM32U545CET6, STM32U545CET6Q, STM32U545CEU6, STM32U545CEU6Q, STM32U545JEY6QTR, STM32U545NEY6QTR, STM32U545REI6, STM32U545REI6Q, STM32U545RET6, STM32U545RET6Q, STM32U545VEI6, STM32U545VEI6Q, STM32U545VET6, STM32U545VET6Q, STM32U595AIH6, STM32U595AIH6Q, STM32U595AJH6, STM32U595AJH6Q, STM32U595QII6, STM32U595QII6Q, STM32U595QJI6, STM32U595QJI6Q, STM32U595RIT6, STM32U595RIT6Q, STM32U595RJT6, STM32U595RJT6Q, STM32U595VIT6, STM32U595VIT6Q, STM32U595VJT6, STM32U595VJT6Q, STM32U595ZIT6, STM32U595ZIT6Q, STM32U595ZIY6QTR, STM32U595ZJT6, STM32U595ZJT6Q, STM32U595ZJY6QTR, STM32U599BJY6QTR, STM32U599NIH6Q, STM32U599NJH6Q, STM32U599VIT6Q, STM32U599VJT6, STM32U599VJT6Q, STM32U599ZIT6Q, STM32U599ZIY6QTR, STM32U599ZJT6Q, STM32U599ZJY6QTR, STM32U5A5AJH6, STM32U5A5AJH6Q, STM32U5A5QJI6, STM32U5A5QJI6Q, STM32U5A5RJT6, STM32U5A5RJT6Q, STM32U5A5VJT6, STM32U5A5VJT6Q, STM32U5A5ZJT6, STM32U5A5ZJT6Q, STM32U5A5ZJY6QTR, STM32U5A9BJY6QTR, STM32U5A9J-DK, STM32U5A9NJH6Q, STM32U5A9VJT6Q, STM32U5A9ZJT6Q, STM32U5A9ZJY6QTR, STM32U5F7VIT6, STM32U5F7VIT6Q, STM32U5F7VJT6, STM32U5F7VJT6Q, STM32U5F9BJY6QTR, STM32U5F9NJH6Q, STM32U5F9VIT6Q, STM32U5F9VJT6Q, STM32U5F9ZIJ6QTR, STM32U5F9ZIT6Q, STM32U5F9ZJJ6QTR, STM32U5F9ZJT6Q, STM32U5G7VJT6, STM32U5G7VJT6Q, STM32U5G9BJY6QTR, STM32U5G9J-DK1, STM32U5G9J-DK2, STM32U5G9NJH6Q, STM32U5G9VJT6Q, STM32U5G9ZJJ6QTR, STM32U5G9ZJT6Q, STM32WB1MMCH6, STM32WBA50KEU6, STM32WBA50KEU6TR, STM32WBA50KGU6, STM32WBA50KGU6TR, STM32WBA52CEU6, STM32WBA52CEU6TR, STM32WBA52CEU7, STM32WBA52CEU7TR, STM32WBA52CGU6, STM32WBA52CGU6TR, STM32WBA52CGU6U, STM32WBA52CGU7, STM32WBA52CGU7TR, STM32WBA52KEU6, STM32WBA52KEU6TR, STM32WBA52KGU6, STM32WBA52KGU6TR, STM32WBA54CEU6, STM32WBA54CEU6TR, STM32WBA54CEU7, STM32WBA54CEU7TR, STM32WBA54CGU6, STM32WBA54CGU6TR, STM32WBA54CGU7, STM32WBA54CGU7TR, STM32WBA54KEU6, STM32WBA54KEU6TR, STM32WBA54KEU7, STM32WBA54KEU7TR, STM32WBA54KGU6, STM32WBA54KGU6TR, STM32WBA54KGU7, STM32WBA54KGU7TR, STM32WBA55CEU6, STM32WBA55CEU6TR, STM32WBA55CEU7, STM32WBA55CEU7TR, STM32WBA55CGU6, STM32WBA55CGU6TR, STM32WBA55CGU6U, STM32WBA55CGU7, STM32WBA55CGU7TR, STM32WBA55G-DK1, STM32WBA55HEF6, STM32WBA55HEF7, STM32WBA55HGF6, STM32WBA55HGF7, STM32WBA55UEI6, STM32WBA55UEI6TR, STM32WBA55UEI7, STM32WBA55UEI7TR, STM32WBA55UGI6, STM32WBA55UGI6TR, STM32WBA55UGI7, STM32WBA55UGI7TR, STM32WL5MOCH6, STM32WL5MOCH6TR]
2024-03-05 02:27:55,698 [INFO] DbMcus:218 - Found 3930 MCUs, 3930 are supported
2024-03-05 02:27:55,702 [INFO] ApiDb:423 - Load user favorites file C:\Users\king/.stm32cubeide/favorites.mcus.txt: 2 item(s)
2024-03-05 02:27:55,702 [INFO] ApiDb:427 - User favorites MCUs=[STM32F103C6T6A, STM32F103C8T6]
2024-03-05 02:27:55,702 [INFO] DbMcus:224 - Set 2 / 2 favorites MCUs
2024-03-05 02:27:55,926 [INFO] MicroXplorer:468 - Change Database Path : 
2024-03-05 02:27:55,926 [INFO] MicroXplorer:498 - Change Database Version : DB.6.0.100
2024-03-05 02:27:55,926 [WARN] ThirdParty:833 - waiting for thirdparty lock release [change project]
2024-03-05 02:27:55,926 [INFO] ThirdParty:835 - entering critical section [change project]
2024-03-05 02:27:55,927 [INFO] ThirdParty:1030 - CMSIS Pack Vendor :STMicroelectronics USBPD 4.1
2024-03-05 02:27:55,927 [INFO] ThirdParty:1030 - CMSIS Pack Vendor :STMicroelectronics X-CUBE-GNSS1 6.0.0
2024-03-05 02:27:55,927 [INFO] ThirdParty:1030 - CMSIS Pack Vendor :STMicroelectronics USB_HOST 2.0.0
2024-03-05 02:27:55,927 [INFO] ThirdParty:1030 - CMSIS Pack Vendor :STMicroelectronics X-CUBE-AZRTOS-F4 1.1.0
2024-03-05 02:27:55,927 [INFO] ThirdParty:1030 - CMSIS Pack Vendor :STMicroelectronics LIBJPEG 8.0.0
2024-03-05 02:27:55,927 [INFO] ThirdParty:1030 - CMSIS Pack Vendor :STMicroelectronics X-CUBE-SMBUS 2.1.0
2024-03-05 02:27:55,927 [INFO] ThirdParty:1030 - CMSIS Pack Vendor :STMicroelectronics USB_DEVICE 3.0.0
2024-03-05 02:27:55,927 [INFO] ThirdParty:1030 - CMSIS Pack Vendor :STMicroelectronics X-CUBE-AZRTOS-WB 2.0.0
2024-03-05 02:27:55,927 [INFO] ThirdParty:1030 - CMSIS Pack Vendor :STMicroelectronics X-CUBE-TOUCHGFX 4.23.0
2024-03-05 02:27:55,927 [INFO] ThirdParty:1030 - CMSIS Pack Vendor :STMicroelectronics X-CUBE-AZRTOS-F7 1.1.0
2024-03-05 02:27:55,927 [INFO] ThirdParty:1030 - CMSIS Pack Vendor :STMicroelectronics X-CUBE-AZRTOS-L5 2.0.0
2024-03-05 02:27:55,927 [INFO] ThirdParty:1030 - CMSIS Pack Vendor :STMicroelectronics USB_DEVICE 2.0.0
2024-03-05 02:27:55,927 [INFO] ThirdParty:1030 - CMSIS Pack Vendor :ITTIA_DB I-CUBE-ITTIADB 8.8.0
2024-03-05 02:27:55,927 [INFO] ThirdParty:1030 - CMSIS Pack Vendor :STMicroelectronics FP-SNS-MOTENV1 4.3.2
2024-03-05 02:27:55,927 [INFO] ThirdParty:1030 - CMSIS Pack Vendor :STMicroelectronics X-CUBE-ALGOBUILD 1.3.0
2024-03-05 02:27:55,927 [INFO] ThirdParty:1030 - CMSIS Pack Vendor :STMicroelectronics FreeRTOS 0.0.1
2024-03-05 02:27:55,927 [INFO] ThirdParty:1030 - CMSIS Pack Vendor :STMicroelectronics X-CUBE-AZRTOS-G0 1.1.0
2024-03-05 02:27:55,927 [INFO] ThirdParty:1030 - CMSIS Pack Vendor :STMicroelectronics X-CUBE-NFC4 3.0.0
2024-03-05 02:27:55,927 [INFO] ThirdParty:1030 - CMSIS Pack Vendor :STMicroelectronics X-CUBE-SUBG2 5.0.0
2024-03-05 02:27:55,927 [INFO] ThirdParty:1030 - CMSIS Pack Vendor :STMicroelectronics STM32_WPAN 1.0.0
2024-03-05 02:27:55,927 [INFO] ThirdParty:1030 - CMSIS Pack Vendor :STMicroelectronics lwIP 2.0.3
2024-03-05 02:27:55,927 [INFO] ThirdParty:1030 - CMSIS Pack Vendor :STMicroelectronics FP-SNS-FLIGHT1 5.0.2
2024-03-05 02:27:55,927 [INFO] ThirdParty:1030 - CMSIS Pack Vendor :STMicroelectronics USB_HOST 1.0.0
2024-03-05 02:27:55,927 [INFO] ThirdParty:1030 - CMSIS Pack Vendor :STMicroelectronics X-CUBE-AZRTOS-G4 2.0.0
2024-03-05 02:27:55,927 [INFO] ThirdParty:1030 - CMSIS Pack Vendor :STMicroelectronics PDM2PCM 3.1.0
2024-03-05 02:27:55,927 [INFO] ThirdParty:1030 - CMSIS Pack Vendor :STMicroelectronics X-CUBE-BLEMGR 3.0.0
2024-03-05 02:27:55,927 [INFO] ThirdParty:1030 - CMSIS Pack Vendor :STMicroelectronics PDM2PCM 3.3.0
2024-03-05 02:27:55,927 [INFO] ThirdParty:1030 - CMSIS Pack Vendor :STMicroelectronics X-CUBE-DISPLAY 3.0.0
2024-03-05 02:27:55,927 [INFO] ThirdParty:1030 - CMSIS Pack Vendor :STMicroelectronics FP-SNS-MOTENVWB1 1.3.1
2024-03-05 02:27:55,927 [INFO] ThirdParty:1030 - CMSIS Pack Vendor :STMicroelectronics X-CUBE-BLE1 7.0.0
2024-03-05 02:27:55,927 [INFO] ThirdParty:1030 - CMSIS Pack Vendor :STMicroelectronics FP-ATR-SIGFOX1 3.2.0
2024-03-05 02:27:55,927 [INFO] ThirdParty:1030 - CMSIS Pack Vendor :STMicroelectronics X-CUBE-ISPU 2.0.0
2024-03-05 02:27:55,927 [INFO] ThirdParty:1030 - CMSIS Pack Vendor :STMicroelectronics X-CUBE-EEPRMA1 5.1.0
2024-03-05 02:27:55,928 [INFO] ThirdParty:1030 - CMSIS Pack Vendor :STMicroelectronics HAL Drivers 0.0.0
2024-03-05 02:27:55,928 [INFO] ThirdParty:1030 - CMSIS Pack Vendor :STMicroelectronics MBEDTLS 2.16.2
2024-03-05 02:27:55,928 [INFO] ThirdParty:1030 - CMSIS Pack Vendor :emotas I-CUBE-CANOPEN 1.3.0
2024-03-05 02:27:55,928 [INFO] ThirdParty:1030 - CMSIS Pack Vendor :STMicroelectronics X-CUBE-MEMS1 10.0.0
2024-03-05 02:27:55,928 [INFO] ThirdParty:1030 - CMSIS Pack Vendor :STMicroelectronics X-CUBE-FREERTOS 1.1.0
2024-03-05 02:27:55,928 [INFO] ThirdParty:1030 - CMSIS Pack Vendor :STMicroelectronics X-CUBE-NFC7 1.0.1
2024-03-05 02:27:55,928 [INFO] ThirdParty:1030 - CMSIS Pack Vendor :STMicroelectronics MBEDTLS 2.14.1
2024-03-05 02:27:55,928 [INFO] ThirdParty:1030 - CMSIS Pack Vendor :STMicroelectronics X-CUBE-NFC6 3.0.0
2024-03-05 02:27:55,928 [INFO] ThirdParty:1030 - CMSIS Pack Vendor :portGmbH I-Cube-SoM-uGOAL 1.1.0
2024-03-05 02:27:55,928 [INFO] ThirdParty:1030 - CMSIS Pack Vendor :STMicroelectronics X-CUBE-ALS 1.0.1
2024-03-05 02:27:55,928 [INFO] ThirdParty:1030 - CMSIS Pack Vendor :STMicroelectronics ThreadX 1.0.0
2024-03-05 02:27:55,928 [INFO] ThirdParty:1030 - CMSIS Pack Vendor :STMicroelectronics FP-SNS-SMARTAG2 1.2.0
2024-03-05 02:27:55,928 [INFO] ThirdParty:1030 - CMSIS Pack Vendor :STMicroelectronics X-CUBE-AZRTOS-WL 2.0.0
2024-03-05 02:27:55,928 [INFO] ThirdParty:1030 - CMSIS Pack Vendor :SEGGER I-CUBE-embOS 1.3.1
2024-03-05 02:27:55,928 [INFO] ThirdParty:1030 - CMSIS Pack Vendor :STMicroelectronics USB_DEVICE 1.0.0
2024-03-05 02:27:55,928 [INFO] ThirdParty:1030 - CMSIS Pack Vendor :STMicroelectronics X-CUBE-AI 8.1.0
2024-03-05 02:27:55,928 [INFO] ThirdParty:1030 - CMSIS Pack Vendor :STMicroelectronics X-CUBE-AZRTOS-L4 2.0.0
2024-03-05 02:27:55,928 [INFO] ThirdParty:1030 - CMSIS Pack Vendor :STMicroelectronics ThreadX 0.0.2
2024-03-05 02:27:55,928 [INFO] ThirdParty:1030 - CMSIS Pack Vendor :STMicroelectronics FP-ATR-ASTRA1 2.0.0
2024-03-05 02:27:55,928 [INFO] ThirdParty:1030 - CMSIS Pack Vendor :STMicroelectronics lwIP 2.1.2
2024-03-05 02:27:55,928 [INFO] ThirdParty:1030 - CMSIS Pack Vendor :STMicroelectronics X-CUBE-SFXS2LP1 4.0.0
2024-03-05 02:27:55,928 [INFO] ThirdParty:1030 - CMSIS Pack Vendor :STMicroelectronics X-CUBE-BLE2 3.3.0
2024-03-05 02:27:55,928 [INFO] ThirdParty:1030 - CMSIS Pack Vendor :STMicroelectronics X-CUBE-TOF1 3.4.0
2024-03-05 02:27:55,928 [INFO] ThirdParty:1030 - CMSIS Pack Vendor :STMicroelectronics X-CUBE-AZRTOS-H7 3.2.0
2024-03-05 02:27:55,928 [INFO] ThirdParty:1030 - CMSIS Pack Vendor :STMicroelectronics PDM2PCM 3.2.0
2024-03-05 02:27:55,928 [INFO] ThirdParty:841 - exiting critical section [change project]
2024-03-05 02:27:56,099 [INFO] PinOutPanel:1499 - setPackage(No Configuration,No Configuration)
2024-03-05 02:27:56,100 [INFO] PinOutPanel:1499 - setPackage(STM32F103C6Tx,LQFP48)
2024-03-05 02:27:56,390 [INFO] UtilMem:75 - Before build in PCC Used Memory: 210879280 Bytes (400556032)
2024-03-05 02:27:56,988 [INFO] UtilMem:75 - After build in PCC Used Memory: 291895752 Bytes (400556032)
2024-03-05 02:27:57,003 [INFO] IPUIPlugin:80 - create IPUIPlugin
2024-03-05 02:27:57,003 [INFO] IPUIPlugin:80 - create IPUIPlugin
2024-03-05 02:27:57,003 [INFO] IPUIPlugin:80 - create IPUIPlugin
2024-03-05 02:27:57,003 [INFO] IPUIPlugin:80 - create IPUIPlugin
2024-03-05 02:27:57,003 [INFO] IPUIPlugin:80 - create IPUIPlugin
2024-03-05 02:27:57,003 [INFO] IPUIPlugin:80 - create IPUIPlugin
2024-03-05 02:27:57,003 [INFO] IPUIPlugin:80 - create IPUIPlugin
2024-03-05 02:27:57,003 [INFO] IPUIPlugin:80 - create IPUIPlugin
2024-03-05 02:27:57,004 [INFO] IPUIPlugin:80 - create IPUIPlugin
2024-03-05 02:27:57,004 [INFO] IPUIPlugin:80 - create IPUIPlugin
2024-03-05 02:27:57,004 [INFO] IPUIPlugin:80 - create IPUIPlugin
2024-03-05 02:27:57,004 [INFO] IPUIPlugin:80 - create IPUIPlugin
2024-03-05 02:27:57,004 [INFO] IPUIPlugin:80 - create IPUIPlugin
2024-03-05 02:27:57,004 [INFO] IPUIPlugin:80 - create IPUIPlugin
2024-03-05 02:27:57,004 [INFO] IPUIPlugin:80 - create IPUIPlugin
2024-03-05 02:27:57,004 [INFO] IPUIPlugin:80 - create IPUIPlugin
2024-03-05 02:27:57,004 [INFO] IPUIPlugin:80 - create IPUIPlugin
2024-03-05 02:27:57,005 [INFO] IPUIPlugin:80 - create IPUIPlugin
2024-03-05 02:27:57,005 [INFO] IPUIPlugin:80 - create IPUIPlugin
2024-03-05 02:27:57,005 [INFO] IPUIPlugin:80 - create IPUIPlugin
2024-03-05 02:27:57,005 [INFO] IPUIPlugin:80 - create IPUIPlugin
2024-03-05 02:27:57,005 [INFO] IPUIPlugin:80 - create IPUIPlugin
2024-03-05 02:27:57,005 [INFO] IPUIPlugin:80 - create IPUIPlugin
2024-03-05 02:27:57,117 [INFO] CADModel:165 - CPN selected for project levelSTM32F103C6T6A
2024-03-05 02:27:57,118 [INFO] CADModel:114 - Register for checkConnection events
2024-03-05 02:27:57,154 [INFO] OpenFileManager:343 - Restore cursor
2024-03-05 02:32:13,820 [ERROR] LogOutputStream:75 - [STDERR_REDIRECT] 
