2024-06-03 01:06:03,110 [INFO] Activator:176 - 


2024-06-03 01:06:03,116 [INFO] Activator:177 - !SESSION log4j initialized
2024-06-03 01:06:05,422 [INFO] LogOutputStream:77 - [STDOUT_REDIRECT] Error:  Could not parse XML contribution for "com.st.stm32cube.ide.mcu.linkerdb/". Any contributed extensions and extension points will be ignored.
2024-06-03 01:06:05,439 [INFO] LogOutputStream:77 - [STDOUT_REDIRECT] Error:  Could not parse XML contribution for "com.st.stm32cube.ide.mcu.productdb/". Any contributed extensions and extension points will be ignored.
2024-06-03 01:06:05,447 [INFO] LogOutputStream:77 - [STDOUT_REDIRECT] Error:  Could not parse XML contribution for "com.st.stm32cube.ide.mcu.productdb.debug/". Any contributed extensions and extension points will be ignored.
2024-06-03 01:06:05,472 [INFO] LogOutputStream:77 - [STDOUT_REDIRECT] Error:  Could not parse XML contribution for "com.st.stm32cube.ide.mcu.resources.common/". Any contributed extensions and extension points will be ignored.
2024-06-03 01:06:05,480 [INFO] LogOutputStream:77 - [STDOUT_REDIRECT] Error:  Could not parse XML contribution for "com.st.stm32cube.ide.mcu.resources.extended/". Any contributed extensions and extension points will be ignored.
2024-06-03 01:06:05,517 [INFO] LogOutputStream:77 - [STDOUT_REDIRECT] Error:  Could not parse XML contribution for "com.st.stm32cube.ide.mcu.ide/". Any contributed extensions and extension points will be ignored.
2024-06-03 01:06:05,532 [INFO] LogOutputStream:77 - [STDOUT_REDIRECT] Error:  Could not parse XML contribution for "com.st.stm32cube.ide.mcu.linker/". Any contributed extensions and extension points will be ignored.
2024-06-03 01:06:05,544 [INFO] LogOutputStream:77 - [STDOUT_REDIRECT] Error:  Could not parse XML contribution for "com.st.stm32cube.ide.mcu.externaltools.openocd.win32/". Any contributed extensions and extension points will be ignored.
2024-06-03 01:06:05,556 [INFO] LogOutputStream:77 - [STDOUT_REDIRECT] Error:  Could not parse XML contribution for "com.st.stm32cube.ide.mcu.externaltools.gnu-tools-for-stm32.12.3.rel1.win32/". Any contributed extensions and extension points will be ignored.
2024-06-03 01:06:05,559 [INFO] LogOutputStream:77 - [STDOUT_REDIRECT] Error:  Could not parse XML contribution for "com.st.stm32cube.ide.common.services/". Any contributed extensions and extension points will be ignored.
2024-06-03 01:06:05,562 [INFO] LogOutputStream:77 - [STDOUT_REDIRECT] Error:  Could not parse XML contribution for "com.st.stm32cube.ide.mcu.externaltools.rtosproxy.win32/". Any contributed extensions and extension points will be ignored.
2024-06-03 01:06:05,570 [INFO] LogOutputStream:77 - [STDOUT_REDIRECT] Error:  Could not parse XML contribution for "com.st.stm32cube.ide.common.services.mx/". Any contributed extensions and extension points will be ignored.
2024-06-03 01:06:05,576 [INFO] LogOutputStream:77 - [STDOUT_REDIRECT] Error:  Could not parse XML contribution for "com.st.stm32cube.ide.mcu.externaltools.stlink-gdb-server.win32/". Any contributed extensions and extension points will be ignored.
2024-06-03 01:06:05,579 [INFO] LogOutputStream:77 - [STDOUT_REDIRECT] Error:  Could not parse XML contribution for "com.st.stm32cube.ide.mpu.productdb.debug/". Any contributed extensions and extension points will be ignored.
2024-06-03 01:06:05,583 [INFO] LogOutputStream:77 - [STDOUT_REDIRECT] Error:  Could not parse XML contribution for "com.st.stm32cube.ide.mcu.externaltools.cubeprogrammer.win32/". Any contributed extensions and extension points will be ignored.
2024-06-03 01:06:05,586 [INFO] LogOutputStream:77 - [STDOUT_REDIRECT] Error:  Could not parse XML contribution for "com.st.stm32cube.ide.mcu.externaltools.make.win32/". Any contributed extensions and extension points will be ignored.
2024-06-03 01:06:05,589 [INFO] LogOutputStream:77 - [STDOUT_REDIRECT] Error:  Could not parse XML contribution for "com.st.stm32cube.ide.documentation/". Any contributed extensions and extension points will be ignored.
2024-06-03 01:06:05,590 [INFO] LogOutputStream:77 - [STDOUT_REDIRECT] Error:  Could not parse XML contribution for "com.st.stm32cube.ide.mpu.debug.openocd/". Any contributed extensions and extension points will be ignored.
2024-06-03 01:06:05,593 [INFO] LogOutputStream:77 - [STDOUT_REDIRECT] Error:  Could not parse XML contribution for "com.st.stm32cube.ide.mpu.resources.common/". Any contributed extensions and extension points will be ignored.
2024-06-03 01:06:05,595 [INFO] LogOutputStream:77 - [STDOUT_REDIRECT] Error:  Could not parse XML contribution for "com.st.stm32cube.ide.mpu.linker/". Any contributed extensions and extension points will be ignored.
2024-06-03 01:06:05,597 [INFO] LogOutputStream:77 - [STDOUT_REDIRECT] Error:  Could not parse XML contribution for "com.st.stm32cube.ide.mpu.resources.extended/". Any contributed extensions and extension points will be ignored.
2024-06-03 01:06:05,598 [INFO] LogOutputStream:77 - [STDOUT_REDIRECT] Error:  Could not parse XML contribution for "com.st.stm32cube.ide.mpu.linkerdb/". Any contributed extensions and extension points will be ignored.
2024-06-03 01:06:05,601 [INFO] LogOutputStream:77 - [STDOUT_REDIRECT] Error:  Could not parse XML contribution for "com.st.stm32cube.ide.mpu.startup/". Any contributed extensions and extension points will be ignored.
2024-06-03 01:06:06,603 [INFO] LogOutputStream:77 - [STDOUT_REDIRECT] 
2024-06-03 01:06:08,251 [INFO] ApplicationProperties:184 - Using Application install path: I:\software\STM32CubeIDE_1.15.1\STM32CubeIDE\plugins\com.st.stm32cube.common.mx_6.11.1.202404110753
2024-06-03 01:06:08,265 [INFO] DbMcusXml:78 - Set database path to: I:\software\STM32CubeIDE_1.15.1\STM32CubeIDE\plugins\com.st.stm32cube.common.mx_6.11.1.202404110753\\db\/mcu/
2024-06-03 01:06:08,265 [INFO] ApiDb:274 - Set plugin database path to: I:\software\STM32CubeIDE_1.15.1\STM32CubeIDE\plugins\com.st.stm32cube.common.mx_6.11.1.202404110753\\db\/plugins/boardmanager/
2024-06-03 01:06:08,265 [WARN] ApiDb:259 - Overriding images path with different value:  => I:\software\STM32CubeIDE_1.15.1\STM32CubeIDE\plugins\com.st.stm32cube.common.mx_6.11.1.202404110753\\db\/plugins/mcufinder/images/
2024-06-03 01:06:08,272 [INFO] ApiDb:250 - Set database path to: C:\Users\king\.stmcufinder\plugins\mcufinder//mcu/
2024-06-03 01:06:08,273 [INFO] DbMcusAds:125 - Set database path to: C:\Users\king\.stmcufinder\plugins\mcufinder//mcu/
2024-06-03 01:06:08,275 [INFO] CrossReferenceDbSqlite:203 - Set database path to: C:\Users\king\.stmcufinder\plugins\mcufinder//mcu/cs/
2024-06-03 01:06:08,354 [INFO] RulesReader:64 - Compatibility file has been processed (297 Rules)
2024-06-03 01:06:08,461 [INFO] DbMcusXml:78 - Set database path to: I:\software\STM32CubeIDE_1.15.1\STM32CubeIDE\plugins\com.st.stm32cube.common.mx_6.11.1.202404110753\\db\/mcu/
2024-06-03 01:06:08,461 [INFO] ApiDb:274 - Set plugin database path to: I:\software\STM32CubeIDE_1.15.1\STM32CubeIDE\plugins\com.st.stm32cube.common.mx_6.11.1.202404110753\\db\/plugins/boardmanager/
2024-06-03 01:06:08,461 [INFO] ApiDb:261 - Set plugin images path to: I:\software\STM32CubeIDE_1.15.1\STM32CubeIDE\plugins\com.st.stm32cube.common.mx_6.11.1.202404110753\\db\/plugins/mcufinder/images/
2024-06-03 01:06:08,461 [WARN] DbFile:41 - Overriding database path with different value: C:\Users\king\.stmcufinder\plugins\mcufinder/ => C:\Users\king\.stmcufinder\plugins\mcufinder
2024-06-03 01:06:08,462 [INFO] ApiDb:250 - Set database path to: C:\Users\king\.stmcufinder\plugins\mcufinder//mcu/
2024-06-03 01:06:08,462 [WARN] DbFile:41 - Overriding database path with different value: C:\Users\king\.stmcufinder\plugins\mcufinder/ => C:\Users\king\.stmcufinder\plugins\mcufinder
2024-06-03 01:06:08,462 [INFO] DbMcusAds:125 - Set database path to: C:\Users\king\.stmcufinder\plugins\mcufinder//mcu/
2024-06-03 01:06:08,462 [WARN] DbFile:41 - Overriding database path with different value: C:\Users\king\.stmcufinder\plugins\mcufinder/ => C:\Users\king\.stmcufinder\plugins\mcufinder
2024-06-03 01:06:08,462 [WARN] DbFile:41 - Overriding database path with different value: C:\Users\king\.stmcufinder\plugins\mcufinder/ => C:\Users\king\.stmcufinder\plugins\mcufinder
2024-06-03 01:06:08,462 [INFO] CrossReferenceDbSqlite:203 - Set database path to: C:\Users\king\.stmcufinder\plugins\mcufinder//mcu/cs/
2024-06-03 01:06:08,562 [INFO] MainPanel:264 - HeapMemory: 268435456
2024-06-03 01:06:08,630 [INFO] DbMcusXml:78 - Set database path to: I:\software\STM32CubeIDE_1.15.1\STM32CubeIDE\plugins\com.st.stm32cube.common.mx_6.11.1.202404110753\\db\/mcu/
2024-06-03 01:06:08,630 [INFO] ApiDb:274 - Set plugin database path to: I:\software\STM32CubeIDE_1.15.1\STM32CubeIDE\plugins\com.st.stm32cube.common.mx_6.11.1.202404110753\\db\/plugins/boardmanager/
2024-06-03 01:06:08,630 [INFO] ApiDb:261 - Set plugin images path to: I:\software\STM32CubeIDE_1.15.1\STM32CubeIDE\plugins\com.st.stm32cube.common.mx_6.11.1.202404110753\\db\/plugins/mcufinder/images/
2024-06-03 01:06:08,630 [WARN] DbFile:41 - Overriding database path with different value: C:\Users\king\.stmcufinder\plugins\mcufinder/ => C:\Users\king\.stmcufinder\plugins\mcufinder
2024-06-03 01:06:08,630 [INFO] ApiDb:250 - Set database path to: C:\Users\king\.stmcufinder\plugins\mcufinder//mcu/
2024-06-03 01:06:08,630 [WARN] DbFile:41 - Overriding database path with different value: C:\Users\king\.stmcufinder\plugins\mcufinder/ => C:\Users\king\.stmcufinder\plugins\mcufinder
2024-06-03 01:06:08,630 [INFO] DbMcusAds:125 - Set database path to: C:\Users\king\.stmcufinder\plugins\mcufinder//mcu/
2024-06-03 01:06:08,630 [WARN] DbFile:41 - Overriding database path with different value: C:\Users\king\.stmcufinder\plugins\mcufinder/ => C:\Users\king\.stmcufinder\plugins\mcufinder
2024-06-03 01:06:08,630 [WARN] DbFile:41 - Overriding database path with different value: C:\Users\king\.stmcufinder\plugins\mcufinder/ => C:\Users\king\.stmcufinder\plugins\mcufinder
2024-06-03 01:06:08,631 [INFO] CrossReferenceDbSqlite:203 - Set database path to: C:\Users\king\.stmcufinder\plugins\mcufinder//mcu/cs/
2024-06-03 01:06:08,649 [INFO] ApplicationProperties:184 - Using Application install path: I:\software\STM32CubeIDE_1.15.1\STM32CubeIDE\plugins\com.st.stm32cube.common.mx_6.11.1.202404110753
2024-06-03 01:06:08,650 [INFO] PluginManage:196 - Search for loadable plugins [exclusion list=, ]
2024-06-03 01:06:08,651 [INFO] PluginManage:310 - Check plugin analytics
2024-06-03 01:06:08,782 [INFO] AnalyticsPlugin:253 - Accepted Software Licenses: STM32CubeMX.6.8.1,STM32CubeMX.6.10.0
2024-06-03 01:06:08,782 [INFO] AnalyticsPlugin:255 - Accepted CMSIS Pack Licenses: 
2024-06-03 01:06:08,782 [INFO] AnalyticsPlugin:257 - Accepted Firmware Licenses: FW.F4.1.28.0
2024-06-03 01:06:08,783 [INFO] PluginManage:359 - Loaded plugin analytics (category:tool,tabindex:-1)
2024-06-03 01:06:08,784 [INFO] PluginManage:310 - Check plugin cadmodel
2024-06-03 01:06:08,789 [INFO] CADModel:105 - Init CAD model plugin
2024-06-03 01:06:08,789 [INFO] PluginManage:359 - Loaded plugin cadmodel (category:power,tabindex:5)
2024-06-03 01:06:08,789 [INFO] PluginManage:310 - Check plugin clock
2024-06-03 01:06:08,798 [INFO] PluginManage:359 - Loaded plugin clock (category:base,tabindex:2)
2024-06-03 01:06:08,798 [INFO] PluginManage:310 - Check plugin ddr
2024-06-03 01:06:08,800 [INFO] PluginManage:359 - Loaded plugin ddr (category:tool,tabindex:6)
2024-06-03 01:06:08,800 [INFO] PluginManage:310 - Check plugin filemanager
2024-06-03 01:06:08,912 [INFO] PluginManage:359 - Loaded plugin filemanager (category:base,tabindex:10)
2024-06-03 01:06:08,912 [INFO] PluginManage:310 - Check plugin ipmanager
2024-06-03 01:06:08,923 [INFO] PluginManage:359 - Loaded plugin ipmanager (category:base,tabindex:5)
2024-06-03 01:06:08,923 [INFO] PluginManage:310 - Check plugin lpbam
2024-06-03 01:06:08,934 [INFO] PluginManage:359 - Loaded plugin lpbam (category:base,tabindex:0)
2024-06-03 01:06:08,934 [INFO] PluginManage:310 - Check plugin memorymap
2024-06-03 01:06:08,945 [INFO] PluginManage:359 - Loaded plugin memorymap (category:base,tabindex:4)
2024-06-03 01:06:08,945 [INFO] PluginManage:310 - Check plugin pinoutandconfiguration
2024-06-03 01:06:08,952 [INFO] PluginManage:359 - Loaded plugin pinoutandconfiguration (category:base,tabindex:1)
2024-06-03 01:06:08,952 [INFO] PluginManage:310 - Check plugin pinoutconfig
2024-06-03 01:06:09,013 [WARN] SupportedApi:132 - Cannot load RTOS API schema: s4s-elt-must-match.1: The content of 'definitions' must match (annotation?, (simpleType | complexType)?, (unique | key | keyref)*)). A problem was found starting at: attribute.
2024-06-03 01:06:09,107 [INFO] PluginManage:359 - Loaded plugin pinoutconfig (category:base,tabindex:0)
2024-06-03 01:06:09,108 [INFO] PluginManage:310 - Check plugin power
2024-06-03 01:06:09,116 [INFO] PluginManage:359 - Loaded plugin power (category:power,tabindex:4)
2024-06-03 01:06:09,116 [INFO] PluginManage:310 - Check plugin projectmanager
2024-06-03 01:06:09,128 [INFO] PluginManage:359 - Loaded plugin projectmanager (category:projectmanager,tabindex:3)
2024-06-03 01:06:09,129 [INFO] PluginManage:310 - Check plugin thirdparty
2024-06-03 01:06:09,227 [INFO] PluginManage:359 - Loaded plugin thirdparty (category:base,tabindex:-1)
2024-06-03 01:06:09,227 [INFO] PluginManage:310 - Check plugin tools
2024-06-03 01:06:09,227 [WARN] IntegrityCheckThread:84 - waiting for thirdparty lock release [integrity check]
2024-06-03 01:06:09,227 [INFO] IntegrityCheckThread:86 - entering critical section [integrity check]
2024-06-03 01:06:09,227 [INFO] ThirdPartyUpdaterWithRetryManager:70 - Updater plugin not ready yet. [1/15]
2024-06-03 01:06:09,229 [INFO] PluginManage:359 - Loaded plugin tools (category:base,tabindex:7)
2024-06-03 01:06:09,229 [INFO] PluginManage:310 - Check plugin tutovideos
2024-06-03 01:06:09,348 [INFO] PluginManage:359 - Loaded plugin tutovideos (category:base,tabindex:-1)
2024-06-03 01:06:09,348 [INFO] PluginManage:310 - Check plugin updater
2024-06-03 01:06:09,356 [INFO] PluginManage:359 - Loaded plugin updater (category:base,tabindex:12)
2024-06-03 01:06:09,356 [INFO] PluginManage:310 - Check plugin userauth
2024-06-03 01:06:09,360 [INFO] UserAuth:114 - Init User Auth plugin
2024-06-03 01:06:09,360 [INFO] PluginManage:359 - Loaded plugin userauth (category:base,tabindex:14)
2024-06-03 01:06:09,360 [INFO] PluginManage:283 - PluginManage : Loaded plugins [17]
2024-06-03 01:06:09,571 [INFO] PinOutPanel:1561 - setPackage(No Configuration,No Configuration)
2024-06-03 01:06:09,675 [INFO] CADModel:165 - CPN selected for project level
2024-06-03 01:06:09,675 [INFO] CADModel:114 - Register for checkConnection events
2024-06-03 01:06:09,687 [INFO] IPUIPlugin:80 - create IPUIPlugin
2024-06-03 01:06:09,687 [INFO] PluginManager:220 - loadIPPluginJar : add adc
2024-06-03 01:06:09,689 [INFO] IPUIPlugin:80 - create IPUIPlugin
2024-06-03 01:06:09,689 [INFO] PluginManager:220 - loadIPPluginJar : add aes
2024-06-03 01:06:09,691 [INFO] IPUIPlugin:80 - create IPUIPlugin
2024-06-03 01:06:09,691 [INFO] PluginManager:220 - loadIPPluginJar : add can
2024-06-03 01:06:09,692 [INFO] IPUIPlugin:80 - create IPUIPlugin
2024-06-03 01:06:09,693 [INFO] PluginManager:220 - loadIPPluginJar : add comp
2024-06-03 01:06:09,695 [INFO] IPUIPlugin:80 - create IPUIPlugin
2024-06-03 01:06:09,695 [INFO] PluginManager:220 - loadIPPluginJar : add cryp
2024-06-03 01:06:09,697 [INFO] IPUIPlugin:80 - create IPUIPlugin
2024-06-03 01:06:09,697 [INFO] PluginManager:220 - loadIPPluginJar : add dfsdm
2024-06-03 01:06:09,701 [INFO] IPUIPlugin:80 - create IPUIPlugin
2024-06-03 01:06:09,701 [INFO] PluginManager:220 - loadIPPluginJar : add dma
2024-06-03 01:06:09,703 [INFO] IPUIPlugin:80 - create IPUIPlugin
2024-06-03 01:06:09,703 [INFO] PluginManager:220 - loadIPPluginJar : add dma3
2024-06-03 01:06:09,705 [INFO] IPUIPlugin:80 - create IPUIPlugin
2024-06-03 01:06:09,705 [INFO] PluginManager:220 - loadIPPluginJar : add extmemmanager
2024-06-03 01:06:09,706 [INFO] IPUIPlugin:80 - create IPUIPlugin
2024-06-03 01:06:09,706 [INFO] PluginManager:220 - loadIPPluginJar : add fatfs
2024-06-03 01:06:09,709 [INFO] IPUIPlugin:80 - create IPUIPlugin
2024-06-03 01:06:09,710 [INFO] PluginManager:220 - loadIPPluginJar : add fmc
2024-06-03 01:06:09,713 [INFO] IPUIPlugin:80 - create IPUIPlugin
2024-06-03 01:06:09,714 [INFO] PluginManager:220 - loadIPPluginJar : add freertos
2024-06-03 01:06:09,715 [INFO] IPUIPlugin:80 - create IPUIPlugin
2024-06-03 01:06:09,715 [INFO] PluginManager:220 - loadIPPluginJar : add genericplugin
2024-06-03 01:06:09,717 [INFO] IPUIPlugin:80 - create IPUIPlugin
2024-06-03 01:06:09,717 [INFO] PluginManager:220 - loadIPPluginJar : add gfxmmu
2024-06-03 01:06:09,720 [INFO] IPUIPlugin:80 - create IPUIPlugin
2024-06-03 01:06:09,720 [INFO] PluginManager:220 - loadIPPluginJar : add gic
2024-06-03 01:06:09,724 [INFO] IPUIPlugin:80 - create IPUIPlugin
2024-06-03 01:06:09,724 [INFO] PluginManager:220 - loadIPPluginJar : add gpio
2024-06-03 01:06:09,726 [INFO] IPUIPlugin:80 - create IPUIPlugin
2024-06-03 01:06:09,726 [INFO] PluginManager:220 - loadIPPluginJar : add gtzc
2024-06-03 01:06:09,727 [INFO] IPUIPlugin:80 - create IPUIPlugin
2024-06-03 01:06:09,727 [INFO] PluginManager:220 - loadIPPluginJar : add hash
2024-06-03 01:06:09,729 [INFO] IPUIPlugin:80 - create IPUIPlugin
2024-06-03 01:06:09,729 [INFO] PluginManager:220 - loadIPPluginJar : add i2c
2024-06-03 01:06:09,731 [INFO] IPUIPlugin:80 - create IPUIPlugin
2024-06-03 01:06:09,731 [INFO] PluginManager:220 - loadIPPluginJar : add i2s
2024-06-03 01:06:09,733 [INFO] IPUIPlugin:80 - create IPUIPlugin
2024-06-03 01:06:09,733 [INFO] PluginManager:220 - loadIPPluginJar : add i3c
2024-06-03 01:06:09,735 [INFO] IPUIPlugin:80 - create IPUIPlugin
2024-06-03 01:06:09,735 [INFO] PluginManager:220 - loadIPPluginJar : add ipddr
2024-06-03 01:06:09,741 [INFO] IPUIPlugin:80 - create IPUIPlugin
2024-06-03 01:06:09,741 [INFO] PluginManager:220 - loadIPPluginJar : add linkedlist
2024-06-03 01:06:09,743 [INFO] IPUIPlugin:80 - create IPUIPlugin
2024-06-03 01:06:09,743 [INFO] PluginManager:220 - loadIPPluginJar : add lorawan
2024-06-03 01:06:09,745 [INFO] IPUIPlugin:80 - create IPUIPlugin
2024-06-03 01:06:09,745 [INFO] PluginManager:220 - loadIPPluginJar : add ltdc
2024-06-03 01:06:09,748 [INFO] IPUIPlugin:80 - create IPUIPlugin
2024-06-03 01:06:09,748 [INFO] PluginManager:220 - loadIPPluginJar : add mdma
2024-06-03 01:06:09,751 [INFO] IPUIPlugin:80 - create IPUIPlugin
2024-06-03 01:06:09,751 [INFO] PluginManager:220 - loadIPPluginJar : add nvic
2024-06-03 01:06:09,753 [INFO] IPUIPlugin:80 - create IPUIPlugin
2024-06-03 01:06:09,753 [INFO] PluginManager:220 - loadIPPluginJar : add opamp
2024-06-03 01:06:09,756 [INFO] IPUIPlugin:80 - create IPUIPlugin
2024-06-03 01:06:09,756 [INFO] PluginManager:220 - loadIPPluginJar : add openamp
2024-06-03 01:06:09,758 [INFO] IPUIPlugin:80 - create IPUIPlugin
2024-06-03 01:06:09,759 [INFO] PluginManager:220 - loadIPPluginJar : add pdm2pcm
2024-06-03 01:06:09,763 [INFO] IPUIPlugin:80 - create IPUIPlugin
2024-06-03 01:06:09,764 [INFO] PluginManager:220 - loadIPPluginJar : add plateformsettings
2024-06-03 01:06:09,766 [INFO] IPUIPlugin:80 - create IPUIPlugin
2024-06-03 01:06:09,766 [INFO] PluginManager:220 - loadIPPluginJar : add quadspi
2024-06-03 01:06:09,770 [INFO] IPUIPlugin:80 - create IPUIPlugin
2024-06-03 01:06:09,770 [INFO] PluginManager:220 - loadIPPluginJar : add resmgrutility
2024-06-03 01:06:09,772 [INFO] IPUIPlugin:80 - create IPUIPlugin
2024-06-03 01:06:09,772 [INFO] PluginManager:220 - loadIPPluginJar : add sai
2024-06-03 01:06:09,773 [INFO] IPUIPlugin:80 - create IPUIPlugin
2024-06-03 01:06:09,773 [INFO] PluginManager:220 - loadIPPluginJar : add spi
2024-06-03 01:06:09,776 [INFO] IPUIPlugin:80 - create IPUIPlugin
2024-06-03 01:06:09,776 [INFO] PluginManager:220 - loadIPPluginJar : add stm32_wpan
2024-06-03 01:06:09,778 [INFO] IPUIPlugin:80 - create IPUIPlugin
2024-06-03 01:06:09,778 [INFO] PluginManager:220 - loadIPPluginJar : add tim
2024-06-03 01:06:09,780 [INFO] IPUIPlugin:80 - create IPUIPlugin
2024-06-03 01:06:09,780 [INFO] PluginManager:220 - loadIPPluginJar : add touchsensing
2024-06-03 01:06:09,782 [INFO] IPUIPlugin:80 - create IPUIPlugin
2024-06-03 01:06:09,782 [INFO] PluginManager:220 - loadIPPluginJar : add tracer_emb
2024-06-03 01:06:09,783 [INFO] IPUIPlugin:80 - create IPUIPlugin
2024-06-03 01:06:09,783 [INFO] PluginManager:220 - loadIPPluginJar : add ts
2024-06-03 01:06:09,785 [INFO] IPUIPlugin:80 - create IPUIPlugin
2024-06-03 01:06:09,785 [INFO] PluginManager:220 - loadIPPluginJar : add tsc
2024-06-03 01:06:09,786 [INFO] IPUIPlugin:80 - create IPUIPlugin
2024-06-03 01:06:09,786 [INFO] PluginManager:220 - loadIPPluginJar : add ucpd
2024-06-03 01:06:09,788 [INFO] IPUIPlugin:80 - create IPUIPlugin
2024-06-03 01:06:09,789 [INFO] PluginManager:220 - loadIPPluginJar : add usart
2024-06-03 01:06:09,791 [INFO] IPUIPlugin:80 - create IPUIPlugin
2024-06-03 01:06:09,791 [INFO] PluginManager:220 - loadIPPluginJar : add usbx
2024-06-03 01:06:09,924 [INFO] CADModel:165 - CPN selected for project level
2024-06-03 01:06:09,924 [INFO] CADModel:114 - Register for checkConnection events
2024-06-03 01:06:09,924 [FATAL] Updater:308 - Updater called before beeing initialized
2024-06-03 01:06:09,924 [ERROR] CADModel:125 - Updater not yet initialized, retry later 
2024-06-03 01:06:10,035 [INFO] CADModel:165 - CPN selected for project level
2024-06-03 01:06:10,035 [INFO] CADModel:114 - Register for checkConnection events
2024-06-03 01:06:10,035 [FATAL] Updater:308 - Updater called before beeing initialized
2024-06-03 01:06:10,035 [ERROR] CADModel:125 - Updater not yet initialized, retry later 
2024-06-03 01:06:10,037 [FATAL] Updater:308 - Updater called before beeing initialized
2024-06-03 01:06:10,137 [FATAL] Updater:308 - Updater called before beeing initialized
2024-06-03 01:06:10,139 [INFO] DbMcusAds:53 - JSON generation date=Thu May 02 16:37:29 CST 2024 (1714639049318)
2024-06-03 01:06:10,139 [FATAL] Updater:308 - Updater called before beeing initialized
2024-06-03 01:06:10,171 [WARN] DetailPanel:346 - Failed to get advertising image, set to default
2024-06-03 01:06:10,274 [FATAL] Updater:308 - Updater called before beeing initialized
2024-06-03 01:06:10,275 [FATAL] Updater:308 - Updater called before beeing initialized
2024-06-03 01:06:10,275 [FATAL] Updater:308 - Updater called before beeing initialized
2024-06-03 01:06:10,275 [WARN] DetailPanel:346 - Failed to get advertising image, set to default
2024-06-03 01:06:10,276 [FATAL] Updater:308 - Updater called before beeing initialized
2024-06-03 01:06:10,317 [ERROR] Updater:1120 - MainUpdater not yet initialized. External WinMGr cannot be set.
2024-06-03 01:06:10,318 [INFO] Updater:1056 - Updater Version found : 6.11.1
2024-06-03 01:06:10,331 [INFO] ApplicationProperties:184 - Using Application install path: I:\software\STM32CubeIDE_1.15.1\STM32CubeIDE\plugins\com.st.stm32cube.common.mx_6.11.1.202404110753
2024-06-03 01:06:10,702 [INFO] MainUpdater:2873 - connection check result : 10
2024-06-03 01:06:10,703 [INFO] MainUpdater:290 - Updater Check For Update Now.
2024-06-03 01:06:10,703 [INFO] MicroXplorer:498 - Change Database Version : DB.6.0.111
2024-06-03 01:06:10,707 [INFO] McuFinderGlobals:63 - Set McuFinder mode to 2 (CubeIDE integrated)
2024-06-03 01:06:10,711 [INFO] UserAuth:415 - Internet connection configuration mode: 1
2024-06-03 01:06:10,723 [INFO] JxBrowserEngine:152 - Initiate JxBrowser Engine with user profile folder
2024-06-03 01:06:10,849 [INFO] CheckServerUpdateThread:120 - End of CheckServer Thread
2024-06-03 01:06:11,521 [INFO] WebApp:161 - Instantiating new browser for Auth
2024-06-03 01:06:11,951 [INFO] WebApp:779 - Register for checkConnection events
2024-06-03 01:06:11,951 [INFO] WebApp:414 - Apply proxy settings
2024-06-03 01:06:11,954 [INFO] WebApp:459 - Chromium authenticates against Manually configured proxy
2024-06-03 01:06:11,959 [INFO] WebApp:467 - Username used for proxy authentication: 
2024-06-03 01:06:12,087 [INFO] WebApp:192 - Starting web application
2024-06-03 01:06:12,087 [INFO] WebApp:544 - Web application path used I:\software\STM32CubeIDE_1.15.1\STM32CubeIDE\plugins\com.st.stm32cube.common.mx_6.11.1.202404110753\db\plugins\mcufinder\reactClient1\index.html
2024-06-03 01:06:12,427 [WARN] PackLoader:240 - Cannot read IP mode file for STMicroelectronics.X-CUBE-SMBUS.2.1.0
2024-06-03 01:06:12,432 [WARN] PackLoader:240 - Cannot read IP mode file for STMicroelectronics.X-CUBE-TOUCHGFX.4.23.0
2024-06-03 01:06:12,453 [WARN] PackLoader:240 - Cannot read IP mode file for STMicroelectronics.X-CUBE-AZRTOS-F7.1.1.0
2024-06-03 01:06:12,460 [WARN] PackLoader:240 - Cannot read IP mode file for STMicroelectronics.FP-SNS-MOTENV1.4.3.2
2024-06-03 01:06:12,465 [WARN] PackLoader:240 - Cannot read IP mode file for STMicroelectronics.FP-SNS-FLIGHT1.5.0.2
2024-06-03 01:06:12,471 [WARN] PackLoader:240 - Cannot read IP mode file for STMicroelectronics.X-CUBE-DISPLAY.3.0.0
2024-06-03 01:06:12,479 [WARN] PackLoader:240 - Cannot read IP mode file for STMicroelectronics.X-CUBE-BLE1.7.0.0
2024-06-03 01:06:12,483 [WARN] PackLoader:240 - Cannot read IP mode file for emotas.I-CUBE-CANOPEN.1.3.0
2024-06-03 01:06:12,488 [WARN] PackLoader:240 - Cannot read IP mode file for STMicroelectronics.FP-SNS-SMARTAG2.1.2.0
2024-06-03 01:06:12,497 [INFO] LogOutputStream:77 - [STDOUT_REDIRECT] 1 : Invalid condition id : UX_CORESTACK_Condition cause : null
2024-06-03 01:06:12,498 [INFO] LogOutputStream:77 - [STDOUT_REDIRECT] 1 : Invalid condition id : UX_CORESTACK_Condition cause : null
2024-06-03 01:06:12,499 [INFO] LogOutputStream:77 - [STDOUT_REDIRECT] 1 : Invalid condition id : UX_CORESTACK_Condition cause : null
2024-06-03 01:06:12,499 [INFO] LogOutputStream:77 - [STDOUT_REDIRECT] 1 : Invalid condition id : UX_CORESTACK_Condition cause : null
2024-06-03 01:06:12,500 [INFO] LogOutputStream:77 - [STDOUT_REDIRECT] 1 : Invalid condition id : UX_CORESTACK_Condition cause : null
2024-06-03 01:06:12,503 [WARN] PackLoader:240 - Cannot read IP mode file for STMicroelectronics.X-CUBE-AZRTOS-WL.2.0.0
2024-06-03 01:06:12,513 [WARN] PackLoader:240 - Cannot read IP mode file for STMicroelectronics.X-CUBE-BLE2.3.3.0
2024-06-03 01:06:12,520 [WARN] PackLoader:240 - Cannot read IP mode file for STMicroelectronics.X-CUBE-ALGOBUILD.1.3.0
2024-06-03 01:06:12,534 [WARN] PackLoader:240 - Cannot read IP mode file for STMicroelectronics.X-CUBE-AZRTOS-G0.1.1.0
2024-06-03 01:06:12,543 [WARN] PackLoader:240 - Cannot read IP mode file for STMicroelectronics.X-CUBE-NFC4.3.0.0
2024-06-03 01:06:12,550 [WARN] PackLoader:240 - Cannot read IP mode file for wolfSSL.I-CUBE-wolfMQTT.1.18.0
2024-06-03 01:06:12,557 [WARN] PackLoader:240 - Cannot read IP mode file for STMicroelectronics.X-CUBE-BLEMGR.3.0.0
2024-06-03 01:06:12,576 [WARN] PackLoader:240 - Cannot read IP mode file for STMicroelectronics.FP-ATR-SIGFOX1.3.2.0
2024-06-03 01:06:12,584 [WARN] PackLoader:240 - Cannot read IP mode file for STMicroelectronics.X-CUBE-EEPRMA1.5.1.0
2024-06-03 01:06:12,620 [WARN] PackLoader:240 - Cannot read IP mode file for SEGGER.I-CUBE-embOS.1.3.1
2024-06-03 01:06:12,643 [WARN] PackLoader:240 - Cannot read IP mode file for STMicroelectronics.X-CUBE-ALGOBUILD.1.4.0
2024-06-03 01:06:12,647 [WARN] PackLoader:240 - Cannot read IP mode file for STMicroelectronics.X-CUBE-GNSS1.6.0.0
2024-06-03 01:06:12,656 [WARN] PackLoader:240 - Cannot read IP mode file for STMicroelectronics.X-CUBE-AZRTOS-F4.1.1.0
2024-06-03 01:06:12,677 [WARN] PackLoader:240 - Cannot read IP mode file for STMicroelectronics.X-CUBE-AZRTOS-L5.2.0.0
2024-06-03 01:06:12,688 [WARN] PackLoader:240 - Cannot read IP mode file for ITTIA_DB.I-CUBE-ITTIADB.8.8.0
2024-06-03 01:06:12,694 [WARN] PackLoader:240 - Cannot read IP mode file for STMicroelectronics.X-CUBE-NFC7.1.0.1
2024-06-03 01:06:12,700 [WARN] PackLoader:240 - Cannot read IP mode file for STMicroelectronics.X-CUBE-NFC6.3.0.0
2024-06-03 01:06:12,704 [WARN] PackLoader:240 - Cannot read IP mode file for STMicroelectronics.X-CUBE-AI.8.1.0
2024-06-03 01:06:12,714 [WARN] ConditionMgr:438 - getConditionDescription Invalid condition id : LAN8742 Phy interface Condition cause : null
2024-06-03 01:06:12,715 [WARN] PackLoader:240 - Cannot read IP mode file for STMicroelectronics.X-CUBE-AZRTOS-L4.2.0.0
2024-06-03 01:06:12,715 [WARN] ConditionMgr:1039 - genDependencies : Invalid condition id : LAN8742 Phy interface Condition cause : null
2024-06-03 01:06:12,715 [WARN] ConditionMgr:1039 - genDependencies : Invalid condition id : LAN8742 Phy interface Condition cause : null
2024-06-03 01:06:12,717 [WARN] ConditionMgr:1039 - genDependencies : Invalid condition id : LAN8742 Phy interface Condition cause : null
2024-06-03 01:06:12,723 [WARN] PackLoader:240 - Cannot read IP mode file for STMicroelectronics.X-CUBE-SFXS2LP1.4.0.0
2024-06-03 01:06:12,730 [WARN] ConditionMgr:438 - getConditionDescription Invalid condition id : UX DEVICE CLASS RTOS Condition cause : null
2024-06-03 01:06:12,730 [WARN] ConditionMgr:438 - getConditionDescription Invalid condition id : UX DEVICE CLASS RTOS Condition cause : null
2024-06-03 01:06:12,731 [WARN] PackLoader:240 - Cannot read IP mode file for STMicroelectronics.X-CUBE-AZRTOS-WB.2.0.0
2024-06-03 01:06:12,732 [WARN] ConditionMgr:1039 - genDependencies : Invalid condition id : UX DEVICE CLASS RTOS Condition cause : null
2024-06-03 01:06:12,732 [WARN] ConditionMgr:1039 - genDependencies : Invalid condition id : UX DEVICE CLASS RTOS Condition cause : null
2024-06-03 01:06:12,732 [WARN] ConditionMgr:1039 - genDependencies : Invalid condition id : UX DEVICE CLASS RTOS Condition cause : null
2024-06-03 01:06:12,732 [WARN] ConditionMgr:1039 - genDependencies : Invalid condition id : UX DEVICE CLASS RTOS Condition cause : null
2024-06-03 01:06:12,732 [WARN] ConditionMgr:1039 - genDependencies : Invalid condition id : UX DEVICE CLASS RTOS Condition cause : null
2024-06-03 01:06:12,739 [WARN] PackLoader:240 - Cannot read IP mode file for STMicroelectronics.X-CUBE-SUBG2.5.0.0
2024-06-03 01:06:12,749 [WARN] PackLoader:240 - Cannot read IP mode file for STMicroelectronics.X-CUBE-AZRTOS-G4.2.0.0
2024-06-03 01:06:12,754 [WARN] PackLoader:240 - Cannot read IP mode file for STMicroelectronics.FP-SNS-MOTENVWB1.1.3.1
2024-06-03 01:06:12,757 [WARN] PackLoader:240 - Cannot read IP mode file for STMicroelectronics.X-CUBE-ISPU.2.0.0
2024-06-03 01:06:12,760 [WARN] PackLoader:240 - Cannot read IP mode file for STMicroelectronics.X-CUBE-ALS.1.0.2
2024-06-03 01:06:12,781 [WARN] PackLoader:240 - Cannot read IP mode file for STMicroelectronics.X-CUBE-MEMS1.10.0.0
2024-06-03 01:06:12,854 [WARN] PackLoader:240 - Cannot read IP mode file for STMicroelectronics.X-CUBE-FREERTOS.1.1.0
2024-06-03 01:06:12,859 [WARN] PackLoader:240 - Cannot read IP mode file for portGmbH.I-Cube-SoM-uGOAL.1.1.0
2024-06-03 01:06:12,863 [WARN] PackLoader:240 - Cannot read IP mode file for STMicroelectronics.X-CUBE-ALS.1.0.1
2024-06-03 01:06:12,868 [WARN] PackLoader:240 - Cannot read IP mode file for STMicroelectronics.FP-ATR-ASTRA1.2.0.0
2024-06-03 01:06:12,877 [WARN] PackLoader:240 - Cannot read IP mode file for STMicroelectronics.X-CUBE-TOF1.3.4.0
2024-06-03 01:06:12,908 [WARN] PackLoader:240 - Cannot read IP mode file for STMicroelectronics.X-CUBE-AZRTOS-H7.3.2.0
2024-06-03 01:06:12,910 [INFO] ThirdParty:978 - Integrity check success = true
2024-06-03 01:06:12,910 [INFO] IntegrityCheckThread:100 - exiting critical section [integrity check]
2024-06-03 01:06:12,910 [INFO] IntegrityCheckThread:103 - End integrity checks thread
2024-06-03 01:38:34,286 [INFO] McuFinderGlobals:63 - Set McuFinder mode to 2 (CubeIDE integrated)
2024-06-03 01:38:34,299 [INFO] MainUpdater:2873 - connection check result : 10
2024-06-03 01:38:34,303 [INFO] MainUpdater:2873 - connection check result : 10
2024-06-03 01:38:34,444 [INFO] MicroXplorer:468 - Change Database Path : 
2024-06-03 01:38:34,444 [INFO] MicroXplorer:498 - Change Database Version : DB.6.0.111
2024-06-03 01:38:34,451 [WARN] ThirdParty:871 - waiting for thirdparty lock release [close project]
2024-06-03 01:38:34,451 [INFO] ThirdParty:873 - entering critical section [close project]
2024-06-03 01:38:34,451 [INFO] ThirdParty:883 - exiting critical section [close project]
2024-06-03 01:38:34,452 [INFO] PinOutPanel:1561 - setPackage(No Configuration,No Configuration)
2024-06-03 01:38:34,454 [INFO] UtilMem:75 - Begin LoadConfig() Used Memory: 646193560 Bytes (1073741824)
2024-06-03 01:38:34,455 [INFO] MicroXplorer:468 - Change Database Path : 
2024-06-03 01:38:34,455 [INFO] MicroXplorer:498 - Change Database Version : DB.6.0.111
2024-06-03 01:38:34,455 [INFO] OpenFileManager:312 - Change cursor
2024-06-03 01:38:34,477 [INFO] Mcu:2021 - Initializing MCU STM32F407V(E-G)Tx STM32F407VETx STM32F407VET6
2024-06-03 01:38:35,766 [INFO] Context:663 - Trying to add GPIOservice into a context  which must be forbidden
2024-06-03 01:38:36,090 [INFO] RtosManager:555 - Registered RTOS mode: class=CMSIS, group=RTOS, mode=CMSIS_V1, owner=FREERTOS
2024-06-03 01:38:36,090 [INFO] RtosManager:555 - Registered RTOS mode: class=CMSIS, group=RTOS2, mode=CMSIS_V2, owner=FREERTOS
2024-06-03 01:38:36,090 [INFO] RtosManager:555 - Registered RTOS mode: class=RTOS, group=Core, mode=CMSIS_V1, owner=FREERTOS
2024-06-03 01:38:36,090 [INFO] RtosManager:555 - Registered RTOS mode: class=RTOS, group=Core, mode=CMSIS_V2, owner=FREERTOS
2024-06-03 01:38:36,090 [WARN] ModelIntegratedComponent:184 - Missing modes for component STMicroelectronics:FreeRTOS:0.0.1:STMicroelectronics:RTOS:FreeRTOS:Core:::10.2.0:
2024-06-03 01:38:36,098 [WARN] ModelIntegratedComponent:63 - No mode defined for component null
2024-06-03 01:38:36,098 [WARN] ModelIntegratedComponent:63 - No mode defined for component null
2024-06-03 01:38:36,098 [WARN] ModelIntegratedComponent:63 - No mode defined for component null
2024-06-03 01:38:36,099 [WARN] ModelIntegratedComponent:63 - No mode defined for component null
2024-06-03 01:38:36,099 [WARN] ModelIntegratedComponent:63 - No mode defined for component null
2024-06-03 01:38:36,099 [WARN] ModelIntegratedComponent:63 - No mode defined for component null
2024-06-03 01:38:36,099 [WARN] ModelIntegratedComponent:63 - No mode defined for component null
2024-06-03 01:38:36,099 [WARN] ModelIntegratedComponent:63 - No mode defined for component null
2024-06-03 01:38:36,099 [WARN] ModelIntegratedComponent:63 - No mode defined for component null
2024-06-03 01:38:36,099 [WARN] ModelIntegratedComponent:63 - No mode defined for component null
2024-06-03 01:38:36,099 [WARN] ModelIntegratedComponent:63 - No mode defined for component null
2024-06-03 01:38:36,099 [WARN] ModelIntegratedComponent:63 - No mode defined for component null
2024-06-03 01:38:36,099 [WARN] ModelIntegratedComponent:63 - No mode defined for component null
2024-06-03 01:38:36,099 [WARN] ModelIntegratedComponent:63 - No mode defined for component null
2024-06-03 01:38:36,099 [WARN] ModelIntegratedComponent:63 - No mode defined for component null
2024-06-03 01:38:36,099 [WARN] ModelIntegratedComponent:63 - No mode defined for component null
2024-06-03 01:38:36,099 [WARN] ModelIntegratedComponent:63 - No mode defined for component null
2024-06-03 01:38:36,099 [WARN] ModelIntegratedComponent:63 - No mode defined for component null
2024-06-03 01:38:36,099 [WARN] ModelIntegratedComponent:63 - No mode defined for component null
2024-06-03 01:38:36,099 [WARN] ModelIntegratedComponent:63 - No mode defined for component null
2024-06-03 01:38:36,099 [WARN] ModelIntegratedComponent:63 - No mode defined for component null
2024-06-03 01:38:36,099 [WARN] ModelIntegratedComponent:63 - No mode defined for component null
2024-06-03 01:38:36,099 [WARN] ModelIntegratedComponent:63 - No mode defined for component null
2024-06-03 01:38:36,099 [WARN] ModelIntegratedComponent:63 - No mode defined for component null
2024-06-03 01:38:36,099 [WARN] ModelIntegratedComponent:63 - No mode defined for component null
2024-06-03 01:38:36,099 [WARN] ModelIntegratedComponent:63 - No mode defined for component null
2024-06-03 01:38:36,099 [WARN] ModelIntegratedComponent:63 - No mode defined for component null
2024-06-03 01:38:36,099 [WARN] ModelIntegratedComponent:63 - No mode defined for component null
2024-06-03 01:38:36,099 [WARN] ModelIntegratedComponent:63 - No mode defined for component null
2024-06-03 01:38:36,099 [WARN] ModelIntegratedComponent:63 - No mode defined for component null
2024-06-03 01:38:36,099 [WARN] ModelIntegratedComponent:63 - No mode defined for component null
2024-06-03 01:38:36,099 [WARN] ModelIntegratedComponent:63 - No mode defined for component null
2024-06-03 01:38:36,099 [WARN] ModelIntegratedComponent:63 - No mode defined for component null
2024-06-03 01:38:36,099 [WARN] ModelIntegratedComponent:63 - No mode defined for component null
2024-06-03 01:38:36,164 [INFO] ThirdPartyModel:298 - Start build external matchings
2024-06-03 01:38:36,291 [INFO] ThirdPartyModel:316 - End build external matchings
2024-06-03 01:38:36,525 [INFO] ApiDb:581 - Connected to CubeFinder SQLite database (C:\Users\king\.stmcufinder\plugins\mcufinder\mcu\cube-finder-db.db)
2024-06-03 01:38:36,615 [INFO] ApiDb:668 - CubeFinder database Data Model version=2.1
2024-06-03 01:38:36,615 [INFO] ApiDb:669 - CubeFinder database Configuration version=3.0.39
2024-06-03 01:38:36,616 [INFO] ApiDb:670 - CubeFinder database generation date=2024-04-15 (1713193726)
2024-06-03 01:38:36,616 [INFO] ApiDb:671 - CubeFinder database FW Pack versions=[FP-ATR-ASTRA1_V2.0.0, FP-SNS-FLIGHT1_V5.0.1, FP-SNS-FLIGHT1_V5.0.2, FP-SNS-MOTENV1_V4.3.1, FP-SNS-MOTENV1_V4.3.2, FP-SNS-MOTENVWB1_V1.3.1, FP-SNS-SMARTAG2_V1.2.0, STM32Cube_FW_C0_V1.1.0, STM32Cube_FW_F4_V1.28.0, STM32Cube_FW_F7_V1.17.0, STM32Cube_FW_G0_V1.6.2, STM32Cube_FW_G4_V1.5.2, STM32Cube_FW_H5_V0.5.1, STM32Cube_FW_H5_V1.1.1, STM32Cube_FW_H5_V1.2.0, STM32Cube_FW_H5_V1.2.0RC4, STM32Cube_FW_H7RS_V1.0.0, STM32Cube_FW_H7RS_V1.0.0RC4, STM32Cube_FW_H7_V1.11.0, STM32Cube_FW_L0_V1.12.2, STM32Cube_FW_L5_V1.5.1, STM32Cube_FW_U0_V1.0.0, STM32Cube_FW_U0_V1.0.0RC1, STM32Cube_FW_U5_V1.3.0RC4, STM32Cube_FW_U5_V1.5.0, STM32Cube_FW_U5_V1.5.0RC1, STM32Cube_FW_WBA_V1.0.0RC1, STM32Cube_FW_WBA_V1.2.0, STM32Cube_FW_WBA_V1.2.0RC2, STM32Cube_FW_WBA_V1.3.0, STM32Cube_FW_WBA_V1.3.0RC1, STM32Cube_FW_WB_V1.15.0RC1, STM32Cube_FW_WB_V1.16.0, STM32Cube_FW_WB_V1.16.0RC2, STM32Cube_FW_WB_V1.18.0, STM32Cube_FW_WB_V1.19.0, STM32Cube_FW_WL_V1.3.0, X-CUBE-ALGOBUILD_V1.3.0, X-CUBE-ALS_V1.0.1, X-CUBE-AZRTOS-F4_V1.1.0, X-CUBE-AZRTOS-F7_V1.1.0, X-CUBE-AZRTOS-G0_V1.1.0, X-CUBE-AZRTOS-G4_V2.0.0, X-CUBE-AZRTOS-H7_V3.2.0, X-CUBE-AZRTOS-L4_V1.0.0, X-CUBE-AZRTOS-L4_V2.0.0, X-CUBE-AZRTOS-L5_V1.1.0, X-CUBE-AZRTOS-WB_V2.0.0, X-CUBE-AZRTOS-WL_V2.0.0, X-CUBE-BLE1_V7.0.0, X-CUBE-BLE2_V3.3.0, X-CUBE-BLEMGR_V3.1.0, X-CUBE-EEPRMA1_V4.1.0, X-CUBE-EEPRMA1_V5.1.0, X-CUBE-FREERTOS_V1.1.0, X-CUBE-GNSS1_V6.0.0, X-CUBE-MEMS1_V10.0.0, X-CUBE-MEMS1_V9.1.0, X-CUBE-MEMS1_V9.4.0, X-CUBE-MEMS1_V9.6.0, X-CUBE-NFC4_V3.0.0, X-CUBE-NFC7_V1.0.1, X-CUBE-SFXS2LP1_V4.0.0, X-CUBE-SUBG2_V5.0.0, X-CUBE-TOF1_V3.4.0]
2024-06-03 01:38:36,737 [INFO] DbBoardsSqlite:226 - include board P-NUCLEO-WB55-NUCLEO as a kit item of type 'Nucleo-64'
2024-06-03 01:38:36,737 [INFO] DbBoardsSqlite:226 - include board P-NUCLEO-WB55-USBDONGLE as a kit item of type 'Nucleo USB Dongle'
2024-06-03 01:38:36,738 [INFO] DbBoardsSqlite:226 - include board STEVAL-IDP005V1 as a kit item of type 'Evaluation Board'
2024-06-03 01:38:36,738 [INFO] DbBoardsSqlite:226 - include board STEVAL-IDP005V2 as a kit item of type 'Evaluation Board'
2024-06-03 01:38:37,074 [INFO] ApiDb:240 - Found 483 in-development CPN: [B-G473E-ZEST1S, B-WB1M-WPAN1, B-WL5M-SUBG1, NUCLEO-C031C6, NUCLEO-H503RB, NUCLEO-H533RE, NUCLEO-H563ZI, NUCLEO-H7S3L8, NUCLEO-U031R8, NUCLEO-U083RC, NUCLEO-U545RE-Q, NUCLEO-U5A5ZJ-Q, NUCLEO-WBA52CG, NUCLEO-WBA55CG, STEVAL-PROTEUS1, STEVAL-SMARTAG2, STEVAL-STWINBX1, STM320518-EVAL, STM32C0116-DK, STM32C011D6Y3TR, STM32C011D6Y6TR, STM32C011F4P3, STM32C011F4P6, STM32C011F4U3, STM32C011F4U6TR, STM32C011F6P3, STM32C011F6P6, STM32C011F6U3, STM32C011F6U6TR, STM32C011J4M3, STM32C011J4M6, STM32C011J6M3, STM32C011J6M6, STM32C0316-DK, STM32C031C4T3, STM32C031C4T6, STM32C031C4U3, STM32C031C4U6, STM32C031C6T3, STM32C031C6T6, STM32C031C6U3, STM32C031C6U6, STM32C031F4P3, STM32C031F4P6, STM32C031F6P3, STM32C031F6P6, STM32C031G4U3, STM32C031G4U6, STM32C031G6U3, STM32C031G6U6, STM32C031K4T3, STM32C031K4T6, STM32C031K4U3, STM32C031K4U6, STM32C031K6T3, STM32C031K6T6, STM32C031K6U3, STM32C031K6U6, STM32G071K8TXN, STM32G071K8UXN, STM32G081GBU6N, STM32G081KBT6N, STM32G081KBUXN, STM32G0B1CCT6N, STM32G0B1KCT6, STM32G0B1NEY6TR, STM32G0B1RCT6N, STM32G0C1CCT6, STM32G0C1CCT6N, STM32G0C1CCU6N, STM32G0C1CET6N, STM32G0C1CEU6N, STM32G0C1KCT6, STM32G0C1NEY6TR, STM32G0C1RCI6N, STM32G0C1RCT6N, STM32G0C1REI6N, STM32G0C1RET6N, STM32G0C1VCI6, STM32G0C1VEI6, STM32G471CCT6, STM32G471CCU6, STM32G471CET3, STM32G471CET6, STM32G471CEU3, STM32G471CEU6, STM32G471MCT6, STM32G471MET3, STM32G471MET6, STM32G471MEY6TR, STM32G471QCT6, STM32G471QET3, STM32G471RCT6, STM32G471RET3, STM32G471RET6, STM32G471VCH6, STM32G471VCI6, STM32G471VCT6, STM32G471VEH3, STM32G471VEH6, STM32G471VEI3, STM32G471VEI6, STM32G471VET3, STM32G471VET6, STM32G474CCT6, STM32H503CBT6, STM32H503CBU6, STM32H503EBY6TR, STM32H503KBU6, STM32H503RBT6, STM32H523CCT6, STM32H523CCU6, STM32H523CET6, STM32H523CEU6, STM32H523HEY6TR, STM32H523RCT6, STM32H523RET6, STM32H523VCI6, STM32H523VCT6, STM32H523VEI6, STM32H523VET6, STM32H523ZCJ6, STM32H523ZCT6, STM32H523ZEJ6, STM32H523ZET6, STM32H533CET6, STM32H533CEU6, STM32H533HEY6TR, STM32H533RET6, STM32H533VEI6, STM32H533VET6, STM32H533ZEJ6, STM32H533ZET6, STM32H562AGI6, STM32H562AII6, STM32H562IGK6, STM32H562IGT6, STM32H562IIK6, STM32H562IIT6, STM32H562RGT6, STM32H562RGV6, STM32H562RIT6, STM32H562RIV6, STM32H562VGT6, STM32H562VIT6, STM32H562ZGT6, STM32H562ZIT6, STM32H563AGI6, STM32H563AII3Q, STM32H563AII6, STM32H563IGK6, STM32H563IGT6, STM32H563IIK3Q, STM32H563IIK6, STM32H563IIT3Q, STM32H563IIT6, STM32H563MIY3QTR, STM32H563RGT6, STM32H563RGV6, STM32H563RIT6, STM32H563RIV6, STM32H563VGT6, STM32H563VIT3Q, STM32H563VIT6, STM32H563ZGT6, STM32H563ZIT3Q, STM32H563ZIT6, STM32H573AII3Q, STM32H573AII6, STM32H573I-DK, STM32H573IIK3Q, STM32H573IIK6, STM32H573IIT3Q, STM32H573IIT6, STM32H573MIY3QTR, STM32H573RIT6, STM32H573RIV6, STM32H573VIT3Q, STM32H573VIT6, STM32H573ZIT3Q, STM32H573ZIT6, STM32H7R3A8I6, STM32H7R3I8K6, STM32H7R3I8T6, STM32H7R3L8H6, STM32H7R3L8H6H, STM32H7R3R8V6, STM32H7R3V8H6, STM32H7R3V8T6, STM32H7R3V8Y6, STM32H7R3Z8J6, STM32H7R3Z8T6, STM32H7R7A8I6, STM32H7R7I8K6, STM32H7R7I8T6, STM32H7R7L8H6, STM32H7R7L8H6H, STM32H7R7Z8J6, STM32H7S3A8I6, STM32H7S3I8K6, STM32H7S3I8T6, STM32H7S3L8H6, STM32H7S3L8H6H, STM32H7S3R8V6, STM32H7S3V8H6, STM32H7S3V8T6, STM32H7S3V8Y6, STM32H7S3Z8J6, STM32H7S3Z8T6, STM32H7S78-DK, STM32H7S7A8I6, STM32H7S7I8K6, STM32H7S7I8T6, STM32H7S7L8H6, STM32H7S7L8H6H, STM32H7S7Z8J6, STM32L4R5QGI6STR, STM32MP131AAE3, STM32MP131AAF3, STM32MP131AAG3, STM32MP131CAE3, STM32MP131CAF3, STM32MP131CAG3, STM32MP131DAE7, STM32MP131DAF7, STM32MP131DAG7, STM32MP131FAE7, STM32MP131FAF7, STM32MP131FAG7, STM32MP133AAE3, STM32MP133AAF3, STM32MP133AAG3, STM32MP133CAE3, STM32MP133CAF3, STM32MP133CAG3, STM32MP133DAE7, STM32MP133DAF7, STM32MP133DAG7, STM32MP133FAE7, STM32MP133FAF7, STM32MP133FAG7, STM32MP135AAE3, STM32MP135AAF3, STM32MP135AAG3, STM32MP135CAE3, STM32MP135CAF3, STM32MP135CAG3, STM32MP135DAE7, STM32MP135DAF7, STM32MP135DAG7, STM32MP135F-DK, STM32MP135FAE7, STM32MP135FAF7, STM32MP135FAF7T, STM32MP135FAF7U, STM32MP135FAG7, STM32U031C6T6, STM32U031C6U6, STM32U031C8T6, STM32U031C8U6, STM32U031F4P6, STM32U031F6P6, STM32U031F8P6, STM32U031G6Y6TR, STM32U031G8Y6TR, STM32U031K4U6, STM32U031K6U6, STM32U031K8U6, STM32U031R6I6, STM32U031R6T6, STM32U031R8I6, STM32U031R8T6, STM32U073C8T6, STM32U073C8U6, STM32U073CBT6, STM32U073CBU6, STM32U073CCT6, STM32U073CCU6, STM32U073H8Y6TR, STM32U073HBY6TR, STM32U073HCY6TR, STM32U073K8U6, STM32U073KBU6, STM32U073KCU6, STM32U073M8I6, STM32U073M8T6, STM32U073MBI6, STM32U073MBT6, STM32U073MCI6, STM32U073MCT6, STM32U073R8I6, STM32U073R8T6, STM32U073RBI6, STM32U073RBT6, STM32U073RCI6, STM32U073RCT6, STM32U083C-DK, STM32U083CCT6, STM32U083CCU6, STM32U083HCY6TR, STM32U083KCU6, STM32U083MCI6, STM32U083MCT6, STM32U083RCI6, STM32U083RCT6, STM32U535CBT6, STM32U535CBT6Q, STM32U535CBU6, STM32U535CBU6Q, STM32U535CCT6, STM32U535CCT6Q, STM32U535CCU6, STM32U535CCU6Q, STM32U535CET6, STM32U535CET6Q, STM32U535CEU6, STM32U535CEU6Q, STM32U535JEY6QTR, STM32U535NCY6QTR, STM32U535NEY6QTR, STM32U535RBI6, STM32U535RBI6Q, STM32U535RBT6, STM32U535RBT6Q, STM32U535RCI6, STM32U535RCI6Q, STM32U535RCT6, STM32U535RCT6Q, STM32U535REI6, STM32U535REI6Q, STM32U535RET6, STM32U535RET6Q, STM32U535VCI6, STM32U535VCI6Q, STM32U535VCT6, STM32U535VCT6Q, STM32U535VEI6, STM32U535VEI6Q, STM32U535VET6, STM32U535VET6Q, STM32U545CET6, STM32U545CET6Q, STM32U545CEU6, STM32U545CEU6Q, STM32U545JEY6QTR, STM32U545NEY6QTR, STM32U545REI6, STM32U545REI6Q, STM32U545RET6, STM32U545RET6Q, STM32U545VEI6, STM32U545VEI6Q, STM32U545VET6, STM32U545VET6Q, STM32U595AIH6, STM32U595AIH6Q, STM32U595AJH6, STM32U595AJH6Q, STM32U595QII6, STM32U595QII6Q, STM32U595QJI6, STM32U595QJI6Q, STM32U595RIT6, STM32U595RIT6Q, STM32U595RJT6, STM32U595RJT6Q, STM32U595VIT6, STM32U595VIT6Q, STM32U595VJT6, STM32U595VJT6Q, STM32U595ZIT6, STM32U595ZIT6Q, STM32U595ZIY6QTR, STM32U595ZJT6, STM32U595ZJT6Q, STM32U595ZJY6QTR, STM32U599BJY6QTR, STM32U599NIH6Q, STM32U599NJH6Q, STM32U599VIT6Q, STM32U599VJT6, STM32U599VJT6Q, STM32U599ZIT6Q, STM32U599ZIY6QTR, STM32U599ZJT6Q, STM32U599ZJY6QTR, STM32U5A5AJH6, STM32U5A5AJH6Q, STM32U5A5QII3Q , STM32U5A5QJI6, STM32U5A5QJI6Q, STM32U5A5RJT6, STM32U5A5RJT6Q, STM32U5A5VJT6, STM32U5A5VJT6Q, STM32U5A5ZJT6, STM32U5A5ZJT6Q, STM32U5A5ZJY6QTR, STM32U5A9BJY6QTR, STM32U5A9J-DK, STM32U5A9NJH6Q, STM32U5A9VJT6Q, STM32U5A9ZJT6Q, STM32U5A9ZJY6QTR, STM32U5F7VIT6, STM32U5F7VIT6Q, STM32U5F7VJT6, STM32U5F7VJT6Q, STM32U5F9BJY6QTR, STM32U5F9NJH6Q, STM32U5F9VIT6Q, STM32U5F9VJT6Q, STM32U5F9ZIJ6QTR, STM32U5F9ZIT6Q, STM32U5F9ZJJ6QTR, STM32U5F9ZJT6Q, STM32U5G7VJT6, STM32U5G7VJT6Q, STM32U5G9BJY6QTR, STM32U5G9J-DK1, STM32U5G9J-DK2, STM32U5G9NJH6Q, STM32U5G9VJT6Q, STM32U5G9ZJJ6QTR, STM32U5G9ZJT6Q, STM32WB1MMCH6, STM32WBA50KEU6, STM32WBA50KEU6TR, STM32WBA50KGU6, STM32WBA50KGU6TR, STM32WBA52CEU6, STM32WBA52CEU6TR, STM32WBA52CEU7, STM32WBA52CEU7TR, STM32WBA52CGU6, STM32WBA52CGU6TR, STM32WBA52CGU6U, STM32WBA52CGU7, STM32WBA52CGU7TR, STM32WBA52KEU6, STM32WBA52KEU6TR, STM32WBA52KGU6, STM32WBA52KGU6TR, STM32WBA54CEU6, STM32WBA54CEU6TR, STM32WBA54CEU7, STM32WBA54CEU7TR, STM32WBA54CGU6, STM32WBA54CGU6TR, STM32WBA54CGU7, STM32WBA54CGU7TR, STM32WBA54KEU6, STM32WBA54KEU6TR, STM32WBA54KEU7, STM32WBA54KEU7TR, STM32WBA54KGU6, STM32WBA54KGU6TR, STM32WBA54KGU7, STM32WBA54KGU7TR, STM32WBA55CEU6, STM32WBA55CEU6TR, STM32WBA55CEU7, STM32WBA55CEU7TR, STM32WBA55CGU6, STM32WBA55CGU6TR, STM32WBA55CGU6U, STM32WBA55CGU7, STM32WBA55CGU7TR, STM32WBA55G-DK1, STM32WBA55HEF6, STM32WBA55HEF7, STM32WBA55HGF6, STM32WBA55HGF7, STM32WBA55UEI6, STM32WBA55UEI6TR, STM32WBA55UEI7, STM32WBA55UEI7TR, STM32WBA55UGI6, STM32WBA55UGI6TR, STM32WBA55UGI7, STM32WBA55UGI7TR, STM32WL5MOCH6, STM32WL5MOCH6TR]
2024-06-03 01:38:37,158 [INFO] BoardInfo:889 - No configuration file found for board P-NUCLEO-WB55
2024-06-03 01:38:37,159 [INFO] DbBoards:161 - Kit is not supported: P-NUCLEO-WB55
2024-06-03 01:38:37,162 [INFO] BoardInfo:889 - No configuration file found for board STEVAL-BFA001V1B
2024-06-03 01:38:37,162 [INFO] DbBoards:161 - Kit is not supported: STEVAL-BFA001V1B
2024-06-03 01:38:37,163 [INFO] BoardInfo:889 - No configuration file found for board STEVAL-BFA001V2B
2024-06-03 01:38:37,163 [INFO] DbBoards:161 - Kit is not supported: STEVAL-BFA001V2B
2024-06-03 01:38:37,258 [INFO] DbBoards:168 - Found 199 boards, 196 are supported
2024-06-03 01:38:37,258 [INFO] DbBoards:169 - Found 199 boards, 8 of them is supported for  Bsp
2024-06-03 01:38:37,260 [INFO] ApiDb:668 - CubeFinder database Data Model version=2.1
2024-06-03 01:38:37,260 [INFO] ApiDb:669 - CubeFinder database Configuration version=3.0.39
2024-06-03 01:38:37,260 [INFO] ApiDb:670 - CubeFinder database generation date=2024-04-15 (1713193726)
2024-06-03 01:38:37,260 [INFO] ApiDb:671 - CubeFinder database FW Pack versions=[FP-ATR-ASTRA1_V2.0.0, FP-SNS-FLIGHT1_V5.0.1, FP-SNS-FLIGHT1_V5.0.2, FP-SNS-MOTENV1_V4.3.1, FP-SNS-MOTENV1_V4.3.2, FP-SNS-MOTENVWB1_V1.3.1, FP-SNS-SMARTAG2_V1.2.0, STM32Cube_FW_C0_V1.1.0, STM32Cube_FW_F4_V1.28.0, STM32Cube_FW_F7_V1.17.0, STM32Cube_FW_G0_V1.6.2, STM32Cube_FW_G4_V1.5.2, STM32Cube_FW_H5_V0.5.1, STM32Cube_FW_H5_V1.1.1, STM32Cube_FW_H5_V1.2.0, STM32Cube_FW_H5_V1.2.0RC4, STM32Cube_FW_H7RS_V1.0.0, STM32Cube_FW_H7RS_V1.0.0RC4, STM32Cube_FW_H7_V1.11.0, STM32Cube_FW_L0_V1.12.2, STM32Cube_FW_L5_V1.5.1, STM32Cube_FW_U0_V1.0.0, STM32Cube_FW_U0_V1.0.0RC1, STM32Cube_FW_U5_V1.3.0RC4, STM32Cube_FW_U5_V1.5.0, STM32Cube_FW_U5_V1.5.0RC1, STM32Cube_FW_WBA_V1.0.0RC1, STM32Cube_FW_WBA_V1.2.0, STM32Cube_FW_WBA_V1.2.0RC2, STM32Cube_FW_WBA_V1.3.0, STM32Cube_FW_WBA_V1.3.0RC1, STM32Cube_FW_WB_V1.15.0RC1, STM32Cube_FW_WB_V1.16.0, STM32Cube_FW_WB_V1.16.0RC2, STM32Cube_FW_WB_V1.18.0, STM32Cube_FW_WB_V1.19.0, STM32Cube_FW_WL_V1.3.0, X-CUBE-ALGOBUILD_V1.3.0, X-CUBE-ALS_V1.0.1, X-CUBE-AZRTOS-F4_V1.1.0, X-CUBE-AZRTOS-F7_V1.1.0, X-CUBE-AZRTOS-G0_V1.1.0, X-CUBE-AZRTOS-G4_V2.0.0, X-CUBE-AZRTOS-H7_V3.2.0, X-CUBE-AZRTOS-L4_V1.0.0, X-CUBE-AZRTOS-L4_V2.0.0, X-CUBE-AZRTOS-L5_V1.1.0, X-CUBE-AZRTOS-WB_V2.0.0, X-CUBE-AZRTOS-WL_V2.0.0, X-CUBE-BLE1_V7.0.0, X-CUBE-BLE2_V3.3.0, X-CUBE-BLEMGR_V3.1.0, X-CUBE-EEPRMA1_V4.1.0, X-CUBE-EEPRMA1_V5.1.0, X-CUBE-FREERTOS_V1.1.0, X-CUBE-GNSS1_V6.0.0, X-CUBE-MEMS1_V10.0.0, X-CUBE-MEMS1_V9.1.0, X-CUBE-MEMS1_V9.4.0, X-CUBE-MEMS1_V9.6.0, X-CUBE-NFC4_V3.0.0, X-CUBE-NFC7_V1.0.1, X-CUBE-SFXS2LP1_V4.0.0, X-CUBE-SUBG2_V5.0.0, X-CUBE-TOF1_V3.4.0]
2024-06-03 01:38:38,668 [INFO] ApiDb:240 - Found 483 in-development CPN: [B-G473E-ZEST1S, B-WB1M-WPAN1, B-WL5M-SUBG1, NUCLEO-C031C6, NUCLEO-H503RB, NUCLEO-H533RE, NUCLEO-H563ZI, NUCLEO-H7S3L8, NUCLEO-U031R8, NUCLEO-U083RC, NUCLEO-U545RE-Q, NUCLEO-U5A5ZJ-Q, NUCLEO-WBA52CG, NUCLEO-WBA55CG, STEVAL-PROTEUS1, STEVAL-SMARTAG2, STEVAL-STWINBX1, STM320518-EVAL, STM32C0116-DK, STM32C011D6Y3TR, STM32C011D6Y6TR, STM32C011F4P3, STM32C011F4P6, STM32C011F4U3, STM32C011F4U6TR, STM32C011F6P3, STM32C011F6P6, STM32C011F6U3, STM32C011F6U6TR, STM32C011J4M3, STM32C011J4M6, STM32C011J6M3, STM32C011J6M6, STM32C0316-DK, STM32C031C4T3, STM32C031C4T6, STM32C031C4U3, STM32C031C4U6, STM32C031C6T3, STM32C031C6T6, STM32C031C6U3, STM32C031C6U6, STM32C031F4P3, STM32C031F4P6, STM32C031F6P3, STM32C031F6P6, STM32C031G4U3, STM32C031G4U6, STM32C031G6U3, STM32C031G6U6, STM32C031K4T3, STM32C031K4T6, STM32C031K4U3, STM32C031K4U6, STM32C031K6T3, STM32C031K6T6, STM32C031K6U3, STM32C031K6U6, STM32G071K8TXN, STM32G071K8UXN, STM32G081GBU6N, STM32G081KBT6N, STM32G081KBUXN, STM32G0B1CCT6N, STM32G0B1KCT6, STM32G0B1NEY6TR, STM32G0B1RCT6N, STM32G0C1CCT6, STM32G0C1CCT6N, STM32G0C1CCU6N, STM32G0C1CET6N, STM32G0C1CEU6N, STM32G0C1KCT6, STM32G0C1NEY6TR, STM32G0C1RCI6N, STM32G0C1RCT6N, STM32G0C1REI6N, STM32G0C1RET6N, STM32G0C1VCI6, STM32G0C1VEI6, STM32G471CCT6, STM32G471CCU6, STM32G471CET3, STM32G471CET6, STM32G471CEU3, STM32G471CEU6, STM32G471MCT6, STM32G471MET3, STM32G471MET6, STM32G471MEY6TR, STM32G471QCT6, STM32G471QET3, STM32G471RCT6, STM32G471RET3, STM32G471RET6, STM32G471VCH6, STM32G471VCI6, STM32G471VCT6, STM32G471VEH3, STM32G471VEH6, STM32G471VEI3, STM32G471VEI6, STM32G471VET3, STM32G471VET6, STM32G474CCT6, STM32H503CBT6, STM32H503CBU6, STM32H503EBY6TR, STM32H503KBU6, STM32H503RBT6, STM32H523CCT6, STM32H523CCU6, STM32H523CET6, STM32H523CEU6, STM32H523HEY6TR, STM32H523RCT6, STM32H523RET6, STM32H523VCI6, STM32H523VCT6, STM32H523VEI6, STM32H523VET6, STM32H523ZCJ6, STM32H523ZCT6, STM32H523ZEJ6, STM32H523ZET6, STM32H533CET6, STM32H533CEU6, STM32H533HEY6TR, STM32H533RET6, STM32H533VEI6, STM32H533VET6, STM32H533ZEJ6, STM32H533ZET6, STM32H562AGI6, STM32H562AII6, STM32H562IGK6, STM32H562IGT6, STM32H562IIK6, STM32H562IIT6, STM32H562RGT6, STM32H562RGV6, STM32H562RIT6, STM32H562RIV6, STM32H562VGT6, STM32H562VIT6, STM32H562ZGT6, STM32H562ZIT6, STM32H563AGI6, STM32H563AII3Q, STM32H563AII6, STM32H563IGK6, STM32H563IGT6, STM32H563IIK3Q, STM32H563IIK6, STM32H563IIT3Q, STM32H563IIT6, STM32H563MIY3QTR, STM32H563RGT6, STM32H563RGV6, STM32H563RIT6, STM32H563RIV6, STM32H563VGT6, STM32H563VIT3Q, STM32H563VIT6, STM32H563ZGT6, STM32H563ZIT3Q, STM32H563ZIT6, STM32H573AII3Q, STM32H573AII6, STM32H573I-DK, STM32H573IIK3Q, STM32H573IIK6, STM32H573IIT3Q, STM32H573IIT6, STM32H573MIY3QTR, STM32H573RIT6, STM32H573RIV6, STM32H573VIT3Q, STM32H573VIT6, STM32H573ZIT3Q, STM32H573ZIT6, STM32H7R3A8I6, STM32H7R3I8K6, STM32H7R3I8T6, STM32H7R3L8H6, STM32H7R3L8H6H, STM32H7R3R8V6, STM32H7R3V8H6, STM32H7R3V8T6, STM32H7R3V8Y6, STM32H7R3Z8J6, STM32H7R3Z8T6, STM32H7R7A8I6, STM32H7R7I8K6, STM32H7R7I8T6, STM32H7R7L8H6, STM32H7R7L8H6H, STM32H7R7Z8J6, STM32H7S3A8I6, STM32H7S3I8K6, STM32H7S3I8T6, STM32H7S3L8H6, STM32H7S3L8H6H, STM32H7S3R8V6, STM32H7S3V8H6, STM32H7S3V8T6, STM32H7S3V8Y6, STM32H7S3Z8J6, STM32H7S3Z8T6, STM32H7S78-DK, STM32H7S7A8I6, STM32H7S7I8K6, STM32H7S7I8T6, STM32H7S7L8H6, STM32H7S7L8H6H, STM32H7S7Z8J6, STM32L4R5QGI6STR, STM32MP131AAE3, STM32MP131AAF3, STM32MP131AAG3, STM32MP131CAE3, STM32MP131CAF3, STM32MP131CAG3, STM32MP131DAE7, STM32MP131DAF7, STM32MP131DAG7, STM32MP131FAE7, STM32MP131FAF7, STM32MP131FAG7, STM32MP133AAE3, STM32MP133AAF3, STM32MP133AAG3, STM32MP133CAE3, STM32MP133CAF3, STM32MP133CAG3, STM32MP133DAE7, STM32MP133DAF7, STM32MP133DAG7, STM32MP133FAE7, STM32MP133FAF7, STM32MP133FAG7, STM32MP135AAE3, STM32MP135AAF3, STM32MP135AAG3, STM32MP135CAE3, STM32MP135CAF3, STM32MP135CAG3, STM32MP135DAE7, STM32MP135DAF7, STM32MP135DAG7, STM32MP135F-DK, STM32MP135FAE7, STM32MP135FAF7, STM32MP135FAF7T, STM32MP135FAF7U, STM32MP135FAG7, STM32U031C6T6, STM32U031C6U6, STM32U031C8T6, STM32U031C8U6, STM32U031F4P6, STM32U031F6P6, STM32U031F8P6, STM32U031G6Y6TR, STM32U031G8Y6TR, STM32U031K4U6, STM32U031K6U6, STM32U031K8U6, STM32U031R6I6, STM32U031R6T6, STM32U031R8I6, STM32U031R8T6, STM32U073C8T6, STM32U073C8U6, STM32U073CBT6, STM32U073CBU6, STM32U073CCT6, STM32U073CCU6, STM32U073H8Y6TR, STM32U073HBY6TR, STM32U073HCY6TR, STM32U073K8U6, STM32U073KBU6, STM32U073KCU6, STM32U073M8I6, STM32U073M8T6, STM32U073MBI6, STM32U073MBT6, STM32U073MCI6, STM32U073MCT6, STM32U073R8I6, STM32U073R8T6, STM32U073RBI6, STM32U073RBT6, STM32U073RCI6, STM32U073RCT6, STM32U083C-DK, STM32U083CCT6, STM32U083CCU6, STM32U083HCY6TR, STM32U083KCU6, STM32U083MCI6, STM32U083MCT6, STM32U083RCI6, STM32U083RCT6, STM32U535CBT6, STM32U535CBT6Q, STM32U535CBU6, STM32U535CBU6Q, STM32U535CCT6, STM32U535CCT6Q, STM32U535CCU6, STM32U535CCU6Q, STM32U535CET6, STM32U535CET6Q, STM32U535CEU6, STM32U535CEU6Q, STM32U535JEY6QTR, STM32U535NCY6QTR, STM32U535NEY6QTR, STM32U535RBI6, STM32U535RBI6Q, STM32U535RBT6, STM32U535RBT6Q, STM32U535RCI6, STM32U535RCI6Q, STM32U535RCT6, STM32U535RCT6Q, STM32U535REI6, STM32U535REI6Q, STM32U535RET6, STM32U535RET6Q, STM32U535VCI6, STM32U535VCI6Q, STM32U535VCT6, STM32U535VCT6Q, STM32U535VEI6, STM32U535VEI6Q, STM32U535VET6, STM32U535VET6Q, STM32U545CET6, STM32U545CET6Q, STM32U545CEU6, STM32U545CEU6Q, STM32U545JEY6QTR, STM32U545NEY6QTR, STM32U545REI6, STM32U545REI6Q, STM32U545RET6, STM32U545RET6Q, STM32U545VEI6, STM32U545VEI6Q, STM32U545VET6, STM32U545VET6Q, STM32U595AIH6, STM32U595AIH6Q, STM32U595AJH6, STM32U595AJH6Q, STM32U595QII6, STM32U595QII6Q, STM32U595QJI6, STM32U595QJI6Q, STM32U595RIT6, STM32U595RIT6Q, STM32U595RJT6, STM32U595RJT6Q, STM32U595VIT6, STM32U595VIT6Q, STM32U595VJT6, STM32U595VJT6Q, STM32U595ZIT6, STM32U595ZIT6Q, STM32U595ZIY6QTR, STM32U595ZJT6, STM32U595ZJT6Q, STM32U595ZJY6QTR, STM32U599BJY6QTR, STM32U599NIH6Q, STM32U599NJH6Q, STM32U599VIT6Q, STM32U599VJT6, STM32U599VJT6Q, STM32U599ZIT6Q, STM32U599ZIY6QTR, STM32U599ZJT6Q, STM32U599ZJY6QTR, STM32U5A5AJH6, STM32U5A5AJH6Q, STM32U5A5QII3Q , STM32U5A5QJI6, STM32U5A5QJI6Q, STM32U5A5RJT6, STM32U5A5RJT6Q, STM32U5A5VJT6, STM32U5A5VJT6Q, STM32U5A5ZJT6, STM32U5A5ZJT6Q, STM32U5A5ZJY6QTR, STM32U5A9BJY6QTR, STM32U5A9J-DK, STM32U5A9NJH6Q, STM32U5A9VJT6Q, STM32U5A9ZJT6Q, STM32U5A9ZJY6QTR, STM32U5F7VIT6, STM32U5F7VIT6Q, STM32U5F7VJT6, STM32U5F7VJT6Q, STM32U5F9BJY6QTR, STM32U5F9NJH6Q, STM32U5F9VIT6Q, STM32U5F9VJT6Q, STM32U5F9ZIJ6QTR, STM32U5F9ZIT6Q, STM32U5F9ZJJ6QTR, STM32U5F9ZJT6Q, STM32U5G7VJT6, STM32U5G7VJT6Q, STM32U5G9BJY6QTR, STM32U5G9J-DK1, STM32U5G9J-DK2, STM32U5G9NJH6Q, STM32U5G9VJT6Q, STM32U5G9ZJJ6QTR, STM32U5G9ZJT6Q, STM32WB1MMCH6, STM32WBA50KEU6, STM32WBA50KEU6TR, STM32WBA50KGU6, STM32WBA50KGU6TR, STM32WBA52CEU6, STM32WBA52CEU6TR, STM32WBA52CEU7, STM32WBA52CEU7TR, STM32WBA52CGU6, STM32WBA52CGU6TR, STM32WBA52CGU6U, STM32WBA52CGU7, STM32WBA52CGU7TR, STM32WBA52KEU6, STM32WBA52KEU6TR, STM32WBA52KGU6, STM32WBA52KGU6TR, STM32WBA54CEU6, STM32WBA54CEU6TR, STM32WBA54CEU7, STM32WBA54CEU7TR, STM32WBA54CGU6, STM32WBA54CGU6TR, STM32WBA54CGU7, STM32WBA54CGU7TR, STM32WBA54KEU6, STM32WBA54KEU6TR, STM32WBA54KEU7, STM32WBA54KEU7TR, STM32WBA54KGU6, STM32WBA54KGU6TR, STM32WBA54KGU7, STM32WBA54KGU7TR, STM32WBA55CEU6, STM32WBA55CEU6TR, STM32WBA55CEU7, STM32WBA55CEU7TR, STM32WBA55CGU6, STM32WBA55CGU6TR, STM32WBA55CGU6U, STM32WBA55CGU7, STM32WBA55CGU7TR, STM32WBA55G-DK1, STM32WBA55HEF6, STM32WBA55HEF7, STM32WBA55HGF6, STM32WBA55HGF7, STM32WBA55UEI6, STM32WBA55UEI6TR, STM32WBA55UEI7, STM32WBA55UEI7TR, STM32WBA55UGI6, STM32WBA55UGI6TR, STM32WBA55UGI7, STM32WBA55UGI7TR, STM32WL5MOCH6, STM32WL5MOCH6TR]
2024-06-03 01:38:38,671 [INFO] DbMcus:218 - Found 4096 MCUs, 4096 are supported
2024-06-03 01:38:38,671 [INFO] ApiDb:414 - User favorites file not found: C:\Users\king/.stm32cubeide/favorites.mcus.txt
2024-06-03 01:38:38,672 [INFO] DbMcus:224 - Set 0 / 0 favorites MCUs
2024-06-03 01:38:38,885 [INFO] ApiDb:414 - User favorites file not found: C:\Users\king/.stm32cubeide/favorites.boards.txt
2024-06-03 01:38:38,885 [INFO] DbBoards:198 - Set 0 / 0 favorites Boards
2024-06-03 01:38:38,940 [INFO] UtilMem:75 - End LoadConfig() Used Memory: 628094504 Bytes (1073741824)
2024-06-03 01:38:39,050 [WARN] ThirdParty:833 - waiting for thirdparty lock release [change project]
2024-06-03 01:38:39,050 [INFO] ThirdParty:835 - entering critical section [change project]
2024-06-03 01:38:39,050 [INFO] ThirdParty:1030 - CMSIS Pack Vendor :STMicroelectronics USBPD 4.1
2024-06-03 01:38:39,050 [INFO] ThirdParty:1030 - CMSIS Pack Vendor :STMicroelectronics X-CUBE-GNSS1 6.0.0
2024-06-03 01:38:39,051 [INFO] ThirdParty:1030 - CMSIS Pack Vendor :STMicroelectronics USB_HOST 2.0.0
2024-06-03 01:38:39,051 [INFO] ThirdParty:1030 - CMSIS Pack Vendor :STMicroelectronics X-CUBE-AZRTOS-F4 1.1.0
2024-06-03 01:38:39,051 [INFO] ThirdParty:1030 - CMSIS Pack Vendor :STMicroelectronics LIBJPEG 8.0.0
2024-06-03 01:38:39,051 [INFO] ThirdParty:1030 - CMSIS Pack Vendor :STMicroelectronics X-CUBE-SMBUS 2.1.0
2024-06-03 01:38:39,051 [INFO] ThirdParty:1030 - CMSIS Pack Vendor :STMicroelectronics USB_DEVICE 3.0.0
2024-06-03 01:38:39,051 [INFO] ThirdParty:1030 - CMSIS Pack Vendor :STMicroelectronics X-CUBE-AZRTOS-WB 2.0.0
2024-06-03 01:38:39,051 [INFO] ThirdParty:1030 - CMSIS Pack Vendor :STMicroelectronics X-CUBE-TOUCHGFX 4.23.0
2024-06-03 01:38:39,051 [INFO] ThirdParty:1030 - CMSIS Pack Vendor :STMicroelectronics X-CUBE-AZRTOS-F7 1.1.0
2024-06-03 01:38:39,051 [INFO] ThirdParty:1030 - CMSIS Pack Vendor :STMicroelectronics X-CUBE-AZRTOS-L5 2.0.0
2024-06-03 01:38:39,051 [INFO] ThirdParty:1030 - CMSIS Pack Vendor :STMicroelectronics USB_DEVICE 2.0.0
2024-06-03 01:38:39,051 [INFO] ThirdParty:1030 - CMSIS Pack Vendor :ITTIA_DB I-CUBE-ITTIADB 8.8.0
2024-06-03 01:38:39,051 [INFO] ThirdParty:1030 - CMSIS Pack Vendor :STMicroelectronics FP-SNS-MOTENV1 4.3.2
2024-06-03 01:38:39,051 [INFO] ThirdParty:1030 - CMSIS Pack Vendor :STMicroelectronics X-CUBE-ALGOBUILD 1.3.0
2024-06-03 01:38:39,051 [INFO] ThirdParty:1030 - CMSIS Pack Vendor :STMicroelectronics FreeRTOS 0.0.1
2024-06-03 01:38:39,051 [INFO] ThirdParty:1030 - CMSIS Pack Vendor :STMicroelectronics X-CUBE-AZRTOS-G0 1.1.0
2024-06-03 01:38:39,051 [INFO] ThirdParty:1030 - CMSIS Pack Vendor :STMicroelectronics X-CUBE-NFC4 3.0.0
2024-06-03 01:38:39,051 [INFO] ThirdParty:1030 - CMSIS Pack Vendor :STMicroelectronics X-CUBE-SUBG2 5.0.0
2024-06-03 01:38:39,051 [INFO] ThirdParty:1030 - CMSIS Pack Vendor :STMicroelectronics STM32_WPAN 1.0.0
2024-06-03 01:38:39,051 [INFO] ThirdParty:1030 - CMSIS Pack Vendor :wolfSSL I-CUBE-wolfMQTT 1.18.0
2024-06-03 01:38:39,051 [INFO] ThirdParty:1030 - CMSIS Pack Vendor :STMicroelectronics lwIP 2.0.3
2024-06-03 01:38:39,051 [INFO] ThirdParty:1030 - CMSIS Pack Vendor :STMicroelectronics FP-SNS-FLIGHT1 5.0.2
2024-06-03 01:38:39,051 [INFO] ThirdParty:1030 - CMSIS Pack Vendor :STMicroelectronics USB_HOST 1.0.0
2024-06-03 01:38:39,051 [INFO] ThirdParty:1030 - CMSIS Pack Vendor :STMicroelectronics X-CUBE-AZRTOS-G4 2.0.0
2024-06-03 01:38:39,051 [INFO] ThirdParty:1030 - CMSIS Pack Vendor :STMicroelectronics PDM2PCM 3.1.0
2024-06-03 01:38:39,051 [INFO] ThirdParty:1030 - CMSIS Pack Vendor :STMicroelectronics X-CUBE-BLEMGR 3.0.0
2024-06-03 01:38:39,051 [INFO] ThirdParty:1030 - CMSIS Pack Vendor :STMicroelectronics PDM2PCM 3.3.0
2024-06-03 01:38:39,051 [INFO] ThirdParty:1030 - CMSIS Pack Vendor :STMicroelectronics X-CUBE-DISPLAY 3.0.0
2024-06-03 01:38:39,051 [INFO] ThirdParty:1030 - CMSIS Pack Vendor :STMicroelectronics FP-SNS-MOTENVWB1 1.3.1
2024-06-03 01:38:39,051 [INFO] ThirdParty:1030 - CMSIS Pack Vendor :STMicroelectronics X-CUBE-BLE1 7.0.0
2024-06-03 01:38:39,051 [INFO] ThirdParty:1030 - CMSIS Pack Vendor :STMicroelectronics FP-ATR-SIGFOX1 3.2.0
2024-06-03 01:38:39,051 [INFO] ThirdParty:1030 - CMSIS Pack Vendor :STMicroelectronics X-CUBE-ISPU 2.0.0
2024-06-03 01:38:39,051 [INFO] ThirdParty:1030 - CMSIS Pack Vendor :STMicroelectronics X-CUBE-EEPRMA1 5.1.0
2024-06-03 01:38:39,051 [INFO] ThirdParty:1030 - CMSIS Pack Vendor :STMicroelectronics HAL Drivers 0.0.0
2024-06-03 01:38:39,052 [INFO] ThirdParty:1030 - CMSIS Pack Vendor :STMicroelectronics MBEDTLS 2.16.2
2024-06-03 01:38:39,052 [INFO] ThirdParty:1030 - CMSIS Pack Vendor :STMicroelectronics X-CUBE-ALS 1.0.2
2024-06-03 01:38:39,052 [INFO] ThirdParty:1030 - CMSIS Pack Vendor :emotas I-CUBE-CANOPEN 1.3.0
2024-06-03 01:38:39,052 [INFO] ThirdParty:1030 - CMSIS Pack Vendor :STMicroelectronics X-CUBE-MEMS1 10.0.0
2024-06-03 01:38:39,052 [INFO] ThirdParty:1030 - CMSIS Pack Vendor :STMicroelectronics X-CUBE-FREERTOS 1.1.0
2024-06-03 01:38:39,052 [INFO] ThirdParty:1030 - CMSIS Pack Vendor :STMicroelectronics X-CUBE-NFC7 1.0.1
2024-06-03 01:38:39,052 [INFO] ThirdParty:1030 - CMSIS Pack Vendor :STMicroelectronics MBEDTLS 2.14.1
2024-06-03 01:38:39,052 [INFO] ThirdParty:1030 - CMSIS Pack Vendor :STMicroelectronics X-CUBE-NFC6 3.0.0
2024-06-03 01:38:39,052 [INFO] ThirdParty:1030 - CMSIS Pack Vendor :portGmbH I-Cube-SoM-uGOAL 1.1.0
2024-06-03 01:38:39,052 [INFO] ThirdParty:1030 - CMSIS Pack Vendor :STMicroelectronics X-CUBE-ALS 1.0.1
2024-06-03 01:38:39,052 [INFO] ThirdParty:1030 - CMSIS Pack Vendor :STMicroelectronics ThreadX 1.0.0
2024-06-03 01:38:39,052 [INFO] ThirdParty:1030 - CMSIS Pack Vendor :STMicroelectronics FP-SNS-SMARTAG2 1.2.0
2024-06-03 01:38:39,052 [INFO] ThirdParty:1030 - CMSIS Pack Vendor :STMicroelectronics X-CUBE-AZRTOS-WL 2.0.0
2024-06-03 01:38:39,052 [INFO] ThirdParty:1030 - CMSIS Pack Vendor :SEGGER I-CUBE-embOS 1.3.1
2024-06-03 01:38:39,052 [INFO] ThirdParty:1030 - CMSIS Pack Vendor :STMicroelectronics X-CUBE-ALGOBUILD 1.4.0
2024-06-03 01:38:39,052 [INFO] ThirdParty:1030 - CMSIS Pack Vendor :STMicroelectronics USB_DEVICE 1.0.0
2024-06-03 01:38:39,052 [INFO] ThirdParty:1030 - CMSIS Pack Vendor :STMicroelectronics X-CUBE-AI 8.1.0
2024-06-03 01:38:39,052 [INFO] ThirdParty:1030 - CMSIS Pack Vendor :STMicroelectronics X-CUBE-AZRTOS-L4 2.0.0
2024-06-03 01:38:39,052 [INFO] ThirdParty:1030 - CMSIS Pack Vendor :STMicroelectronics ThreadX 0.0.2
2024-06-03 01:38:39,052 [INFO] ThirdParty:1030 - CMSIS Pack Vendor :STMicroelectronics FP-ATR-ASTRA1 2.0.0
2024-06-03 01:38:39,052 [INFO] ThirdParty:1030 - CMSIS Pack Vendor :STMicroelectronics lwIP 2.1.2
2024-06-03 01:38:39,052 [INFO] ThirdParty:1030 - CMSIS Pack Vendor :STMicroelectronics X-CUBE-SFXS2LP1 4.0.0
2024-06-03 01:38:39,052 [INFO] ThirdParty:1030 - CMSIS Pack Vendor :STMicroelectronics X-CUBE-BLE2 3.3.0
2024-06-03 01:38:39,052 [INFO] ThirdParty:1030 - CMSIS Pack Vendor :STMicroelectronics X-CUBE-TOF1 3.4.0
2024-06-03 01:38:39,052 [INFO] ThirdParty:1030 - CMSIS Pack Vendor :STMicroelectronics X-CUBE-AZRTOS-H7 3.2.0
2024-06-03 01:38:39,052 [INFO] ThirdParty:1030 - CMSIS Pack Vendor :STMicroelectronics PDM2PCM 3.2.0
2024-06-03 01:38:39,052 [INFO] ThirdParty:841 - exiting critical section [change project]
2024-06-03 01:38:39,350 [INFO] PinOutPanel:1561 - setPackage(No Configuration,No Configuration)
2024-06-03 01:38:39,351 [INFO] PinOutPanel:1561 - setPackage(STM32F407VETx,LQFP100)
2024-06-03 01:38:39,646 [INFO] UtilMem:75 - Before build in PCC Used Memory: 781875072 Bytes (1073741824)
2024-06-03 01:38:40,202 [INFO] UtilMem:75 - After build in PCC Used Memory: 858471304 Bytes (1073741824)
2024-06-03 01:38:40,220 [INFO] IPUIPlugin:80 - create IPUIPlugin
2024-06-03 01:38:40,220 [INFO] IPUIPlugin:80 - create IPUIPlugin
2024-06-03 01:38:40,220 [INFO] IPUIPlugin:80 - create IPUIPlugin
2024-06-03 01:38:40,220 [INFO] IPUIPlugin:80 - create IPUIPlugin
2024-06-03 01:38:40,220 [INFO] IPUIPlugin:80 - create IPUIPlugin
2024-06-03 01:38:40,220 [INFO] IPUIPlugin:80 - create IPUIPlugin
2024-06-03 01:38:40,220 [INFO] IPUIPlugin:80 - create IPUIPlugin
2024-06-03 01:38:40,220 [INFO] IPUIPlugin:80 - create IPUIPlugin
2024-06-03 01:38:40,220 [INFO] IPUIPlugin:80 - create IPUIPlugin
2024-06-03 01:38:40,221 [INFO] IPUIPlugin:80 - create IPUIPlugin
2024-06-03 01:38:40,221 [INFO] IPUIPlugin:80 - create IPUIPlugin
2024-06-03 01:38:40,221 [INFO] IPUIPlugin:80 - create IPUIPlugin
2024-06-03 01:38:40,221 [INFO] IPUIPlugin:80 - create IPUIPlugin
2024-06-03 01:38:40,221 [INFO] IPUIPlugin:80 - create IPUIPlugin
2024-06-03 01:38:40,221 [INFO] IPUIPlugin:80 - create IPUIPlugin
2024-06-03 01:38:40,221 [INFO] IPUIPlugin:80 - create IPUIPlugin
2024-06-03 01:38:40,221 [INFO] IPUIPlugin:80 - create IPUIPlugin
2024-06-03 01:38:40,221 [INFO] IPUIPlugin:80 - create IPUIPlugin
2024-06-03 01:38:40,221 [INFO] IPUIPlugin:80 - create IPUIPlugin
2024-06-03 01:38:40,222 [INFO] IPUIPlugin:80 - create IPUIPlugin
2024-06-03 01:38:40,222 [INFO] IPUIPlugin:80 - create IPUIPlugin
2024-06-03 01:38:40,222 [INFO] IPUIPlugin:80 - create IPUIPlugin
2024-06-03 01:38:40,222 [INFO] IPUIPlugin:80 - create IPUIPlugin
2024-06-03 01:38:40,222 [INFO] IPUIPlugin:80 - create IPUIPlugin
2024-06-03 01:38:40,222 [INFO] IPUIPlugin:80 - create IPUIPlugin
2024-06-03 01:38:40,222 [INFO] IPUIPlugin:80 - create IPUIPlugin
2024-06-03 01:38:40,223 [INFO] IPUIPlugin:80 - create IPUIPlugin
2024-06-03 01:38:40,223 [INFO] IPUIPlugin:80 - create IPUIPlugin
2024-06-03 01:38:40,223 [INFO] IPUIPlugin:80 - create IPUIPlugin
2024-06-03 01:38:40,223 [INFO] IPUIPlugin:80 - create IPUIPlugin
2024-06-03 01:38:40,223 [INFO] IPUIPlugin:80 - create IPUIPlugin
2024-06-03 01:38:40,223 [INFO] IPUIPlugin:80 - create IPUIPlugin
2024-06-03 01:38:40,223 [INFO] IPUIPlugin:80 - create IPUIPlugin
2024-06-03 01:38:40,223 [INFO] IPUIPlugin:80 - create IPUIPlugin
2024-06-03 01:38:40,224 [INFO] IPUIPlugin:80 - create IPUIPlugin
2024-06-03 01:38:40,224 [INFO] IPUIPlugin:80 - create IPUIPlugin
2024-06-03 01:38:40,224 [INFO] IPUIPlugin:80 - create IPUIPlugin
2024-06-03 01:38:40,224 [INFO] IPUIPlugin:80 - create IPUIPlugin
2024-06-03 01:38:40,224 [INFO] IPUIPlugin:80 - create IPUIPlugin
2024-06-03 01:38:40,224 [INFO] IPUIPlugin:80 - create IPUIPlugin
2024-06-03 01:38:40,224 [INFO] IPUIPlugin:80 - create IPUIPlugin
2024-06-03 01:38:40,225 [INFO] IPUIPlugin:80 - create IPUIPlugin
2024-06-03 01:38:40,225 [INFO] IPUIPlugin:80 - create IPUIPlugin
2024-06-03 01:38:40,225 [INFO] IPUIPlugin:80 - create IPUIPlugin
2024-06-03 01:38:40,225 [INFO] IPUIPlugin:80 - create IPUIPlugin
2024-06-03 01:38:40,225 [INFO] IPUIPlugin:80 - create IPUIPlugin
2024-06-03 01:38:40,225 [INFO] IPUIPlugin:80 - create IPUIPlugin
2024-06-03 01:38:40,225 [INFO] IPUIPlugin:80 - create IPUIPlugin
2024-06-03 01:38:40,226 [INFO] IPUIPlugin:80 - create IPUIPlugin
2024-06-03 01:38:40,226 [INFO] IPUIPlugin:80 - create IPUIPlugin
2024-06-03 01:38:40,226 [INFO] IPUIPlugin:80 - create IPUIPlugin
2024-06-03 01:38:40,226 [INFO] IPUIPlugin:80 - create IPUIPlugin
2024-06-03 01:38:40,226 [INFO] IPUIPlugin:80 - create IPUIPlugin
2024-06-03 01:38:40,226 [INFO] IPUIPlugin:80 - create IPUIPlugin
2024-06-03 01:38:40,227 [INFO] IPUIPlugin:80 - create IPUIPlugin
2024-06-03 01:38:40,227 [INFO] IPUIPlugin:80 - create IPUIPlugin
2024-06-03 01:38:40,227 [INFO] IPUIPlugin:80 - create IPUIPlugin
2024-06-03 01:38:40,227 [INFO] IPUIPlugin:80 - create IPUIPlugin
2024-06-03 01:38:40,292 [INFO] ApiDbMcu:508 - Load IP Config File for PDM2PCM
2024-06-03 01:38:40,407 [INFO] CADModel:165 - CPN selected for project levelSTM32F407VET6
2024-06-03 01:38:40,407 [INFO] CADModel:114 - Register for checkConnection events
2024-06-03 01:38:40,455 [INFO] OpenFileManager:343 - Restore cursor
2024-06-03 03:20:15,278 [INFO] CADModel:198 - CPN selected (Project mode): STM32F407VET6
2024-06-03 03:20:15,279 [INFO] CADModel:200 - Internet connection configuration mode: 1
2024-06-03 03:20:15,279 [INFO] CADModel:203 - rpn retrievedSTM32F407VE
2024-06-03 03:20:15,283 [INFO] WebAppUi:294 - Instantiating new browser for Project
2024-06-03 03:20:15,429 [INFO] WebAppUi:1191 - Register for checkConnection events
2024-06-03 03:20:15,430 [INFO] WebAppUi:1226 - Apply proxy settings
2024-06-03 03:20:15,431 [INFO] WebAppUi:1144 - Chromium authenticates against Manually configured proxy
2024-06-03 03:20:15,432 [INFO] WebAppUi:1152 - Username used for proxy authentication: 
2024-06-03 03:20:15,435 [INFO] WebAppUi:320 - Starting web application
2024-06-03 03:20:15,436 [INFO] WebAppUi:1122 - Web application path used I:\software\STM32CubeIDE_1.15.1\STM32CubeIDE\plugins\com.st.stm32cube.common.mx_6.11.1.202404110753\db\plugins\mcufinder\reactClient\index.html
2024-06-03 03:20:15,465 [INFO] WebAppUi:887 - Path where api_config.json is located C:\Users\king\.stmcufinder\plugins\mcufinder//mcu/api_config.json
2024-06-03 03:20:15,465 [INFO] WebAppUi:888 - Setting api config in window object
2024-06-03 03:20:15,491 [WARN] WebAppUi:925 - Cannot access cad_preferences.json
2024-06-03 03:20:15,491 [WARN] WebAppUi:928 - Fallback to default consent
2024-06-03 03:20:15,492 [INFO] WebAppUi:896 - Path where cad_preferences.json is located C:\Users\king/.stm32cubeide/
2024-06-03 03:20:15,492 [INFO] WebAppUi:897 - Setting consent info in window object
2024-06-03 03:20:16,830 [INFO] WebAppUi:792 - Allow Downloads
2024-06-03 03:20:16,831 [INFO] WebAppUi:294 - Instantiating new browser for Finder
2024-06-03 03:20:16,970 [INFO] WebAppUi:1191 - Register for checkConnection events
2024-06-03 03:20:16,970 [INFO] WebAppUi:1226 - Apply proxy settings
2024-06-03 03:20:16,973 [INFO] WebAppUi:1144 - Chromium authenticates against Manually configured proxy
2024-06-03 03:20:16,973 [INFO] WebAppUi:1152 - Username used for proxy authentication: 
2024-06-03 03:20:16,976 [INFO] WebAppUi:320 - Starting web application
2024-06-03 03:20:16,976 [INFO] WebAppUi:1122 - Web application path used I:\software\STM32CubeIDE_1.15.1\STM32CubeIDE\plugins\com.st.stm32cube.common.mx_6.11.1.202404110753\db\plugins\mcufinder\reactClient\index.html
2024-06-03 03:20:16,985 [INFO] WebAppUi:887 - Path where api_config.json is located C:\Users\king\.stmcufinder\plugins\mcufinder//mcu/api_config.json
2024-06-03 03:20:16,986 [INFO] WebAppUi:888 - Setting api config in window object
2024-06-03 03:20:17,008 [INFO] WebAppUi:896 - Path where cad_preferences.json is located C:\Users\king/.stm32cubeide/
2024-06-03 03:20:17,008 [INFO] WebAppUi:897 - Setting consent info in window object
2024-06-03 03:20:17,647 [INFO] WebAppUi:1056 - Web application message: [UlApiManager component] Connected to Ultra Librarian SSO
2024-06-03 03:20:17,648 [INFO] WebAppUi:1056 - Web application message: [UlApiManager component] Connected to Ultra Librarian API
2024-06-03 03:20:18,259 [INFO] WebAppUi:792 - Allow Downloads
2024-06-03 03:20:18,260 [INFO] WebAppUi:613 - RPN selected STM32F407VE
2024-06-03 03:20:18,260 [INFO] WebAppUi:614 - RefName selected STM32F407VETx
2024-06-03 03:20:18,260 [INFO] WebAppUi:615 - CPN selected STM32F407VET6
2024-06-03 03:20:18,262 [INFO] WebAppUi:778 - Which Bigleton in use 2 and which CPN is about STM32F407VET6
2024-06-03 03:20:18,266 [INFO] WebAppUi:652 - Have injected Javascript into web application
2024-06-03 03:20:18,266 [INFO] WebAppUiContainer:153 - Web application run mode: Project CPN: STM32F407VET6
2024-06-03 03:20:18,736 [INFO] WebAppUi:1056 - Web application message: [UlApiManager component] Connected to Ultra Librarian SSO
2024-06-03 03:20:18,737 [INFO] WebAppUi:1056 - Web application message: [UlApiManager component] Connected to Ultra Librarian API
2024-06-03 03:20:19,912 [INFO] CADModel:198 - CPN selected (Project mode): STM32F407VET6
2024-06-03 03:20:19,912 [INFO] CADModel:200 - Internet connection configuration mode: 1
2024-06-03 03:20:19,913 [INFO] CADModel:203 - rpn retrievedSTM32F407VE
2024-06-03 03:20:19,913 [INFO] WebAppUi:613 - RPN selected STM32F407VE
2024-06-03 03:20:19,913 [INFO] WebAppUi:614 - RefName selected STM32F407VETx
2024-06-03 03:20:19,913 [INFO] WebAppUi:615 - CPN selected STM32F407VET6
2024-06-03 03:20:19,913 [INFO] WebAppUi:778 - Which Bigleton in use 2 and which CPN is about STM32F407VET6
2024-06-03 03:20:19,915 [INFO] WebAppUi:652 - Have injected Javascript into web application
2024-06-03 03:20:19,915 [INFO] WebAppUiContainer:153 - Web application run mode: Project CPN: STM32F407VET6
2024-06-03 03:20:22,562 [INFO] WebAppUi:887 - Path where api_config.json is located C:\Users\king\.stmcufinder\plugins\mcufinder//mcu/api_config.json
2024-06-03 03:20:22,562 [INFO] WebAppUi:888 - Setting api config in window object
2024-06-03 03:20:22,585 [INFO] WebAppUi:896 - Path where cad_preferences.json is located C:\Users\king/.stm32cubeide/
2024-06-03 03:20:22,585 [INFO] WebAppUi:897 - Setting consent info in window object
2024-06-03 03:20:24,672 [INFO] WebAppUi:1056 - Web application message: THREE.WebGLRenderer 101
2024-06-03 03:20:37,056 [INFO] CADModel:198 - CPN selected (Project mode): STM32F407VET6
2024-06-03 03:20:37,057 [INFO] CADModel:200 - Internet connection configuration mode: 1
2024-06-03 03:20:37,057 [INFO] CADModel:203 - rpn retrievedSTM32F407VE
2024-06-03 03:20:37,057 [INFO] WebAppUi:613 - RPN selected STM32F407VE
2024-06-03 03:20:37,057 [INFO] WebAppUi:614 - RefName selected STM32F407VETx
2024-06-03 03:20:37,057 [INFO] WebAppUi:615 - CPN selected STM32F407VET6
2024-06-03 03:20:37,058 [INFO] WebAppUi:778 - Which Bigleton in use 2 and which CPN is about STM32F407VET6
2024-06-03 03:20:37,059 [INFO] WebAppUi:652 - Have injected Javascript into web application
2024-06-03 03:20:37,059 [INFO] WebAppUiContainer:153 - Web application run mode: Project CPN: STM32F407VET6
2024-06-03 03:20:39,989 [INFO] WebAppUi:263 - Path where cad_preferences.json is located C:\Users\king/.stm32cubeide/
2024-06-03 03:20:39,989 [INFO] WebAppUi:264 - Updating consent from JSON file
2024-06-03 03:20:39,990 [INFO] WebAppUi:263 - Path where cad_preferences.json is located C:\Users\king/.stm32cubeide/
2024-06-03 03:20:39,990 [INFO] WebAppUi:264 - Updating consent from JSON file
2024-06-03 03:20:46,068 [INFO] WebAppUi:1056 - Web application message: CAD family uin use KiCAD
2024-06-03 03:20:55,108 [INFO] WebAppUi:1056 - Web application message: CAD family uin use Cadence
2024-06-03 03:20:57,347 [INFO] WebAppUi:1056 - Web application message: CAD family uin use Altium
2024-06-03 03:21:10,660 [INFO] WebAppUi:1056 - Web application message: [FootprintPreviews component] type chosen Detailed
2024-06-03 03:21:13,147 [INFO] WebAppUi:1056 - Web application message: [FootprintPreviews component] type chosen Basic
2024-06-03 03:40:59,262 [INFO] UtilMem:75 - End SaveConfig() Used Memory: 671113944 Bytes (1073741824)
2024-06-03 03:40:59,309 [INFO] UtilMem:75 - End SaveConfig() Used Memory: 700720472 Bytes (1073741824)
2024-06-03 03:41:01,102 [INFO] ServerAccessManage:473 - Download File stm32cube_fw_f4_v1280.zip
2024-06-03 03:41:25,448 [INFO] AnalyticsPlugin:368 - Accepted License(s): [FW.F4.1.28.0]
2024-06-03 03:41:25,449 [INFO] FileExtend:240 - Unzip File : stm32cube_fw_f4_v1280.zip
2024-06-03 03:41:25,449 [INFO] FileExtend:255 - Standard Zip Deflate
2024-06-03 03:42:32,948 [INFO] LoadServerPackagesThread:196 - End of LoadServerPackages Thread
2024-06-03 03:42:33,082 [INFO] ThirdPartyModel:298 - Start build external matchings
2024-06-03 03:42:33,087 [INFO] UtilMem:75 - End SaveConfig() Used Memory: 714383968 Bytes (1073741824)
2024-06-03 03:42:33,241 [INFO] ThirdPartyModel:316 - End build external matchings
2024-06-03 03:42:33,247 [INFO] CheckServerUpdateThread:120 - End of CheckServer Thread
2024-06-03 03:42:33,426 [INFO] BlockDiagram:2759 - set Specific Code input for plugin: RCC
2024-06-03 03:42:33,426 [INFO] BlockDiagram:2759 - set Specific Code input for plugin: NVIC
2024-06-03 03:42:33,427 [INFO] BlockDiagram:2759 - set Specific Code input for plugin: GPIO
2024-06-03 03:42:33,428 [INFO] CodeGenerator:807 - code generatio: config db path: I:\software\STM32CubeIDE_1.15.1\STM32CubeIDE\plugins\com.st.stm32cube.common.mx_6.11.1.202404110753\\db\
2024-06-03 03:42:33,646 [INFO] CodeEngine:255 - oldGeneratedFile, I:\document\Stm32_Cube\F407Test\MXTmpFiles\license.tmp_save
2024-06-03 03:42:33,912 [INFO] CodeEngine:279 - Generated code: I:\document\Stm32_Cube\F407Test\MXTmpFiles\license.tmp
2024-06-03 03:42:33,997 [INFO] CodeEngine:255 - oldGeneratedFile, I:\document\Stm32_Cube\F407Test\MXTmpFiles\gpio.tmp_save
2024-06-03 03:42:34,113 [INFO] CodeEngine:279 - Generated code: I:\document\Stm32_Cube\F407Test\MXTmpFiles\gpio.tmp
2024-06-03 03:42:34,149 [INFO] CodeEngine:255 - oldGeneratedFile, I:\document\Stm32_Cube\F407Test\Core\Src\stm32f4xx_it.c_save
2024-06-03 03:42:34,260 [INFO] CodeEngine:279 - Generated code: I:\document\Stm32_Cube\F407Test\Core\Src\stm32f4xx_it.c
2024-06-03 03:42:34,283 [INFO] CodeEngine:255 - oldGeneratedFile, I:\document\Stm32_Cube\F407Test\Core\Inc\stm32f4xx_it.h_save
2024-06-03 03:42:34,375 [INFO] CodeEngine:279 - Generated code: I:\document\Stm32_Cube\F407Test\Core\Inc\stm32f4xx_it.h
2024-06-03 03:42:34,428 [INFO] CodeEngine:255 - oldGeneratedFile, I:\document\Stm32_Cube\F407Test\Core\Src\stm32f4xx_hal_msp.c_save
2024-06-03 03:42:34,531 [INFO] CodeEngine:279 - Generated code: I:\document\Stm32_Cube\F407Test\Core\Src\stm32f4xx_hal_msp.c
2024-06-03 03:42:34,544 [INFO] CodeEngine:255 - oldGeneratedFile, I:\document\Stm32_Cube\F407Test\MXTmpFiles\system.tmp_save
2024-06-03 03:42:34,612 [INFO] CodeEngine:279 - Generated code: I:\document\Stm32_Cube\F407Test\MXTmpFiles\system.tmp
2024-06-03 03:42:34,639 [INFO] CodeEngine:311 - oldGeneratedFile, I:\document\Stm32_Cube\F407Test\Core\Inc\stm32f4xx_hal_conf.h_save
2024-06-03 03:42:34,723 [INFO] CodeEngine:335 - Generated code: I:\document\Stm32_Cube\F407Test\Core\Inc\stm32f4xx_hal_conf.h
2024-06-03 03:42:34,802 [INFO] CodeEngine:255 - oldGeneratedFile, I:\document\Stm32_Cube\F407Test\Core\Inc\main.h_save
2024-06-03 03:42:34,904 [INFO] CodeEngine:279 - Generated code: I:\document\Stm32_Cube\F407Test\Core\Inc\main.h
2024-06-03 03:42:34,927 [INFO] CodeEngine:255 - oldGeneratedFile, I:\document\Stm32_Cube\F407Test\Core\Src\main.c_save
2024-06-03 03:42:35,071 [INFO] CodeEngine:279 - Generated code: I:\document\Stm32_Cube\F407Test\Core\Src\main.c
2024-06-03 03:42:35,516 [INFO] ProjectBuilder:3163 - Time for Copy HAL[1] : 287mS.
2024-06-03 03:42:35,525 [INFO] ProjectBuilder:4736 - Project Generator version: 4.3.0-B58
2024-06-03 03:42:35,595 [INFO] ConfigFileManager:1503 - The Die is : DIE413
2024-06-03 03:42:35,610 [INFO] ApiDbMcu:508 - Load IP Config File for FATFS
2024-06-03 03:42:35,627 [INFO] ApiDbMcu:508 - Load IP Config File for FREERTOS
2024-06-03 03:42:35,638 [INFO] ApiDbMcu:508 - Load IP Config File for LIBJPEG
2024-06-03 03:42:35,650 [INFO] ApiDbMcu:508 - Load IP Config File for LWIP
2024-06-03 03:42:35,667 [INFO] ApiDbMcu:508 - Load IP Config File for MBEDTLS
2024-06-03 03:42:35,684 [INFO] ApiDbMcu:508 - Load IP Config File for USB_DEVICE
2024-06-03 03:42:35,698 [INFO] ApiDbMcu:508 - Load IP Config File for USB_HOST
2024-06-03 03:42:36,230 [INFO] LogOutputStream:77 - [STDOUT_REDIRECT] 
2024-06-03 03:42:37,711 [INFO] ProjectBuilder:5002 - Time for Generating toolchain IDE Files: 2186mS.
2024-06-03 03:42:37,712 [INFO] ProjectBuilder:3034 - Time for Copy CMSIS : 1mS.
2024-06-03 03:42:37,717 [INFO] ProjectBuilder:3034 - Time for Copy CMSIS : 0mS.
2024-06-03 03:42:40,946 [INFO] WebAppUi:263 - Path where cad_preferences.json is located C:\Users\king/.stm32cubeide/
2024-06-03 03:42:40,946 [INFO] WebAppUi:264 - Updating consent from JSON file
2024-06-03 03:42:41,498 [INFO] WebApp:354 - JxBrowser engine has been closed 
2024-06-03 03:42:41,498 [INFO] WebAppUi:453 - JxBrowser engine has been closed 
2024-06-03 03:42:41,498 [INFO] WebAppUi:490 - Close the Jxbrowser engine manually
2024-06-03 03:42:43,341 [ERROR] LogOutputStream:75 - [STDERR_REDIRECT] 
