2024-07-07 00:46:30,599 [INFO] Activator:176 - 


2024-07-07 00:46:30,605 [INFO] Activator:177 - !SESSION log4j initialized
2024-07-07 00:46:35,287 [INFO] LogOutputStream:77 - [STDOUT_REDIRECT] 
2024-07-07 00:46:37,406 [INFO] ApplicationProperties:184 - Using Application install path: I:\software\STM32CubeIDE_1.15.1\STM32CubeIDE\plugins\com.st.stm32cube.common.mx_6.11.1.202404110753
2024-07-07 00:46:37,419 [INFO] DbMcusXml:78 - Set database path to: I:\software\STM32CubeIDE_1.15.1\STM32CubeIDE\plugins\com.st.stm32cube.common.mx_6.11.1.202404110753\\db\/mcu/
2024-07-07 00:46:37,419 [INFO] ApiDb:274 - Set plugin database path to: I:\software\STM32CubeIDE_1.15.1\STM32CubeIDE\plugins\com.st.stm32cube.common.mx_6.11.1.202404110753\\db\/plugins/boardmanager/
2024-07-07 00:46:37,419 [WARN] ApiDb:259 - Overriding images path with different value:  => I:\software\STM32CubeIDE_1.15.1\STM32CubeIDE\plugins\com.st.stm32cube.common.mx_6.11.1.202404110753\\db\/plugins/mcufinder/images/
2024-07-07 00:46:37,432 [INFO] ApiDb:250 - Set database path to: C:\Users\king\.stmcufinder\plugins\mcufinder//mcu/
2024-07-07 00:46:37,433 [INFO] DbMcusAds:125 - Set database path to: C:\Users\king\.stmcufinder\plugins\mcufinder//mcu/
2024-07-07 00:46:37,435 [INFO] CrossReferenceDbSqlite:203 - Set database path to: C:\Users\king\.stmcufinder\plugins\mcufinder//mcu/cs/
2024-07-07 00:46:37,526 [INFO] RulesReader:64 - Compatibility file has been processed (297 Rules)
2024-07-07 00:46:37,640 [INFO] DbMcusXml:78 - Set database path to: I:\software\STM32CubeIDE_1.15.1\STM32CubeIDE\plugins\com.st.stm32cube.common.mx_6.11.1.202404110753\\db\/mcu/
2024-07-07 00:46:37,640 [INFO] ApiDb:274 - Set plugin database path to: I:\software\STM32CubeIDE_1.15.1\STM32CubeIDE\plugins\com.st.stm32cube.common.mx_6.11.1.202404110753\\db\/plugins/boardmanager/
2024-07-07 00:46:37,640 [INFO] ApiDb:261 - Set plugin images path to: I:\software\STM32CubeIDE_1.15.1\STM32CubeIDE\plugins\com.st.stm32cube.common.mx_6.11.1.202404110753\\db\/plugins/mcufinder/images/
2024-07-07 00:46:37,640 [WARN] DbFile:41 - Overriding database path with different value: C:\Users\king\.stmcufinder\plugins\mcufinder/ => C:\Users\king\.stmcufinder\plugins\mcufinder
2024-07-07 00:46:37,641 [INFO] ApiDb:250 - Set database path to: C:\Users\king\.stmcufinder\plugins\mcufinder//mcu/
2024-07-07 00:46:37,641 [WARN] DbFile:41 - Overriding database path with different value: C:\Users\king\.stmcufinder\plugins\mcufinder/ => C:\Users\king\.stmcufinder\plugins\mcufinder
2024-07-07 00:46:37,641 [INFO] DbMcusAds:125 - Set database path to: C:\Users\king\.stmcufinder\plugins\mcufinder//mcu/
2024-07-07 00:46:37,641 [WARN] DbFile:41 - Overriding database path with different value: C:\Users\king\.stmcufinder\plugins\mcufinder/ => C:\Users\king\.stmcufinder\plugins\mcufinder
2024-07-07 00:46:37,641 [WARN] DbFile:41 - Overriding database path with different value: C:\Users\king\.stmcufinder\plugins\mcufinder/ => C:\Users\king\.stmcufinder\plugins\mcufinder
2024-07-07 00:46:37,641 [INFO] CrossReferenceDbSqlite:203 - Set database path to: C:\Users\king\.stmcufinder\plugins\mcufinder//mcu/cs/
2024-07-07 00:46:37,726 [INFO] MainPanel:264 - HeapMemory: 268435456
2024-07-07 00:46:37,796 [INFO] DbMcusXml:78 - Set database path to: I:\software\STM32CubeIDE_1.15.1\STM32CubeIDE\plugins\com.st.stm32cube.common.mx_6.11.1.202404110753\\db\/mcu/
2024-07-07 00:46:37,796 [INFO] ApiDb:274 - Set plugin database path to: I:\software\STM32CubeIDE_1.15.1\STM32CubeIDE\plugins\com.st.stm32cube.common.mx_6.11.1.202404110753\\db\/plugins/boardmanager/
2024-07-07 00:46:37,796 [INFO] ApiDb:261 - Set plugin images path to: I:\software\STM32CubeIDE_1.15.1\STM32CubeIDE\plugins\com.st.stm32cube.common.mx_6.11.1.202404110753\\db\/plugins/mcufinder/images/
2024-07-07 00:46:37,796 [WARN] DbFile:41 - Overriding database path with different value: C:\Users\king\.stmcufinder\plugins\mcufinder/ => C:\Users\king\.stmcufinder\plugins\mcufinder
2024-07-07 00:46:37,797 [INFO] ApiDb:250 - Set database path to: C:\Users\king\.stmcufinder\plugins\mcufinder//mcu/
2024-07-07 00:46:37,797 [WARN] DbFile:41 - Overriding database path with different value: C:\Users\king\.stmcufinder\plugins\mcufinder/ => C:\Users\king\.stmcufinder\plugins\mcufinder
2024-07-07 00:46:37,797 [INFO] DbMcusAds:125 - Set database path to: C:\Users\king\.stmcufinder\plugins\mcufinder//mcu/
2024-07-07 00:46:37,797 [WARN] DbFile:41 - Overriding database path with different value: C:\Users\king\.stmcufinder\plugins\mcufinder/ => C:\Users\king\.stmcufinder\plugins\mcufinder
2024-07-07 00:46:37,797 [WARN] DbFile:41 - Overriding database path with different value: C:\Users\king\.stmcufinder\plugins\mcufinder/ => C:\Users\king\.stmcufinder\plugins\mcufinder
2024-07-07 00:46:37,797 [INFO] CrossReferenceDbSqlite:203 - Set database path to: C:\Users\king\.stmcufinder\plugins\mcufinder//mcu/cs/
2024-07-07 00:46:37,815 [INFO] ApplicationProperties:184 - Using Application install path: I:\software\STM32CubeIDE_1.15.1\STM32CubeIDE\plugins\com.st.stm32cube.common.mx_6.11.1.202404110753
2024-07-07 00:46:37,816 [INFO] PluginManage:196 - Search for loadable plugins [exclusion list=, ]
2024-07-07 00:46:37,817 [INFO] PluginManage:310 - Check plugin analytics
2024-07-07 00:46:37,941 [INFO] AnalyticsPlugin:253 - Accepted Software Licenses: STM32CubeMX.6.8.1,STM32CubeMX.6.10.0
2024-07-07 00:46:37,941 [INFO] AnalyticsPlugin:255 - Accepted CMSIS Pack Licenses: 
2024-07-07 00:46:37,941 [INFO] AnalyticsPlugin:257 - Accepted Firmware Licenses: FW.F4.1.28.0
2024-07-07 00:46:37,942 [INFO] PluginManage:359 - Loaded plugin analytics (category:tool,tabindex:-1)
2024-07-07 00:46:37,943 [INFO] PluginManage:310 - Check plugin cadmodel
2024-07-07 00:46:37,955 [INFO] CADModel:105 - Init CAD model plugin
2024-07-07 00:46:37,956 [INFO] PluginManage:359 - Loaded plugin cadmodel (category:power,tabindex:5)
2024-07-07 00:46:37,956 [INFO] PluginManage:310 - Check plugin clock
2024-07-07 00:46:37,973 [INFO] PluginManage:359 - Loaded plugin clock (category:base,tabindex:2)
2024-07-07 00:46:37,973 [INFO] PluginManage:310 - Check plugin ddr
2024-07-07 00:46:37,975 [INFO] PluginManage:359 - Loaded plugin ddr (category:tool,tabindex:6)
2024-07-07 00:46:37,975 [INFO] PluginManage:310 - Check plugin filemanager
2024-07-07 00:46:38,090 [INFO] PluginManage:359 - Loaded plugin filemanager (category:base,tabindex:10)
2024-07-07 00:46:38,090 [INFO] PluginManage:310 - Check plugin ipmanager
2024-07-07 00:46:38,100 [INFO] PluginManage:359 - Loaded plugin ipmanager (category:base,tabindex:5)
2024-07-07 00:46:38,100 [INFO] PluginManage:310 - Check plugin lpbam
2024-07-07 00:46:38,113 [INFO] PluginManage:359 - Loaded plugin lpbam (category:base,tabindex:0)
2024-07-07 00:46:38,113 [INFO] PluginManage:310 - Check plugin memorymap
2024-07-07 00:46:38,132 [INFO] PluginManage:359 - Loaded plugin memorymap (category:base,tabindex:4)
2024-07-07 00:46:38,132 [INFO] PluginManage:310 - Check plugin pinoutandconfiguration
2024-07-07 00:46:38,144 [INFO] PluginManage:359 - Loaded plugin pinoutandconfiguration (category:base,tabindex:1)
2024-07-07 00:46:38,144 [INFO] PluginManage:310 - Check plugin pinoutconfig
2024-07-07 00:46:38,216 [WARN] SupportedApi:132 - Cannot load RTOS API schema: s4s-elt-must-match.1: The content of 'definitions' must match (annotation?, (simpleType | complexType)?, (unique | key | keyref)*)). A problem was found starting at: attribute.
2024-07-07 00:46:38,308 [INFO] PluginManage:359 - Loaded plugin pinoutconfig (category:base,tabindex:0)
2024-07-07 00:46:38,308 [INFO] PluginManage:310 - Check plugin power
2024-07-07 00:46:38,324 [INFO] PluginManage:359 - Loaded plugin power (category:power,tabindex:4)
2024-07-07 00:46:38,324 [INFO] PluginManage:310 - Check plugin projectmanager
2024-07-07 00:46:38,337 [INFO] PluginManage:359 - Loaded plugin projectmanager (category:projectmanager,tabindex:3)
2024-07-07 00:46:38,337 [INFO] PluginManage:310 - Check plugin thirdparty
2024-07-07 00:46:38,533 [INFO] PluginManage:359 - Loaded plugin thirdparty (category:base,tabindex:-1)
2024-07-07 00:46:38,534 [INFO] PluginManage:310 - Check plugin tools
2024-07-07 00:46:38,533 [WARN] IntegrityCheckThread:84 - waiting for thirdparty lock release [integrity check]
2024-07-07 00:46:38,534 [INFO] IntegrityCheckThread:86 - entering critical section [integrity check]
2024-07-07 00:46:38,534 [INFO] ThirdPartyUpdaterWithRetryManager:70 - Updater plugin not ready yet. [1/15]
2024-07-07 00:46:38,559 [INFO] PluginManage:359 - Loaded plugin tools (category:base,tabindex:7)
2024-07-07 00:46:38,559 [INFO] PluginManage:310 - Check plugin tutovideos
2024-07-07 00:46:38,713 [INFO] PluginManage:359 - Loaded plugin tutovideos (category:base,tabindex:-1)
2024-07-07 00:46:38,713 [INFO] PluginManage:310 - Check plugin updater
2024-07-07 00:46:38,722 [INFO] PluginManage:359 - Loaded plugin updater (category:base,tabindex:12)
2024-07-07 00:46:38,722 [INFO] PluginManage:310 - Check plugin userauth
2024-07-07 00:46:38,726 [INFO] UserAuth:114 - Init User Auth plugin
2024-07-07 00:46:38,726 [INFO] PluginManage:359 - Loaded plugin userauth (category:base,tabindex:14)
2024-07-07 00:46:38,726 [INFO] PluginManage:283 - PluginManage : Loaded plugins [17]
2024-07-07 00:46:38,944 [INFO] PinOutPanel:1561 - setPackage(No Configuration,No Configuration)
2024-07-07 00:46:39,047 [INFO] CADModel:165 - CPN selected for project level
2024-07-07 00:46:39,047 [INFO] CADModel:114 - Register for checkConnection events
2024-07-07 00:46:39,069 [INFO] IPUIPlugin:80 - create IPUIPlugin
2024-07-07 00:46:39,069 [INFO] PluginManager:220 - loadIPPluginJar : add adc
2024-07-07 00:46:39,098 [INFO] IPUIPlugin:80 - create IPUIPlugin
2024-07-07 00:46:39,098 [INFO] PluginManager:220 - loadIPPluginJar : add aes
2024-07-07 00:46:39,128 [INFO] IPUIPlugin:80 - create IPUIPlugin
2024-07-07 00:46:39,128 [INFO] PluginManager:220 - loadIPPluginJar : add can
2024-07-07 00:46:39,144 [INFO] IPUIPlugin:80 - create IPUIPlugin
2024-07-07 00:46:39,145 [INFO] PluginManager:220 - loadIPPluginJar : add comp
2024-07-07 00:46:39,168 [INFO] IPUIPlugin:80 - create IPUIPlugin
2024-07-07 00:46:39,168 [INFO] PluginManager:220 - loadIPPluginJar : add cryp
2024-07-07 00:46:39,189 [INFO] IPUIPlugin:80 - create IPUIPlugin
2024-07-07 00:46:39,189 [INFO] PluginManager:220 - loadIPPluginJar : add dfsdm
2024-07-07 00:46:39,200 [INFO] IPUIPlugin:80 - create IPUIPlugin
2024-07-07 00:46:39,200 [INFO] PluginManager:220 - loadIPPluginJar : add dma
2024-07-07 00:46:39,231 [INFO] IPUIPlugin:80 - create IPUIPlugin
2024-07-07 00:46:39,231 [INFO] PluginManager:220 - loadIPPluginJar : add dma3
2024-07-07 00:46:39,263 [INFO] IPUIPlugin:80 - create IPUIPlugin
2024-07-07 00:46:39,263 [INFO] PluginManager:220 - loadIPPluginJar : add extmemmanager
2024-07-07 00:46:39,277 [INFO] IPUIPlugin:80 - create IPUIPlugin
2024-07-07 00:46:39,277 [INFO] PluginManager:220 - loadIPPluginJar : add fatfs
2024-07-07 00:46:39,311 [INFO] IPUIPlugin:80 - create IPUIPlugin
2024-07-07 00:46:39,311 [INFO] PluginManager:220 - loadIPPluginJar : add fmc
2024-07-07 00:46:39,323 [INFO] IPUIPlugin:80 - create IPUIPlugin
2024-07-07 00:46:39,323 [INFO] PluginManager:220 - loadIPPluginJar : add freertos
2024-07-07 00:46:39,338 [INFO] IPUIPlugin:80 - create IPUIPlugin
2024-07-07 00:46:39,338 [INFO] PluginManager:220 - loadIPPluginJar : add genericplugin
2024-07-07 00:46:39,403 [INFO] IPUIPlugin:80 - create IPUIPlugin
2024-07-07 00:46:39,403 [INFO] PluginManager:220 - loadIPPluginJar : add gfxmmu
2024-07-07 00:46:39,495 [INFO] IPUIPlugin:80 - create IPUIPlugin
2024-07-07 00:46:39,496 [INFO] PluginManager:220 - loadIPPluginJar : add gic
2024-07-07 00:46:39,506 [INFO] IPUIPlugin:80 - create IPUIPlugin
2024-07-07 00:46:39,506 [INFO] PluginManager:220 - loadIPPluginJar : add gpio
2024-07-07 00:46:39,572 [INFO] IPUIPlugin:80 - create IPUIPlugin
2024-07-07 00:46:39,572 [INFO] PluginManager:220 - loadIPPluginJar : add gtzc
2024-07-07 00:46:39,596 [INFO] IPUIPlugin:80 - create IPUIPlugin
2024-07-07 00:46:39,596 [INFO] PluginManager:220 - loadIPPluginJar : add hash
2024-07-07 00:46:39,637 [INFO] IPUIPlugin:80 - create IPUIPlugin
2024-07-07 00:46:39,637 [INFO] PluginManager:220 - loadIPPluginJar : add i2c
2024-07-07 00:46:39,666 [INFO] IPUIPlugin:80 - create IPUIPlugin
2024-07-07 00:46:39,666 [INFO] PluginManager:220 - loadIPPluginJar : add i2s
2024-07-07 00:46:39,696 [INFO] IPUIPlugin:80 - create IPUIPlugin
2024-07-07 00:46:39,697 [INFO] PluginManager:220 - loadIPPluginJar : add i3c
2024-07-07 00:46:39,771 [INFO] IPUIPlugin:80 - create IPUIPlugin
2024-07-07 00:46:39,771 [INFO] PluginManager:220 - loadIPPluginJar : add ipddr
2024-07-07 00:46:39,838 [INFO] IPUIPlugin:80 - create IPUIPlugin
2024-07-07 00:46:39,838 [INFO] PluginManager:220 - loadIPPluginJar : add linkedlist
2024-07-07 00:46:39,863 [INFO] IPUIPlugin:80 - create IPUIPlugin
2024-07-07 00:46:39,864 [INFO] PluginManager:220 - loadIPPluginJar : add lorawan
2024-07-07 00:46:39,891 [INFO] IPUIPlugin:80 - create IPUIPlugin
2024-07-07 00:46:39,891 [INFO] PluginManager:220 - loadIPPluginJar : add ltdc
2024-07-07 00:46:39,902 [INFO] IPUIPlugin:80 - create IPUIPlugin
2024-07-07 00:46:39,902 [INFO] PluginManager:220 - loadIPPluginJar : add mdma
2024-07-07 00:46:39,910 [INFO] IPUIPlugin:80 - create IPUIPlugin
2024-07-07 00:46:39,910 [INFO] PluginManager:220 - loadIPPluginJar : add nvic
2024-07-07 00:46:39,937 [INFO] IPUIPlugin:80 - create IPUIPlugin
2024-07-07 00:46:39,937 [INFO] PluginManager:220 - loadIPPluginJar : add opamp
2024-07-07 00:46:39,980 [INFO] IPUIPlugin:80 - create IPUIPlugin
2024-07-07 00:46:39,980 [INFO] PluginManager:220 - loadIPPluginJar : add openamp
2024-07-07 00:46:40,012 [INFO] IPUIPlugin:80 - create IPUIPlugin
2024-07-07 00:46:40,012 [INFO] PluginManager:220 - loadIPPluginJar : add pdm2pcm
2024-07-07 00:46:40,024 [INFO] IPUIPlugin:80 - create IPUIPlugin
2024-07-07 00:46:40,025 [INFO] PluginManager:220 - loadIPPluginJar : add plateformsettings
2024-07-07 00:46:40,042 [INFO] IPUIPlugin:80 - create IPUIPlugin
2024-07-07 00:46:40,042 [INFO] PluginManager:220 - loadIPPluginJar : add quadspi
2024-07-07 00:46:40,052 [INFO] IPUIPlugin:80 - create IPUIPlugin
2024-07-07 00:46:40,052 [INFO] PluginManager:220 - loadIPPluginJar : add resmgrutility
2024-07-07 00:46:40,086 [INFO] IPUIPlugin:80 - create IPUIPlugin
2024-07-07 00:46:40,086 [INFO] PluginManager:220 - loadIPPluginJar : add sai
2024-07-07 00:46:40,112 [INFO] IPUIPlugin:80 - create IPUIPlugin
2024-07-07 00:46:40,112 [INFO] PluginManager:220 - loadIPPluginJar : add spi
2024-07-07 00:46:40,161 [INFO] IPUIPlugin:80 - create IPUIPlugin
2024-07-07 00:46:40,161 [INFO] PluginManager:220 - loadIPPluginJar : add stm32_wpan
2024-07-07 00:46:40,177 [INFO] IPUIPlugin:80 - create IPUIPlugin
2024-07-07 00:46:40,177 [INFO] PluginManager:220 - loadIPPluginJar : add tim
2024-07-07 00:46:40,219 [INFO] IPUIPlugin:80 - create IPUIPlugin
2024-07-07 00:46:40,219 [INFO] PluginManager:220 - loadIPPluginJar : add touchsensing
2024-07-07 00:46:40,235 [INFO] IPUIPlugin:80 - create IPUIPlugin
2024-07-07 00:46:40,235 [INFO] PluginManager:220 - loadIPPluginJar : add tracer_emb
2024-07-07 00:46:40,252 [INFO] IPUIPlugin:80 - create IPUIPlugin
2024-07-07 00:46:40,252 [INFO] PluginManager:220 - loadIPPluginJar : add ts
2024-07-07 00:46:40,267 [INFO] IPUIPlugin:80 - create IPUIPlugin
2024-07-07 00:46:40,267 [INFO] PluginManager:220 - loadIPPluginJar : add tsc
2024-07-07 00:46:40,282 [INFO] IPUIPlugin:80 - create IPUIPlugin
2024-07-07 00:46:40,282 [INFO] PluginManager:220 - loadIPPluginJar : add ucpd
2024-07-07 00:46:40,313 [INFO] IPUIPlugin:80 - create IPUIPlugin
2024-07-07 00:46:40,313 [INFO] PluginManager:220 - loadIPPluginJar : add usart
2024-07-07 00:46:40,343 [INFO] IPUIPlugin:80 - create IPUIPlugin
2024-07-07 00:46:40,343 [INFO] PluginManager:220 - loadIPPluginJar : add usbx
2024-07-07 00:46:40,483 [INFO] CADModel:165 - CPN selected for project level
2024-07-07 00:46:40,483 [INFO] CADModel:114 - Register for checkConnection events
2024-07-07 00:46:40,483 [FATAL] Updater:308 - Updater called before beeing initialized
2024-07-07 00:46:40,483 [ERROR] CADModel:125 - Updater not yet initialized, retry later 
2024-07-07 00:46:40,597 [INFO] CADModel:165 - CPN selected for project level
2024-07-07 00:46:40,597 [INFO] CADModel:114 - Register for checkConnection events
2024-07-07 00:46:40,597 [FATAL] Updater:308 - Updater called before beeing initialized
2024-07-07 00:46:40,597 [ERROR] CADModel:125 - Updater not yet initialized, retry later 
2024-07-07 00:46:40,600 [FATAL] Updater:308 - Updater called before beeing initialized
2024-07-07 00:46:40,704 [FATAL] Updater:308 - Updater called before beeing initialized
2024-07-07 00:46:40,711 [INFO] DbMcusAds:53 - JSON generation date=Thu May 16 17:22:00 CST 2024 (1715851320852)
2024-07-07 00:46:40,711 [FATAL] Updater:308 - Updater called before beeing initialized
2024-07-07 00:46:40,770 [WARN] DetailPanel:346 - Failed to get advertising image, set to default
2024-07-07 00:46:40,875 [FATAL] Updater:308 - Updater called before beeing initialized
2024-07-07 00:46:40,877 [FATAL] Updater:308 - Updater called before beeing initialized
2024-07-07 00:46:40,877 [FATAL] Updater:308 - Updater called before beeing initialized
2024-07-07 00:46:40,877 [WARN] DetailPanel:346 - Failed to get advertising image, set to default
2024-07-07 00:46:40,877 [FATAL] Updater:308 - Updater called before beeing initialized
2024-07-07 00:46:40,944 [ERROR] Updater:1120 - MainUpdater not yet initialized. External WinMGr cannot be set.
2024-07-07 00:46:40,952 [INFO] Updater:1056 - Updater Version found : 6.11.1
2024-07-07 00:46:40,964 [INFO] ApplicationProperties:184 - Using Application install path: I:\software\STM32CubeIDE_1.15.1\STM32CubeIDE\plugins\com.st.stm32cube.common.mx_6.11.1.202404110753
2024-07-07 00:46:41,467 [INFO] MainUpdater:2873 - connection check result : 10
2024-07-07 00:46:41,468 [INFO] MainUpdater:290 - Updater Check For Update Now.
2024-07-07 00:46:41,468 [INFO] MicroXplorer:498 - Change Database Version : DB.6.0.111
2024-07-07 00:46:41,477 [INFO] McuFinderGlobals:63 - Set McuFinder mode to 2 (CubeIDE integrated)
2024-07-07 00:46:41,486 [INFO] UserAuth:415 - Internet connection configuration mode: 1
2024-07-07 00:46:41,505 [INFO] JxBrowserEngine:152 - Initiate JxBrowser Engine with user profile folder
2024-07-07 00:46:41,534 [WARN] MainUpdater:1194 - Updater busy. Cannot search thirdparties
2024-07-07 00:46:41,534 [INFO] ThirdPartyUpdaterWithRetryManager:96 - Updater plugin is busy. [1/15]
2024-07-07 00:46:41,647 [INFO] CheckServerUpdateThread:120 - End of CheckServer Thread
2024-07-07 00:46:44,768 [WARN] PackLoader:240 - Cannot read IP mode file for STMicroelectronics.X-CUBE-SMBUS.2.1.0
2024-07-07 00:46:44,779 [WARN] PackLoader:240 - Cannot read IP mode file for STMicroelectronics.X-CUBE-TOUCHGFX.4.23.0
2024-07-07 00:46:44,789 [WARN] PackLoader:240 - Cannot read IP mode file for STMicroelectronics.X-CUBE-TOUCHGFX.4.23.2
2024-07-07 00:46:44,821 [WARN] PackLoader:240 - Cannot read IP mode file for STMicroelectronics.X-CUBE-AZRTOS-F7.1.1.0
2024-07-07 00:46:44,837 [WARN] PackLoader:240 - Cannot read IP mode file for STMicroelectronics.FP-SNS-MOTENV1.4.3.2
2024-07-07 00:46:44,848 [WARN] PackLoader:240 - Cannot read IP mode file for STMicroelectronics.FP-SNS-FLIGHT1.5.0.2
2024-07-07 00:46:44,861 [WARN] PackLoader:240 - Cannot read IP mode file for STMicroelectronics.X-CUBE-DISPLAY.3.0.0
2024-07-07 00:46:44,884 [WARN] PackLoader:240 - Cannot read IP mode file for STMicroelectronics.X-CUBE-BLE1.7.0.0
2024-07-07 00:46:44,904 [WARN] PackLoader:240 - Cannot read IP mode file for emotas.I-CUBE-CANOPEN.1.3.0
2024-07-07 00:46:44,923 [WARN] PackLoader:240 - Cannot read IP mode file for STMicroelectronics.FP-SNS-SMARTAG2.1.2.0
2024-07-07 00:46:44,941 [INFO] LogOutputStream:77 - [STDOUT_REDIRECT] 1 : Invalid condition id : UX_CORESTACK_Condition cause : null
2024-07-07 00:46:44,942 [INFO] LogOutputStream:77 - [STDOUT_REDIRECT] 1 : Invalid condition id : UX_CORESTACK_Condition cause : null
2024-07-07 00:46:44,942 [INFO] LogOutputStream:77 - [STDOUT_REDIRECT] 1 : Invalid condition id : UX_CORESTACK_Condition cause : null
2024-07-07 00:46:44,943 [INFO] LogOutputStream:77 - [STDOUT_REDIRECT] 1 : Invalid condition id : UX_CORESTACK_Condition cause : null
2024-07-07 00:46:44,944 [INFO] LogOutputStream:77 - [STDOUT_REDIRECT] 1 : Invalid condition id : UX_CORESTACK_Condition cause : null
2024-07-07 00:46:44,947 [WARN] PackLoader:240 - Cannot read IP mode file for STMicroelectronics.X-CUBE-AZRTOS-WL.2.0.0
2024-07-07 00:46:44,960 [WARN] PackLoader:240 - Cannot read IP mode file for wolfSSL.I-CUBE-wolfMQTT.1.19.0
2024-07-07 00:46:44,973 [WARN] PackLoader:240 - Cannot read IP mode file for STMicroelectronics.X-CUBE-BLE2.3.3.0
2024-07-07 00:46:45,010 [WARN] PackLoader:240 - Cannot read IP mode file for STMicroelectronics.X-CUBE-ALGOBUILD.1.3.0
2024-07-07 00:46:45,107 [WARN] PackLoader:240 - Cannot read IP mode file for STMicroelectronics.X-CUBE-AZRTOS-G0.1.1.0
2024-07-07 00:46:45,119 [WARN] PackLoader:240 - Cannot read IP mode file for STMicroelectronics.X-CUBE-NFC4.3.0.0
2024-07-07 00:46:45,128 [WARN] PackLoader:240 - Cannot read IP mode file for wolfSSL.I-CUBE-wolfMQTT.1.18.0
2024-07-07 00:46:45,143 [WARN] PackLoader:240 - Cannot read IP mode file for EmbeddedOffice.I-CUBE-FS-RTOS.1.0.1
2024-07-07 00:46:45,143 [ERROR] ConditionMgr:805 - Attr not supported : Dmpu
2024-07-07 00:46:45,143 [ERROR] ConditionMgr:805 - Attr not supported : Dmpu
2024-07-07 00:46:45,143 [ERROR] ConditionMgr:805 - Attr not supported : Dmpu
2024-07-07 00:46:45,144 [ERROR] ConditionMgr:805 - Attr not supported : Dmpu
2024-07-07 00:46:45,144 [ERROR] ConditionMgr:805 - Attr not supported : Dmpu
2024-07-07 00:46:45,144 [ERROR] ConditionMgr:805 - Attr not supported : Dmpu
2024-07-07 00:46:45,144 [ERROR] ConditionMgr:805 - Attr not supported : Dmpu
2024-07-07 00:46:45,144 [ERROR] ConditionMgr:805 - Attr not supported : Dmpu
2024-07-07 00:46:45,144 [ERROR] ConditionMgr:805 - Attr not supported : Dmpu
2024-07-07 00:46:45,144 [ERROR] ConditionMgr:805 - Attr not supported : Dmpu
2024-07-07 00:46:45,144 [ERROR] ConditionMgr:805 - Attr not supported : Dmpu
2024-07-07 00:46:45,144 [ERROR] ConditionMgr:805 - Attr not supported : Dmpu
2024-07-07 00:46:45,144 [ERROR] ConditionMgr:805 - Attr not supported : Dmpu
2024-07-07 00:46:45,144 [ERROR] ConditionMgr:805 - Attr not supported : Dmpu
2024-07-07 00:46:45,144 [ERROR] ConditionMgr:805 - Attr not supported : Dmpu
2024-07-07 00:46:45,144 [ERROR] ConditionMgr:805 - Attr not supported : Dmpu
2024-07-07 00:46:45,144 [ERROR] ConditionMgr:805 - Attr not supported : Dmpu
2024-07-07 00:46:45,144 [ERROR] ConditionMgr:805 - Attr not supported : Dmpu
2024-07-07 00:46:45,144 [ERROR] ConditionMgr:805 - Attr not supported : Dmpu
2024-07-07 00:46:45,144 [ERROR] ConditionMgr:805 - Attr not supported : Dmpu
2024-07-07 00:46:45,145 [ERROR] ConditionMgr:805 - Attr not supported : Dmpu
2024-07-07 00:46:45,145 [ERROR] ConditionMgr:805 - Attr not supported : Dmpu
2024-07-07 00:46:45,145 [ERROR] ConditionMgr:805 - Attr not supported : Dmpu
2024-07-07 00:46:45,145 [ERROR] ConditionMgr:805 - Attr not supported : Dmpu
2024-07-07 00:46:45,145 [ERROR] ConditionMgr:805 - Attr not supported : Dmpu
2024-07-07 00:46:45,145 [ERROR] ConditionMgr:805 - Attr not supported : Dmpu
2024-07-07 00:46:45,145 [ERROR] ConditionMgr:805 - Attr not supported : Dmpu
2024-07-07 00:46:45,145 [ERROR] ConditionMgr:805 - Attr not supported : Dmpu
2024-07-07 00:46:45,145 [ERROR] ConditionMgr:805 - Attr not supported : Dmpu
2024-07-07 00:46:45,145 [ERROR] ConditionMgr:805 - Attr not supported : Dmpu
2024-07-07 00:46:45,145 [ERROR] ConditionMgr:805 - Attr not supported : Dmpu
2024-07-07 00:46:45,145 [ERROR] ConditionMgr:805 - Attr not supported : Dmpu
2024-07-07 00:46:45,145 [ERROR] ConditionMgr:805 - Attr not supported : Dmpu
2024-07-07 00:46:45,145 [ERROR] ConditionMgr:805 - Attr not supported : Dmpu
2024-07-07 00:46:45,146 [ERROR] ConditionMgr:805 - Attr not supported : Dmpu
2024-07-07 00:46:45,146 [ERROR] ConditionMgr:805 - Attr not supported : Dmpu
2024-07-07 00:46:45,146 [ERROR] ConditionMgr:805 - Attr not supported : Dmpu
2024-07-07 00:46:45,146 [ERROR] ConditionMgr:805 - Attr not supported : Dmpu
2024-07-07 00:46:45,146 [ERROR] ConditionMgr:805 - Attr not supported : Dmpu
2024-07-07 00:46:45,146 [ERROR] ConditionMgr:805 - Attr not supported : Dmpu
2024-07-07 00:46:45,146 [ERROR] ConditionMgr:805 - Attr not supported : Dmpu
2024-07-07 00:46:45,146 [ERROR] ConditionMgr:805 - Attr not supported : Dmpu
2024-07-07 00:46:45,146 [ERROR] ConditionMgr:805 - Attr not supported : Dmpu
2024-07-07 00:46:45,146 [ERROR] ConditionMgr:805 - Attr not supported : Dmpu
2024-07-07 00:46:45,146 [ERROR] ConditionMgr:805 - Attr not supported : Dmpu
2024-07-07 00:46:45,146 [ERROR] ConditionMgr:805 - Attr not supported : Dmpu
2024-07-07 00:46:45,147 [ERROR] ConditionMgr:805 - Attr not supported : Dmpu
2024-07-07 00:46:45,147 [ERROR] ConditionMgr:805 - Attr not supported : Dmpu
2024-07-07 00:46:45,147 [ERROR] ConditionMgr:805 - Attr not supported : Dmpu
2024-07-07 00:46:45,147 [ERROR] ConditionMgr:805 - Attr not supported : Dmpu
2024-07-07 00:46:45,147 [ERROR] ConditionMgr:805 - Attr not supported : Dmpu
2024-07-07 00:46:45,147 [ERROR] ConditionMgr:805 - Attr not supported : Dmpu
2024-07-07 00:46:45,147 [ERROR] ConditionMgr:805 - Attr not supported : Dmpu
2024-07-07 00:46:45,147 [ERROR] ConditionMgr:805 - Attr not supported : Dmpu
2024-07-07 00:46:45,147 [ERROR] ConditionMgr:805 - Attr not supported : Dmpu
2024-07-07 00:46:45,147 [ERROR] ConditionMgr:805 - Attr not supported : Dmpu
2024-07-07 00:46:45,147 [ERROR] ConditionMgr:805 - Attr not supported : Dmpu
2024-07-07 00:46:45,147 [ERROR] ConditionMgr:805 - Attr not supported : Dmpu
2024-07-07 00:46:45,147 [ERROR] ConditionMgr:805 - Attr not supported : Dmpu
2024-07-07 00:46:45,147 [ERROR] ConditionMgr:805 - Attr not supported : Dmpu
2024-07-07 00:46:45,147 [ERROR] ConditionMgr:805 - Attr not supported : Dmpu
2024-07-07 00:46:45,147 [ERROR] ConditionMgr:805 - Attr not supported : Dmpu
2024-07-07 00:46:45,147 [ERROR] ConditionMgr:805 - Attr not supported : Dmpu
2024-07-07 00:46:45,147 [ERROR] ConditionMgr:805 - Attr not supported : Dmpu
2024-07-07 00:46:45,160 [WARN] PackLoader:240 - Cannot read IP mode file for STMicroelectronics.X-CUBE-BLEMGR.3.0.0
2024-07-07 00:46:45,174 [WARN] PackLoader:240 - Cannot read IP mode file for RealThread.X-CUBE-RT-Thread_Nano.4.1.1
2024-07-07 00:46:45,189 [WARN] PackLoader:240 - Cannot read IP mode file for STMicroelectronics.FP-ATR-SIGFOX1.3.2.0
2024-07-07 00:46:45,206 [WARN] PackLoader:240 - Cannot read IP mode file for STMicroelectronics.X-CUBE-EEPRMA1.5.1.0
2024-07-07 00:46:45,278 [WARN] PackLoader:240 - Cannot read IP mode file for SEGGER.I-CUBE-embOS.1.3.1
2024-07-07 00:46:45,410 [INFO] WebApp:161 - Instantiating new browser for Auth
2024-07-07 00:46:45,428 [WARN] PackLoader:240 - Cannot read IP mode file for STMicroelectronics.X-CUBE-ALGOBUILD.1.4.0
2024-07-07 00:46:45,511 [WARN] PackLoader:240 - Cannot read IP mode file for STMicroelectronics.X-CUBE-GNSS1.6.0.0
2024-07-07 00:46:45,674 [WARN] PackLoader:240 - Cannot read IP mode file for STMicroelectronics.X-CUBE-AZRTOS-F4.1.1.0
2024-07-07 00:46:45,835 [WARN] PackLoader:240 - Cannot read IP mode file for STMicroelectronics.X-CUBE-AZRTOS-L5.2.0.0
2024-07-07 00:46:45,980 [WARN] PackLoader:240 - Cannot read IP mode file for ITTIA_DB.I-CUBE-ITTIADB.8.8.0
2024-07-07 00:46:46,001 [WARN] PackLoader:240 - Cannot read IP mode file for STMicroelectronics.X-CUBE-DPower.1.2.0
2024-07-07 00:46:46,016 [WARN] PackLoader:240 - Cannot read IP mode file for STMicroelectronics.X-CUBE-NFC7.1.0.1
2024-07-07 00:46:46,056 [INFO] WebApp:779 - Register for checkConnection events
2024-07-07 00:46:46,056 [INFO] WebApp:414 - Apply proxy settings
2024-07-07 00:46:46,059 [INFO] WebApp:459 - Chromium authenticates against Manually configured proxy
2024-07-07 00:46:46,064 [INFO] WebApp:467 - Username used for proxy authentication: 
2024-07-07 00:46:46,095 [WARN] PackLoader:240 - Cannot read IP mode file for wolfSSL.I-CUBE-wolfTPM.3.2.0
2024-07-07 00:46:46,107 [WARN] PackLoader:240 - Cannot read IP mode file for STMicroelectronics.X-CUBE-NFC6.3.0.0
2024-07-07 00:46:46,118 [WARN] PackLoader:240 - Cannot read IP mode file for STMicroelectronics.X-CUBE-AI.8.1.0
2024-07-07 00:46:46,138 [WARN] ConditionMgr:438 - getConditionDescription Invalid condition id : LAN8742 Phy interface Condition cause : null
2024-07-07 00:46:46,139 [WARN] PackLoader:240 - Cannot read IP mode file for STMicroelectronics.X-CUBE-AZRTOS-L4.2.0.0
2024-07-07 00:46:46,139 [WARN] ConditionMgr:1039 - genDependencies : Invalid condition id : LAN8742 Phy interface Condition cause : null
2024-07-07 00:46:46,140 [WARN] ConditionMgr:1039 - genDependencies : Invalid condition id : LAN8742 Phy interface Condition cause : null
2024-07-07 00:46:46,140 [WARN] ConditionMgr:1039 - genDependencies : Invalid condition id : LAN8742 Phy interface Condition cause : null
2024-07-07 00:46:46,152 [WARN] PackLoader:240 - Cannot read IP mode file for STMicroelectronics.X-CUBE-SFXS2LP1.4.0.0
2024-07-07 00:46:46,170 [WARN] ConditionMgr:438 - getConditionDescription Invalid condition id : UX DEVICE CLASS RTOS Condition cause : null
2024-07-07 00:46:46,170 [WARN] ConditionMgr:438 - getConditionDescription Invalid condition id : UX DEVICE CLASS RTOS Condition cause : null
2024-07-07 00:46:46,172 [WARN] PackLoader:240 - Cannot read IP mode file for STMicroelectronics.X-CUBE-AZRTOS-WB.2.0.0
2024-07-07 00:46:46,173 [WARN] ConditionMgr:1039 - genDependencies : Invalid condition id : UX DEVICE CLASS RTOS Condition cause : null
2024-07-07 00:46:46,173 [WARN] ConditionMgr:1039 - genDependencies : Invalid condition id : UX DEVICE CLASS RTOS Condition cause : null
2024-07-07 00:46:46,173 [WARN] ConditionMgr:1039 - genDependencies : Invalid condition id : UX DEVICE CLASS RTOS Condition cause : null
2024-07-07 00:46:46,173 [WARN] ConditionMgr:1039 - genDependencies : Invalid condition id : UX DEVICE CLASS RTOS Condition cause : null
2024-07-07 00:46:46,174 [WARN] ConditionMgr:1039 - genDependencies : Invalid condition id : UX DEVICE CLASS RTOS Condition cause : null
2024-07-07 00:46:46,187 [WARN] PackLoader:240 - Cannot read IP mode file for STMicroelectronics.X-CUBE-SUBG2.5.0.0
2024-07-07 00:46:46,208 [WARN] PackLoader:240 - Cannot read IP mode file for STMicroelectronics.X-CUBE-AZRTOS-G4.2.0.0
2024-07-07 00:46:46,219 [WARN] PackLoader:240 - Cannot read IP mode file for STMicroelectronics.FP-SNS-MOTENVWB1.1.3.1
2024-07-07 00:46:46,224 [INFO] WebApp:192 - Starting web application
2024-07-07 00:46:46,224 [INFO] WebApp:544 - Web application path used I:\software\STM32CubeIDE_1.15.1\STM32CubeIDE\plugins\com.st.stm32cube.common.mx_6.11.1.202404110753\db\plugins\mcufinder\reactClient1\index.html
2024-07-07 00:46:46,228 [WARN] PackLoader:240 - Cannot read IP mode file for STMicroelectronics.X-CUBE-ISPU.2.0.0
2024-07-07 00:46:46,238 [WARN] PackLoader:240 - Cannot read IP mode file for STMicroelectronics.X-CUBE-ALS.1.0.2
2024-07-07 00:46:46,269 [WARN] PackLoader:240 - Cannot read IP mode file for STMicroelectronics.X-CUBE-MEMS1.10.0.0
2024-07-07 00:46:46,347 [WARN] PackLoader:240 - Cannot read IP mode file for STMicroelectronics.X-CUBE-FREERTOS.1.1.0
2024-07-07 00:46:46,357 [WARN] PackLoader:240 - Cannot read IP mode file for STMicroelectronics.X-CUBE-TOUCHGFX.4.24.0
2024-07-07 00:46:46,371 [WARN] PackLoader:240 - Cannot read IP mode file for portGmbH.I-Cube-SoM-uGOAL.1.1.0
2024-07-07 00:46:46,381 [WARN] PackLoader:240 - Cannot read IP mode file for STMicroelectronics.X-CUBE-ALS.1.0.1
2024-07-07 00:46:46,392 [WARN] PackLoader:240 - Cannot read IP mode file for STMicroelectronics.FP-ATR-ASTRA1.2.0.0
2024-07-07 00:46:46,409 [WARN] PackLoader:240 - Cannot read IP mode file for STMicroelectronics.X-CUBE-TOF1.3.4.0
2024-07-07 00:46:46,435 [WARN] PackLoader:240 - Cannot read IP mode file for STMicroelectronics.X-CUBE-AZRTOS-H7.3.2.0
2024-07-07 00:46:46,444 [INFO] ThirdParty:978 - Integrity check success = true
2024-07-07 00:46:46,445 [INFO] IntegrityCheckThread:100 - exiting critical section [integrity check]
2024-07-07 00:46:46,445 [INFO] IntegrityCheckThread:103 - End integrity checks thread
2024-07-07 00:46:55,062 [INFO] WebApp:354 - JxBrowser engine has been closed 
