2024-06-21 22:43:35,178 [INFO] Activator:176 - 


2024-06-21 22:43:35,183 [INFO] Activator:177 - !SESSION log4j initialized
2024-06-21 22:43:39,028 [INFO] LogOutputStream:77 - [STDOUT_REDIRECT] 
2024-06-21 22:43:42,374 [INFO] ApplicationProperties:184 - Using Application install path: I:\software\STM32CubeIDE_1.15.1\STM32CubeIDE\plugins\com.st.stm32cube.common.mx_6.11.1.202404110753
2024-06-21 22:43:42,387 [INFO] DbMcusXml:78 - Set database path to: I:\software\STM32CubeIDE_1.15.1\STM32CubeIDE\plugins\com.st.stm32cube.common.mx_6.11.1.202404110753\\db\/mcu/
2024-06-21 22:43:42,387 [INFO] ApiDb:274 - Set plugin database path to: I:\software\STM32CubeIDE_1.15.1\STM32CubeIDE\plugins\com.st.stm32cube.common.mx_6.11.1.202404110753\\db\/plugins/boardmanager/
2024-06-21 22:43:42,388 [WARN] ApiDb:259 - Overriding images path with different value:  => I:\software\STM32CubeIDE_1.15.1\STM32CubeIDE\plugins\com.st.stm32cube.common.mx_6.11.1.202404110753\\db\/plugins/mcufinder/images/
2024-06-21 22:43:42,398 [INFO] ApiDb:250 - Set database path to: C:\Users\king\.stmcufinder\plugins\mcufinder//mcu/
2024-06-21 22:43:42,399 [INFO] DbMcusAds:125 - Set database path to: C:\Users\king\.stmcufinder\plugins\mcufinder//mcu/
2024-06-21 22:43:42,401 [INFO] CrossReferenceDbSqlite:203 - Set database path to: C:\Users\king\.stmcufinder\plugins\mcufinder//mcu/cs/
2024-06-21 22:43:42,489 [INFO] RulesReader:64 - Compatibility file has been processed (297 Rules)
2024-06-21 22:43:42,594 [INFO] DbMcusXml:78 - Set database path to: I:\software\STM32CubeIDE_1.15.1\STM32CubeIDE\plugins\com.st.stm32cube.common.mx_6.11.1.202404110753\\db\/mcu/
2024-06-21 22:43:42,594 [INFO] ApiDb:274 - Set plugin database path to: I:\software\STM32CubeIDE_1.15.1\STM32CubeIDE\plugins\com.st.stm32cube.common.mx_6.11.1.202404110753\\db\/plugins/boardmanager/
2024-06-21 22:43:42,594 [INFO] ApiDb:261 - Set plugin images path to: I:\software\STM32CubeIDE_1.15.1\STM32CubeIDE\plugins\com.st.stm32cube.common.mx_6.11.1.202404110753\\db\/plugins/mcufinder/images/
2024-06-21 22:43:42,594 [WARN] DbFile:41 - Overriding database path with different value: C:\Users\king\.stmcufinder\plugins\mcufinder/ => C:\Users\king\.stmcufinder\plugins\mcufinder
2024-06-21 22:43:42,594 [INFO] ApiDb:250 - Set database path to: C:\Users\king\.stmcufinder\plugins\mcufinder//mcu/
2024-06-21 22:43:42,594 [WARN] DbFile:41 - Overriding database path with different value: C:\Users\king\.stmcufinder\plugins\mcufinder/ => C:\Users\king\.stmcufinder\plugins\mcufinder
2024-06-21 22:43:42,594 [INFO] DbMcusAds:125 - Set database path to: C:\Users\king\.stmcufinder\plugins\mcufinder//mcu/
2024-06-21 22:43:42,594 [WARN] DbFile:41 - Overriding database path with different value: C:\Users\king\.stmcufinder\plugins\mcufinder/ => C:\Users\king\.stmcufinder\plugins\mcufinder
2024-06-21 22:43:42,594 [WARN] DbFile:41 - Overriding database path with different value: C:\Users\king\.stmcufinder\plugins\mcufinder/ => C:\Users\king\.stmcufinder\plugins\mcufinder
2024-06-21 22:43:42,595 [INFO] CrossReferenceDbSqlite:203 - Set database path to: C:\Users\king\.stmcufinder\plugins\mcufinder//mcu/cs/
2024-06-21 22:43:42,677 [INFO] MainPanel:264 - HeapMemory: 268435456
2024-06-21 22:43:42,739 [INFO] DbMcusXml:78 - Set database path to: I:\software\STM32CubeIDE_1.15.1\STM32CubeIDE\plugins\com.st.stm32cube.common.mx_6.11.1.202404110753\\db\/mcu/
2024-06-21 22:43:42,739 [INFO] ApiDb:274 - Set plugin database path to: I:\software\STM32CubeIDE_1.15.1\STM32CubeIDE\plugins\com.st.stm32cube.common.mx_6.11.1.202404110753\\db\/plugins/boardmanager/
2024-06-21 22:43:42,739 [INFO] ApiDb:261 - Set plugin images path to: I:\software\STM32CubeIDE_1.15.1\STM32CubeIDE\plugins\com.st.stm32cube.common.mx_6.11.1.202404110753\\db\/plugins/mcufinder/images/
2024-06-21 22:43:42,739 [WARN] DbFile:41 - Overriding database path with different value: C:\Users\king\.stmcufinder\plugins\mcufinder/ => C:\Users\king\.stmcufinder\plugins\mcufinder
2024-06-21 22:43:42,739 [INFO] ApiDb:250 - Set database path to: C:\Users\king\.stmcufinder\plugins\mcufinder//mcu/
2024-06-21 22:43:42,739 [WARN] DbFile:41 - Overriding database path with different value: C:\Users\king\.stmcufinder\plugins\mcufinder/ => C:\Users\king\.stmcufinder\plugins\mcufinder
2024-06-21 22:43:42,739 [INFO] DbMcusAds:125 - Set database path to: C:\Users\king\.stmcufinder\plugins\mcufinder//mcu/
2024-06-21 22:43:42,739 [WARN] DbFile:41 - Overriding database path with different value: C:\Users\king\.stmcufinder\plugins\mcufinder/ => C:\Users\king\.stmcufinder\plugins\mcufinder
2024-06-21 22:43:42,739 [WARN] DbFile:41 - Overriding database path with different value: C:\Users\king\.stmcufinder\plugins\mcufinder/ => C:\Users\king\.stmcufinder\plugins\mcufinder
2024-06-21 22:43:42,740 [INFO] CrossReferenceDbSqlite:203 - Set database path to: C:\Users\king\.stmcufinder\plugins\mcufinder//mcu/cs/
2024-06-21 22:43:42,760 [INFO] ApplicationProperties:184 - Using Application install path: I:\software\STM32CubeIDE_1.15.1\STM32CubeIDE\plugins\com.st.stm32cube.common.mx_6.11.1.202404110753
2024-06-21 22:43:42,761 [INFO] PluginManage:196 - Search for loadable plugins [exclusion list=, ]
2024-06-21 22:43:42,763 [INFO] PluginManage:310 - Check plugin analytics
2024-06-21 22:43:42,899 [INFO] AnalyticsPlugin:253 - Accepted Software Licenses: STM32CubeMX.6.8.1,STM32CubeMX.6.10.0
2024-06-21 22:43:42,900 [INFO] AnalyticsPlugin:255 - Accepted CMSIS Pack Licenses: 
2024-06-21 22:43:42,900 [INFO] AnalyticsPlugin:257 - Accepted Firmware Licenses: FW.F4.1.28.0
2024-06-21 22:43:42,901 [INFO] PluginManage:359 - Loaded plugin analytics (category:tool,tabindex:-1)
2024-06-21 22:43:42,901 [INFO] PluginManage:310 - Check plugin cadmodel
2024-06-21 22:43:42,914 [INFO] CADModel:105 - Init CAD model plugin
2024-06-21 22:43:42,914 [INFO] PluginManage:359 - Loaded plugin cadmodel (category:power,tabindex:5)
2024-06-21 22:43:42,914 [INFO] PluginManage:310 - Check plugin clock
2024-06-21 22:43:42,930 [INFO] PluginManage:359 - Loaded plugin clock (category:base,tabindex:2)
2024-06-21 22:43:42,930 [INFO] PluginManage:310 - Check plugin ddr
2024-06-21 22:43:42,931 [INFO] PluginManage:359 - Loaded plugin ddr (category:tool,tabindex:6)
2024-06-21 22:43:42,931 [INFO] PluginManage:310 - Check plugin filemanager
2024-06-21 22:43:43,042 [INFO] PluginManage:359 - Loaded plugin filemanager (category:base,tabindex:10)
2024-06-21 22:43:43,042 [INFO] PluginManage:310 - Check plugin ipmanager
2024-06-21 22:43:43,053 [INFO] PluginManage:359 - Loaded plugin ipmanager (category:base,tabindex:5)
2024-06-21 22:43:43,053 [INFO] PluginManage:310 - Check plugin lpbam
2024-06-21 22:43:43,070 [INFO] PluginManage:359 - Loaded plugin lpbam (category:base,tabindex:0)
2024-06-21 22:43:43,070 [INFO] PluginManage:310 - Check plugin memorymap
2024-06-21 22:43:43,088 [INFO] PluginManage:359 - Loaded plugin memorymap (category:base,tabindex:4)
2024-06-21 22:43:43,088 [INFO] PluginManage:310 - Check plugin pinoutandconfiguration
2024-06-21 22:43:43,100 [INFO] PluginManage:359 - Loaded plugin pinoutandconfiguration (category:base,tabindex:1)
2024-06-21 22:43:43,101 [INFO] PluginManage:310 - Check plugin pinoutconfig
2024-06-21 22:43:43,171 [WARN] SupportedApi:132 - Cannot load RTOS API schema: s4s-elt-must-match.1: The content of 'definitions' must match (annotation?, (simpleType | complexType)?, (unique | key | keyref)*)). A problem was found starting at: attribute.
2024-06-21 22:43:43,259 [INFO] PluginManage:359 - Loaded plugin pinoutconfig (category:base,tabindex:0)
2024-06-21 22:43:43,259 [INFO] PluginManage:310 - Check plugin power
2024-06-21 22:43:43,275 [INFO] PluginManage:359 - Loaded plugin power (category:power,tabindex:4)
2024-06-21 22:43:43,275 [INFO] PluginManage:310 - Check plugin projectmanager
2024-06-21 22:43:43,287 [INFO] PluginManage:359 - Loaded plugin projectmanager (category:projectmanager,tabindex:3)
2024-06-21 22:43:43,287 [INFO] PluginManage:310 - Check plugin thirdparty
2024-06-21 22:43:43,463 [INFO] PluginManage:359 - Loaded plugin thirdparty (category:base,tabindex:-1)
2024-06-21 22:43:43,463 [INFO] PluginManage:310 - Check plugin tools
2024-06-21 22:43:43,463 [WARN] IntegrityCheckThread:84 - waiting for thirdparty lock release [integrity check]
2024-06-21 22:43:43,464 [INFO] IntegrityCheckThread:86 - entering critical section [integrity check]
2024-06-21 22:43:43,464 [INFO] ThirdPartyUpdaterWithRetryManager:70 - Updater plugin not ready yet. [1/15]
2024-06-21 22:43:43,488 [INFO] PluginManage:359 - Loaded plugin tools (category:base,tabindex:7)
2024-06-21 22:43:43,488 [INFO] PluginManage:310 - Check plugin tutovideos
2024-06-21 22:43:43,640 [INFO] PluginManage:359 - Loaded plugin tutovideos (category:base,tabindex:-1)
2024-06-21 22:43:43,640 [INFO] PluginManage:310 - Check plugin updater
2024-06-21 22:43:43,648 [INFO] PluginManage:359 - Loaded plugin updater (category:base,tabindex:12)
2024-06-21 22:43:43,648 [INFO] PluginManage:310 - Check plugin userauth
2024-06-21 22:43:43,652 [INFO] UserAuth:114 - Init User Auth plugin
2024-06-21 22:43:43,652 [INFO] PluginManage:359 - Loaded plugin userauth (category:base,tabindex:14)
2024-06-21 22:43:43,653 [INFO] PluginManage:283 - PluginManage : Loaded plugins [17]
2024-06-21 22:43:43,886 [INFO] PinOutPanel:1561 - setPackage(No Configuration,No Configuration)
2024-06-21 22:43:44,003 [INFO] CADModel:165 - CPN selected for project level
2024-06-21 22:43:44,003 [INFO] CADModel:114 - Register for checkConnection events
2024-06-21 22:43:44,024 [INFO] IPUIPlugin:80 - create IPUIPlugin
2024-06-21 22:43:44,024 [INFO] PluginManager:220 - loadIPPluginJar : add adc
2024-06-21 22:43:44,053 [INFO] IPUIPlugin:80 - create IPUIPlugin
2024-06-21 22:43:44,054 [INFO] PluginManager:220 - loadIPPluginJar : add aes
2024-06-21 22:43:44,084 [INFO] IPUIPlugin:80 - create IPUIPlugin
2024-06-21 22:43:44,084 [INFO] PluginManager:220 - loadIPPluginJar : add can
2024-06-21 22:43:44,102 [INFO] IPUIPlugin:80 - create IPUIPlugin
2024-06-21 22:43:44,102 [INFO] PluginManager:220 - loadIPPluginJar : add comp
2024-06-21 22:43:44,126 [INFO] IPUIPlugin:80 - create IPUIPlugin
2024-06-21 22:43:44,126 [INFO] PluginManager:220 - loadIPPluginJar : add cryp
2024-06-21 22:43:44,147 [INFO] IPUIPlugin:80 - create IPUIPlugin
2024-06-21 22:43:44,147 [INFO] PluginManager:220 - loadIPPluginJar : add dfsdm
2024-06-21 22:43:44,157 [INFO] IPUIPlugin:80 - create IPUIPlugin
2024-06-21 22:43:44,158 [INFO] PluginManager:220 - loadIPPluginJar : add dma
2024-06-21 22:43:44,188 [INFO] IPUIPlugin:80 - create IPUIPlugin
2024-06-21 22:43:44,188 [INFO] PluginManager:220 - loadIPPluginJar : add dma3
2024-06-21 22:43:44,223 [INFO] IPUIPlugin:80 - create IPUIPlugin
2024-06-21 22:43:44,223 [INFO] PluginManager:220 - loadIPPluginJar : add extmemmanager
2024-06-21 22:43:44,237 [INFO] IPUIPlugin:80 - create IPUIPlugin
2024-06-21 22:43:44,237 [INFO] PluginManager:220 - loadIPPluginJar : add fatfs
2024-06-21 22:43:44,274 [INFO] IPUIPlugin:80 - create IPUIPlugin
2024-06-21 22:43:44,274 [INFO] PluginManager:220 - loadIPPluginJar : add fmc
2024-06-21 22:43:44,286 [INFO] IPUIPlugin:80 - create IPUIPlugin
2024-06-21 22:43:44,286 [INFO] PluginManager:220 - loadIPPluginJar : add freertos
2024-06-21 22:43:44,302 [INFO] IPUIPlugin:80 - create IPUIPlugin
2024-06-21 22:43:44,302 [INFO] PluginManager:220 - loadIPPluginJar : add genericplugin
2024-06-21 22:43:44,367 [INFO] IPUIPlugin:80 - create IPUIPlugin
2024-06-21 22:43:44,367 [INFO] PluginManager:220 - loadIPPluginJar : add gfxmmu
2024-06-21 22:43:44,462 [INFO] IPUIPlugin:80 - create IPUIPlugin
2024-06-21 22:43:44,462 [INFO] PluginManager:220 - loadIPPluginJar : add gic
2024-06-21 22:43:44,471 [INFO] IPUIPlugin:80 - create IPUIPlugin
2024-06-21 22:43:44,471 [INFO] PluginManager:220 - loadIPPluginJar : add gpio
2024-06-21 22:43:44,543 [INFO] IPUIPlugin:80 - create IPUIPlugin
2024-06-21 22:43:44,543 [INFO] PluginManager:220 - loadIPPluginJar : add gtzc
2024-06-21 22:43:44,567 [INFO] IPUIPlugin:80 - create IPUIPlugin
2024-06-21 22:43:44,567 [INFO] PluginManager:220 - loadIPPluginJar : add hash
2024-06-21 22:43:44,604 [INFO] IPUIPlugin:80 - create IPUIPlugin
2024-06-21 22:43:44,604 [INFO] PluginManager:220 - loadIPPluginJar : add i2c
2024-06-21 22:43:44,633 [INFO] IPUIPlugin:80 - create IPUIPlugin
2024-06-21 22:43:44,633 [INFO] PluginManager:220 - loadIPPluginJar : add i2s
2024-06-21 22:43:44,664 [INFO] IPUIPlugin:80 - create IPUIPlugin
2024-06-21 22:43:44,664 [INFO] PluginManager:220 - loadIPPluginJar : add i3c
2024-06-21 22:43:44,754 [INFO] IPUIPlugin:80 - create IPUIPlugin
2024-06-21 22:43:44,754 [INFO] PluginManager:220 - loadIPPluginJar : add ipddr
2024-06-21 22:43:44,818 [INFO] IPUIPlugin:80 - create IPUIPlugin
2024-06-21 22:43:44,819 [INFO] PluginManager:220 - loadIPPluginJar : add linkedlist
2024-06-21 22:43:44,843 [INFO] IPUIPlugin:80 - create IPUIPlugin
2024-06-21 22:43:44,843 [INFO] PluginManager:220 - loadIPPluginJar : add lorawan
2024-06-21 22:43:44,870 [INFO] IPUIPlugin:80 - create IPUIPlugin
2024-06-21 22:43:44,870 [INFO] PluginManager:220 - loadIPPluginJar : add ltdc
2024-06-21 22:43:44,880 [INFO] IPUIPlugin:80 - create IPUIPlugin
2024-06-21 22:43:44,880 [INFO] PluginManager:220 - loadIPPluginJar : add mdma
2024-06-21 22:43:44,889 [INFO] IPUIPlugin:80 - create IPUIPlugin
2024-06-21 22:43:44,889 [INFO] PluginManager:220 - loadIPPluginJar : add nvic
2024-06-21 22:43:44,915 [INFO] IPUIPlugin:80 - create IPUIPlugin
2024-06-21 22:43:44,915 [INFO] PluginManager:220 - loadIPPluginJar : add opamp
2024-06-21 22:43:44,957 [INFO] IPUIPlugin:80 - create IPUIPlugin
2024-06-21 22:43:44,957 [INFO] PluginManager:220 - loadIPPluginJar : add openamp
2024-06-21 22:43:44,985 [INFO] IPUIPlugin:80 - create IPUIPlugin
2024-06-21 22:43:44,986 [INFO] PluginManager:220 - loadIPPluginJar : add pdm2pcm
2024-06-21 22:43:44,997 [INFO] IPUIPlugin:80 - create IPUIPlugin
2024-06-21 22:43:44,998 [INFO] PluginManager:220 - loadIPPluginJar : add plateformsettings
2024-06-21 22:43:45,013 [INFO] IPUIPlugin:80 - create IPUIPlugin
2024-06-21 22:43:45,013 [INFO] PluginManager:220 - loadIPPluginJar : add quadspi
2024-06-21 22:43:45,022 [INFO] IPUIPlugin:80 - create IPUIPlugin
2024-06-21 22:43:45,023 [INFO] PluginManager:220 - loadIPPluginJar : add resmgrutility
2024-06-21 22:43:45,060 [INFO] IPUIPlugin:80 - create IPUIPlugin
2024-06-21 22:43:45,060 [INFO] PluginManager:220 - loadIPPluginJar : add sai
2024-06-21 22:43:45,086 [INFO] IPUIPlugin:80 - create IPUIPlugin
2024-06-21 22:43:45,086 [INFO] PluginManager:220 - loadIPPluginJar : add spi
2024-06-21 22:43:45,141 [INFO] IPUIPlugin:80 - create IPUIPlugin
2024-06-21 22:43:45,141 [INFO] PluginManager:220 - loadIPPluginJar : add stm32_wpan
2024-06-21 22:43:45,156 [INFO] IPUIPlugin:80 - create IPUIPlugin
2024-06-21 22:43:45,157 [INFO] PluginManager:220 - loadIPPluginJar : add tim
2024-06-21 22:43:45,202 [INFO] IPUIPlugin:80 - create IPUIPlugin
2024-06-21 22:43:45,202 [INFO] PluginManager:220 - loadIPPluginJar : add touchsensing
2024-06-21 22:43:45,218 [INFO] IPUIPlugin:80 - create IPUIPlugin
2024-06-21 22:43:45,218 [INFO] PluginManager:220 - loadIPPluginJar : add tracer_emb
2024-06-21 22:43:45,235 [INFO] IPUIPlugin:80 - create IPUIPlugin
2024-06-21 22:43:45,235 [INFO] PluginManager:220 - loadIPPluginJar : add ts
2024-06-21 22:43:45,250 [INFO] IPUIPlugin:80 - create IPUIPlugin
2024-06-21 22:43:45,250 [INFO] PluginManager:220 - loadIPPluginJar : add tsc
2024-06-21 22:43:45,266 [INFO] IPUIPlugin:80 - create IPUIPlugin
2024-06-21 22:43:45,266 [INFO] PluginManager:220 - loadIPPluginJar : add ucpd
2024-06-21 22:43:45,300 [INFO] IPUIPlugin:80 - create IPUIPlugin
2024-06-21 22:43:45,301 [INFO] PluginManager:220 - loadIPPluginJar : add usart
2024-06-21 22:43:45,335 [INFO] IPUIPlugin:80 - create IPUIPlugin
2024-06-21 22:43:45,335 [INFO] PluginManager:220 - loadIPPluginJar : add usbx
2024-06-21 22:43:45,474 [INFO] CADModel:165 - CPN selected for project level
2024-06-21 22:43:45,474 [INFO] CADModel:114 - Register for checkConnection events
2024-06-21 22:43:45,474 [FATAL] Updater:308 - Updater called before beeing initialized
2024-06-21 22:43:45,474 [ERROR] CADModel:125 - Updater not yet initialized, retry later 
2024-06-21 22:43:45,585 [INFO] CADModel:165 - CPN selected for project level
2024-06-21 22:43:45,586 [INFO] CADModel:114 - Register for checkConnection events
2024-06-21 22:43:45,586 [FATAL] Updater:308 - Updater called before beeing initialized
2024-06-21 22:43:45,586 [ERROR] CADModel:125 - Updater not yet initialized, retry later 
2024-06-21 22:43:45,588 [FATAL] Updater:308 - Updater called before beeing initialized
2024-06-21 22:43:45,695 [FATAL] Updater:308 - Updater called before beeing initialized
2024-06-21 22:43:45,701 [INFO] DbMcusAds:53 - JSON generation date=Thu May 16 17:22:00 CST 2024 (1715851320852)
2024-06-21 22:43:45,701 [FATAL] Updater:308 - Updater called before beeing initialized
2024-06-21 22:43:45,764 [WARN] DetailPanel:346 - Failed to get advertising image, set to default
2024-06-21 22:43:45,871 [FATAL] Updater:308 - Updater called before beeing initialized
2024-06-21 22:43:45,873 [FATAL] Updater:308 - Updater called before beeing initialized
2024-06-21 22:43:45,873 [FATAL] Updater:308 - Updater called before beeing initialized
2024-06-21 22:43:45,873 [WARN] DetailPanel:346 - Failed to get advertising image, set to default
2024-06-21 22:43:45,874 [FATAL] Updater:308 - Updater called before beeing initialized
2024-06-21 22:43:45,927 [ERROR] Updater:1120 - MainUpdater not yet initialized. External WinMGr cannot be set.
2024-06-21 22:43:45,934 [INFO] Updater:1056 - Updater Version found : 6.11.1
2024-06-21 22:43:45,947 [INFO] ApplicationProperties:184 - Using Application install path: I:\software\STM32CubeIDE_1.15.1\STM32CubeIDE\plugins\com.st.stm32cube.common.mx_6.11.1.202404110753
2024-06-21 22:43:46,465 [INFO] ThirdPartyUpdaterWithRetryManager:70 - Updater plugin not ready yet. [2/15]
2024-06-21 22:43:46,488 [INFO] MainUpdater:2873 - connection check result : 10
2024-06-21 22:43:46,489 [INFO] MainUpdater:290 - Updater Check For Update Now.
2024-06-21 22:43:46,489 [INFO] MicroXplorer:498 - Change Database Version : DB.6.0.111
2024-06-21 22:43:46,502 [INFO] McuFinderGlobals:63 - Set McuFinder mode to 2 (CubeIDE integrated)
2024-06-21 22:43:46,511 [INFO] UserAuth:415 - Internet connection configuration mode: 1
2024-06-21 22:43:46,531 [INFO] JxBrowserEngine:152 - Initiate JxBrowser Engine with user profile folder
2024-06-21 22:43:46,663 [INFO] CheckServerUpdateThread:120 - End of CheckServer Thread
2024-06-21 22:43:49,610 [WARN] PackLoader:240 - Cannot read IP mode file for STMicroelectronics.X-CUBE-SMBUS.2.1.0
2024-06-21 22:43:49,621 [WARN] PackLoader:240 - Cannot read IP mode file for STMicroelectronics.X-CUBE-TOUCHGFX.4.23.0
2024-06-21 22:43:49,650 [WARN] PackLoader:240 - Cannot read IP mode file for STMicroelectronics.X-CUBE-AZRTOS-F7.1.1.0
2024-06-21 22:43:49,663 [WARN] PackLoader:240 - Cannot read IP mode file for STMicroelectronics.FP-SNS-MOTENV1.4.3.2
2024-06-21 22:43:49,674 [WARN] PackLoader:240 - Cannot read IP mode file for STMicroelectronics.FP-SNS-FLIGHT1.5.0.2
2024-06-21 22:43:49,686 [WARN] PackLoader:240 - Cannot read IP mode file for STMicroelectronics.X-CUBE-DISPLAY.3.0.0
2024-06-21 22:43:49,699 [WARN] PackLoader:240 - Cannot read IP mode file for STMicroelectronics.X-CUBE-BLE1.7.0.0
2024-06-21 22:43:49,708 [WARN] PackLoader:240 - Cannot read IP mode file for emotas.I-CUBE-CANOPEN.1.3.0
2024-06-21 22:43:49,718 [WARN] PackLoader:240 - Cannot read IP mode file for STMicroelectronics.FP-SNS-SMARTAG2.1.2.0
2024-06-21 22:43:49,732 [INFO] LogOutputStream:77 - [STDOUT_REDIRECT] 1 : Invalid condition id : UX_CORESTACK_Condition cause : null
2024-06-21 22:43:49,733 [INFO] LogOutputStream:77 - [STDOUT_REDIRECT] 1 : Invalid condition id : UX_CORESTACK_Condition cause : null
2024-06-21 22:43:49,734 [INFO] LogOutputStream:77 - [STDOUT_REDIRECT] 1 : Invalid condition id : UX_CORESTACK_Condition cause : null
2024-06-21 22:43:49,734 [INFO] LogOutputStream:77 - [STDOUT_REDIRECT] 1 : Invalid condition id : UX_CORESTACK_Condition cause : null
2024-06-21 22:43:49,735 [INFO] LogOutputStream:77 - [STDOUT_REDIRECT] 1 : Invalid condition id : UX_CORESTACK_Condition cause : null
2024-06-21 22:43:49,738 [WARN] PackLoader:240 - Cannot read IP mode file for STMicroelectronics.X-CUBE-AZRTOS-WL.2.0.0
2024-06-21 22:43:49,748 [WARN] PackLoader:240 - Cannot read IP mode file for STMicroelectronics.X-CUBE-BLE2.3.3.0
2024-06-21 22:43:49,758 [WARN] PackLoader:240 - Cannot read IP mode file for STMicroelectronics.X-CUBE-ALGOBUILD.1.3.0
2024-06-21 22:43:49,779 [WARN] PackLoader:240 - Cannot read IP mode file for STMicroelectronics.X-CUBE-AZRTOS-G0.1.1.0
2024-06-21 22:43:49,791 [WARN] PackLoader:240 - Cannot read IP mode file for STMicroelectronics.X-CUBE-NFC4.3.0.0
2024-06-21 22:43:49,800 [WARN] PackLoader:240 - Cannot read IP mode file for wolfSSL.I-CUBE-wolfMQTT.1.18.0
2024-06-21 22:43:49,812 [WARN] PackLoader:240 - Cannot read IP mode file for STMicroelectronics.X-CUBE-BLEMGR.3.0.0
2024-06-21 22:43:49,822 [WARN] PackLoader:240 - Cannot read IP mode file for STMicroelectronics.FP-ATR-SIGFOX1.3.2.0
2024-06-21 22:43:49,832 [WARN] PackLoader:240 - Cannot read IP mode file for STMicroelectronics.X-CUBE-EEPRMA1.5.1.0
2024-06-21 22:43:49,874 [WARN] PackLoader:240 - Cannot read IP mode file for SEGGER.I-CUBE-embOS.1.3.1
2024-06-21 22:43:49,929 [WARN] PackLoader:240 - Cannot read IP mode file for STMicroelectronics.X-CUBE-ALGOBUILD.1.4.0
2024-06-21 22:43:49,940 [WARN] PackLoader:240 - Cannot read IP mode file for STMicroelectronics.X-CUBE-GNSS1.6.0.0
2024-06-21 22:43:49,961 [WARN] PackLoader:240 - Cannot read IP mode file for STMicroelectronics.X-CUBE-AZRTOS-F4.1.1.0
2024-06-21 22:43:49,988 [WARN] PackLoader:240 - Cannot read IP mode file for STMicroelectronics.X-CUBE-AZRTOS-L5.2.0.0
2024-06-21 22:43:49,999 [WARN] PackLoader:240 - Cannot read IP mode file for ITTIA_DB.I-CUBE-ITTIADB.8.8.0
2024-06-21 22:43:50,010 [WARN] PackLoader:240 - Cannot read IP mode file for STMicroelectronics.X-CUBE-NFC7.1.0.1
2024-06-21 22:43:50,021 [WARN] PackLoader:240 - Cannot read IP mode file for STMicroelectronics.X-CUBE-NFC6.3.0.0
2024-06-21 22:43:50,032 [WARN] PackLoader:240 - Cannot read IP mode file for STMicroelectronics.X-CUBE-AI.8.1.0
2024-06-21 22:43:50,189 [WARN] ConditionMgr:438 - getConditionDescription Invalid condition id : LAN8742 Phy interface Condition cause : null
2024-06-21 22:43:50,190 [WARN] PackLoader:240 - Cannot read IP mode file for STMicroelectronics.X-CUBE-AZRTOS-L4.2.0.0
2024-06-21 22:43:50,191 [WARN] ConditionMgr:1039 - genDependencies : Invalid condition id : LAN8742 Phy interface Condition cause : null
2024-06-21 22:43:50,191 [WARN] ConditionMgr:1039 - genDependencies : Invalid condition id : LAN8742 Phy interface Condition cause : null
2024-06-21 22:43:50,191 [WARN] ConditionMgr:1039 - genDependencies : Invalid condition id : LAN8742 Phy interface Condition cause : null
2024-06-21 22:43:50,203 [WARN] PackLoader:240 - Cannot read IP mode file for STMicroelectronics.X-CUBE-SFXS2LP1.4.0.0
2024-06-21 22:43:50,223 [WARN] ConditionMgr:438 - getConditionDescription Invalid condition id : UX DEVICE CLASS RTOS Condition cause : null
2024-06-21 22:43:50,224 [WARN] ConditionMgr:438 - getConditionDescription Invalid condition id : UX DEVICE CLASS RTOS Condition cause : null
2024-06-21 22:43:50,225 [WARN] PackLoader:240 - Cannot read IP mode file for STMicroelectronics.X-CUBE-AZRTOS-WB.2.0.0
2024-06-21 22:43:50,225 [WARN] ConditionMgr:1039 - genDependencies : Invalid condition id : UX DEVICE CLASS RTOS Condition cause : null
2024-06-21 22:43:50,225 [WARN] ConditionMgr:1039 - genDependencies : Invalid condition id : UX DEVICE CLASS RTOS Condition cause : null
2024-06-21 22:43:50,225 [WARN] ConditionMgr:1039 - genDependencies : Invalid condition id : UX DEVICE CLASS RTOS Condition cause : null
2024-06-21 22:43:50,225 [WARN] ConditionMgr:1039 - genDependencies : Invalid condition id : UX DEVICE CLASS RTOS Condition cause : null
2024-06-21 22:43:50,225 [WARN] ConditionMgr:1039 - genDependencies : Invalid condition id : UX DEVICE CLASS RTOS Condition cause : null
2024-06-21 22:43:50,239 [WARN] PackLoader:240 - Cannot read IP mode file for STMicroelectronics.X-CUBE-SUBG2.5.0.0
2024-06-21 22:43:50,259 [WARN] PackLoader:240 - Cannot read IP mode file for STMicroelectronics.X-CUBE-AZRTOS-G4.2.0.0
2024-06-21 22:43:50,270 [WARN] PackLoader:240 - Cannot read IP mode file for STMicroelectronics.FP-SNS-MOTENVWB1.1.3.1
2024-06-21 22:43:50,282 [WARN] PackLoader:240 - Cannot read IP mode file for STMicroelectronics.X-CUBE-ISPU.2.0.0
2024-06-21 22:43:50,294 [WARN] PackLoader:240 - Cannot read IP mode file for STMicroelectronics.X-CUBE-ALS.1.0.2
2024-06-21 22:43:50,341 [WARN] PackLoader:240 - Cannot read IP mode file for STMicroelectronics.X-CUBE-MEMS1.10.0.0
2024-06-21 22:43:50,440 [WARN] PackLoader:240 - Cannot read IP mode file for STMicroelectronics.X-CUBE-FREERTOS.1.1.0
2024-06-21 22:43:50,455 [WARN] PackLoader:240 - Cannot read IP mode file for portGmbH.I-Cube-SoM-uGOAL.1.1.0
2024-06-21 22:43:50,468 [WARN] PackLoader:240 - Cannot read IP mode file for STMicroelectronics.X-CUBE-ALS.1.0.1
2024-06-21 22:43:50,481 [WARN] PackLoader:240 - Cannot read IP mode file for STMicroelectronics.FP-ATR-ASTRA1.2.0.0
2024-06-21 22:43:50,499 [WARN] PackLoader:240 - Cannot read IP mode file for STMicroelectronics.X-CUBE-TOF1.3.4.0
2024-06-21 22:43:50,524 [INFO] WebApp:161 - Instantiating new browser for Auth
2024-06-21 22:43:50,534 [WARN] PackLoader:240 - Cannot read IP mode file for STMicroelectronics.X-CUBE-AZRTOS-H7.3.2.0
2024-06-21 22:43:50,538 [INFO] ThirdParty:978 - Integrity check success = true
2024-06-21 22:43:50,538 [INFO] IntegrityCheckThread:100 - exiting critical section [integrity check]
2024-06-21 22:43:50,539 [INFO] IntegrityCheckThread:103 - End integrity checks thread
2024-06-21 22:43:51,022 [INFO] WebApp:779 - Register for checkConnection events
2024-06-21 22:43:51,022 [INFO] WebApp:414 - Apply proxy settings
2024-06-21 22:43:51,024 [INFO] WebApp:459 - Chromium authenticates against Manually configured proxy
2024-06-21 22:43:51,029 [INFO] WebApp:467 - Username used for proxy authentication: 
2024-06-21 22:43:51,153 [INFO] WebApp:192 - Starting web application
2024-06-21 22:43:51,153 [INFO] WebApp:544 - Web application path used I:\software\STM32CubeIDE_1.15.1\STM32CubeIDE\plugins\com.st.stm32cube.common.mx_6.11.1.202404110753\db\plugins\mcufinder\reactClient1\index.html
2024-06-21 22:48:01,350 [ERROR] ConfigurationRetriever:142 - IOException on connection: Read timed out
2024-06-21 22:48:02,500 [ERROR] LogOutputStream:75 - [STDERR_REDIRECT] 
