2024-07-20 00:58:03,952 [INFO] LogOutputStream:77 - [STDOUT_REDIRECT] 
2024-07-20 00:58:05,170 [INFO] ProjectBuilder:5002 - Time for Generating toolchain IDE Files: 1796mS.
2024-07-20 00:58:05,171 [INFO] ProjectBuilder:3034 - Time for Copy CMSIS : 0mS.
2024-07-20 00:58:05,176 [INFO] ProjectBuilder:3034 - Time for Copy CMSIS : 0mS.
2024-07-20 00:58:05,446 [INFO] MainUpdater:2873 - connection check result : 10
2024-07-20 00:58:05,446 [INFO] MainUpdater:2873 - connection check result : 10
2024-07-20 00:58:05,496 [INFO] MicroXplorer:468 - Change Database Path : 
2024-07-20 00:58:05,496 [INFO] MicroXplorer:498 - Change Database Version : DB.6.0.111
2024-07-20 00:58:05,503 [ERROR] ProjectManagerView:394 - 
java.lang.NullPointerException: Cannot invoke "javax.swing.JTextField.getText()" because the return value of "java.util.List.get(int)" is null
	at com.st.microxplorer.plugins.projectmanager.gui.ProjectChoiceTab$10.caretUpdate(ProjectChoiceTab.java:2504) ~[filemanager.jar:?]
	at javax.swing.text.JTextComponent.fireCaretUpdate(JTextComponent.java:412) ~[?:?]
	at javax.swing.text.JTextComponent$MutableCaretEvent.fire(JTextComponent.java:4491) ~[?:?]
	at javax.swing.text.JTextComponent$MutableCaretEvent.stateChanged(JTextComponent.java:4513) ~[?:?]
	at javax.swing.text.DefaultCaret.fireStateChanged(DefaultCaret.java:842) ~[?:?]
	at javax.swing.text.DefaultCaret.changeCaretPosition(DefaultCaret.java:1313) ~[?:?]
	at javax.swing.text.DefaultCaret.handleSetDot(DefaultCaret.java:1212) ~[?:?]
	at javax.swing.text.DefaultCaret.setDot(DefaultCaret.java:1193) ~[?:?]
	at javax.swing.text.DefaultCaret$Handler.insertUpdate(DefaultCaret.java:1789) ~[?:?]
	at javax.swing.text.AbstractDocument.fireInsertUpdate(AbstractDocument.java:226) ~[?:?]
	at javax.swing.text.AbstractDocument.handleInsertString(AbstractDocument.java:780) ~[?:?]
	at javax.swing.text.AbstractDocument.insertString(AbstractDocument.java:739) ~[?:?]
	at javax.swing.text.PlainDocument.insertString(PlainDocument.java:131) ~[?:?]
	at javax.swing.text.AbstractDocument.replace(AbstractDocument.java:698) ~[?:?]
	at javax.swing.text.JTextComponent.setText(JTextComponent.java:1729) ~[?:?]
	at com.st.microxplorer.plugins.projectmanager.gui.ProjectChoiceTab.createHeapStackFields(ProjectChoiceTab.java:944) ~[filemanager.jar:?]
	at com.st.microxplorer.plugins.projectmanager.gui.ProjectChoiceTab.buildLinkSettingsPanel(ProjectChoiceTab.java:3475) ~[filemanager.jar:?]
	at com.st.microxplorer.plugins.projectmanager.gui.ProjectChoiceTab.defineWindowsFields(ProjectChoiceTab.java:1816) ~[filemanager.jar:?]
	at com.st.microxplorer.plugins.projectmanager.gui.ProjectChoiceTab.updateSettings(ProjectChoiceTab.java:544) ~[filemanager.jar:?]
	at com.st.microxplorer.plugins.projectmanager.gui.ProjectSettingsPanel.UpdateDialog(ProjectSettingsPanel.java:245) ~[filemanager.jar:?]
	at com.st.microxplorer.plugins.projectmanager.ProjectManagerView.propertyChange(ProjectManagerView.java:391) ~[filemanager.jar:?]
	at java.beans.PropertyChangeSupport.fire(PropertyChangeSupport.java:343) ~[?:?]
	at java.beans.PropertyChangeSupport.firePropertyChange(PropertyChangeSupport.java:335) ~[?:?]
	at java.beans.PropertyChangeSupport.firePropertyChange(PropertyChangeSupport.java:268) ~[?:?]
	at com.st.microxplorer.util.MXPropertyChangeSupport.firePropertyChange(MXPropertyChangeSupport.java:54) ~[STM32CubeMX.jar:?]
	at com.st.microxplorer.mxsystem.MxSystem.closeConfig(MxSystem.java:900) ~[STM32CubeMX.jar:?]
	at com.st.microxplorer.maingui.MainPanel.closeConfig(MainPanel.java:776) ~[STM32CubeMX.jar:?]
	at com.st.microxplorer.plugins.filemanager.engine.OpenFileManager.loadConfigurationFile(OpenFileManager.java:245) ~[filemanager.jar:?]
	at com.st.microxplorer.plugins.filemanager.engine.MainFileManager.userLoadConfig(MainFileManager.java:315) ~[filemanager.jar:?]
	at com.st.microxplorer.plugins.filemanager.engine.MainFileManager.userLoadConfig(MainFileManager.java:293) ~[filemanager.jar:?]
	at com.st.microxplorer.plugins.filemanager.FileManagerView.getSpecificTask(FileManagerView.java:247) ~[filemanager.jar:?]
	at com.st.stm32cube.common.mx.editor.CubeMxEditor.getMxTabbedPaneInstance(CubeMxEditor.java:1198) ~[com.st.stm32cube.common.mx_6.11.1.202404110753/:?]
	at com.st.stm32cube.common.mx.editor.CubeMxEditor$12$1.createSwingComponent(CubeMxEditor.java:1068) ~[com.st.stm32cube.common.mx_6.11.1.202404110753/:?]
	at com.st.stm32cube.common.mx.oss.core.awtswtbridge.EmbeddedSwingComposite.doComponentCreation(EmbeddedSwingComposite.java:492) ~[com.st.stm32cube.common.mx.oss_6.11.1.202404110753/:?]
	at com.st.stm32cube.common.mx.oss.core.awtswtbridge.EmbeddedSwingComposite$4.run(EmbeddedSwingComposite.java:291) ~[com.st.stm32cube.common.mx.oss_6.11.1.202404110753/:?]
	at com.st.stm32cube.common.mx.oss.core.awtswtbridge.AwtEnvironment$2.run(AwtEnvironment.java:166) ~[com.st.stm32cube.common.mx.oss_6.11.1.202404110753/:?]
	at java.awt.event.InvocationEvent.dispatch(InvocationEvent.java:318) ~[?:?]
	at java.awt.EventQueue.dispatchEventImpl(EventQueue.java:773) ~[?:?]
	at java.awt.EventQueue$4.run(EventQueue.java:720) ~[?:?]
	at java.awt.EventQueue$4.run(EventQueue.java:714) ~[?:?]
	at java.security.AccessController.doPrivileged(AccessController.java:399) ~[?:?]
	at java.security.ProtectionDomain$JavaSecurityAccessImpl.doIntersectionPrivilege(ProtectionDomain.java:86) ~[?:?]
	at java.awt.EventQueue.dispatchEvent(EventQueue.java:742) ~[?:?]
	at java.awt.EventDispatchThread.pumpOneEventForFilters(EventDispatchThread.java:203) ~[?:?]
	at java.awt.EventDispatchThread.pumpEventsForFilter(EventDispatchThread.java:124) ~[?:?]
	at java.awt.EventDispatchThread.pumpEventsForHierarchy(EventDispatchThread.java:113) ~[?:?]
	at java.awt.EventDispatchThread.pumpEvents(EventDispatchThread.java:109) ~[?:?]
	at java.awt.EventDispatchThread.pumpEvents(EventDispatchThread.java:101) ~[?:?]
	at java.awt.EventDispatchThread.run(EventDispatchThread.java:90) ~[?:?]
2024-07-20 00:58:05,509 [WARN] ThirdParty:871 - waiting for thirdparty lock release [close project]
2024-07-20 00:58:05,509 [INFO] ThirdParty:873 - entering critical section [close project]
2024-07-20 00:58:05,509 [INFO] ThirdParty:883 - exiting critical section [close project]
2024-07-20 00:58:05,511 [INFO] PinOutPanel:1561 - setPackage(No Configuration,No Configuration)
2024-07-20 00:58:05,516 [INFO] UtilMem:75 - Begin LoadConfig() Used Memory: 650091992 Bytes (1073741824)
2024-07-20 00:58:05,517 [INFO] MicroXplorer:468 - Change Database Path : 
2024-07-20 00:58:05,517 [INFO] MicroXplorer:498 - Change Database Version : DB.6.0.111
2024-07-20 00:58:05,517 [INFO] OpenFileManager:312 - Change cursor
2024-07-20 00:58:05,529 [INFO] RulesReader:64 - Compatibility file has been processed (297 Rules)
2024-07-20 00:58:05,537 [INFO] Mcu:2021 - Initializing MCU STM32F103C(4-6)Tx STM32F103C6Tx STM32F103C6T6A
2024-07-20 00:58:05,832 [INFO] Context:663 - Trying to add GPIOservice into a context  which must be forbidden
2024-07-20 00:58:05,936 [INFO] RtosManager:555 - Registered RTOS mode: class=CMSIS, group=RTOS, mode=CMSIS_V1, owner=FREERTOS
2024-07-20 00:58:05,936 [INFO] RtosManager:555 - Registered RTOS mode: class=CMSIS, group=RTOS2, mode=CMSIS_V2, owner=FREERTOS
2024-07-20 00:58:05,936 [INFO] RtosManager:555 - Registered RTOS mode: class=RTOS, group=Core, mode=CMSIS_V1, owner=FREERTOS
2024-07-20 00:58:05,936 [INFO] RtosManager:555 - Registered RTOS mode: class=RTOS, group=Core, mode=CMSIS_V2, owner=FREERTOS
2024-07-20 00:58:05,936 [WARN] ModelIntegratedComponent:184 - Missing modes for component STMicroelectronics:FreeRTOS:0.0.1:STMicroelectronics:RTOS:FreeRTOS:Core:::10.2.0:
2024-07-20 00:58:05,943 [WARN] ModelIntegratedComponent:63 - No mode defined for component null
2024-07-20 00:58:05,943 [WARN] ModelIntegratedComponent:63 - No mode defined for component null
2024-07-20 00:58:05,943 [WARN] ModelIntegratedComponent:63 - No mode defined for component null
2024-07-20 00:58:05,943 [WARN] ModelIntegratedComponent:63 - No mode defined for component null
2024-07-20 00:58:05,943 [WARN] ModelIntegratedComponent:63 - No mode defined for component null
2024-07-20 00:58:05,943 [WARN] ModelIntegratedComponent:63 - No mode defined for component null
2024-07-20 00:58:05,943 [WARN] ModelIntegratedComponent:63 - No mode defined for component null
2024-07-20 00:58:05,943 [WARN] ModelIntegratedComponent:63 - No mode defined for component null
2024-07-20 00:58:05,943 [WARN] ModelIntegratedComponent:63 - No mode defined for component null
2024-07-20 00:58:05,944 [WARN] ModelIntegratedComponent:63 - No mode defined for component null
2024-07-20 00:58:05,944 [WARN] ModelIntegratedComponent:63 - No mode defined for component null
2024-07-20 00:58:05,944 [WARN] ModelIntegratedComponent:63 - No mode defined for component null
2024-07-20 00:58:05,944 [WARN] ModelIntegratedComponent:63 - No mode defined for component null
2024-07-20 00:58:05,944 [WARN] ModelIntegratedComponent:63 - No mode defined for component null
2024-07-20 00:58:05,944 [WARN] ModelIntegratedComponent:63 - No mode defined for component null
2024-07-20 00:58:05,944 [WARN] ModelIntegratedComponent:63 - No mode defined for component null
2024-07-20 00:58:05,944 [WARN] ModelIntegratedComponent:63 - No mode defined for component null
2024-07-20 00:58:05,944 [WARN] ModelIntegratedComponent:63 - No mode defined for component null
2024-07-20 00:58:05,944 [WARN] ModelIntegratedComponent:63 - No mode defined for component null
2024-07-20 00:58:05,944 [WARN] ModelIntegratedComponent:63 - No mode defined for component null
2024-07-20 00:58:05,944 [WARN] ModelIntegratedComponent:63 - No mode defined for component null
2024-07-20 00:58:05,944 [WARN] ModelIntegratedComponent:63 - No mode defined for component null
2024-07-20 00:58:05,944 [WARN] ModelIntegratedComponent:63 - No mode defined for component null
2024-07-20 00:58:05,944 [WARN] ModelIntegratedComponent:63 - No mode defined for component null
2024-07-20 00:58:05,944 [WARN] ModelIntegratedComponent:63 - No mode defined for component null
2024-07-20 00:58:05,945 [WARN] ModelIntegratedComponent:63 - No mode defined for component null
2024-07-20 00:58:05,945 [WARN] ModelIntegratedComponent:63 - No mode defined for component null
2024-07-20 00:58:05,945 [WARN] ModelIntegratedComponent:63 - No mode defined for component null
2024-07-20 00:58:05,945 [WARN] ModelIntegratedComponent:63 - No mode defined for component null
2024-07-20 00:58:05,945 [WARN] ModelIntegratedComponent:63 - No mode defined for component null
2024-07-20 00:58:05,945 [WARN] ModelIntegratedComponent:63 - No mode defined for component null
2024-07-20 00:58:05,945 [WARN] ModelIntegratedComponent:63 - No mode defined for component null
2024-07-20 00:58:05,945 [WARN] ModelIntegratedComponent:63 - No mode defined for component null
2024-07-20 00:58:05,945 [WARN] ModelIntegratedComponent:63 - No mode defined for component null
2024-07-20 00:58:06,009 [INFO] ThirdPartyModel:298 - Start build external matchings
2024-07-20 00:58:06,189 [INFO] ThirdPartyModel:316 - End build external matchings
2024-07-20 00:58:06,323 [INFO] UtilMem:75 - End LoadConfig() Used Memory: 810517024 Bytes (1073741824)
2024-07-20 00:58:06,417 [WARN] ThirdParty:833 - waiting for thirdparty lock release [change project]
2024-07-20 00:58:06,417 [INFO] ThirdParty:835 - entering critical section [change project]
2024-07-20 00:58:06,417 [INFO] ThirdParty:1030 - CMSIS Pack Vendor :STMicroelectronics USBPD 4.1
2024-07-20 00:58:06,417 [INFO] ThirdParty:1030 - CMSIS Pack Vendor :STMicroelectronics X-CUBE-GNSS1 6.0.0
2024-07-20 00:58:06,417 [INFO] ThirdParty:1030 - CMSIS Pack Vendor :STMicroelectronics USB_HOST 2.0.0
2024-07-20 00:58:06,417 [INFO] ThirdParty:1030 - CMSIS Pack Vendor :STMicroelectronics X-CUBE-AZRTOS-F4 1.1.0
2024-07-20 00:58:06,417 [INFO] ThirdParty:1030 - CMSIS Pack Vendor :STMicroelectronics LIBJPEG 8.0.0
2024-07-20 00:58:06,417 [INFO] ThirdParty:1030 - CMSIS Pack Vendor :STMicroelectronics X-CUBE-SMBUS 2.1.0
2024-07-20 00:58:06,417 [INFO] ThirdParty:1030 - CMSIS Pack Vendor :STMicroelectronics USB_DEVICE 3.0.0
2024-07-20 00:58:06,417 [INFO] ThirdParty:1030 - CMSIS Pack Vendor :STMicroelectronics X-CUBE-AZRTOS-WB 2.0.0
2024-07-20 00:58:06,417 [INFO] ThirdParty:1030 - CMSIS Pack Vendor :STMicroelectronics X-CUBE-TOUCHGFX 4.23.0
2024-07-20 00:58:06,417 [INFO] ThirdParty:1030 - CMSIS Pack Vendor :STMicroelectronics X-CUBE-TOUCHGFX 4.23.2
2024-07-20 00:58:06,417 [INFO] ThirdParty:1030 - CMSIS Pack Vendor :STMicroelectronics X-CUBE-AZRTOS-F7 1.1.0
2024-07-20 00:58:06,417 [INFO] ThirdParty:1030 - CMSIS Pack Vendor :STMicroelectronics X-CUBE-AZRTOS-L5 2.0.0
2024-07-20 00:58:06,417 [INFO] ThirdParty:1030 - CMSIS Pack Vendor :STMicroelectronics USB_DEVICE 2.0.0
2024-07-20 00:58:06,417 [INFO] ThirdParty:1030 - CMSIS Pack Vendor :ITTIA_DB I-CUBE-ITTIADB 8.8.0
2024-07-20 00:58:06,417 [INFO] ThirdParty:1030 - CMSIS Pack Vendor :STMicroelectronics FP-SNS-MOTENV1 4.3.2
2024-07-20 00:58:06,417 [INFO] ThirdParty:1030 - CMSIS Pack Vendor :STMicroelectronics X-CUBE-ALGOBUILD 1.3.0
2024-07-20 00:58:06,417 [INFO] ThirdParty:1030 - CMSIS Pack Vendor :STMicroelectronics FreeRTOS 0.0.1
2024-07-20 00:58:06,417 [INFO] ThirdParty:1030 - CMSIS Pack Vendor :STMicroelectronics X-CUBE-AZRTOS-G0 1.1.0
2024-07-20 00:58:06,417 [INFO] ThirdParty:1030 - CMSIS Pack Vendor :STMicroelectronics X-CUBE-NFC4 3.0.0
2024-07-20 00:58:06,417 [INFO] ThirdParty:1030 - CMSIS Pack Vendor :STMicroelectronics X-CUBE-DPower 1.2.0
2024-07-20 00:58:06,418 [INFO] ThirdParty:1030 - CMSIS Pack Vendor :STMicroelectronics X-CUBE-SUBG2 5.0.0
2024-07-20 00:58:06,418 [INFO] ThirdParty:1030 - CMSIS Pack Vendor :STMicroelectronics STM32_WPAN 1.0.0
2024-07-20 00:58:06,418 [INFO] ThirdParty:1030 - CMSIS Pack Vendor :wolfSSL I-CUBE-wolfMQTT 1.18.0
2024-07-20 00:58:06,418 [INFO] ThirdParty:1030 - CMSIS Pack Vendor :EmbeddedOffice I-CUBE-FS-RTOS 1.0.1
2024-07-20 00:58:06,418 [INFO] ThirdParty:1030 - CMSIS Pack Vendor :STMicroelectronics lwIP 2.0.3
2024-07-20 00:58:06,418 [INFO] ThirdParty:1030 - CMSIS Pack Vendor :STMicroelectronics FP-SNS-FLIGHT1 5.0.2
2024-07-20 00:58:06,418 [INFO] ThirdParty:1030 - CMSIS Pack Vendor :STMicroelectronics USB_HOST 1.0.0
2024-07-20 00:58:06,418 [INFO] ThirdParty:1030 - CMSIS Pack Vendor :STMicroelectronics X-CUBE-AZRTOS-G4 2.0.0
2024-07-20 00:58:06,418 [INFO] ThirdParty:1030 - CMSIS Pack Vendor :STMicroelectronics PDM2PCM 3.1.0
2024-07-20 00:58:06,418 [INFO] ThirdParty:1030 - CMSIS Pack Vendor :STMicroelectronics X-CUBE-BLEMGR 3.0.0
2024-07-20 00:58:06,418 [INFO] ThirdParty:1030 - CMSIS Pack Vendor :STMicroelectronics PDM2PCM 3.3.0
2024-07-20 00:58:06,418 [INFO] ThirdParty:1030 - CMSIS Pack Vendor :STMicroelectronics X-CUBE-DISPLAY 3.0.0
2024-07-20 00:58:06,418 [INFO] ThirdParty:1030 - CMSIS Pack Vendor :RealThread X-CUBE-RT-Thread_Nano 4.1.1
2024-07-20 00:58:06,418 [INFO] ThirdParty:1030 - CMSIS Pack Vendor :STMicroelectronics FP-SNS-MOTENVWB1 1.3.1
2024-07-20 00:58:06,418 [INFO] ThirdParty:1030 - CMSIS Pack Vendor :STMicroelectronics X-CUBE-BLE1 7.0.0
2024-07-20 00:58:06,418 [INFO] ThirdParty:1030 - CMSIS Pack Vendor :STMicroelectronics FP-ATR-SIGFOX1 3.2.0
2024-07-20 00:58:06,418 [INFO] ThirdParty:1030 - CMSIS Pack Vendor :STMicroelectronics X-CUBE-ISPU 2.0.0
2024-07-20 00:58:06,418 [INFO] ThirdParty:1030 - CMSIS Pack Vendor :STMicroelectronics X-CUBE-EEPRMA1 5.1.0
2024-07-20 00:58:06,418 [INFO] ThirdParty:1030 - CMSIS Pack Vendor :STMicroelectronics HAL Drivers 0.0.0
2024-07-20 00:58:06,418 [INFO] ThirdParty:1030 - CMSIS Pack Vendor :STMicroelectronics MBEDTLS 2.16.2
2024-07-20 00:58:06,418 [INFO] ThirdParty:1030 - CMSIS Pack Vendor :STMicroelectronics X-CUBE-ALS 1.0.2
2024-07-20 00:58:06,418 [INFO] ThirdParty:1030 - CMSIS Pack Vendor :emotas I-CUBE-CANOPEN 1.3.0
2024-07-20 00:58:06,418 [INFO] ThirdParty:1030 - CMSIS Pack Vendor :STMicroelectronics X-CUBE-MEMS1 10.0.0
2024-07-20 00:58:06,418 [INFO] ThirdParty:1030 - CMSIS Pack Vendor :STMicroelectronics X-CUBE-FREERTOS 1.1.0
2024-07-20 00:58:06,418 [INFO] ThirdParty:1030 - CMSIS Pack Vendor :STMicroelectronics X-CUBE-NFC7 1.0.1
2024-07-20 00:58:06,418 [INFO] ThirdParty:1030 - CMSIS Pack Vendor :STMicroelectronics MBEDTLS 2.14.1
2024-07-20 00:58:06,418 [INFO] ThirdParty:1030 - CMSIS Pack Vendor :STMicroelectronics X-CUBE-TOUCHGFX 4.24.0
2024-07-20 00:58:06,418 [INFO] ThirdParty:1030 - CMSIS Pack Vendor :wolfSSL I-CUBE-wolfTPM 3.2.0
2024-07-20 00:58:06,419 [INFO] ThirdParty:1030 - CMSIS Pack Vendor :STMicroelectronics X-CUBE-NFC6 3.0.0
2024-07-20 00:58:06,419 [INFO] ThirdParty:1030 - CMSIS Pack Vendor :portGmbH I-Cube-SoM-uGOAL 1.1.0
2024-07-20 00:58:06,419 [INFO] ThirdParty:1030 - CMSIS Pack Vendor :STMicroelectronics X-CUBE-ALS 1.0.1
2024-07-20 00:58:06,419 [INFO] ThirdParty:1030 - CMSIS Pack Vendor :STMicroelectronics ThreadX 1.0.0
2024-07-20 00:58:06,419 [INFO] ThirdParty:1030 - CMSIS Pack Vendor :STMicroelectronics FP-SNS-SMARTAG2 1.2.0
2024-07-20 00:58:06,419 [INFO] ThirdParty:1030 - CMSIS Pack Vendor :STMicroelectronics X-CUBE-AZRTOS-WL 2.0.0
2024-07-20 00:58:06,419 [INFO] ThirdParty:1030 - CMSIS Pack Vendor :SEGGER I-CUBE-embOS 1.3.1
2024-07-20 00:58:06,419 [INFO] ThirdParty:1030 - CMSIS Pack Vendor :STMicroelectronics X-CUBE-ALGOBUILD 1.4.0
2024-07-20 00:58:06,419 [INFO] ThirdParty:1030 - CMSIS Pack Vendor :STMicroelectronics USB_DEVICE 1.0.0
2024-07-20 00:58:06,419 [INFO] ThirdParty:1030 - CMSIS Pack Vendor :STMicroelectronics X-CUBE-AI 8.1.0
2024-07-20 00:58:06,419 [INFO] ThirdParty:1030 - CMSIS Pack Vendor :wolfSSL I-CUBE-wolfMQTT 1.19.0
2024-07-20 00:58:06,419 [INFO] ThirdParty:1030 - CMSIS Pack Vendor :STMicroelectronics X-CUBE-AZRTOS-L4 2.0.0
2024-07-20 00:58:06,419 [INFO] ThirdParty:1030 - CMSIS Pack Vendor :STMicroelectronics ThreadX 0.0.2
2024-07-20 00:58:06,419 [INFO] ThirdParty:1030 - CMSIS Pack Vendor :STMicroelectronics FP-ATR-ASTRA1 2.0.0
2024-07-20 00:58:06,419 [INFO] ThirdParty:1030 - CMSIS Pack Vendor :STMicroelectronics lwIP 2.1.2
2024-07-20 00:58:06,419 [INFO] ThirdParty:1030 - CMSIS Pack Vendor :STMicroelectronics X-CUBE-SFXS2LP1 4.0.0
2024-07-20 00:58:06,419 [INFO] ThirdParty:1030 - CMSIS Pack Vendor :STMicroelectronics X-CUBE-BLE2 3.3.0
2024-07-20 00:58:06,419 [INFO] ThirdParty:1030 - CMSIS Pack Vendor :STMicroelectronics X-CUBE-TOF1 3.4.0
2024-07-20 00:58:06,419 [INFO] ThirdParty:1030 - CMSIS Pack Vendor :STMicroelectronics X-CUBE-AZRTOS-H7 3.2.0
2024-07-20 00:58:06,419 [INFO] ThirdParty:1030 - CMSIS Pack Vendor :STMicroelectronics PDM2PCM 3.2.0
2024-07-20 00:58:06,419 [INFO] ThirdParty:841 - exiting critical section [change project]
2024-07-20 00:58:06,474 [INFO] PinOutPanel:1561 - setPackage(No Configuration,No Configuration)
2024-07-20 00:58:06,475 [INFO] PinOutPanel:1561 - setPackage(STM32F103C6Tx,LQFP48)
2024-07-20 00:58:06,570 [INFO] UtilMem:75 - Before build in PCC Used Memory: 880357136 Bytes (1073741824)
2024-07-20 00:58:06,758 [INFO] UtilMem:75 - After build in PCC Used Memory: 640702736 Bytes (1073741824)
2024-07-20 00:58:06,767 [INFO] IPUIPlugin:80 - create IPUIPlugin
2024-07-20 00:58:06,767 [INFO] IPUIPlugin:80 - create IPUIPlugin
2024-07-20 00:58:06,767 [INFO] IPUIPlugin:80 - create IPUIPlugin
2024-07-20 00:58:06,767 [INFO] IPUIPlugin:80 - create IPUIPlugin
2024-07-20 00:58:06,767 [INFO] IPUIPlugin:80 - create IPUIPlugin
2024-07-20 00:58:06,767 [INFO] IPUIPlugin:80 - create IPUIPlugin
2024-07-20 00:58:06,767 [INFO] IPUIPlugin:80 - create IPUIPlugin
2024-07-20 00:58:06,767 [INFO] IPUIPlugin:80 - create IPUIPlugin
2024-07-20 00:58:06,767 [INFO] IPUIPlugin:80 - create IPUIPlugin
2024-07-20 00:58:06,768 [INFO] IPUIPlugin:80 - create IPUIPlugin
2024-07-20 00:58:06,768 [INFO] IPUIPlugin:80 - create IPUIPlugin
2024-07-20 00:58:06,768 [INFO] IPUIPlugin:80 - create IPUIPlugin
2024-07-20 00:58:06,768 [INFO] IPUIPlugin:80 - create IPUIPlugin
2024-07-20 00:58:06,768 [INFO] IPUIPlugin:80 - create IPUIPlugin
2024-07-20 00:58:06,768 [INFO] IPUIPlugin:80 - create IPUIPlugin
2024-07-20 00:58:06,768 [INFO] IPUIPlugin:80 - create IPUIPlugin
2024-07-20 00:58:06,768 [INFO] IPUIPlugin:80 - create IPUIPlugin
2024-07-20 00:58:06,768 [INFO] IPUIPlugin:80 - create IPUIPlugin
2024-07-20 00:58:06,768 [INFO] IPUIPlugin:80 - create IPUIPlugin
2024-07-20 00:58:06,768 [INFO] IPUIPlugin:80 - create IPUIPlugin
2024-07-20 00:58:06,768 [INFO] IPUIPlugin:80 - create IPUIPlugin
2024-07-20 00:58:06,769 [INFO] IPUIPlugin:80 - create IPUIPlugin
2024-07-20 00:58:06,769 [INFO] IPUIPlugin:80 - create IPUIPlugin
2024-07-20 00:58:06,770 [WARN] IP:2120 - I2C_Coeff_DF not found: check if there is a RefParameter without a condition.
2024-07-20 00:58:06,770 [WARN] IP:2120 - Analog_Filter not found: check if there is a RefParameter without a condition.
2024-07-20 00:58:06,806 [INFO] CADModel:165 - CPN selected for project levelSTM32F103C6T6A
2024-07-20 00:58:06,806 [INFO] CADModel:114 - Register for checkConnection events
2024-07-20 00:58:06,862 [INFO] OpenFileManager:343 - Restore cursor
2024-07-20 00:58:06,964 [WARN] IP:2120 - I2C_Coeff_DF not found: check if there is a RefParameter without a condition.
2024-07-20 00:58:06,965 [WARN] IP:2120 - Analog_Filter not found: check if there is a RefParameter without a condition.
2024-07-20 00:58:06,965 [WARN] IP:2120 - I2C_Coeff_DF not found: check if there is a RefParameter without a condition.
2024-07-20 00:58:06,965 [WARN] IP:2120 - Analog_Filter not found: check if there is a RefParameter without a condition.
2024-07-20 00:58:10,008 [WARN] IP:2120 - I2C_Coeff_DF not found: check if there is a RefParameter without a condition.
2024-07-20 00:58:10,008 [WARN] IP:2120 - Analog_Filter not found: check if there is a RefParameter without a condition.
2024-07-20 01:01:55,116 [INFO] MainUpdater:2873 - connection check result : 10
2024-07-20 01:01:55,116 [INFO] MainUpdater:2873 - connection check result : 10
2024-07-20 01:01:55,179 [INFO] MicroXplorer:468 - Change Database Path : 
2024-07-20 01:01:55,179 [INFO] MicroXplorer:498 - Change Database Version : DB.6.0.111
2024-07-20 01:01:55,186 [ERROR] ProjectManagerView:394 - 
java.lang.NullPointerException: Cannot invoke "javax.swing.JTextField.getText()" because the return value of "java.util.List.get(int)" is null
	at com.st.microxplorer.plugins.projectmanager.gui.ProjectChoiceTab$10.caretUpdate(ProjectChoiceTab.java:2504) ~[filemanager.jar:?]
	at javax.swing.text.JTextComponent.fireCaretUpdate(JTextComponent.java:412) ~[?:?]
	at javax.swing.text.JTextComponent$MutableCaretEvent.fire(JTextComponent.java:4491) ~[?:?]
	at javax.swing.text.JTextComponent$MutableCaretEvent.stateChanged(JTextComponent.java:4513) ~[?:?]
	at javax.swing.text.DefaultCaret.fireStateChanged(DefaultCaret.java:842) ~[?:?]
	at javax.swing.text.DefaultCaret.changeCaretPosition(DefaultCaret.java:1313) ~[?:?]
	at javax.swing.text.DefaultCaret.handleSetDot(DefaultCaret.java:1212) ~[?:?]
	at javax.swing.text.DefaultCaret.setDot(DefaultCaret.java:1193) ~[?:?]
	at javax.swing.text.DefaultCaret$Handler.insertUpdate(DefaultCaret.java:1789) ~[?:?]
	at javax.swing.text.AbstractDocument.fireInsertUpdate(AbstractDocument.java:226) ~[?:?]
	at javax.swing.text.AbstractDocument.handleInsertString(AbstractDocument.java:780) ~[?:?]
	at javax.swing.text.AbstractDocument.insertString(AbstractDocument.java:739) ~[?:?]
	at javax.swing.text.PlainDocument.insertString(PlainDocument.java:131) ~[?:?]
	at javax.swing.text.AbstractDocument.replace(AbstractDocument.java:698) ~[?:?]
	at javax.swing.text.JTextComponent.setText(JTextComponent.java:1729) ~[?:?]
	at com.st.microxplorer.plugins.projectmanager.gui.ProjectChoiceTab.createHeapStackFields(ProjectChoiceTab.java:944) ~[filemanager.jar:?]
	at com.st.microxplorer.plugins.projectmanager.gui.ProjectChoiceTab.buildLinkSettingsPanel(ProjectChoiceTab.java:3475) ~[filemanager.jar:?]
	at com.st.microxplorer.plugins.projectmanager.gui.ProjectChoiceTab.defineWindowsFields(ProjectChoiceTab.java:1816) ~[filemanager.jar:?]
	at com.st.microxplorer.plugins.projectmanager.gui.ProjectChoiceTab.updateSettings(ProjectChoiceTab.java:544) ~[filemanager.jar:?]
	at com.st.microxplorer.plugins.projectmanager.gui.ProjectSettingsPanel.UpdateDialog(ProjectSettingsPanel.java:245) ~[filemanager.jar:?]
	at com.st.microxplorer.plugins.projectmanager.ProjectManagerView.propertyChange(ProjectManagerView.java:391) ~[filemanager.jar:?]
	at java.beans.PropertyChangeSupport.fire(PropertyChangeSupport.java:343) ~[?:?]
	at java.beans.PropertyChangeSupport.firePropertyChange(PropertyChangeSupport.java:335) ~[?:?]
	at java.beans.PropertyChangeSupport.firePropertyChange(PropertyChangeSupport.java:268) ~[?:?]
	at com.st.microxplorer.util.MXPropertyChangeSupport.firePropertyChange(MXPropertyChangeSupport.java:54) ~[STM32CubeMX.jar:?]
	at com.st.microxplorer.mxsystem.MxSystem.closeConfig(MxSystem.java:900) ~[STM32CubeMX.jar:?]
	at com.st.microxplorer.maingui.MainPanel.closeConfig(MainPanel.java:776) ~[STM32CubeMX.jar:?]
	at com.st.microxplorer.plugins.filemanager.engine.OpenFileManager.loadConfigurationFile(OpenFileManager.java:245) ~[filemanager.jar:?]
	at com.st.microxplorer.plugins.filemanager.engine.MainFileManager.userLoadConfig(MainFileManager.java:315) ~[filemanager.jar:?]
	at com.st.microxplorer.plugins.filemanager.engine.MainFileManager.userLoadConfig(MainFileManager.java:293) ~[filemanager.jar:?]
	at com.st.microxplorer.plugins.filemanager.FileManagerView.getSpecificTask(FileManagerView.java:247) ~[filemanager.jar:?]
	at com.st.stm32cube.common.mx.editor.CubeMxEditor.getMxTabbedPaneInstance(CubeMxEditor.java:1198) ~[com.st.stm32cube.common.mx_6.11.1.202404110753/:?]
	at com.st.stm32cube.common.mx.editor.CubeMxEditor$12$1.createSwingComponent(CubeMxEditor.java:1068) ~[com.st.stm32cube.common.mx_6.11.1.202404110753/:?]
	at com.st.stm32cube.common.mx.oss.core.awtswtbridge.EmbeddedSwingComposite.doComponentCreation(EmbeddedSwingComposite.java:492) ~[com.st.stm32cube.common.mx.oss_6.11.1.202404110753/:?]
	at com.st.stm32cube.common.mx.oss.core.awtswtbridge.EmbeddedSwingComposite$4.run(EmbeddedSwingComposite.java:291) ~[com.st.stm32cube.common.mx.oss_6.11.1.202404110753/:?]
	at com.st.stm32cube.common.mx.oss.core.awtswtbridge.AwtEnvironment$2.run(AwtEnvironment.java:166) ~[com.st.stm32cube.common.mx.oss_6.11.1.202404110753/:?]
	at java.awt.event.InvocationEvent.dispatch(InvocationEvent.java:318) ~[?:?]
	at java.awt.EventQueue.dispatchEventImpl(EventQueue.java:773) ~[?:?]
	at java.awt.EventQueue$4.run(EventQueue.java:720) ~[?:?]
	at java.awt.EventQueue$4.run(EventQueue.java:714) ~[?:?]
	at java.security.AccessController.doPrivileged(AccessController.java:399) ~[?:?]
	at java.security.ProtectionDomain$JavaSecurityAccessImpl.doIntersectionPrivilege(ProtectionDomain.java:86) ~[?:?]
	at java.awt.EventQueue.dispatchEvent(EventQueue.java:742) ~[?:?]
	at java.awt.EventDispatchThread.pumpOneEventForFilters(EventDispatchThread.java:203) ~[?:?]
	at java.awt.EventDispatchThread.pumpEventsForFilter(EventDispatchThread.java:124) ~[?:?]
	at java.awt.EventDispatchThread.pumpEventsForHierarchy(EventDispatchThread.java:113) ~[?:?]
	at java.awt.EventDispatchThread.pumpEvents(EventDispatchThread.java:109) ~[?:?]
	at java.awt.EventDispatchThread.pumpEvents(EventDispatchThread.java:101) ~[?:?]
	at java.awt.EventDispatchThread.run(EventDispatchThread.java:90) ~[?:?]
2024-07-20 01:01:55,187 [WARN] ThirdParty:871 - waiting for thirdparty lock release [close project]
2024-07-20 01:01:55,187 [INFO] ThirdParty:873 - entering critical section [close project]
2024-07-20 01:01:55,187 [INFO] ThirdParty:883 - exiting critical section [close project]
2024-07-20 01:01:55,188 [INFO] PinOutPanel:1561 - setPackage(No Configuration,No Configuration)
2024-07-20 01:01:55,189 [INFO] UtilMem:75 - Begin LoadConfig() Used Memory: 741439216 Bytes (1073741824)
2024-07-20 01:01:55,189 [INFO] MicroXplorer:468 - Change Database Path : 
2024-07-20 01:01:55,189 [INFO] MicroXplorer:498 - Change Database Version : DB.6.0.111
2024-07-20 01:01:55,189 [INFO] OpenFileManager:312 - Change cursor
2024-07-20 01:01:55,194 [INFO] Mcu:2021 - Initializing MCU STM32F103C(8-B)Tx STM32F103C8Tx STM32F103C8T6
2024-07-20 01:01:55,502 [INFO] Context:663 - Trying to add GPIOservice into a context  which must be forbidden
2024-07-20 01:01:55,589 [INFO] RtosManager:555 - Registered RTOS mode: class=CMSIS, group=RTOS, mode=CMSIS_V1, owner=FREERTOS
2024-07-20 01:01:55,589 [INFO] RtosManager:555 - Registered RTOS mode: class=CMSIS, group=RTOS2, mode=CMSIS_V2, owner=FREERTOS
2024-07-20 01:01:55,589 [INFO] RtosManager:555 - Registered RTOS mode: class=RTOS, group=Core, mode=CMSIS_V1, owner=FREERTOS
2024-07-20 01:01:55,589 [INFO] RtosManager:555 - Registered RTOS mode: class=RTOS, group=Core, mode=CMSIS_V2, owner=FREERTOS
2024-07-20 01:01:55,590 [WARN] ModelIntegratedComponent:184 - Missing modes for component STMicroelectronics:FreeRTOS:0.0.1:STMicroelectronics:RTOS:FreeRTOS:Core:::10.2.0:
2024-07-20 01:01:55,595 [WARN] ModelIntegratedComponent:63 - No mode defined for component null
2024-07-20 01:01:55,595 [WARN] ModelIntegratedComponent:63 - No mode defined for component null
2024-07-20 01:01:55,595 [WARN] ModelIntegratedComponent:63 - No mode defined for component null
2024-07-20 01:01:55,595 [WARN] ModelIntegratedComponent:63 - No mode defined for component null
2024-07-20 01:01:55,595 [WARN] ModelIntegratedComponent:63 - No mode defined for component null
2024-07-20 01:01:55,595 [WARN] ModelIntegratedComponent:63 - No mode defined for component null
2024-07-20 01:01:55,595 [WARN] ModelIntegratedComponent:63 - No mode defined for component null
2024-07-20 01:01:55,595 [WARN] ModelIntegratedComponent:63 - No mode defined for component null
2024-07-20 01:01:55,595 [WARN] ModelIntegratedComponent:63 - No mode defined for component null
2024-07-20 01:01:55,595 [WARN] ModelIntegratedComponent:63 - No mode defined for component null
2024-07-20 01:01:55,595 [WARN] ModelIntegratedComponent:63 - No mode defined for component null
2024-07-20 01:01:55,595 [WARN] ModelIntegratedComponent:63 - No mode defined for component null
2024-07-20 01:01:55,595 [WARN] ModelIntegratedComponent:63 - No mode defined for component null
2024-07-20 01:01:55,595 [WARN] ModelIntegratedComponent:63 - No mode defined for component null
2024-07-20 01:01:55,595 [WARN] ModelIntegratedComponent:63 - No mode defined for component null
2024-07-20 01:01:55,595 [WARN] ModelIntegratedComponent:63 - No mode defined for component null
2024-07-20 01:01:55,595 [WARN] ModelIntegratedComponent:63 - No mode defined for component null
2024-07-20 01:01:55,595 [WARN] ModelIntegratedComponent:63 - No mode defined for component null
2024-07-20 01:01:55,595 [WARN] ModelIntegratedComponent:63 - No mode defined for component null
2024-07-20 01:01:55,596 [WARN] ModelIntegratedComponent:63 - No mode defined for component null
2024-07-20 01:01:55,596 [WARN] ModelIntegratedComponent:63 - No mode defined for component null
2024-07-20 01:01:55,596 [WARN] ModelIntegratedComponent:63 - No mode defined for component null
2024-07-20 01:01:55,596 [WARN] ModelIntegratedComponent:63 - No mode defined for component null
2024-07-20 01:01:55,596 [WARN] ModelIntegratedComponent:63 - No mode defined for component null
2024-07-20 01:01:55,596 [WARN] ModelIntegratedComponent:63 - No mode defined for component null
2024-07-20 01:01:55,596 [WARN] ModelIntegratedComponent:63 - No mode defined for component null
2024-07-20 01:01:55,596 [WARN] ModelIntegratedComponent:63 - No mode defined for component null
2024-07-20 01:01:55,596 [WARN] ModelIntegratedComponent:63 - No mode defined for component null
2024-07-20 01:01:55,596 [WARN] ModelIntegratedComponent:63 - No mode defined for component null
2024-07-20 01:01:55,596 [WARN] ModelIntegratedComponent:63 - No mode defined for component null
2024-07-20 01:01:55,596 [WARN] ModelIntegratedComponent:63 - No mode defined for component null
2024-07-20 01:01:55,596 [WARN] ModelIntegratedComponent:63 - No mode defined for component null
2024-07-20 01:01:55,596 [WARN] ModelIntegratedComponent:63 - No mode defined for component null
2024-07-20 01:01:55,596 [WARN] ModelIntegratedComponent:63 - No mode defined for component null
2024-07-20 01:01:55,654 [INFO] ThirdPartyModel:298 - Start build external matchings
2024-07-20 01:01:55,805 [INFO] ThirdPartyModel:316 - End build external matchings
2024-07-20 01:01:55,941 [INFO] UtilMem:75 - End LoadConfig() Used Memory: 657919176 Bytes (1073741824)
2024-07-20 01:01:56,010 [WARN] ThirdParty:833 - waiting for thirdparty lock release [change project]
2024-07-20 01:01:56,010 [INFO] ThirdParty:835 - entering critical section [change project]
2024-07-20 01:01:56,010 [INFO] ThirdParty:1030 - CMSIS Pack Vendor :STMicroelectronics USBPD 4.1
2024-07-20 01:01:56,010 [INFO] ThirdParty:1030 - CMSIS Pack Vendor :STMicroelectronics X-CUBE-GNSS1 6.0.0
2024-07-20 01:01:56,010 [INFO] ThirdParty:1030 - CMSIS Pack Vendor :STMicroelectronics USB_HOST 2.0.0
2024-07-20 01:01:56,010 [INFO] ThirdParty:1030 - CMSIS Pack Vendor :STMicroelectronics X-CUBE-AZRTOS-F4 1.1.0
2024-07-20 01:01:56,010 [INFO] ThirdParty:1030 - CMSIS Pack Vendor :STMicroelectronics LIBJPEG 8.0.0
2024-07-20 01:01:56,010 [INFO] ThirdParty:1030 - CMSIS Pack Vendor :STMicroelectronics X-CUBE-SMBUS 2.1.0
2024-07-20 01:01:56,010 [INFO] ThirdParty:1030 - CMSIS Pack Vendor :STMicroelectronics USB_DEVICE 3.0.0
2024-07-20 01:01:56,010 [INFO] ThirdParty:1030 - CMSIS Pack Vendor :STMicroelectronics X-CUBE-AZRTOS-WB 2.0.0
2024-07-20 01:01:56,010 [INFO] ThirdParty:1030 - CMSIS Pack Vendor :STMicroelectronics X-CUBE-TOUCHGFX 4.23.0
2024-07-20 01:01:56,010 [INFO] ThirdParty:1030 - CMSIS Pack Vendor :STMicroelectronics X-CUBE-TOUCHGFX 4.23.2
2024-07-20 01:01:56,010 [INFO] ThirdParty:1030 - CMSIS Pack Vendor :STMicroelectronics X-CUBE-AZRTOS-F7 1.1.0
2024-07-20 01:01:56,010 [INFO] ThirdParty:1030 - CMSIS Pack Vendor :STMicroelectronics X-CUBE-AZRTOS-L5 2.0.0
2024-07-20 01:01:56,010 [INFO] ThirdParty:1030 - CMSIS Pack Vendor :STMicroelectronics USB_DEVICE 2.0.0
2024-07-20 01:01:56,010 [INFO] ThirdParty:1030 - CMSIS Pack Vendor :ITTIA_DB I-CUBE-ITTIADB 8.8.0
2024-07-20 01:01:56,010 [INFO] ThirdParty:1030 - CMSIS Pack Vendor :STMicroelectronics FP-SNS-MOTENV1 4.3.2
2024-07-20 01:01:56,010 [INFO] ThirdParty:1030 - CMSIS Pack Vendor :STMicroelectronics X-CUBE-ALGOBUILD 1.3.0
2024-07-20 01:01:56,010 [INFO] ThirdParty:1030 - CMSIS Pack Vendor :STMicroelectronics FreeRTOS 0.0.1
2024-07-20 01:01:56,010 [INFO] ThirdParty:1030 - CMSIS Pack Vendor :STMicroelectronics X-CUBE-AZRTOS-G0 1.1.0
2024-07-20 01:01:56,010 [INFO] ThirdParty:1030 - CMSIS Pack Vendor :STMicroelectronics X-CUBE-NFC4 3.0.0
2024-07-20 01:01:56,010 [INFO] ThirdParty:1030 - CMSIS Pack Vendor :STMicroelectronics X-CUBE-DPower 1.2.0
2024-07-20 01:01:56,010 [INFO] ThirdParty:1030 - CMSIS Pack Vendor :STMicroelectronics X-CUBE-SUBG2 5.0.0
2024-07-20 01:01:56,010 [INFO] ThirdParty:1030 - CMSIS Pack Vendor :STMicroelectronics STM32_WPAN 1.0.0
2024-07-20 01:01:56,010 [INFO] ThirdParty:1030 - CMSIS Pack Vendor :wolfSSL I-CUBE-wolfMQTT 1.18.0
2024-07-20 01:01:56,010 [INFO] ThirdParty:1030 - CMSIS Pack Vendor :EmbeddedOffice I-CUBE-FS-RTOS 1.0.1
2024-07-20 01:01:56,011 [INFO] ThirdParty:1030 - CMSIS Pack Vendor :STMicroelectronics lwIP 2.0.3
2024-07-20 01:01:56,011 [INFO] ThirdParty:1030 - CMSIS Pack Vendor :STMicroelectronics FP-SNS-FLIGHT1 5.0.2
2024-07-20 01:01:56,011 [INFO] ThirdParty:1030 - CMSIS Pack Vendor :STMicroelectronics USB_HOST 1.0.0
2024-07-20 01:01:56,011 [INFO] ThirdParty:1030 - CMSIS Pack Vendor :STMicroelectronics X-CUBE-AZRTOS-G4 2.0.0
2024-07-20 01:01:56,011 [INFO] ThirdParty:1030 - CMSIS Pack Vendor :STMicroelectronics PDM2PCM 3.1.0
2024-07-20 01:01:56,011 [INFO] ThirdParty:1030 - CMSIS Pack Vendor :STMicroelectronics X-CUBE-BLEMGR 3.0.0
2024-07-20 01:01:56,011 [INFO] ThirdParty:1030 - CMSIS Pack Vendor :STMicroelectronics PDM2PCM 3.3.0
2024-07-20 01:01:56,011 [INFO] ThirdParty:1030 - CMSIS Pack Vendor :STMicroelectronics X-CUBE-DISPLAY 3.0.0
2024-07-20 01:01:56,011 [INFO] ThirdParty:1030 - CMSIS Pack Vendor :RealThread X-CUBE-RT-Thread_Nano 4.1.1
2024-07-20 01:01:56,011 [INFO] ThirdParty:1030 - CMSIS Pack Vendor :STMicroelectronics FP-SNS-MOTENVWB1 1.3.1
2024-07-20 01:01:56,011 [INFO] ThirdParty:1030 - CMSIS Pack Vendor :STMicroelectronics X-CUBE-BLE1 7.0.0
2024-07-20 01:01:56,011 [INFO] ThirdParty:1030 - CMSIS Pack Vendor :STMicroelectronics FP-ATR-SIGFOX1 3.2.0
2024-07-20 01:01:56,011 [INFO] ThirdParty:1030 - CMSIS Pack Vendor :STMicroelectronics X-CUBE-ISPU 2.0.0
2024-07-20 01:01:56,011 [INFO] ThirdParty:1030 - CMSIS Pack Vendor :STMicroelectronics X-CUBE-EEPRMA1 5.1.0
2024-07-20 01:01:56,011 [INFO] ThirdParty:1030 - CMSIS Pack Vendor :STMicroelectronics HAL Drivers 0.0.0
2024-07-20 01:01:56,011 [INFO] ThirdParty:1030 - CMSIS Pack Vendor :STMicroelectronics MBEDTLS 2.16.2
2024-07-20 01:01:56,011 [INFO] ThirdParty:1030 - CMSIS Pack Vendor :STMicroelectronics X-CUBE-ALS 1.0.2
2024-07-20 01:01:56,011 [INFO] ThirdParty:1030 - CMSIS Pack Vendor :emotas I-CUBE-CANOPEN 1.3.0
2024-07-20 01:01:56,011 [INFO] ThirdParty:1030 - CMSIS Pack Vendor :STMicroelectronics X-CUBE-MEMS1 10.0.0
2024-07-20 01:01:56,011 [INFO] ThirdParty:1030 - CMSIS Pack Vendor :STMicroelectronics X-CUBE-FREERTOS 1.1.0
2024-07-20 01:01:56,011 [INFO] ThirdParty:1030 - CMSIS Pack Vendor :STMicroelectronics X-CUBE-NFC7 1.0.1
2024-07-20 01:01:56,011 [INFO] ThirdParty:1030 - CMSIS Pack Vendor :STMicroelectronics MBEDTLS 2.14.1
2024-07-20 01:01:56,011 [INFO] ThirdParty:1030 - CMSIS Pack Vendor :STMicroelectronics X-CUBE-TOUCHGFX 4.24.0
2024-07-20 01:01:56,011 [INFO] ThirdParty:1030 - CMSIS Pack Vendor :wolfSSL I-CUBE-wolfTPM 3.2.0
2024-07-20 01:01:56,011 [INFO] ThirdParty:1030 - CMSIS Pack Vendor :STMicroelectronics X-CUBE-NFC6 3.0.0
2024-07-20 01:01:56,011 [INFO] ThirdParty:1030 - CMSIS Pack Vendor :portGmbH I-Cube-SoM-uGOAL 1.1.0
2024-07-20 01:01:56,011 [INFO] ThirdParty:1030 - CMSIS Pack Vendor :STMicroelectronics X-CUBE-ALS 1.0.1
2024-07-20 01:01:56,011 [INFO] ThirdParty:1030 - CMSIS Pack Vendor :STMicroelectronics ThreadX 1.0.0
2024-07-20 01:01:56,011 [INFO] ThirdParty:1030 - CMSIS Pack Vendor :STMicroelectronics FP-SNS-SMARTAG2 1.2.0
2024-07-20 01:01:56,011 [INFO] ThirdParty:1030 - CMSIS Pack Vendor :STMicroelectronics X-CUBE-AZRTOS-WL 2.0.0
2024-07-20 01:01:56,011 [INFO] ThirdParty:1030 - CMSIS Pack Vendor :SEGGER I-CUBE-embOS 1.3.1
2024-07-20 01:01:56,011 [INFO] ThirdParty:1030 - CMSIS Pack Vendor :STMicroelectronics X-CUBE-ALGOBUILD 1.4.0
2024-07-20 01:01:56,011 [INFO] ThirdParty:1030 - CMSIS Pack Vendor :STMicroelectronics USB_DEVICE 1.0.0
2024-07-20 01:01:56,011 [INFO] ThirdParty:1030 - CMSIS Pack Vendor :STMicroelectronics X-CUBE-AI 8.1.0
2024-07-20 01:01:56,011 [INFO] ThirdParty:1030 - CMSIS Pack Vendor :wolfSSL I-CUBE-wolfMQTT 1.19.0
2024-07-20 01:01:56,011 [INFO] ThirdParty:1030 - CMSIS Pack Vendor :STMicroelectronics X-CUBE-AZRTOS-L4 2.0.0
2024-07-20 01:01:56,011 [INFO] ThirdParty:1030 - CMSIS Pack Vendor :STMicroelectronics ThreadX 0.0.2
2024-07-20 01:01:56,011 [INFO] ThirdParty:1030 - CMSIS Pack Vendor :STMicroelectronics FP-ATR-ASTRA1 2.0.0
2024-07-20 01:01:56,011 [INFO] ThirdParty:1030 - CMSIS Pack Vendor :STMicroelectronics lwIP 2.1.2
2024-07-20 01:01:56,011 [INFO] ThirdParty:1030 - CMSIS Pack Vendor :STMicroelectronics X-CUBE-SFXS2LP1 4.0.0
2024-07-20 01:01:56,011 [INFO] ThirdParty:1030 - CMSIS Pack Vendor :STMicroelectronics X-CUBE-BLE2 3.3.0
2024-07-20 01:01:56,011 [INFO] ThirdParty:1030 - CMSIS Pack Vendor :STMicroelectronics X-CUBE-TOF1 3.4.0
2024-07-20 01:01:56,011 [INFO] ThirdParty:1030 - CMSIS Pack Vendor :STMicroelectronics X-CUBE-AZRTOS-H7 3.2.0
2024-07-20 01:01:56,011 [INFO] ThirdParty:1030 - CMSIS Pack Vendor :STMicroelectronics PDM2PCM 3.2.0
2024-07-20 01:01:56,012 [INFO] ThirdParty:841 - exiting critical section [change project]
2024-07-20 01:01:56,063 [INFO] PinOutPanel:1561 - setPackage(No Configuration,No Configuration)
2024-07-20 01:01:56,063 [INFO] PinOutPanel:1561 - setPackage(STM32F103C8Tx,LQFP48)
2024-07-20 01:01:56,151 [INFO] UtilMem:75 - Before build in PCC Used Memory: 646767720 Bytes (1073741824)
2024-07-20 01:01:56,278 [INFO] UtilMem:75 - After build in PCC Used Memory: 688184424 Bytes (1073741824)
2024-07-20 01:01:56,290 [INFO] IPUIPlugin:80 - create IPUIPlugin
2024-07-20 01:01:56,290 [INFO] IPUIPlugin:80 - create IPUIPlugin
2024-07-20 01:01:56,290 [INFO] IPUIPlugin:80 - create IPUIPlugin
2024-07-20 01:01:56,291 [INFO] IPUIPlugin:80 - create IPUIPlugin
2024-07-20 01:01:56,291 [INFO] IPUIPlugin:80 - create IPUIPlugin
2024-07-20 01:01:56,291 [INFO] IPUIPlugin:80 - create IPUIPlugin
2024-07-20 01:01:56,291 [INFO] IPUIPlugin:80 - create IPUIPlugin
2024-07-20 01:01:56,291 [INFO] IPUIPlugin:80 - create IPUIPlugin
2024-07-20 01:01:56,291 [INFO] IPUIPlugin:80 - create IPUIPlugin
2024-07-20 01:01:56,291 [INFO] IPUIPlugin:80 - create IPUIPlugin
2024-07-20 01:01:56,291 [INFO] IPUIPlugin:80 - create IPUIPlugin
2024-07-20 01:01:56,291 [INFO] IPUIPlugin:80 - create IPUIPlugin
2024-07-20 01:01:56,291 [INFO] IPUIPlugin:80 - create IPUIPlugin
2024-07-20 01:01:56,291 [INFO] IPUIPlugin:80 - create IPUIPlugin
2024-07-20 01:01:56,292 [INFO] IPUIPlugin:80 - create IPUIPlugin
2024-07-20 01:01:56,292 [INFO] IPUIPlugin:80 - create IPUIPlugin
2024-07-20 01:01:56,292 [INFO] IPUIPlugin:80 - create IPUIPlugin
2024-07-20 01:01:56,292 [INFO] IPUIPlugin:80 - create IPUIPlugin
2024-07-20 01:01:56,292 [INFO] IPUIPlugin:80 - create IPUIPlugin
2024-07-20 01:01:56,292 [INFO] IPUIPlugin:80 - create IPUIPlugin
2024-07-20 01:01:56,292 [INFO] IPUIPlugin:80 - create IPUIPlugin
2024-07-20 01:01:56,293 [INFO] IPUIPlugin:80 - create IPUIPlugin
2024-07-20 01:01:56,293 [INFO] IPUIPlugin:80 - create IPUIPlugin
2024-07-20 01:01:56,293 [INFO] IPUIPlugin:80 - create IPUIPlugin
2024-07-20 01:01:56,293 [INFO] IPUIPlugin:80 - create IPUIPlugin
2024-07-20 01:01:56,293 [INFO] IPUIPlugin:80 - create IPUIPlugin
2024-07-20 01:01:56,294 [INFO] IPUIPlugin:80 - create IPUIPlugin
2024-07-20 01:01:56,325 [INFO] CADModel:165 - CPN selected for project levelSTM32F103C8T6
2024-07-20 01:01:56,325 [INFO] CADModel:114 - Register for checkConnection events
2024-07-20 01:01:56,374 [INFO] OpenFileManager:343 - Restore cursor
2024-07-20 01:02:04,973 [WARN] IP:2120 - I2C_Coeff_DF not found: check if there is a RefParameter without a condition.
2024-07-20 01:02:04,974 [WARN] IP:2120 - Analog_Filter not found: check if there is a RefParameter without a condition.
2024-07-20 01:02:04,979 [WARN] IP:2120 - I2C_Coeff_DF not found: check if there is a RefParameter without a condition.
2024-07-20 01:02:04,979 [WARN] IP:2120 - Analog_Filter not found: check if there is a RefParameter without a condition.
2024-07-20 01:02:04,979 [WARN] IP:2120 - I2C_Coeff_DF not found: check if there is a RefParameter without a condition.
2024-07-20 01:02:04,979 [WARN] IP:2120 - Analog_Filter not found: check if there is a RefParameter without a condition.
2024-07-20 01:02:05,004 [WARN] IP:2120 - I2C_Coeff_DF not found: check if there is a RefParameter without a condition.
2024-07-20 01:02:05,004 [WARN] IP:2120 - Analog_Filter not found: check if there is a RefParameter without a condition.
2024-07-20 01:02:05,004 [WARN] IP:2120 - I2C_Coeff_DF not found: check if there is a RefParameter without a condition.
2024-07-20 01:02:05,004 [WARN] IP:2120 - Analog_Filter not found: check if there is a RefParameter without a condition.
2024-07-20 01:02:08,235 [WARN] IP:2120 - I2C_Coeff_DF not found: check if there is a RefParameter without a condition.
2024-07-20 01:02:08,235 [WARN] IP:2120 - Analog_Filter not found: check if there is a RefParameter without a condition.
2024-07-20 01:02:08,250 [WARN] IP:2120 - I2C_Coeff_DF not found: check if there is a RefParameter without a condition.
2024-07-20 01:02:08,250 [WARN] IP:2120 - Analog_Filter not found: check if there is a RefParameter without a condition.
2024-07-20 01:02:08,250 [WARN] IP:2120 - I2C_Coeff_DF not found: check if there is a RefParameter without a condition.
2024-07-20 01:02:08,250 [WARN] IP:2120 - Analog_Filter not found: check if there is a RefParameter without a condition.
2024-07-20 01:02:08,302 [WARN] IP:2120 - I2C_Coeff_DF not found: check if there is a RefParameter without a condition.
2024-07-20 01:02:08,302 [WARN] IP:2120 - Analog_Filter not found: check if there is a RefParameter without a condition.
2024-07-20 01:02:08,302 [WARN] IP:2120 - I2C_Coeff_DF not found: check if there is a RefParameter without a condition.
2024-07-20 01:02:08,302 [WARN] IP:2120 - Analog_Filter not found: check if there is a RefParameter without a condition.
2024-07-20 01:02:08,334 [WARN] IP:2120 - I2C_Coeff_DF not found: check if there is a RefParameter without a condition.
2024-07-20 01:02:08,334 [WARN] IP:2120 - Analog_Filter not found: check if there is a RefParameter without a condition.
2024-07-20 01:02:08,555 [INFO] UtilMem:75 - End SaveConfig() Used Memory: 674464512 Bytes (1073741824)
2024-07-20 01:02:08,634 [INFO] UtilMem:75 - End SaveConfig() Used Memory: 688442960 Bytes (1073741824)
2024-07-20 01:02:09,154 [INFO] UtilMem:75 - End SaveConfig() Used Memory: 743495248 Bytes (1073741824)
2024-07-20 01:02:09,234 [INFO] BlockDiagram:2759 - set Specific Code input for plugin: SPI
2024-07-20 01:02:09,234 [INFO] BlockDiagram:2759 - set Specific Code input for plugin: SPI
2024-07-20 01:02:09,234 [INFO] BlockDiagram:2759 - set Specific Code input for plugin: NVIC
2024-07-20 01:02:09,234 [INFO] BlockDiagram:2759 - set Specific Code input for plugin: SYS
2024-07-20 01:02:09,234 [INFO] BlockDiagram:2759 - set Specific Code input for plugin: GPIO
2024-07-20 01:02:09,234 [INFO] BlockDiagram:2759 - set Specific Code input for plugin: RCC
2024-07-20 01:02:09,234 [INFO] BlockDiagram:2759 - set Specific Code input for plugin: I2C
2024-07-20 01:02:09,234 [INFO] BlockDiagram:2759 - set Specific Code input for plugin: I2C
2024-07-20 01:02:09,235 [INFO] CodeGenerator:807 - code generatio: config db path: I:\software\STM32CubeIDE_1.15.1\STM32CubeIDE\plugins\com.st.stm32cube.common.mx_6.11.1.202404110753\\db\
2024-07-20 01:02:09,236 [WARN] IP:2120 - I2C_Coeff_DF not found: check if there is a RefParameter without a condition.
2024-07-20 01:02:09,236 [WARN] IP:2120 - Analog_Filter not found: check if there is a RefParameter without a condition.
2024-07-20 01:02:09,237 [WARN] IP:2120 - I2C_Coeff_DF not found: check if there is a RefParameter without a condition.
2024-07-20 01:02:09,237 [WARN] IP:2120 - Analog_Filter not found: check if there is a RefParameter without a condition.
2024-07-20 01:02:09,279 [INFO] CodeEngine:255 - oldGeneratedFile, I:\document\Stm32_Cube\F8T6\MXTmpFiles\license.tmp_save
2024-07-20 01:02:09,341 [INFO] CodeEngine:279 - Generated code: I:\document\Stm32_Cube\F8T6\MXTmpFiles\license.tmp
2024-07-20 01:02:09,372 [INFO] CodeEngine:255 - oldGeneratedFile, I:\document\Stm32_Cube\F8T6\MXTmpFiles\gpio.tmp_save
2024-07-20 01:02:09,431 [INFO] CodeEngine:279 - Generated code: I:\document\Stm32_Cube\F8T6\MXTmpFiles\gpio.tmp
2024-07-20 01:02:09,510 [INFO] CodeEngine:255 - oldGeneratedFile, I:\document\Stm32_Cube\F8T6\Core\Src\stm32f1xx_it.c_save
2024-07-20 01:02:09,568 [INFO] CodeEngine:279 - Generated code: I:\document\Stm32_Cube\F8T6\Core\Src\stm32f1xx_it.c
2024-07-20 01:02:09,577 [INFO] CodeEngine:255 - oldGeneratedFile, I:\document\Stm32_Cube\F8T6\Core\Inc\stm32f1xx_it.h_save
2024-07-20 01:02:09,629 [INFO] CodeEngine:279 - Generated code: I:\document\Stm32_Cube\F8T6\Core\Inc\stm32f1xx_it.h
2024-07-20 01:02:09,647 [INFO] CodeEngine:255 - oldGeneratedFile, I:\document\Stm32_Cube\F8T6\Core\Src\stm32f1xx_hal_msp.c_save
2024-07-20 01:02:09,741 [INFO] CodeEngine:279 - Generated code: I:\document\Stm32_Cube\F8T6\Core\Src\stm32f1xx_hal_msp.c
2024-07-20 01:02:09,748 [INFO] CodeEngine:255 - oldGeneratedFile, I:\document\Stm32_Cube\F8T6\MXTmpFiles\system.tmp_save
2024-07-20 01:02:09,793 [INFO] CodeEngine:279 - Generated code: I:\document\Stm32_Cube\F8T6\MXTmpFiles\system.tmp
2024-07-20 01:02:09,810 [INFO] CodeEngine:311 - oldGeneratedFile, I:\document\Stm32_Cube\F8T6\Core\Inc\stm32f1xx_hal_conf.h_save
2024-07-20 01:02:09,874 [INFO] CodeEngine:335 - Generated code: I:\document\Stm32_Cube\F8T6\Core\Inc\stm32f1xx_hal_conf.h
2024-07-20 01:02:09,908 [INFO] CodeEngine:255 - oldGeneratedFile, I:\document\Stm32_Cube\F8T6\Core\Inc\main.h_save
2024-07-20 01:02:09,963 [INFO] CodeEngine:279 - Generated code: I:\document\Stm32_Cube\F8T6\Core\Inc\main.h
2024-07-20 01:02:09,976 [INFO] CodeEngine:255 - oldGeneratedFile, I:\document\Stm32_Cube\F8T6\Core\Src\main.c_save
2024-07-20 01:02:10,071 [INFO] CodeEngine:279 - Generated code: I:\document\Stm32_Cube\F8T6\Core\Src\main.c
2024-07-20 01:02:10,193 [ERROR] ProjectBuilder:6823 - Problem during Copy of File LICENSE.txt
2024-07-20 01:02:10,201 [ERROR] ProjectBuilder:6823 - Problem during Copy of File LICENSE.txt
2024-07-20 01:02:10,209 [ERROR] ProjectBuilder:6823 - Problem during Copy of File LICENSE.txt
2024-07-20 01:02:10,212 [ERROR] ProjectBuilder:6823 - Problem during Copy of File LICENSE.txt
2024-07-20 01:02:10,215 [ERROR] ProjectBuilder:6823 - Problem during Copy of File LICENSE.txt
2024-07-20 01:02:10,260 [ERROR] ProjectBuilder:6823 - Problem during Copy of File LICENSE.txt
2024-07-20 01:02:10,269 [ERROR] ProjectBuilder:6823 - Problem during Copy of File LICENSE.txt
2024-07-20 01:02:10,276 [ERROR] ProjectBuilder:6823 - Problem during Copy of File LICENSE.txt
2024-07-20 01:02:10,279 [ERROR] ProjectBuilder:6823 - Problem during Copy of File LICENSE.txt
2024-07-20 01:02:10,283 [ERROR] ProjectBuilder:6823 - Problem during Copy of File LICENSE.txt
2024-07-20 01:02:10,347 [INFO] ProjectBuilder:3163 - Time for Copy HAL[1] : 163mS.
2024-07-20 01:02:10,352 [INFO] ProjectBuilder:4736 - Project Generator version: 4.3.0-B58
2024-07-20 01:02:10,403 [INFO] ConfigFileManager:1503 - The Die is : DIE410
2024-07-20 01:02:10,405 [INFO] ApiDbMcu:508 - Load IP Config File for FATFS
2024-07-20 01:02:10,407 [INFO] ApiDbMcu:508 - Load IP Config File for FREERTOS
2024-07-20 01:02:10,410 [INFO] ApiDbMcu:508 - Load IP Config File for USB_DEVICE
2024-07-20 01:02:11,049 [INFO] ProjectBuilder:5002 - Time for Generating toolchain IDE Files: 697mS.
2024-07-20 01:02:11,050 [INFO] ProjectBuilder:3034 - Time for Copy CMSIS : 1mS.
2024-07-20 01:02:11,053 [INFO] ProjectBuilder:3034 - Time for Copy CMSIS : 0mS.
2024-07-20 02:41:53,761 [ERROR] LogOutputStream:75 - [STDERR_REDIRECT] 
2024-07-20 13:56:08,152 [INFO] Activator:176 - 


2024-07-20 13:56:08,153 [INFO] Activator:177 - !SESSION log4j initialized
2024-07-20 13:56:12,830 [INFO] LogOutputStream:77 - [STDOUT_REDIRECT] 
2024-07-20 13:56:14,443 [INFO] ApplicationProperties:184 - Using Application install path: I:\software\STM32CubeIDE_1.15.1\STM32CubeIDE\plugins\com.st.stm32cube.common.mx_6.11.1.202404110753
2024-07-20 13:56:14,456 [INFO] DbMcusXml:78 - Set database path to: I:\software\STM32CubeIDE_1.15.1\STM32CubeIDE\plugins\com.st.stm32cube.common.mx_6.11.1.202404110753\\db\/mcu/
2024-07-20 13:56:14,457 [INFO] ApiDb:274 - Set plugin database path to: I:\software\STM32CubeIDE_1.15.1\STM32CubeIDE\plugins\com.st.stm32cube.common.mx_6.11.1.202404110753\\db\/plugins/boardmanager/
2024-07-20 13:56:14,457 [WARN] ApiDb:259 - Overriding images path with different value:  => I:\software\STM32CubeIDE_1.15.1\STM32CubeIDE\plugins\com.st.stm32cube.common.mx_6.11.1.202404110753\\db\/plugins/mcufinder/images/
2024-07-20 13:56:14,468 [INFO] ApiDb:250 - Set database path to: C:\Users\king\.stmcufinder\plugins\mcufinder//mcu/
2024-07-20 13:56:14,469 [INFO] DbMcusAds:125 - Set database path to: C:\Users\king\.stmcufinder\plugins\mcufinder//mcu/
2024-07-20 13:56:14,470 [INFO] CrossReferenceDbSqlite:203 - Set database path to: C:\Users\king\.stmcufinder\plugins\mcufinder//mcu/cs/
2024-07-20 13:56:14,560 [INFO] RulesReader:64 - Compatibility file has been processed (297 Rules)
2024-07-20 13:56:14,684 [INFO] DbMcusXml:78 - Set database path to: I:\software\STM32CubeIDE_1.15.1\STM32CubeIDE\plugins\com.st.stm32cube.common.mx_6.11.1.202404110753\\db\/mcu/
2024-07-20 13:56:14,684 [INFO] ApiDb:274 - Set plugin database path to: I:\software\STM32CubeIDE_1.15.1\STM32CubeIDE\plugins\com.st.stm32cube.common.mx_6.11.1.202404110753\\db\/plugins/boardmanager/
2024-07-20 13:56:14,684 [INFO] ApiDb:261 - Set plugin images path to: I:\software\STM32CubeIDE_1.15.1\STM32CubeIDE\plugins\com.st.stm32cube.common.mx_6.11.1.202404110753\\db\/plugins/mcufinder/images/
2024-07-20 13:56:14,684 [WARN] DbFile:41 - Overriding database path with different value: C:\Users\king\.stmcufinder\plugins\mcufinder/ => C:\Users\king\.stmcufinder\plugins\mcufinder
2024-07-20 13:56:14,684 [INFO] ApiDb:250 - Set database path to: C:\Users\king\.stmcufinder\plugins\mcufinder//mcu/
2024-07-20 13:56:14,684 [WARN] DbFile:41 - Overriding database path with different value: C:\Users\king\.stmcufinder\plugins\mcufinder/ => C:\Users\king\.stmcufinder\plugins\mcufinder
2024-07-20 13:56:14,684 [INFO] DbMcusAds:125 - Set database path to: C:\Users\king\.stmcufinder\plugins\mcufinder//mcu/
2024-07-20 13:56:14,684 [WARN] DbFile:41 - Overriding database path with different value: C:\Users\king\.stmcufinder\plugins\mcufinder/ => C:\Users\king\.stmcufinder\plugins\mcufinder
2024-07-20 13:56:14,684 [WARN] DbFile:41 - Overriding database path with different value: C:\Users\king\.stmcufinder\plugins\mcufinder/ => C:\Users\king\.stmcufinder\plugins\mcufinder
2024-07-20 13:56:14,684 [INFO] CrossReferenceDbSqlite:203 - Set database path to: C:\Users\king\.stmcufinder\plugins\mcufinder//mcu/cs/
2024-07-20 13:56:14,778 [INFO] MainPanel:264 - HeapMemory: 268435456
2024-07-20 13:56:14,855 [INFO] DbMcusXml:78 - Set database path to: I:\software\STM32CubeIDE_1.15.1\STM32CubeIDE\plugins\com.st.stm32cube.common.mx_6.11.1.202404110753\\db\/mcu/
2024-07-20 13:56:14,855 [INFO] ApiDb:274 - Set plugin database path to: I:\software\STM32CubeIDE_1.15.1\STM32CubeIDE\plugins\com.st.stm32cube.common.mx_6.11.1.202404110753\\db\/plugins/boardmanager/
2024-07-20 13:56:14,855 [INFO] ApiDb:261 - Set plugin images path to: I:\software\STM32CubeIDE_1.15.1\STM32CubeIDE\plugins\com.st.stm32cube.common.mx_6.11.1.202404110753\\db\/plugins/mcufinder/images/
2024-07-20 13:56:14,856 [WARN] DbFile:41 - Overriding database path with different value: C:\Users\king\.stmcufinder\plugins\mcufinder/ => C:\Users\king\.stmcufinder\plugins\mcufinder
2024-07-20 13:56:14,856 [INFO] ApiDb:250 - Set database path to: C:\Users\king\.stmcufinder\plugins\mcufinder//mcu/
2024-07-20 13:56:14,856 [WARN] DbFile:41 - Overriding database path with different value: C:\Users\king\.stmcufinder\plugins\mcufinder/ => C:\Users\king\.stmcufinder\plugins\mcufinder
2024-07-20 13:56:14,856 [INFO] DbMcusAds:125 - Set database path to: C:\Users\king\.stmcufinder\plugins\mcufinder//mcu/
2024-07-20 13:56:14,856 [WARN] DbFile:41 - Overriding database path with different value: C:\Users\king\.stmcufinder\plugins\mcufinder/ => C:\Users\king\.stmcufinder\plugins\mcufinder
2024-07-20 13:56:14,856 [WARN] DbFile:41 - Overriding database path with different value: C:\Users\king\.stmcufinder\plugins\mcufinder/ => C:\Users\king\.stmcufinder\plugins\mcufinder
2024-07-20 13:56:14,856 [INFO] CrossReferenceDbSqlite:203 - Set database path to: C:\Users\king\.stmcufinder\plugins\mcufinder//mcu/cs/
2024-07-20 13:56:14,878 [INFO] ApplicationProperties:184 - Using Application install path: I:\software\STM32CubeIDE_1.15.1\STM32CubeIDE\plugins\com.st.stm32cube.common.mx_6.11.1.202404110753
2024-07-20 13:56:14,879 [INFO] PluginManage:196 - Search for loadable plugins [exclusion list=, ]
2024-07-20 13:56:14,880 [INFO] PluginManage:310 - Check plugin analytics
2024-07-20 13:56:15,010 [INFO] AnalyticsPlugin:253 - Accepted Software Licenses: STM32CubeMX.6.8.1,STM32CubeMX.6.10.0
2024-07-20 13:56:15,011 [INFO] AnalyticsPlugin:255 - Accepted CMSIS Pack Licenses: 
2024-07-20 13:56:15,011 [INFO] AnalyticsPlugin:257 - Accepted Firmware Licenses: FW.F4.1.28.0
2024-07-20 13:56:15,012 [INFO] PluginManage:359 - Loaded plugin analytics (category:tool,tabindex:-1)
2024-07-20 13:56:15,013 [INFO] PluginManage:310 - Check plugin cadmodel
2024-07-20 13:56:15,026 [INFO] CADModel:105 - Init CAD model plugin
2024-07-20 13:56:15,026 [INFO] PluginManage:359 - Loaded plugin cadmodel (category:power,tabindex:5)
2024-07-20 13:56:15,026 [INFO] PluginManage:310 - Check plugin clock
2024-07-20 13:56:15,044 [INFO] PluginManage:359 - Loaded plugin clock (category:base,tabindex:2)
2024-07-20 13:56:15,044 [INFO] PluginManage:310 - Check plugin ddr
2024-07-20 13:56:15,046 [INFO] PluginManage:359 - Loaded plugin ddr (category:tool,tabindex:6)
2024-07-20 13:56:15,046 [INFO] PluginManage:310 - Check plugin filemanager
2024-07-20 13:56:15,163 [INFO] PluginManage:359 - Loaded plugin filemanager (category:base,tabindex:10)
2024-07-20 13:56:15,164 [INFO] PluginManage:310 - Check plugin ipmanager
2024-07-20 13:56:15,173 [INFO] PluginManage:359 - Loaded plugin ipmanager (category:base,tabindex:5)
2024-07-20 13:56:15,173 [INFO] PluginManage:310 - Check plugin lpbam
2024-07-20 13:56:15,187 [INFO] PluginManage:359 - Loaded plugin lpbam (category:base,tabindex:0)
2024-07-20 13:56:15,187 [INFO] PluginManage:310 - Check plugin memorymap
2024-07-20 13:56:15,205 [INFO] PluginManage:359 - Loaded plugin memorymap (category:base,tabindex:4)
2024-07-20 13:56:15,205 [INFO] PluginManage:310 - Check plugin pinoutandconfiguration
2024-07-20 13:56:15,218 [INFO] PluginManage:359 - Loaded plugin pinoutandconfiguration (category:base,tabindex:1)
2024-07-20 13:56:15,218 [INFO] PluginManage:310 - Check plugin pinoutconfig
2024-07-20 13:56:15,295 [WARN] SupportedApi:132 - Cannot load RTOS API schema: s4s-elt-must-match.1: The content of 'definitions' must match (annotation?, (simpleType | complexType)?, (unique | key | keyref)*)). A problem was found starting at: attribute.
2024-07-20 13:56:15,387 [INFO] PluginManage:359 - Loaded plugin pinoutconfig (category:base,tabindex:0)
2024-07-20 13:56:15,387 [INFO] PluginManage:310 - Check plugin power
2024-07-20 13:56:15,402 [INFO] PluginManage:359 - Loaded plugin power (category:power,tabindex:4)
2024-07-20 13:56:15,403 [INFO] PluginManage:310 - Check plugin projectmanager
2024-07-20 13:56:15,415 [INFO] PluginManage:359 - Loaded plugin projectmanager (category:projectmanager,tabindex:3)
2024-07-20 13:56:15,415 [INFO] PluginManage:310 - Check plugin thirdparty
2024-07-20 13:56:15,602 [INFO] PluginManage:359 - Loaded plugin thirdparty (category:base,tabindex:-1)
2024-07-20 13:56:15,602 [INFO] PluginManage:310 - Check plugin tools
2024-07-20 13:56:15,602 [WARN] IntegrityCheckThread:84 - waiting for thirdparty lock release [integrity check]
2024-07-20 13:56:15,602 [INFO] IntegrityCheckThread:86 - entering critical section [integrity check]
2024-07-20 13:56:15,602 [INFO] ThirdPartyUpdaterWithRetryManager:70 - Updater plugin not ready yet. [1/15]
2024-07-20 13:56:15,626 [INFO] PluginManage:359 - Loaded plugin tools (category:base,tabindex:7)
2024-07-20 13:56:15,626 [INFO] PluginManage:310 - Check plugin tutovideos
2024-07-20 13:56:15,761 [INFO] PluginManage:359 - Loaded plugin tutovideos (category:base,tabindex:-1)
2024-07-20 13:56:15,761 [INFO] PluginManage:310 - Check plugin updater
2024-07-20 13:56:15,769 [INFO] PluginManage:359 - Loaded plugin updater (category:base,tabindex:12)
2024-07-20 13:56:15,769 [INFO] PluginManage:310 - Check plugin userauth
2024-07-20 13:56:15,774 [INFO] UserAuth:114 - Init User Auth plugin
2024-07-20 13:56:15,774 [INFO] PluginManage:359 - Loaded plugin userauth (category:base,tabindex:14)
2024-07-20 13:56:15,774 [INFO] PluginManage:283 - PluginManage : Loaded plugins [17]
2024-07-20 13:56:16,002 [INFO] PinOutPanel:1561 - setPackage(No Configuration,No Configuration)
2024-07-20 13:56:16,115 [INFO] CADModel:165 - CPN selected for project level
2024-07-20 13:56:16,115 [INFO] CADModel:114 - Register for checkConnection events
2024-07-20 13:56:16,136 [INFO] IPUIPlugin:80 - create IPUIPlugin
2024-07-20 13:56:16,136 [INFO] PluginManager:220 - loadIPPluginJar : add adc
2024-07-20 13:56:16,162 [INFO] IPUIPlugin:80 - create IPUIPlugin
2024-07-20 13:56:16,162 [INFO] PluginManager:220 - loadIPPluginJar : add aes
2024-07-20 13:56:16,192 [INFO] IPUIPlugin:80 - create IPUIPlugin
2024-07-20 13:56:16,193 [INFO] PluginManager:220 - loadIPPluginJar : add can
2024-07-20 13:56:16,209 [INFO] IPUIPlugin:80 - create IPUIPlugin
2024-07-20 13:56:16,209 [INFO] PluginManager:220 - loadIPPluginJar : add comp
2024-07-20 13:56:16,232 [INFO] IPUIPlugin:80 - create IPUIPlugin
2024-07-20 13:56:16,232 [INFO] PluginManager:220 - loadIPPluginJar : add cryp
2024-07-20 13:56:16,253 [INFO] IPUIPlugin:80 - create IPUIPlugin
2024-07-20 13:56:16,253 [INFO] PluginManager:220 - loadIPPluginJar : add dfsdm
2024-07-20 13:56:16,264 [INFO] IPUIPlugin:80 - create IPUIPlugin
2024-07-20 13:56:16,264 [INFO] PluginManager:220 - loadIPPluginJar : add dma
2024-07-20 13:56:16,299 [INFO] IPUIPlugin:80 - create IPUIPlugin
2024-07-20 13:56:16,299 [INFO] PluginManager:220 - loadIPPluginJar : add dma3
2024-07-20 13:56:16,331 [INFO] IPUIPlugin:80 - create IPUIPlugin
2024-07-20 13:56:16,331 [INFO] PluginManager:220 - loadIPPluginJar : add extmemmanager
2024-07-20 13:56:16,345 [INFO] IPUIPlugin:80 - create IPUIPlugin
2024-07-20 13:56:16,345 [INFO] PluginManager:220 - loadIPPluginJar : add fatfs
2024-07-20 13:56:16,378 [INFO] IPUIPlugin:80 - create IPUIPlugin
2024-07-20 13:56:16,378 [INFO] PluginManager:220 - loadIPPluginJar : add fmc
2024-07-20 13:56:16,390 [INFO] IPUIPlugin:80 - create IPUIPlugin
2024-07-20 13:56:16,390 [INFO] PluginManager:220 - loadIPPluginJar : add freertos
2024-07-20 13:56:16,404 [INFO] IPUIPlugin:80 - create IPUIPlugin
2024-07-20 13:56:16,405 [INFO] PluginManager:220 - loadIPPluginJar : add genericplugin
2024-07-20 13:56:16,466 [INFO] IPUIPlugin:80 - create IPUIPlugin
2024-07-20 13:56:16,466 [INFO] PluginManager:220 - loadIPPluginJar : add gfxmmu
2024-07-20 13:56:16,552 [INFO] IPUIPlugin:80 - create IPUIPlugin
2024-07-20 13:56:16,553 [INFO] PluginManager:220 - loadIPPluginJar : add gic
2024-07-20 13:56:16,562 [INFO] IPUIPlugin:80 - create IPUIPlugin
2024-07-20 13:56:16,562 [INFO] PluginManager:220 - loadIPPluginJar : add gpio
2024-07-20 13:56:16,622 [INFO] IPUIPlugin:80 - create IPUIPlugin
2024-07-20 13:56:16,622 [INFO] PluginManager:220 - loadIPPluginJar : add gtzc
2024-07-20 13:56:16,643 [INFO] IPUIPlugin:80 - create IPUIPlugin
2024-07-20 13:56:16,643 [INFO] PluginManager:220 - loadIPPluginJar : add hash
2024-07-20 13:56:16,677 [INFO] IPUIPlugin:80 - create IPUIPlugin
2024-07-20 13:56:16,677 [INFO] PluginManager:220 - loadIPPluginJar : add i2c
2024-07-20 13:56:16,703 [INFO] IPUIPlugin:80 - create IPUIPlugin
2024-07-20 13:56:16,703 [INFO] PluginManager:220 - loadIPPluginJar : add i2s
2024-07-20 13:56:16,730 [INFO] IPUIPlugin:80 - create IPUIPlugin
2024-07-20 13:56:16,730 [INFO] PluginManager:220 - loadIPPluginJar : add i3c
2024-07-20 13:56:16,801 [INFO] IPUIPlugin:80 - create IPUIPlugin
2024-07-20 13:56:16,801 [INFO] PluginManager:220 - loadIPPluginJar : add ipddr
2024-07-20 13:56:16,861 [INFO] IPUIPlugin:80 - create IPUIPlugin
2024-07-20 13:56:16,861 [INFO] PluginManager:220 - loadIPPluginJar : add linkedlist
2024-07-20 13:56:16,886 [INFO] IPUIPlugin:80 - create IPUIPlugin
2024-07-20 13:56:16,886 [INFO] PluginManager:220 - loadIPPluginJar : add lorawan
2024-07-20 13:56:16,911 [INFO] IPUIPlugin:80 - create IPUIPlugin
2024-07-20 13:56:16,911 [INFO] PluginManager:220 - loadIPPluginJar : add ltdc
2024-07-20 13:56:16,922 [INFO] IPUIPlugin:80 - create IPUIPlugin
2024-07-20 13:56:16,922 [INFO] PluginManager:220 - loadIPPluginJar : add mdma
2024-07-20 13:56:16,930 [INFO] IPUIPlugin:80 - create IPUIPlugin
2024-07-20 13:56:16,930 [INFO] PluginManager:220 - loadIPPluginJar : add nvic
2024-07-20 13:56:16,955 [INFO] IPUIPlugin:80 - create IPUIPlugin
2024-07-20 13:56:16,955 [INFO] PluginManager:220 - loadIPPluginJar : add opamp
2024-07-20 13:56:16,995 [INFO] IPUIPlugin:80 - create IPUIPlugin
2024-07-20 13:56:16,995 [INFO] PluginManager:220 - loadIPPluginJar : add openamp
2024-07-20 13:56:17,024 [INFO] IPUIPlugin:80 - create IPUIPlugin
2024-07-20 13:56:17,024 [INFO] PluginManager:220 - loadIPPluginJar : add pdm2pcm
2024-07-20 13:56:17,034 [INFO] IPUIPlugin:80 - create IPUIPlugin
2024-07-20 13:56:17,035 [INFO] PluginManager:220 - loadIPPluginJar : add plateformsettings
2024-07-20 13:56:17,050 [INFO] IPUIPlugin:80 - create IPUIPlugin
2024-07-20 13:56:17,050 [INFO] PluginManager:220 - loadIPPluginJar : add quadspi
2024-07-20 13:56:17,059 [INFO] IPUIPlugin:80 - create IPUIPlugin
2024-07-20 13:56:17,059 [INFO] PluginManager:220 - loadIPPluginJar : add resmgrutility
2024-07-20 13:56:17,092 [INFO] IPUIPlugin:80 - create IPUIPlugin
2024-07-20 13:56:17,092 [INFO] PluginManager:220 - loadIPPluginJar : add sai
2024-07-20 13:56:17,117 [INFO] IPUIPlugin:80 - create IPUIPlugin
2024-07-20 13:56:17,117 [INFO] PluginManager:220 - loadIPPluginJar : add spi
2024-07-20 13:56:17,163 [INFO] IPUIPlugin:80 - create IPUIPlugin
2024-07-20 13:56:17,163 [INFO] PluginManager:220 - loadIPPluginJar : add stm32_wpan
2024-07-20 13:56:17,180 [INFO] IPUIPlugin:80 - create IPUIPlugin
2024-07-20 13:56:17,180 [INFO] PluginManager:220 - loadIPPluginJar : add tim
2024-07-20 13:56:17,220 [INFO] IPUIPlugin:80 - create IPUIPlugin
2024-07-20 13:56:17,221 [INFO] PluginManager:220 - loadIPPluginJar : add touchsensing
2024-07-20 13:56:17,236 [INFO] IPUIPlugin:80 - create IPUIPlugin
2024-07-20 13:56:17,237 [INFO] PluginManager:220 - loadIPPluginJar : add tracer_emb
2024-07-20 13:56:17,252 [INFO] IPUIPlugin:80 - create IPUIPlugin
2024-07-20 13:56:17,252 [INFO] PluginManager:220 - loadIPPluginJar : add ts
2024-07-20 13:56:17,267 [INFO] IPUIPlugin:80 - create IPUIPlugin
2024-07-20 13:56:17,267 [INFO] PluginManager:220 - loadIPPluginJar : add tsc
2024-07-20 13:56:17,282 [INFO] IPUIPlugin:80 - create IPUIPlugin
2024-07-20 13:56:17,282 [INFO] PluginManager:220 - loadIPPluginJar : add ucpd
2024-07-20 13:56:17,312 [INFO] IPUIPlugin:80 - create IPUIPlugin
2024-07-20 13:56:17,312 [INFO] PluginManager:220 - loadIPPluginJar : add usart
2024-07-20 13:56:17,341 [INFO] IPUIPlugin:80 - create IPUIPlugin
2024-07-20 13:56:17,341 [INFO] PluginManager:220 - loadIPPluginJar : add usbx
2024-07-20 13:56:17,479 [INFO] CADModel:165 - CPN selected for project level
2024-07-20 13:56:17,479 [INFO] CADModel:114 - Register for checkConnection events
2024-07-20 13:56:17,479 [FATAL] Updater:308 - Updater called before beeing initialized
2024-07-20 13:56:17,479 [ERROR] CADModel:125 - Updater not yet initialized, retry later 
2024-07-20 13:56:17,590 [INFO] CADModel:165 - CPN selected for project level
2024-07-20 13:56:17,590 [INFO] CADModel:114 - Register for checkConnection events
2024-07-20 13:56:17,590 [FATAL] Updater:308 - Updater called before beeing initialized
2024-07-20 13:56:17,590 [ERROR] CADModel:125 - Updater not yet initialized, retry later 
2024-07-20 13:56:17,592 [FATAL] Updater:308 - Updater called before beeing initialized
2024-07-20 13:56:17,695 [FATAL] Updater:308 - Updater called before beeing initialized
2024-07-20 13:56:17,701 [INFO] DbMcusAds:53 - JSON generation date=Thu May 16 17:22:01 CST 2024 (1715851321109)
2024-07-20 13:56:17,701 [FATAL] Updater:308 - Updater called before beeing initialized
2024-07-20 13:56:17,761 [WARN] DetailPanel:346 - Failed to get advertising image, set to default
2024-07-20 13:56:17,866 [FATAL] Updater:308 - Updater called before beeing initialized
2024-07-20 13:56:17,868 [FATAL] Updater:308 - Updater called before beeing initialized
2024-07-20 13:56:17,868 [FATAL] Updater:308 - Updater called before beeing initialized
2024-07-20 13:56:17,868 [WARN] DetailPanel:346 - Failed to get advertising image, set to default
2024-07-20 13:56:17,868 [FATAL] Updater:308 - Updater called before beeing initialized
2024-07-20 13:56:17,931 [ERROR] Updater:1120 - MainUpdater not yet initialized. External WinMGr cannot be set.
2024-07-20 13:56:17,939 [INFO] Updater:1056 - Updater Version found : 6.11.1
2024-07-20 13:56:17,958 [INFO] ApplicationProperties:184 - Using Application install path: I:\software\STM32CubeIDE_1.15.1\STM32CubeIDE\plugins\com.st.stm32cube.common.mx_6.11.1.202404110753
2024-07-20 13:56:18,455 [INFO] MainUpdater:2873 - connection check result : 10
2024-07-20 13:56:18,455 [INFO] MainUpdater:290 - Updater Check For Update Now.
2024-07-20 13:56:18,455 [INFO] MicroXplorer:498 - Change Database Version : DB.6.0.111
2024-07-20 13:56:18,465 [INFO] McuFinderGlobals:63 - Set McuFinder mode to 2 (CubeIDE integrated)
2024-07-20 13:56:18,473 [INFO] UserAuth:415 - Internet connection configuration mode: 1
2024-07-20 13:56:18,491 [INFO] JxBrowserEngine:152 - Initiate JxBrowser Engine with user profile folder
2024-07-20 13:56:18,605 [WARN] MainUpdater:1194 - Updater busy. Cannot search thirdparties
2024-07-20 13:56:18,605 [INFO] ThirdPartyUpdaterWithRetryManager:96 - Updater plugin is busy. [1/15]
2024-07-20 13:56:18,621 [INFO] CheckServerUpdateThread:120 - End of CheckServer Thread
2024-07-20 13:56:21,899 [WARN] PackLoader:240 - Cannot read IP mode file for STMicroelectronics.X-CUBE-SMBUS.2.1.0
2024-07-20 13:56:21,924 [WARN] PackLoader:240 - Cannot read IP mode file for STMicroelectronics.X-CUBE-TOUCHGFX.4.23.0
2024-07-20 13:56:21,946 [WARN] PackLoader:240 - Cannot read IP mode file for STMicroelectronics.X-CUBE-TOUCHGFX.4.23.2
2024-07-20 13:56:22,024 [WARN] PackLoader:240 - Cannot read IP mode file for STMicroelectronics.X-CUBE-AZRTOS-F7.1.1.0
2024-07-20 13:56:22,039 [WARN] PackLoader:240 - Cannot read IP mode file for STMicroelectronics.FP-SNS-MOTENV1.4.3.2
2024-07-20 13:56:22,052 [WARN] PackLoader:240 - Cannot read IP mode file for STMicroelectronics.FP-SNS-FLIGHT1.5.0.2
2024-07-20 13:56:22,065 [WARN] PackLoader:240 - Cannot read IP mode file for STMicroelectronics.X-CUBE-DISPLAY.3.0.0
2024-07-20 13:56:22,080 [WARN] PackLoader:240 - Cannot read IP mode file for STMicroelectronics.X-CUBE-BLE1.7.0.0
2024-07-20 13:56:22,092 [WARN] PackLoader:240 - Cannot read IP mode file for emotas.I-CUBE-CANOPEN.1.3.0
2024-07-20 13:56:22,106 [WARN] PackLoader:240 - Cannot read IP mode file for STMicroelectronics.FP-SNS-SMARTAG2.1.2.0
2024-07-20 13:56:22,156 [INFO] LogOutputStream:77 - [STDOUT_REDIRECT] 1 : Invalid condition id : UX_CORESTACK_Condition cause : null
2024-07-20 13:56:22,157 [INFO] LogOutputStream:77 - [STDOUT_REDIRECT] 1 : Invalid condition id : UX_CORESTACK_Condition cause : null
2024-07-20 13:56:22,158 [INFO] LogOutputStream:77 - [STDOUT_REDIRECT] 1 : Invalid condition id : UX_CORESTACK_Condition cause : null
2024-07-20 13:56:22,160 [INFO] LogOutputStream:77 - [STDOUT_REDIRECT] 1 : Invalid condition id : UX_CORESTACK_Condition cause : null
2024-07-20 13:56:22,163 [INFO] LogOutputStream:77 - [STDOUT_REDIRECT] 1 : Invalid condition id : UX_CORESTACK_Condition cause : null
2024-07-20 13:56:22,168 [WARN] PackLoader:240 - Cannot read IP mode file for STMicroelectronics.X-CUBE-AZRTOS-WL.2.0.0
2024-07-20 13:56:22,182 [WARN] PackLoader:240 - Cannot read IP mode file for wolfSSL.I-CUBE-wolfMQTT.1.19.0
2024-07-20 13:56:22,195 [WARN] PackLoader:240 - Cannot read IP mode file for STMicroelectronics.X-CUBE-BLE2.3.3.0
2024-07-20 13:56:22,210 [WARN] PackLoader:240 - Cannot read IP mode file for STMicroelectronics.X-CUBE-ALGOBUILD.1.3.0
2024-07-20 13:56:22,240 [WARN] PackLoader:240 - Cannot read IP mode file for STMicroelectronics.X-CUBE-AZRTOS-G0.1.1.0
2024-07-20 13:56:22,310 [WARN] PackLoader:240 - Cannot read IP mode file for STMicroelectronics.X-CUBE-NFC4.3.0.0
2024-07-20 13:56:22,311 [INFO] WebApp:161 - Instantiating new browser for Auth
2024-07-20 13:56:22,318 [WARN] PackLoader:240 - Cannot read IP mode file for wolfSSL.I-CUBE-wolfMQTT.1.18.0
2024-07-20 13:56:22,338 [WARN] PackLoader:240 - Cannot read IP mode file for EmbeddedOffice.I-CUBE-FS-RTOS.1.0.1
2024-07-20 13:56:22,338 [ERROR] ConditionMgr:805 - Attr not supported : Dmpu
2024-07-20 13:56:22,339 [ERROR] ConditionMgr:805 - Attr not supported : Dmpu
2024-07-20 13:56:22,339 [ERROR] ConditionMgr:805 - Attr not supported : Dmpu
2024-07-20 13:56:22,339 [ERROR] ConditionMgr:805 - Attr not supported : Dmpu
2024-07-20 13:56:22,339 [ERROR] ConditionMgr:805 - Attr not supported : Dmpu
2024-07-20 13:56:22,339 [ERROR] ConditionMgr:805 - Attr not supported : Dmpu
2024-07-20 13:56:22,339 [ERROR] ConditionMgr:805 - Attr not supported : Dmpu
2024-07-20 13:56:22,339 [ERROR] ConditionMgr:805 - Attr not supported : Dmpu
2024-07-20 13:56:22,339 [ERROR] ConditionMgr:805 - Attr not supported : Dmpu
2024-07-20 13:56:22,339 [ERROR] ConditionMgr:805 - Attr not supported : Dmpu
2024-07-20 13:56:22,339 [ERROR] ConditionMgr:805 - Attr not supported : Dmpu
2024-07-20 13:56:22,339 [ERROR] ConditionMgr:805 - Attr not supported : Dmpu
2024-07-20 13:56:22,339 [ERROR] ConditionMgr:805 - Attr not supported : Dmpu
2024-07-20 13:56:22,339 [ERROR] ConditionMgr:805 - Attr not supported : Dmpu
2024-07-20 13:56:22,340 [ERROR] ConditionMgr:805 - Attr not supported : Dmpu
2024-07-20 13:56:22,340 [ERROR] ConditionMgr:805 - Attr not supported : Dmpu
2024-07-20 13:56:22,340 [ERROR] ConditionMgr:805 - Attr not supported : Dmpu
2024-07-20 13:56:22,340 [ERROR] ConditionMgr:805 - Attr not supported : Dmpu
2024-07-20 13:56:22,340 [ERROR] ConditionMgr:805 - Attr not supported : Dmpu
2024-07-20 13:56:22,340 [ERROR] ConditionMgr:805 - Attr not supported : Dmpu
2024-07-20 13:56:22,340 [ERROR] ConditionMgr:805 - Attr not supported : Dmpu
2024-07-20 13:56:22,340 [ERROR] ConditionMgr:805 - Attr not supported : Dmpu
2024-07-20 13:56:22,340 [ERROR] ConditionMgr:805 - Attr not supported : Dmpu
2024-07-20 13:56:22,340 [ERROR] ConditionMgr:805 - Attr not supported : Dmpu
2024-07-20 13:56:22,340 [ERROR] ConditionMgr:805 - Attr not supported : Dmpu
2024-07-20 13:56:22,341 [ERROR] ConditionMgr:805 - Attr not supported : Dmpu
2024-07-20 13:56:22,341 [ERROR] ConditionMgr:805 - Attr not supported : Dmpu
2024-07-20 13:56:22,341 [ERROR] ConditionMgr:805 - Attr not supported : Dmpu
2024-07-20 13:56:22,341 [ERROR] ConditionMgr:805 - Attr not supported : Dmpu
2024-07-20 13:56:22,341 [ERROR] ConditionMgr:805 - Attr not supported : Dmpu
2024-07-20 13:56:22,341 [ERROR] ConditionMgr:805 - Attr not supported : Dmpu
2024-07-20 13:56:22,341 [ERROR] ConditionMgr:805 - Attr not supported : Dmpu
2024-07-20 13:56:22,341 [ERROR] ConditionMgr:805 - Attr not supported : Dmpu
2024-07-20 13:56:22,341 [ERROR] ConditionMgr:805 - Attr not supported : Dmpu
2024-07-20 13:56:22,341 [ERROR] ConditionMgr:805 - Attr not supported : Dmpu
2024-07-20 13:56:22,341 [ERROR] ConditionMgr:805 - Attr not supported : Dmpu
2024-07-20 13:56:22,341 [ERROR] ConditionMgr:805 - Attr not supported : Dmpu
2024-07-20 13:56:22,342 [ERROR] ConditionMgr:805 - Attr not supported : Dmpu
2024-07-20 13:56:22,342 [ERROR] ConditionMgr:805 - Attr not supported : Dmpu
2024-07-20 13:56:22,342 [ERROR] ConditionMgr:805 - Attr not supported : Dmpu
2024-07-20 13:56:22,342 [ERROR] ConditionMgr:805 - Attr not supported : Dmpu
2024-07-20 13:56:22,342 [ERROR] ConditionMgr:805 - Attr not supported : Dmpu
2024-07-20 13:56:22,342 [ERROR] ConditionMgr:805 - Attr not supported : Dmpu
2024-07-20 13:56:22,342 [ERROR] ConditionMgr:805 - Attr not supported : Dmpu
2024-07-20 13:56:22,342 [ERROR] ConditionMgr:805 - Attr not supported : Dmpu
2024-07-20 13:56:22,342 [ERROR] ConditionMgr:805 - Attr not supported : Dmpu
2024-07-20 13:56:22,342 [ERROR] ConditionMgr:805 - Attr not supported : Dmpu
2024-07-20 13:56:22,342 [ERROR] ConditionMgr:805 - Attr not supported : Dmpu
2024-07-20 13:56:22,342 [ERROR] ConditionMgr:805 - Attr not supported : Dmpu
2024-07-20 13:56:22,343 [ERROR] ConditionMgr:805 - Attr not supported : Dmpu
2024-07-20 13:56:22,343 [ERROR] ConditionMgr:805 - Attr not supported : Dmpu
2024-07-20 13:56:22,343 [ERROR] ConditionMgr:805 - Attr not supported : Dmpu
2024-07-20 13:56:22,343 [ERROR] ConditionMgr:805 - Attr not supported : Dmpu
2024-07-20 13:56:22,343 [ERROR] ConditionMgr:805 - Attr not supported : Dmpu
2024-07-20 13:56:22,343 [ERROR] ConditionMgr:805 - Attr not supported : Dmpu
2024-07-20 13:56:22,343 [ERROR] ConditionMgr:805 - Attr not supported : Dmpu
2024-07-20 13:56:22,343 [ERROR] ConditionMgr:805 - Attr not supported : Dmpu
2024-07-20 13:56:22,343 [ERROR] ConditionMgr:805 - Attr not supported : Dmpu
2024-07-20 13:56:22,343 [ERROR] ConditionMgr:805 - Attr not supported : Dmpu
2024-07-20 13:56:22,343 [ERROR] ConditionMgr:805 - Attr not supported : Dmpu
2024-07-20 13:56:22,343 [ERROR] ConditionMgr:805 - Attr not supported : Dmpu
2024-07-20 13:56:22,343 [ERROR] ConditionMgr:805 - Attr not supported : Dmpu
2024-07-20 13:56:22,343 [ERROR] ConditionMgr:805 - Attr not supported : Dmpu
2024-07-20 13:56:22,344 [ERROR] ConditionMgr:805 - Attr not supported : Dmpu
2024-07-20 13:56:22,362 [WARN] PackLoader:240 - Cannot read IP mode file for STMicroelectronics.X-CUBE-BLEMGR.3.0.0
2024-07-20 13:56:22,378 [WARN] PackLoader:240 - Cannot read IP mode file for RealThread.X-CUBE-RT-Thread_Nano.4.1.1
2024-07-20 13:56:22,390 [WARN] PackLoader:240 - Cannot read IP mode file for STMicroelectronics.FP-ATR-SIGFOX1.3.2.0
2024-07-20 13:56:22,404 [WARN] PackLoader:240 - Cannot read IP mode file for STMicroelectronics.X-CUBE-EEPRMA1.5.1.0
2024-07-20 13:56:22,435 [WARN] PackLoader:240 - Cannot read IP mode file for SEGGER.I-CUBE-embOS.1.3.1
2024-07-20 13:56:22,464 [WARN] PackLoader:240 - Cannot read IP mode file for STMicroelectronics.X-CUBE-ALGOBUILD.1.4.0
2024-07-20 13:56:22,479 [WARN] PackLoader:240 - Cannot read IP mode file for STMicroelectronics.X-CUBE-GNSS1.6.0.0
2024-07-20 13:56:22,499 [WARN] PackLoader:240 - Cannot read IP mode file for STMicroelectronics.X-CUBE-AZRTOS-F4.1.1.0
2024-07-20 13:56:22,521 [WARN] PackLoader:240 - Cannot read IP mode file for STMicroelectronics.X-CUBE-AZRTOS-L5.2.0.0
2024-07-20 13:56:22,532 [WARN] PackLoader:240 - Cannot read IP mode file for ITTIA_DB.I-CUBE-ITTIADB.8.8.0
2024-07-20 13:56:22,542 [WARN] PackLoader:240 - Cannot read IP mode file for STMicroelectronics.X-CUBE-DPower.1.2.0
2024-07-20 13:56:22,554 [WARN] PackLoader:240 - Cannot read IP mode file for STMicroelectronics.X-CUBE-NFC7.1.0.1
2024-07-20 13:56:22,564 [WARN] PackLoader:240 - Cannot read IP mode file for wolfSSL.I-CUBE-wolfTPM.3.2.0
2024-07-20 13:56:22,576 [WARN] PackLoader:240 - Cannot read IP mode file for STMicroelectronics.X-CUBE-NFC6.3.0.0
2024-07-20 13:56:22,586 [WARN] PackLoader:240 - Cannot read IP mode file for STMicroelectronics.X-CUBE-AI.8.1.0
2024-07-20 13:56:22,605 [WARN] ConditionMgr:438 - getConditionDescription Invalid condition id : LAN8742 Phy interface Condition cause : null
2024-07-20 13:56:22,606 [WARN] PackLoader:240 - Cannot read IP mode file for STMicroelectronics.X-CUBE-AZRTOS-L4.2.0.0
2024-07-20 13:56:22,606 [WARN] ConditionMgr:1039 - genDependencies : Invalid condition id : LAN8742 Phy interface Condition cause : null
2024-07-20 13:56:22,607 [WARN] ConditionMgr:1039 - genDependencies : Invalid condition id : LAN8742 Phy interface Condition cause : null
2024-07-20 13:56:22,607 [WARN] ConditionMgr:1039 - genDependencies : Invalid condition id : LAN8742 Phy interface Condition cause : null
2024-07-20 13:56:22,621 [WARN] PackLoader:240 - Cannot read IP mode file for STMicroelectronics.X-CUBE-SFXS2LP1.4.0.0
2024-07-20 13:56:22,645 [WARN] ConditionMgr:438 - getConditionDescription Invalid condition id : UX DEVICE CLASS RTOS Condition cause : null
2024-07-20 13:56:22,645 [WARN] ConditionMgr:438 - getConditionDescription Invalid condition id : UX DEVICE CLASS RTOS Condition cause : null
2024-07-20 13:56:22,647 [WARN] PackLoader:240 - Cannot read IP mode file for STMicroelectronics.X-CUBE-AZRTOS-WB.2.0.0
2024-07-20 13:56:22,648 [WARN] ConditionMgr:1039 - genDependencies : Invalid condition id : UX DEVICE CLASS RTOS Condition cause : null
2024-07-20 13:56:22,648 [WARN] ConditionMgr:1039 - genDependencies : Invalid condition id : UX DEVICE CLASS RTOS Condition cause : null
2024-07-20 13:56:22,648 [WARN] ConditionMgr:1039 - genDependencies : Invalid condition id : UX DEVICE CLASS RTOS Condition cause : null
2024-07-20 13:56:22,649 [WARN] ConditionMgr:1039 - genDependencies : Invalid condition id : UX DEVICE CLASS RTOS Condition cause : null
2024-07-20 13:56:22,649 [WARN] ConditionMgr:1039 - genDependencies : Invalid condition id : UX DEVICE CLASS RTOS Condition cause : null
2024-07-20 13:56:22,676 [WARN] PackLoader:240 - Cannot read IP mode file for STMicroelectronics.X-CUBE-SUBG2.5.0.0
2024-07-20 13:56:22,714 [WARN] PackLoader:240 - Cannot read IP mode file for STMicroelectronics.X-CUBE-AZRTOS-G4.2.0.0
2024-07-20 13:56:22,724 [WARN] PackLoader:240 - Cannot read IP mode file for STMicroelectronics.FP-SNS-MOTENVWB1.1.3.1
2024-07-20 13:56:22,734 [WARN] PackLoader:240 - Cannot read IP mode file for STMicroelectronics.X-CUBE-ISPU.2.0.0
2024-07-20 13:56:22,743 [WARN] PackLoader:240 - Cannot read IP mode file for STMicroelectronics.X-CUBE-ALS.1.0.2
2024-07-20 13:56:22,772 [WARN] PackLoader:240 - Cannot read IP mode file for STMicroelectronics.X-CUBE-MEMS1.10.0.0
2024-07-20 13:56:22,837 [INFO] WebApp:779 - Register for checkConnection events
2024-07-20 13:56:22,838 [INFO] WebApp:414 - Apply proxy settings
2024-07-20 13:56:22,840 [INFO] WebApp:459 - Chromium authenticates against Manually configured proxy
2024-07-20 13:56:22,846 [INFO] WebApp:467 - Username used for proxy authentication: 
2024-07-20 13:56:22,847 [WARN] PackLoader:240 - Cannot read IP mode file for STMicroelectronics.X-CUBE-FREERTOS.1.1.0
2024-07-20 13:56:22,855 [WARN] PackLoader:240 - Cannot read IP mode file for STMicroelectronics.X-CUBE-TOUCHGFX.4.24.0
2024-07-20 13:56:22,865 [WARN] PackLoader:240 - Cannot read IP mode file for portGmbH.I-Cube-SoM-uGOAL.1.1.0
2024-07-20 13:56:22,873 [WARN] PackLoader:240 - Cannot read IP mode file for STMicroelectronics.X-CUBE-ALS.1.0.1
2024-07-20 13:56:22,883 [WARN] PackLoader:240 - Cannot read IP mode file for STMicroelectronics.FP-ATR-ASTRA1.2.0.0
2024-07-20 13:56:22,897 [WARN] PackLoader:240 - Cannot read IP mode file for STMicroelectronics.X-CUBE-TOF1.3.4.0
2024-07-20 13:56:22,921 [WARN] PackLoader:240 - Cannot read IP mode file for STMicroelectronics.X-CUBE-AZRTOS-H7.3.2.0
2024-07-20 13:56:22,922 [INFO] ThirdParty:978 - Integrity check success = true
2024-07-20 13:56:22,922 [INFO] IntegrityCheckThread:100 - exiting critical section [integrity check]
2024-07-20 13:56:22,922 [INFO] IntegrityCheckThread:103 - End integrity checks thread
2024-07-20 13:56:23,010 [INFO] WebApp:192 - Starting web application
2024-07-20 13:56:23,010 [INFO] WebApp:544 - Web application path used I:\software\STM32CubeIDE_1.15.1\STM32CubeIDE\plugins\com.st.stm32cube.common.mx_6.11.1.202404110753\db\plugins\mcufinder\reactClient1\index.html
