2024-06-10 02:06:21,302 [INFO] McuFinderGlobals:63 - Set McuFinder mode to 2 (CubeIDE integrated)
2024-06-10 02:06:21,331 [INFO] MainUpdater:2873 - connection check result : 10
2024-06-10 02:06:21,349 [INFO] McuFinderGlobals:76 - Set McuFinderConnectedMode to true
2024-06-10 02:06:21,593 [INFO] ServerAccessManage:473 - Download File mcusAds.json._tmp_
2024-06-10 02:06:21,703 [INFO] LoadUrlFilesThread:156 - End of LoadUrlFiles Thread
2024-06-10 02:06:22,088 [INFO] ServerAccessManage:473 - Download File cube-finder-db.zip
2024-06-10 02:06:23,883 [INFO] FileExtend:240 - Unzip File : cube-finder-db.zip
2024-06-10 02:06:23,883 [INFO] FileExtend:255 - Standard Zip Deflate
2024-06-10 02:06:24,577 [INFO] LoadUrlFilesThread:156 - End of LoadUrlFiles Thread
2024-06-10 02:06:25,975 [ERROR] ServerAccessManage:1172 - Problem during Server Connection :  IO error Remote host terminated the handshake
2024-06-10 02:06:25,976 [ERROR] ServerAccessManage:651 - Problem during Server Connection :  : crdb_full.zip.
2024-06-10 02:06:28,001 [INFO] LoadUrlFilesThread:156 - End of LoadUrlFiles Thread
2024-06-10 02:06:28,803 [INFO] DbMcusAds:53 - JSON generation date=Thu May 16 17:22:00 CST 2024 (1715851320667)
2024-06-10 02:06:28,824 [ERROR] TargetSelectorAdapter:267 - Unable to refresh data
2024-06-10 02:06:29,111 [INFO] ApiDb:581 - Connected to CubeFinder SQLite database (C:\Users\king\.stmcufinder\plugins\mcufinder\mcu\cube-finder-db.db)
2024-06-10 02:06:29,173 [INFO] ApiDb:668 - CubeFinder database Data Model version=2.1
2024-06-10 02:06:29,173 [INFO] ApiDb:669 - CubeFinder database Configuration version=3.0.39
2024-06-10 02:06:29,174 [INFO] ApiDb:670 - CubeFinder database generation date=2024-05-16 (1715872938)
2024-06-10 02:06:29,174 [INFO] ApiDb:671 - CubeFinder database FW Pack versions=[FP-ATR-ASTRA1_V2.0.0, FP-SNS-FLIGHT1_V5.0.1, FP-SNS-FLIGHT1_V5.0.2, FP-SNS-MOTENV1_V4.3.1, FP-SNS-MOTENV1_V4.3.2, FP-SNS-MOTENV1_V5.0.0, FP-SNS-MOTENVWB1_V1.4.0, FP-SNS-SMARTAG2_V1.2.0, STM32Cube_FW_C0_V1.1.0, STM32Cube_FW_F4_V1.28.0, STM32Cube_FW_F7_V1.17.0, STM32Cube_FW_G0_V1.6.2, STM32Cube_FW_G4_V1.5.2, STM32Cube_FW_H5_V0.5.1, STM32Cube_FW_H5_V1.1.1, STM32Cube_FW_H5_V1.2.0, STM32Cube_FW_H5_V1.2.0RC4, STM32Cube_FW_H7RS_V1.0.0, STM32Cube_FW_H7RS_V1.0.0RC4, STM32Cube_FW_H7_V1.11.0, STM32Cube_FW_L0_V1.12.2, STM32Cube_FW_L5_V1.5.1, STM32Cube_FW_U0_V1.0.0, STM32Cube_FW_U0_V1.0.0RC1, STM32Cube_FW_U5_V1.3.0RC4, STM32Cube_FW_U5_V1.5.0, STM32Cube_FW_U5_V1.5.0RC1, STM32Cube_FW_WBA_V1.0.0RC1, STM32Cube_FW_WBA_V1.2.0, STM32Cube_FW_WBA_V1.2.0RC2, STM32Cube_FW_WBA_V1.3.0, STM32Cube_FW_WBA_V1.3.0RC1, STM32Cube_FW_WB_V1.15.0RC1, STM32Cube_FW_WB_V1.16.0, STM32Cube_FW_WB_V1.16.0RC2, STM32Cube_FW_WB_V1.18.0, STM32Cube_FW_WB_V1.19.0, STM32Cube_FW_WL_V1.3.0, X-CUBE-ALGOBUILD_V1.4.0, X-CUBE-ALS_V1.0.1, X-CUBE-AZRTOS-F4_V1.1.0, X-CUBE-AZRTOS-F7_V1.1.0, X-CUBE-AZRTOS-G0_V1.1.0, X-CUBE-AZRTOS-G4_V2.0.0, X-CUBE-AZRTOS-H7_V3.2.0, X-CUBE-AZRTOS-L4_V1.0.0, X-CUBE-AZRTOS-L4_V2.0.0, X-CUBE-AZRTOS-L5_V1.1.0, X-CUBE-AZRTOS-WB_V2.0.0, X-CUBE-AZRTOS-WL_V2.0.0, X-CUBE-BLE1_V7.0.0, X-CUBE-BLE2_V3.3.0, X-CUBE-BLEMGR_V3.1.0, X-CUBE-EEPRMA1_V4.1.0, X-CUBE-EEPRMA1_V5.1.0, X-CUBE-FREERTOS_V1.1.0, X-CUBE-GNSS1_V6.0.0, X-CUBE-MEMS1_V10.0.0, X-CUBE-MEMS1_V9.1.0, X-CUBE-MEMS1_V9.4.0, X-CUBE-MEMS1_V9.6.0, X-CUBE-NFC4_V3.0.0, X-CUBE-NFC7_V1.0.1, X-CUBE-SFXS2LP1_V4.0.0, X-CUBE-SUBG2_V5.0.0, X-CUBE-TOF1_V3.4.0]
2024-06-10 02:06:29,222 [INFO] DbBoardsSqlite:226 - include board P-NUCLEO-WB55-NUCLEO as a kit item of type 'Nucleo-64'
2024-06-10 02:06:29,223 [INFO] DbBoardsSqlite:226 - include board P-NUCLEO-WB55-USBDONGLE as a kit item of type 'Nucleo USB Dongle'
2024-06-10 02:06:29,223 [INFO] DbBoardsSqlite:226 - include board STEVAL-IDP005V1 as a kit item of type 'Evaluation Board'
2024-06-10 02:06:29,223 [INFO] DbBoardsSqlite:226 - include board STEVAL-IDP005V2 as a kit item of type 'Evaluation Board'
2024-06-10 02:06:29,273 [INFO] ApiDb:240 - Found 483 in-development CPN: [B-G473E-ZEST1S, B-WB1M-WPAN1, B-WL5M-SUBG1, NUCLEO-C031C6, NUCLEO-H503RB, NUCLEO-H533RE, NUCLEO-H563ZI, NUCLEO-H7S3L8, NUCLEO-U031R8, NUCLEO-U083RC, NUCLEO-U545RE-Q, NUCLEO-U5A5ZJ-Q, NUCLEO-WBA52CG, NUCLEO-WBA55CG, STEVAL-PROTEUS1, STEVAL-SMARTAG2, STEVAL-STWINBX1, STM320518-EVAL, STM32C0116-DK, STM32C011D6Y3TR, STM32C011D6Y6TR, STM32C011F4P3, STM32C011F4P6, STM32C011F4U3, STM32C011F4U6TR, STM32C011F6P3, STM32C011F6P6, STM32C011F6U3, STM32C011F6U6TR, STM32C011J4M3, STM32C011J4M6, STM32C011J6M3, STM32C011J6M6, STM32C0316-DK, STM32C031C4T3, STM32C031C4T6, STM32C031C4U3, STM32C031C4U6, STM32C031C6T3, STM32C031C6T6, STM32C031C6U3, STM32C031C6U6, STM32C031F4P3, STM32C031F4P6, STM32C031F6P3, STM32C031F6P6, STM32C031G4U3, STM32C031G4U6, STM32C031G6U3, STM32C031G6U6, STM32C031K4T3, STM32C031K4T6, STM32C031K4U3, STM32C031K4U6, STM32C031K6T3, STM32C031K6T6, STM32C031K6U3, STM32C031K6U6, STM32G071K8TXN, STM32G071K8UXN, STM32G081GBU6N, STM32G081KBT6N, STM32G081KBUXN, STM32G0B1CCT6N, STM32G0B1KCT6, STM32G0B1NEY6TR, STM32G0B1RCT6N, STM32G0C1CCT6, STM32G0C1CCT6N, STM32G0C1CCU6N, STM32G0C1CET6N, STM32G0C1CEU6N, STM32G0C1KCT6, STM32G0C1NEY6TR, STM32G0C1RCI6N, STM32G0C1RCT6N, STM32G0C1REI6N, STM32G0C1RET6N, STM32G0C1VCI6, STM32G0C1VEI6, STM32G471CCT6, STM32G471CCU6, STM32G471CET3, STM32G471CET6, STM32G471CEU3, STM32G471CEU6, STM32G471MCT6, STM32G471MET3, STM32G471MET6, STM32G471MEY6TR, STM32G471QCT6, STM32G471QET3, STM32G471RCT6, STM32G471RET3, STM32G471RET6, STM32G471VCH6, STM32G471VCI6, STM32G471VCT6, STM32G471VEH3, STM32G471VEH6, STM32G471VEI3, STM32G471VEI6, STM32G471VET3, STM32G471VET6, STM32G474CCT6, STM32H503CBT6, STM32H503CBU6, STM32H503EBY6TR, STM32H503KBU6, STM32H503RBT6, STM32H523CCT6, STM32H523CCU6, STM32H523CET6, STM32H523CEU6, STM32H523HEY6TR, STM32H523RCT6, STM32H523RET6, STM32H523VCI6, STM32H523VCT6, STM32H523VEI6, STM32H523VET6, STM32H523ZCJ6, STM32H523ZCT6, STM32H523ZEJ6, STM32H523ZET6, STM32H533CET6, STM32H533CEU6, STM32H533HEY6TR, STM32H533RET6, STM32H533VEI6, STM32H533VET6, STM32H533ZEJ6, STM32H533ZET6, STM32H562AGI6, STM32H562AII6, STM32H562IGK6, STM32H562IGT6, STM32H562IIK6, STM32H562IIT6, STM32H562RGT6, STM32H562RGV6, STM32H562RIT6, STM32H562RIV6, STM32H562VGT6, STM32H562VIT6, STM32H562ZGT6, STM32H562ZIT6, STM32H563AGI6, STM32H563AII3Q, STM32H563AII6, STM32H563IGK6, STM32H563IGT6, STM32H563IIK3Q, STM32H563IIK6, STM32H563IIT3Q, STM32H563IIT6, STM32H563MIY3QTR, STM32H563RGT6, STM32H563RGV6, STM32H563RIT6, STM32H563RIV6, STM32H563VGT6, STM32H563VIT3Q, STM32H563VIT6, STM32H563ZGT6, STM32H563ZIT3Q, STM32H563ZIT6, STM32H573AII3Q, STM32H573AII6, STM32H573I-DK, STM32H573IIK3Q, STM32H573IIK6, STM32H573IIT3Q, STM32H573IIT6, STM32H573MIY3QTR, STM32H573RIT6, STM32H573RIV6, STM32H573VIT3Q, STM32H573VIT6, STM32H573ZIT3Q, STM32H573ZIT6, STM32H7R3A8I6, STM32H7R3I8K6, STM32H7R3I8T6, STM32H7R3L8H6, STM32H7R3L8H6H, STM32H7R3R8V6, STM32H7R3V8H6, STM32H7R3V8T6, STM32H7R3V8Y6, STM32H7R3Z8J6, STM32H7R3Z8T6, STM32H7R7A8I6, STM32H7R7I8K6, STM32H7R7I8T6, STM32H7R7L8H6, STM32H7R7L8H6H, STM32H7R7Z8J6, STM32H7S3A8I6, STM32H7S3I8K6, STM32H7S3I8T6, STM32H7S3L8H6, STM32H7S3L8H6H, STM32H7S3R8V6, STM32H7S3V8H6, STM32H7S3V8T6, STM32H7S3V8Y6, STM32H7S3Z8J6, STM32H7S3Z8T6, STM32H7S78-DK, STM32H7S7A8I6, STM32H7S7I8K6, STM32H7S7I8T6, STM32H7S7L8H6, STM32H7S7L8H6H, STM32H7S7Z8J6, STM32L4R5QGI6STR, STM32MP131AAE3, STM32MP131AAF3, STM32MP131AAG3, STM32MP131CAE3, STM32MP131CAF3, STM32MP131CAG3, STM32MP131DAE7, STM32MP131DAF7, STM32MP131DAG7, STM32MP131FAE7, STM32MP131FAF7, STM32MP131FAG7, STM32MP133AAE3, STM32MP133AAF3, STM32MP133AAG3, STM32MP133CAE3, STM32MP133CAF3, STM32MP133CAG3, STM32MP133DAE7, STM32MP133DAF7, STM32MP133DAG7, STM32MP133FAE7, STM32MP133FAF7, STM32MP133FAG7, STM32MP135AAE3, STM32MP135AAF3, STM32MP135AAG3, STM32MP135CAE3, STM32MP135CAF3, STM32MP135CAG3, STM32MP135DAE7, STM32MP135DAF7, STM32MP135DAG7, STM32MP135F-DK, STM32MP135FAE7, STM32MP135FAF7, STM32MP135FAF7T, STM32MP135FAF7U, STM32MP135FAG7, STM32U031C6T6, STM32U031C6U6, STM32U031C8T6, STM32U031C8U6, STM32U031F4P6, STM32U031F6P6, STM32U031F8P6, STM32U031G6Y6TR, STM32U031G8Y6TR, STM32U031K4U6, STM32U031K6U6, STM32U031K8U6, STM32U031R6I6, STM32U031R6T6, STM32U031R8I6, STM32U031R8T6, STM32U073C8T6, STM32U073C8U6, STM32U073CBT6, STM32U073CBU6, STM32U073CCT6, STM32U073CCU6, STM32U073H8Y6TR, STM32U073HBY6TR, STM32U073HCY6TR, STM32U073K8U6, STM32U073KBU6, STM32U073KCU6, STM32U073M8I6, STM32U073M8T6, STM32U073MBI6, STM32U073MBT6, STM32U073MCI6, STM32U073MCT6, STM32U073R8I6, STM32U073R8T6, STM32U073RBI6, STM32U073RBT6, STM32U073RCI6, STM32U073RCT6, STM32U083C-DK, STM32U083CCT6, STM32U083CCU6, STM32U083HCY6TR, STM32U083KCU6, STM32U083MCI6, STM32U083MCT6, STM32U083RCI6, STM32U083RCT6, STM32U535CBT6, STM32U535CBT6Q, STM32U535CBU6, STM32U535CBU6Q, STM32U535CCT6, STM32U535CCT6Q, STM32U535CCU6, STM32U535CCU6Q, STM32U535CET6, STM32U535CET6Q, STM32U535CEU6, STM32U535CEU6Q, STM32U535JEY6QTR, STM32U535NCY6QTR, STM32U535NEY6QTR, STM32U535RBI6, STM32U535RBI6Q, STM32U535RBT6, STM32U535RBT6Q, STM32U535RCI6, STM32U535RCI6Q, STM32U535RCT6, STM32U535RCT6Q, STM32U535REI6, STM32U535REI6Q, STM32U535RET6, STM32U535RET6Q, STM32U535VCI6, STM32U535VCI6Q, STM32U535VCT6, STM32U535VCT6Q, STM32U535VEI6, STM32U535VEI6Q, STM32U535VET6, STM32U535VET6Q, STM32U545CET6, STM32U545CET6Q, STM32U545CEU6, STM32U545CEU6Q, STM32U545JEY6QTR, STM32U545NEY6QTR, STM32U545REI6, STM32U545REI6Q, STM32U545RET6, STM32U545RET6Q, STM32U545VEI6, STM32U545VEI6Q, STM32U545VET6, STM32U545VET6Q, STM32U595AIH6, STM32U595AIH6Q, STM32U595AJH6, STM32U595AJH6Q, STM32U595QII6, STM32U595QII6Q, STM32U595QJI6, STM32U595QJI6Q, STM32U595RIT6, STM32U595RIT6Q, STM32U595RJT6, STM32U595RJT6Q, STM32U595VIT6, STM32U595VIT6Q, STM32U595VJT6, STM32U595VJT6Q, STM32U595ZIT6, STM32U595ZIT6Q, STM32U595ZIY6QTR, STM32U595ZJT6, STM32U595ZJT6Q, STM32U595ZJY6QTR, STM32U599BJY6QTR, STM32U599NIH6Q, STM32U599NJH6Q, STM32U599VIT6Q, STM32U599VJT6, STM32U599VJT6Q, STM32U599ZIT6Q, STM32U599ZIY6QTR, STM32U599ZJT6Q, STM32U599ZJY6QTR, STM32U5A5AJH6, STM32U5A5AJH6Q, STM32U5A5QII3Q , STM32U5A5QJI6, STM32U5A5QJI6Q, STM32U5A5RJT6, STM32U5A5RJT6Q, STM32U5A5VJT6, STM32U5A5VJT6Q, STM32U5A5ZJT6, STM32U5A5ZJT6Q, STM32U5A5ZJY6QTR, STM32U5A9BJY6QTR, STM32U5A9J-DK, STM32U5A9NJH6Q, STM32U5A9VJT6Q, STM32U5A9ZJT6Q, STM32U5A9ZJY6QTR, STM32U5F7VIT6, STM32U5F7VIT6Q, STM32U5F7VJT6, STM32U5F7VJT6Q, STM32U5F9BJY6QTR, STM32U5F9NJH6Q, STM32U5F9VIT6Q, STM32U5F9VJT6Q, STM32U5F9ZIJ6QTR, STM32U5F9ZIT6Q, STM32U5F9ZJJ6QTR, STM32U5F9ZJT6Q, STM32U5G7VJT6, STM32U5G7VJT6Q, STM32U5G9BJY6QTR, STM32U5G9J-DK1, STM32U5G9J-DK2, STM32U5G9NJH6Q, STM32U5G9VJT6Q, STM32U5G9ZJJ6QTR, STM32U5G9ZJT6Q, STM32WB1MMCH6, STM32WBA50KEU6, STM32WBA50KEU6TR, STM32WBA50KGU6, STM32WBA50KGU6TR, STM32WBA52CEU6, STM32WBA52CEU6TR, STM32WBA52CEU7, STM32WBA52CEU7TR, STM32WBA52CGU6, STM32WBA52CGU6TR, STM32WBA52CGU6U, STM32WBA52CGU7, STM32WBA52CGU7TR, STM32WBA52KEU6, STM32WBA52KEU6TR, STM32WBA52KGU6, STM32WBA52KGU6TR, STM32WBA54CEU6, STM32WBA54CEU6TR, STM32WBA54CEU7, STM32WBA54CEU7TR, STM32WBA54CGU6, STM32WBA54CGU6TR, STM32WBA54CGU7, STM32WBA54CGU7TR, STM32WBA54KEU6, STM32WBA54KEU6TR, STM32WBA54KEU7, STM32WBA54KEU7TR, STM32WBA54KGU6, STM32WBA54KGU6TR, STM32WBA54KGU7, STM32WBA54KGU7TR, STM32WBA55CEU6, STM32WBA55CEU6TR, STM32WBA55CEU7, STM32WBA55CEU7TR, STM32WBA55CGU6, STM32WBA55CGU6TR, STM32WBA55CGU6U, STM32WBA55CGU7, STM32WBA55CGU7TR, STM32WBA55G-DK1, STM32WBA55HEF6, STM32WBA55HEF7, STM32WBA55HGF6, STM32WBA55HGF7, STM32WBA55UEI6, STM32WBA55UEI6TR, STM32WBA55UEI7, STM32WBA55UEI7TR, STM32WBA55UGI6, STM32WBA55UGI6TR, STM32WBA55UGI7, STM32WBA55UGI7TR, STM32WL5MOCH6, STM32WL5MOCH6TR]
2024-06-10 02:06:29,357 [INFO] BoardInfo:889 - No configuration file found for board P-NUCLEO-WB55
2024-06-10 02:06:29,358 [INFO] DbBoards:161 - Kit is not supported: P-NUCLEO-WB55
2024-06-10 02:06:29,361 [INFO] BoardInfo:889 - No configuration file found for board STEVAL-BFA001V1B
2024-06-10 02:06:29,361 [INFO] DbBoards:161 - Kit is not supported: STEVAL-BFA001V1B
2024-06-10 02:06:29,362 [INFO] BoardInfo:889 - No configuration file found for board STEVAL-BFA001V2B
2024-06-10 02:06:29,362 [INFO] DbBoards:161 - Kit is not supported: STEVAL-BFA001V2B
2024-06-10 02:06:29,458 [INFO] DbBoards:168 - Found 199 boards, 196 are supported
2024-06-10 02:06:29,458 [INFO] DbBoards:169 - Found 199 boards, 8 of them is supported for  Bsp
2024-06-10 02:06:29,461 [INFO] ApiDb:668 - CubeFinder database Data Model version=2.1
2024-06-10 02:06:29,461 [INFO] ApiDb:669 - CubeFinder database Configuration version=3.0.39
2024-06-10 02:06:29,461 [INFO] ApiDb:670 - CubeFinder database generation date=2024-05-16 (1715872938)
2024-06-10 02:06:29,461 [INFO] ApiDb:671 - CubeFinder database FW Pack versions=[FP-ATR-ASTRA1_V2.0.0, FP-SNS-FLIGHT1_V5.0.1, FP-SNS-FLIGHT1_V5.0.2, FP-SNS-MOTENV1_V4.3.1, FP-SNS-MOTENV1_V4.3.2, FP-SNS-MOTENV1_V5.0.0, FP-SNS-MOTENVWB1_V1.4.0, FP-SNS-SMARTAG2_V1.2.0, STM32Cube_FW_C0_V1.1.0, STM32Cube_FW_F4_V1.28.0, STM32Cube_FW_F7_V1.17.0, STM32Cube_FW_G0_V1.6.2, STM32Cube_FW_G4_V1.5.2, STM32Cube_FW_H5_V0.5.1, STM32Cube_FW_H5_V1.1.1, STM32Cube_FW_H5_V1.2.0, STM32Cube_FW_H5_V1.2.0RC4, STM32Cube_FW_H7RS_V1.0.0, STM32Cube_FW_H7RS_V1.0.0RC4, STM32Cube_FW_H7_V1.11.0, STM32Cube_FW_L0_V1.12.2, STM32Cube_FW_L5_V1.5.1, STM32Cube_FW_U0_V1.0.0, STM32Cube_FW_U0_V1.0.0RC1, STM32Cube_FW_U5_V1.3.0RC4, STM32Cube_FW_U5_V1.5.0, STM32Cube_FW_U5_V1.5.0RC1, STM32Cube_FW_WBA_V1.0.0RC1, STM32Cube_FW_WBA_V1.2.0, STM32Cube_FW_WBA_V1.2.0RC2, STM32Cube_FW_WBA_V1.3.0, STM32Cube_FW_WBA_V1.3.0RC1, STM32Cube_FW_WB_V1.15.0RC1, STM32Cube_FW_WB_V1.16.0, STM32Cube_FW_WB_V1.16.0RC2, STM32Cube_FW_WB_V1.18.0, STM32Cube_FW_WB_V1.19.0, STM32Cube_FW_WL_V1.3.0, X-CUBE-ALGOBUILD_V1.4.0, X-CUBE-ALS_V1.0.1, X-CUBE-AZRTOS-F4_V1.1.0, X-CUBE-AZRTOS-F7_V1.1.0, X-CUBE-AZRTOS-G0_V1.1.0, X-CUBE-AZRTOS-G4_V2.0.0, X-CUBE-AZRTOS-H7_V3.2.0, X-CUBE-AZRTOS-L4_V1.0.0, X-CUBE-AZRTOS-L4_V2.0.0, X-CUBE-AZRTOS-L5_V1.1.0, X-CUBE-AZRTOS-WB_V2.0.0, X-CUBE-AZRTOS-WL_V2.0.0, X-CUBE-BLE1_V7.0.0, X-CUBE-BLE2_V3.3.0, X-CUBE-BLEMGR_V3.1.0, X-CUBE-EEPRMA1_V4.1.0, X-CUBE-EEPRMA1_V5.1.0, X-CUBE-FREERTOS_V1.1.0, X-CUBE-GNSS1_V6.0.0, X-CUBE-MEMS1_V10.0.0, X-CUBE-MEMS1_V9.1.0, X-CUBE-MEMS1_V9.4.0, X-CUBE-MEMS1_V9.6.0, X-CUBE-NFC4_V3.0.0, X-CUBE-NFC7_V1.0.1, X-CUBE-SFXS2LP1_V4.0.0, X-CUBE-SUBG2_V5.0.0, X-CUBE-TOF1_V3.4.0]
2024-06-10 02:06:30,860 [INFO] ApiDb:240 - Found 483 in-development CPN: [B-G473E-ZEST1S, B-WB1M-WPAN1, B-WL5M-SUBG1, NUCLEO-C031C6, NUCLEO-H503RB, NUCLEO-H533RE, NUCLEO-H563ZI, NUCLEO-H7S3L8, NUCLEO-U031R8, NUCLEO-U083RC, NUCLEO-U545RE-Q, NUCLEO-U5A5ZJ-Q, NUCLEO-WBA52CG, NUCLEO-WBA55CG, STEVAL-PROTEUS1, STEVAL-SMARTAG2, STEVAL-STWINBX1, STM320518-EVAL, STM32C0116-DK, STM32C011D6Y3TR, STM32C011D6Y6TR, STM32C011F4P3, STM32C011F4P6, STM32C011F4U3, STM32C011F4U6TR, STM32C011F6P3, STM32C011F6P6, STM32C011F6U3, STM32C011F6U6TR, STM32C011J4M3, STM32C011J4M6, STM32C011J6M3, STM32C011J6M6, STM32C0316-DK, STM32C031C4T3, STM32C031C4T6, STM32C031C4U3, STM32C031C4U6, STM32C031C6T3, STM32C031C6T6, STM32C031C6U3, STM32C031C6U6, STM32C031F4P3, STM32C031F4P6, STM32C031F6P3, STM32C031F6P6, STM32C031G4U3, STM32C031G4U6, STM32C031G6U3, STM32C031G6U6, STM32C031K4T3, STM32C031K4T6, STM32C031K4U3, STM32C031K4U6, STM32C031K6T3, STM32C031K6T6, STM32C031K6U3, STM32C031K6U6, STM32G071K8TXN, STM32G071K8UXN, STM32G081GBU6N, STM32G081KBT6N, STM32G081KBUXN, STM32G0B1CCT6N, STM32G0B1KCT6, STM32G0B1NEY6TR, STM32G0B1RCT6N, STM32G0C1CCT6, STM32G0C1CCT6N, STM32G0C1CCU6N, STM32G0C1CET6N, STM32G0C1CEU6N, STM32G0C1KCT6, STM32G0C1NEY6TR, STM32G0C1RCI6N, STM32G0C1RCT6N, STM32G0C1REI6N, STM32G0C1RET6N, STM32G0C1VCI6, STM32G0C1VEI6, STM32G471CCT6, STM32G471CCU6, STM32G471CET3, STM32G471CET6, STM32G471CEU3, STM32G471CEU6, STM32G471MCT6, STM32G471MET3, STM32G471MET6, STM32G471MEY6TR, STM32G471QCT6, STM32G471QET3, STM32G471RCT6, STM32G471RET3, STM32G471RET6, STM32G471VCH6, STM32G471VCI6, STM32G471VCT6, STM32G471VEH3, STM32G471VEH6, STM32G471VEI3, STM32G471VEI6, STM32G471VET3, STM32G471VET6, STM32G474CCT6, STM32H503CBT6, STM32H503CBU6, STM32H503EBY6TR, STM32H503KBU6, STM32H503RBT6, STM32H523CCT6, STM32H523CCU6, STM32H523CET6, STM32H523CEU6, STM32H523HEY6TR, STM32H523RCT6, STM32H523RET6, STM32H523VCI6, STM32H523VCT6, STM32H523VEI6, STM32H523VET6, STM32H523ZCJ6, STM32H523ZCT6, STM32H523ZEJ6, STM32H523ZET6, STM32H533CET6, STM32H533CEU6, STM32H533HEY6TR, STM32H533RET6, STM32H533VEI6, STM32H533VET6, STM32H533ZEJ6, STM32H533ZET6, STM32H562AGI6, STM32H562AII6, STM32H562IGK6, STM32H562IGT6, STM32H562IIK6, STM32H562IIT6, STM32H562RGT6, STM32H562RGV6, STM32H562RIT6, STM32H562RIV6, STM32H562VGT6, STM32H562VIT6, STM32H562ZGT6, STM32H562ZIT6, STM32H563AGI6, STM32H563AII3Q, STM32H563AII6, STM32H563IGK6, STM32H563IGT6, STM32H563IIK3Q, STM32H563IIK6, STM32H563IIT3Q, STM32H563IIT6, STM32H563MIY3QTR, STM32H563RGT6, STM32H563RGV6, STM32H563RIT6, STM32H563RIV6, STM32H563VGT6, STM32H563VIT3Q, STM32H563VIT6, STM32H563ZGT6, STM32H563ZIT3Q, STM32H563ZIT6, STM32H573AII3Q, STM32H573AII6, STM32H573I-DK, STM32H573IIK3Q, STM32H573IIK6, STM32H573IIT3Q, STM32H573IIT6, STM32H573MIY3QTR, STM32H573RIT6, STM32H573RIV6, STM32H573VIT3Q, STM32H573VIT6, STM32H573ZIT3Q, STM32H573ZIT6, STM32H7R3A8I6, STM32H7R3I8K6, STM32H7R3I8T6, STM32H7R3L8H6, STM32H7R3L8H6H, STM32H7R3R8V6, STM32H7R3V8H6, STM32H7R3V8T6, STM32H7R3V8Y6, STM32H7R3Z8J6, STM32H7R3Z8T6, STM32H7R7A8I6, STM32H7R7I8K6, STM32H7R7I8T6, STM32H7R7L8H6, STM32H7R7L8H6H, STM32H7R7Z8J6, STM32H7S3A8I6, STM32H7S3I8K6, STM32H7S3I8T6, STM32H7S3L8H6, STM32H7S3L8H6H, STM32H7S3R8V6, STM32H7S3V8H6, STM32H7S3V8T6, STM32H7S3V8Y6, STM32H7S3Z8J6, STM32H7S3Z8T6, STM32H7S78-DK, STM32H7S7A8I6, STM32H7S7I8K6, STM32H7S7I8T6, STM32H7S7L8H6, STM32H7S7L8H6H, STM32H7S7Z8J6, STM32L4R5QGI6STR, STM32MP131AAE3, STM32MP131AAF3, STM32MP131AAG3, STM32MP131CAE3, STM32MP131CAF3, STM32MP131CAG3, STM32MP131DAE7, STM32MP131DAF7, STM32MP131DAG7, STM32MP131FAE7, STM32MP131FAF7, STM32MP131FAG7, STM32MP133AAE3, STM32MP133AAF3, STM32MP133AAG3, STM32MP133CAE3, STM32MP133CAF3, STM32MP133CAG3, STM32MP133DAE7, STM32MP133DAF7, STM32MP133DAG7, STM32MP133FAE7, STM32MP133FAF7, STM32MP133FAG7, STM32MP135AAE3, STM32MP135AAF3, STM32MP135AAG3, STM32MP135CAE3, STM32MP135CAF3, STM32MP135CAG3, STM32MP135DAE7, STM32MP135DAF7, STM32MP135DAG7, STM32MP135F-DK, STM32MP135FAE7, STM32MP135FAF7, STM32MP135FAF7T, STM32MP135FAF7U, STM32MP135FAG7, STM32U031C6T6, STM32U031C6U6, STM32U031C8T6, STM32U031C8U6, STM32U031F4P6, STM32U031F6P6, STM32U031F8P6, STM32U031G6Y6TR, STM32U031G8Y6TR, STM32U031K4U6, STM32U031K6U6, STM32U031K8U6, STM32U031R6I6, STM32U031R6T6, STM32U031R8I6, STM32U031R8T6, STM32U073C8T6, STM32U073C8U6, STM32U073CBT6, STM32U073CBU6, STM32U073CCT6, STM32U073CCU6, STM32U073H8Y6TR, STM32U073HBY6TR, STM32U073HCY6TR, STM32U073K8U6, STM32U073KBU6, STM32U073KCU6, STM32U073M8I6, STM32U073M8T6, STM32U073MBI6, STM32U073MBT6, STM32U073MCI6, STM32U073MCT6, STM32U073R8I6, STM32U073R8T6, STM32U073RBI6, STM32U073RBT6, STM32U073RCI6, STM32U073RCT6, STM32U083C-DK, STM32U083CCT6, STM32U083CCU6, STM32U083HCY6TR, STM32U083KCU6, STM32U083MCI6, STM32U083MCT6, STM32U083RCI6, STM32U083RCT6, STM32U535CBT6, STM32U535CBT6Q, STM32U535CBU6, STM32U535CBU6Q, STM32U535CCT6, STM32U535CCT6Q, STM32U535CCU6, STM32U535CCU6Q, STM32U535CET6, STM32U535CET6Q, STM32U535CEU6, STM32U535CEU6Q, STM32U535JEY6QTR, STM32U535NCY6QTR, STM32U535NEY6QTR, STM32U535RBI6, STM32U535RBI6Q, STM32U535RBT6, STM32U535RBT6Q, STM32U535RCI6, STM32U535RCI6Q, STM32U535RCT6, STM32U535RCT6Q, STM32U535REI6, STM32U535REI6Q, STM32U535RET6, STM32U535RET6Q, STM32U535VCI6, STM32U535VCI6Q, STM32U535VCT6, STM32U535VCT6Q, STM32U535VEI6, STM32U535VEI6Q, STM32U535VET6, STM32U535VET6Q, STM32U545CET6, STM32U545CET6Q, STM32U545CEU6, STM32U545CEU6Q, STM32U545JEY6QTR, STM32U545NEY6QTR, STM32U545REI6, STM32U545REI6Q, STM32U545RET6, STM32U545RET6Q, STM32U545VEI6, STM32U545VEI6Q, STM32U545VET6, STM32U545VET6Q, STM32U595AIH6, STM32U595AIH6Q, STM32U595AJH6, STM32U595AJH6Q, STM32U595QII6, STM32U595QII6Q, STM32U595QJI6, STM32U595QJI6Q, STM32U595RIT6, STM32U595RIT6Q, STM32U595RJT6, STM32U595RJT6Q, STM32U595VIT6, STM32U595VIT6Q, STM32U595VJT6, STM32U595VJT6Q, STM32U595ZIT6, STM32U595ZIT6Q, STM32U595ZIY6QTR, STM32U595ZJT6, STM32U595ZJT6Q, STM32U595ZJY6QTR, STM32U599BJY6QTR, STM32U599NIH6Q, STM32U599NJH6Q, STM32U599VIT6Q, STM32U599VJT6, STM32U599VJT6Q, STM32U599ZIT6Q, STM32U599ZIY6QTR, STM32U599ZJT6Q, STM32U599ZJY6QTR, STM32U5A5AJH6, STM32U5A5AJH6Q, STM32U5A5QII3Q , STM32U5A5QJI6, STM32U5A5QJI6Q, STM32U5A5RJT6, STM32U5A5RJT6Q, STM32U5A5VJT6, STM32U5A5VJT6Q, STM32U5A5ZJT6, STM32U5A5ZJT6Q, STM32U5A5ZJY6QTR, STM32U5A9BJY6QTR, STM32U5A9J-DK, STM32U5A9NJH6Q, STM32U5A9VJT6Q, STM32U5A9ZJT6Q, STM32U5A9ZJY6QTR, STM32U5F7VIT6, STM32U5F7VIT6Q, STM32U5F7VJT6, STM32U5F7VJT6Q, STM32U5F9BJY6QTR, STM32U5F9NJH6Q, STM32U5F9VIT6Q, STM32U5F9VJT6Q, STM32U5F9ZIJ6QTR, STM32U5F9ZIT6Q, STM32U5F9ZJJ6QTR, STM32U5F9ZJT6Q, STM32U5G7VJT6, STM32U5G7VJT6Q, STM32U5G9BJY6QTR, STM32U5G9J-DK1, STM32U5G9J-DK2, STM32U5G9NJH6Q, STM32U5G9VJT6Q, STM32U5G9ZJJ6QTR, STM32U5G9ZJT6Q, STM32WB1MMCH6, STM32WBA50KEU6, STM32WBA50KEU6TR, STM32WBA50KGU6, STM32WBA50KGU6TR, STM32WBA52CEU6, STM32WBA52CEU6TR, STM32WBA52CEU7, STM32WBA52CEU7TR, STM32WBA52CGU6, STM32WBA52CGU6TR, STM32WBA52CGU6U, STM32WBA52CGU7, STM32WBA52CGU7TR, STM32WBA52KEU6, STM32WBA52KEU6TR, STM32WBA52KGU6, STM32WBA52KGU6TR, STM32WBA54CEU6, STM32WBA54CEU6TR, STM32WBA54CEU7, STM32WBA54CEU7TR, STM32WBA54CGU6, STM32WBA54CGU6TR, STM32WBA54CGU7, STM32WBA54CGU7TR, STM32WBA54KEU6, STM32WBA54KEU6TR, STM32WBA54KEU7, STM32WBA54KEU7TR, STM32WBA54KGU6, STM32WBA54KGU6TR, STM32WBA54KGU7, STM32WBA54KGU7TR, STM32WBA55CEU6, STM32WBA55CEU6TR, STM32WBA55CEU7, STM32WBA55CEU7TR, STM32WBA55CGU6, STM32WBA55CGU6TR, STM32WBA55CGU6U, STM32WBA55CGU7, STM32WBA55CGU7TR, STM32WBA55G-DK1, STM32WBA55HEF6, STM32WBA55HEF7, STM32WBA55HGF6, STM32WBA55HGF7, STM32WBA55UEI6, STM32WBA55UEI6TR, STM32WBA55UEI7, STM32WBA55UEI7TR, STM32WBA55UGI6, STM32WBA55UGI6TR, STM32WBA55UGI7, STM32WBA55UGI7TR, STM32WL5MOCH6, STM32WL5MOCH6TR]
2024-06-10 02:06:30,865 [INFO] DbMcus:218 - Found 4096 MCUs, 4096 are supported
2024-06-10 02:06:30,871 [INFO] ApiDb:423 - Load user favorites file C:\Users\king/.stm32cubeide/favorites.mcus.txt: 3 item(s)
2024-06-10 02:06:30,871 [INFO] ApiDb:427 - User favorites MCUs=[STM32F103C6T6A, STM32F103C8T6, STM32F407VET6]
2024-06-10 02:06:30,871 [INFO] DbMcus:224 - Set 3 / 3 favorites MCUs
2024-06-10 02:06:31,109 [INFO] ApiDb:414 - User favorites file not found: C:\Users\king/.stm32cubeide/favorites.boards.txt
2024-06-10 02:06:31,109 [INFO] DbBoards:198 - Set 0 / 0 favorites Boards
2024-06-10 02:06:31,109 [INFO] McuFinderGlobals:76 - Set McuFinderConnectedMode to true
2024-06-10 02:06:31,114 [INFO] MultiScanPanel:200 - Auto-refresh data requested => check proxy status ongoing
2024-06-10 02:06:31,116 [INFO] FinderPluginLoader:95 - Searching for filters in installed packs
2024-06-10 02:06:31,961 [INFO] LoadUrlFilesThread:185 - End of LoadServerUrlFiles without Thread
2024-06-10 02:06:31,971 [INFO] DetailPanel:341 - Set advertising image to C:/Users/king/STM32Cube/Repository/\en.prom-stm32h7rs-mcu-finder.jpg
2024-06-10 02:07:03,231 [INFO] MainUpdater:2873 - connection check result : 10
2024-06-10 02:07:03,231 [INFO] MainUpdater:2873 - connection check result : 10
2024-06-10 02:07:03,254 [INFO] MicroXplorer:468 - Change Database Path : 
2024-06-10 02:07:03,254 [INFO] MicroXplorer:498 - Change Database Version : DB.6.0.111
2024-06-10 02:07:03,257 [WARN] ThirdParty:871 - waiting for thirdparty lock release [close project]
2024-06-10 02:07:03,258 [INFO] ThirdParty:873 - entering critical section [close project]
2024-06-10 02:07:03,258 [INFO] ThirdParty:883 - exiting critical section [close project]
2024-06-10 02:07:03,259 [INFO] PinOutPanel:1561 - setPackage(No Configuration,No Configuration)
2024-06-10 02:07:03,261 [INFO] UtilMem:75 - Begin LoadConfig() Used Memory: 731254632 Bytes (1037041664)
2024-06-10 02:07:03,261 [INFO] MicroXplorer:468 - Change Database Path : 
2024-06-10 02:07:03,262 [INFO] MicroXplorer:498 - Change Database Version : DB.6.0.111
2024-06-10 02:07:03,262 [INFO] OpenFileManager:312 - Change cursor
2024-06-10 02:07:03,303 [INFO] Mcu:2021 - Initializing MCU STM32F407VETx STM32F407VETx STM32F407VET6
2024-06-10 02:07:04,559 [INFO] Context:663 - Trying to add GPIOservice into a context  which must be forbidden
2024-06-10 02:07:04,839 [INFO] ImportTextPane:194 - (OptionalMessage_ERROR) Unable to find key (Mcu.ThirdPartyNb) in loaded IOC file
2024-06-10 02:07:04,839 [INFO] ImportTextPane:194 - (OptionalMessage_ERROR) Unable to find key (Mcu.PinsNb) in loaded IOC file
2024-06-10 02:07:04,839 [INFO] ImportTextPane:194 - (OptionalMessage_ERROR) Unable to find key (Mcu.IPNb) in loaded IOC file
2024-06-10 02:07:04,888 [INFO] RtosManager:555 - Registered RTOS mode: class=CMSIS, group=RTOS, mode=CMSIS_V1, owner=FREERTOS
2024-06-10 02:07:04,888 [INFO] RtosManager:555 - Registered RTOS mode: class=CMSIS, group=RTOS2, mode=CMSIS_V2, owner=FREERTOS
2024-06-10 02:07:04,888 [INFO] RtosManager:555 - Registered RTOS mode: class=RTOS, group=Core, mode=CMSIS_V1, owner=FREERTOS
2024-06-10 02:07:04,888 [INFO] RtosManager:555 - Registered RTOS mode: class=RTOS, group=Core, mode=CMSIS_V2, owner=FREERTOS
2024-06-10 02:07:04,888 [WARN] ModelIntegratedComponent:184 - Missing modes for component STMicroelectronics:FreeRTOS:0.0.1:STMicroelectronics:RTOS:FreeRTOS:Core:::10.2.0:
2024-06-10 02:07:04,897 [WARN] ModelIntegratedComponent:63 - No mode defined for component null
2024-06-10 02:07:04,897 [WARN] ModelIntegratedComponent:63 - No mode defined for component null
2024-06-10 02:07:04,897 [WARN] ModelIntegratedComponent:63 - No mode defined for component null
2024-06-10 02:07:04,897 [WARN] ModelIntegratedComponent:63 - No mode defined for component null
2024-06-10 02:07:04,897 [WARN] ModelIntegratedComponent:63 - No mode defined for component null
2024-06-10 02:07:04,897 [WARN] ModelIntegratedComponent:63 - No mode defined for component null
2024-06-10 02:07:04,897 [WARN] ModelIntegratedComponent:63 - No mode defined for component null
2024-06-10 02:07:04,897 [WARN] ModelIntegratedComponent:63 - No mode defined for component null
2024-06-10 02:07:04,897 [WARN] ModelIntegratedComponent:63 - No mode defined for component null
2024-06-10 02:07:04,897 [WARN] ModelIntegratedComponent:63 - No mode defined for component null
2024-06-10 02:07:04,897 [WARN] ModelIntegratedComponent:63 - No mode defined for component null
2024-06-10 02:07:04,897 [WARN] ModelIntegratedComponent:63 - No mode defined for component null
2024-06-10 02:07:04,897 [WARN] ModelIntegratedComponent:63 - No mode defined for component null
2024-06-10 02:07:04,897 [WARN] ModelIntegratedComponent:63 - No mode defined for component null
2024-06-10 02:07:04,897 [WARN] ModelIntegratedComponent:63 - No mode defined for component null
2024-06-10 02:07:04,898 [WARN] ModelIntegratedComponent:63 - No mode defined for component null
2024-06-10 02:07:04,898 [WARN] ModelIntegratedComponent:63 - No mode defined for component null
2024-06-10 02:07:04,898 [WARN] ModelIntegratedComponent:63 - No mode defined for component null
2024-06-10 02:07:04,898 [WARN] ModelIntegratedComponent:63 - No mode defined for component null
2024-06-10 02:07:04,898 [WARN] ModelIntegratedComponent:63 - No mode defined for component null
2024-06-10 02:07:04,898 [WARN] ModelIntegratedComponent:63 - No mode defined for component null
2024-06-10 02:07:04,898 [WARN] ModelIntegratedComponent:63 - No mode defined for component null
2024-06-10 02:07:04,898 [WARN] ModelIntegratedComponent:63 - No mode defined for component null
2024-06-10 02:07:04,898 [WARN] ModelIntegratedComponent:63 - No mode defined for component null
2024-06-10 02:07:04,898 [WARN] ModelIntegratedComponent:63 - No mode defined for component null
2024-06-10 02:07:04,898 [WARN] ModelIntegratedComponent:63 - No mode defined for component null
2024-06-10 02:07:04,898 [WARN] ModelIntegratedComponent:63 - No mode defined for component null
2024-06-10 02:07:04,898 [WARN] ModelIntegratedComponent:63 - No mode defined for component null
2024-06-10 02:07:04,898 [WARN] ModelIntegratedComponent:63 - No mode defined for component null
2024-06-10 02:07:04,898 [WARN] ModelIntegratedComponent:63 - No mode defined for component null
2024-06-10 02:07:04,898 [WARN] ModelIntegratedComponent:63 - No mode defined for component null
2024-06-10 02:07:04,898 [WARN] ModelIntegratedComponent:63 - No mode defined for component null
2024-06-10 02:07:04,898 [WARN] ModelIntegratedComponent:63 - No mode defined for component null
2024-06-10 02:07:04,898 [WARN] ModelIntegratedComponent:63 - No mode defined for component null
2024-06-10 02:07:04,971 [INFO] ThirdPartyModel:298 - Start build external matchings
2024-06-10 02:07:05,198 [INFO] ThirdPartyModel:316 - End build external matchings
2024-06-10 02:07:05,452 [INFO] UtilMem:75 - End LoadConfig() Used Memory: 627712800 Bytes (1073741824)
2024-06-10 02:07:05,474 [WARN] ThirdParty:833 - waiting for thirdparty lock release [change project]
2024-06-10 02:07:05,475 [INFO] ThirdParty:835 - entering critical section [change project]
2024-06-10 02:07:05,475 [INFO] ThirdParty:1030 - CMSIS Pack Vendor :STMicroelectronics USBPD 4.1
2024-06-10 02:07:05,475 [INFO] ThirdParty:1030 - CMSIS Pack Vendor :STMicroelectronics X-CUBE-GNSS1 6.0.0
2024-06-10 02:07:05,475 [INFO] ThirdParty:1030 - CMSIS Pack Vendor :STMicroelectronics USB_HOST 2.0.0
2024-06-10 02:07:05,475 [INFO] ThirdParty:1030 - CMSIS Pack Vendor :STMicroelectronics X-CUBE-AZRTOS-F4 1.1.0
2024-06-10 02:07:05,475 [INFO] ThirdParty:1030 - CMSIS Pack Vendor :STMicroelectronics LIBJPEG 8.0.0
2024-06-10 02:07:05,475 [INFO] ThirdParty:1030 - CMSIS Pack Vendor :STMicroelectronics X-CUBE-SMBUS 2.1.0
2024-06-10 02:07:05,475 [INFO] ThirdParty:1030 - CMSIS Pack Vendor :STMicroelectronics USB_DEVICE 3.0.0
2024-06-10 02:07:05,475 [INFO] ThirdParty:1030 - CMSIS Pack Vendor :STMicroelectronics X-CUBE-AZRTOS-WB 2.0.0
2024-06-10 02:07:05,475 [INFO] ThirdParty:1030 - CMSIS Pack Vendor :STMicroelectronics X-CUBE-TOUCHGFX 4.23.0
2024-06-10 02:07:05,475 [INFO] ThirdParty:1030 - CMSIS Pack Vendor :STMicroelectronics X-CUBE-AZRTOS-F7 1.1.0
2024-06-10 02:07:05,475 [INFO] ThirdParty:1030 - CMSIS Pack Vendor :STMicroelectronics X-CUBE-AZRTOS-L5 2.0.0
2024-06-10 02:07:05,475 [INFO] ThirdParty:1030 - CMSIS Pack Vendor :STMicroelectronics USB_DEVICE 2.0.0
2024-06-10 02:07:05,475 [INFO] ThirdParty:1030 - CMSIS Pack Vendor :ITTIA_DB I-CUBE-ITTIADB 8.8.0
2024-06-10 02:07:05,475 [INFO] ThirdParty:1030 - CMSIS Pack Vendor :STMicroelectronics FP-SNS-MOTENV1 4.3.2
2024-06-10 02:07:05,476 [INFO] ThirdParty:1030 - CMSIS Pack Vendor :STMicroelectronics X-CUBE-ALGOBUILD 1.3.0
2024-06-10 02:07:05,476 [INFO] ThirdParty:1030 - CMSIS Pack Vendor :STMicroelectronics FreeRTOS 0.0.1
2024-06-10 02:07:05,476 [INFO] ThirdParty:1030 - CMSIS Pack Vendor :STMicroelectronics X-CUBE-AZRTOS-G0 1.1.0
2024-06-10 02:07:05,476 [INFO] ThirdParty:1030 - CMSIS Pack Vendor :STMicroelectronics X-CUBE-NFC4 3.0.0
2024-06-10 02:07:05,476 [INFO] ThirdParty:1030 - CMSIS Pack Vendor :STMicroelectronics X-CUBE-SUBG2 5.0.0
2024-06-10 02:07:05,476 [INFO] ThirdParty:1030 - CMSIS Pack Vendor :STMicroelectronics STM32_WPAN 1.0.0
2024-06-10 02:07:05,476 [INFO] ThirdParty:1030 - CMSIS Pack Vendor :wolfSSL I-CUBE-wolfMQTT 1.18.0
2024-06-10 02:07:05,476 [INFO] ThirdParty:1030 - CMSIS Pack Vendor :STMicroelectronics lwIP 2.0.3
2024-06-10 02:07:05,476 [INFO] ThirdParty:1030 - CMSIS Pack Vendor :STMicroelectronics FP-SNS-FLIGHT1 5.0.2
2024-06-10 02:07:05,476 [INFO] ThirdParty:1030 - CMSIS Pack Vendor :STMicroelectronics USB_HOST 1.0.0
2024-06-10 02:07:05,476 [INFO] ThirdParty:1030 - CMSIS Pack Vendor :STMicroelectronics X-CUBE-AZRTOS-G4 2.0.0
2024-06-10 02:07:05,476 [INFO] ThirdParty:1030 - CMSIS Pack Vendor :STMicroelectronics PDM2PCM 3.1.0
2024-06-10 02:07:05,476 [INFO] ThirdParty:1030 - CMSIS Pack Vendor :STMicroelectronics X-CUBE-BLEMGR 3.0.0
2024-06-10 02:07:05,476 [INFO] ThirdParty:1030 - CMSIS Pack Vendor :STMicroelectronics PDM2PCM 3.3.0
2024-06-10 02:07:05,476 [INFO] ThirdParty:1030 - CMSIS Pack Vendor :STMicroelectronics X-CUBE-DISPLAY 3.0.0
2024-06-10 02:07:05,476 [INFO] ThirdParty:1030 - CMSIS Pack Vendor :STMicroelectronics FP-SNS-MOTENVWB1 1.3.1
2024-06-10 02:07:05,476 [INFO] ThirdParty:1030 - CMSIS Pack Vendor :STMicroelectronics X-CUBE-BLE1 7.0.0
2024-06-10 02:07:05,476 [INFO] ThirdParty:1030 - CMSIS Pack Vendor :STMicroelectronics FP-ATR-SIGFOX1 3.2.0
2024-06-10 02:07:05,476 [INFO] ThirdParty:1030 - CMSIS Pack Vendor :STMicroelectronics X-CUBE-ISPU 2.0.0
2024-06-10 02:07:05,477 [INFO] ThirdParty:1030 - CMSIS Pack Vendor :STMicroelectronics X-CUBE-EEPRMA1 5.1.0
2024-06-10 02:07:05,477 [INFO] ThirdParty:1030 - CMSIS Pack Vendor :STMicroelectronics HAL Drivers 0.0.0
2024-06-10 02:07:05,477 [INFO] ThirdParty:1030 - CMSIS Pack Vendor :STMicroelectronics MBEDTLS 2.16.2
2024-06-10 02:07:05,477 [INFO] ThirdParty:1030 - CMSIS Pack Vendor :STMicroelectronics X-CUBE-ALS 1.0.2
2024-06-10 02:07:05,477 [INFO] ThirdParty:1030 - CMSIS Pack Vendor :emotas I-CUBE-CANOPEN 1.3.0
2024-06-10 02:07:05,477 [INFO] ThirdParty:1030 - CMSIS Pack Vendor :STMicroelectronics X-CUBE-MEMS1 10.0.0
2024-06-10 02:07:05,477 [INFO] ThirdParty:1030 - CMSIS Pack Vendor :STMicroelectronics X-CUBE-FREERTOS 1.1.0
2024-06-10 02:07:05,477 [INFO] ThirdParty:1030 - CMSIS Pack Vendor :STMicroelectronics X-CUBE-NFC7 1.0.1
2024-06-10 02:07:05,477 [INFO] ThirdParty:1030 - CMSIS Pack Vendor :STMicroelectronics MBEDTLS 2.14.1
2024-06-10 02:07:05,477 [INFO] ThirdParty:1030 - CMSIS Pack Vendor :STMicroelectronics X-CUBE-NFC6 3.0.0
2024-06-10 02:07:05,477 [INFO] ThirdParty:1030 - CMSIS Pack Vendor :portGmbH I-Cube-SoM-uGOAL 1.1.0
2024-06-10 02:07:05,477 [INFO] ThirdParty:1030 - CMSIS Pack Vendor :STMicroelectronics X-CUBE-ALS 1.0.1
2024-06-10 02:07:05,477 [INFO] ThirdParty:1030 - CMSIS Pack Vendor :STMicroelectronics ThreadX 1.0.0
2024-06-10 02:07:05,477 [INFO] ThirdParty:1030 - CMSIS Pack Vendor :STMicroelectronics FP-SNS-SMARTAG2 1.2.0
2024-06-10 02:07:05,477 [INFO] ThirdParty:1030 - CMSIS Pack Vendor :STMicroelectronics X-CUBE-AZRTOS-WL 2.0.0
2024-06-10 02:07:05,477 [INFO] ThirdParty:1030 - CMSIS Pack Vendor :SEGGER I-CUBE-embOS 1.3.1
2024-06-10 02:07:05,477 [INFO] ThirdParty:1030 - CMSIS Pack Vendor :STMicroelectronics X-CUBE-ALGOBUILD 1.4.0
2024-06-10 02:07:05,477 [INFO] ThirdParty:1030 - CMSIS Pack Vendor :STMicroelectronics USB_DEVICE 1.0.0
2024-06-10 02:07:05,477 [INFO] ThirdParty:1030 - CMSIS Pack Vendor :STMicroelectronics X-CUBE-AI 8.1.0
2024-06-10 02:07:05,477 [INFO] ThirdParty:1030 - CMSIS Pack Vendor :STMicroelectronics X-CUBE-AZRTOS-L4 2.0.0
2024-06-10 02:07:05,477 [INFO] ThirdParty:1030 - CMSIS Pack Vendor :STMicroelectronics ThreadX 0.0.2
2024-06-10 02:07:05,477 [INFO] ThirdParty:1030 - CMSIS Pack Vendor :STMicroelectronics FP-ATR-ASTRA1 2.0.0
2024-06-10 02:07:05,478 [INFO] ThirdParty:1030 - CMSIS Pack Vendor :STMicroelectronics lwIP 2.1.2
2024-06-10 02:07:05,478 [INFO] ThirdParty:1030 - CMSIS Pack Vendor :STMicroelectronics X-CUBE-SFXS2LP1 4.0.0
2024-06-10 02:07:05,478 [INFO] ThirdParty:1030 - CMSIS Pack Vendor :STMicroelectronics X-CUBE-BLE2 3.3.0
2024-06-10 02:07:05,478 [INFO] ThirdParty:1030 - CMSIS Pack Vendor :STMicroelectronics X-CUBE-TOF1 3.4.0
2024-06-10 02:07:05,478 [INFO] ThirdParty:1030 - CMSIS Pack Vendor :STMicroelectronics X-CUBE-AZRTOS-H7 3.2.0
2024-06-10 02:07:05,478 [INFO] ThirdParty:1030 - CMSIS Pack Vendor :STMicroelectronics PDM2PCM 3.2.0
2024-06-10 02:07:05,478 [INFO] ThirdParty:841 - exiting critical section [change project]
2024-06-10 02:07:05,703 [INFO] PinOutPanel:1561 - setPackage(No Configuration,No Configuration)
2024-06-10 02:07:05,704 [INFO] PinOutPanel:1561 - setPackage(STM32F407VETx,LQFP100)
2024-06-10 02:07:05,957 [INFO] UtilMem:75 - Before build in PCC Used Memory: 865487800 Bytes (1073741824)
2024-06-10 02:07:06,485 [INFO] UtilMem:75 - After build in PCC Used Memory: 586863624 Bytes (1073741824)
2024-06-10 02:07:06,506 [INFO] IPUIPlugin:80 - create IPUIPlugin
2024-06-10 02:07:06,506 [INFO] IPUIPlugin:80 - create IPUIPlugin
2024-06-10 02:07:06,506 [INFO] IPUIPlugin:80 - create IPUIPlugin
2024-06-10 02:07:06,506 [INFO] IPUIPlugin:80 - create IPUIPlugin
2024-06-10 02:07:06,506 [INFO] IPUIPlugin:80 - create IPUIPlugin
2024-06-10 02:07:06,507 [INFO] IPUIPlugin:80 - create IPUIPlugin
2024-06-10 02:07:06,507 [INFO] IPUIPlugin:80 - create IPUIPlugin
2024-06-10 02:07:06,507 [INFO] IPUIPlugin:80 - create IPUIPlugin
2024-06-10 02:07:06,507 [INFO] IPUIPlugin:80 - create IPUIPlugin
2024-06-10 02:07:06,507 [INFO] IPUIPlugin:80 - create IPUIPlugin
2024-06-10 02:07:06,507 [INFO] IPUIPlugin:80 - create IPUIPlugin
2024-06-10 02:07:06,507 [INFO] IPUIPlugin:80 - create IPUIPlugin
2024-06-10 02:07:06,507 [INFO] IPUIPlugin:80 - create IPUIPlugin
2024-06-10 02:07:06,507 [INFO] IPUIPlugin:80 - create IPUIPlugin
2024-06-10 02:07:06,507 [INFO] IPUIPlugin:80 - create IPUIPlugin
2024-06-10 02:07:06,507 [INFO] IPUIPlugin:80 - create IPUIPlugin
2024-06-10 02:07:06,507 [INFO] IPUIPlugin:80 - create IPUIPlugin
2024-06-10 02:07:06,507 [INFO] IPUIPlugin:80 - create IPUIPlugin
2024-06-10 02:07:06,508 [INFO] IPUIPlugin:80 - create IPUIPlugin
2024-06-10 02:07:06,508 [INFO] IPUIPlugin:80 - create IPUIPlugin
2024-06-10 02:07:06,508 [INFO] IPUIPlugin:80 - create IPUIPlugin
2024-06-10 02:07:06,508 [INFO] IPUIPlugin:80 - create IPUIPlugin
2024-06-10 02:07:06,508 [INFO] IPUIPlugin:80 - create IPUIPlugin
2024-06-10 02:07:06,508 [INFO] IPUIPlugin:80 - create IPUIPlugin
2024-06-10 02:07:06,508 [INFO] IPUIPlugin:80 - create IPUIPlugin
2024-06-10 02:07:06,508 [INFO] IPUIPlugin:80 - create IPUIPlugin
2024-06-10 02:07:06,508 [INFO] IPUIPlugin:80 - create IPUIPlugin
2024-06-10 02:07:06,509 [INFO] IPUIPlugin:80 - create IPUIPlugin
2024-06-10 02:07:06,509 [INFO] IPUIPlugin:80 - create IPUIPlugin
2024-06-10 02:07:06,509 [INFO] IPUIPlugin:80 - create IPUIPlugin
2024-06-10 02:07:06,509 [INFO] IPUIPlugin:80 - create IPUIPlugin
2024-06-10 02:07:06,509 [INFO] IPUIPlugin:80 - create IPUIPlugin
2024-06-10 02:07:06,509 [INFO] IPUIPlugin:80 - create IPUIPlugin
2024-06-10 02:07:06,509 [INFO] IPUIPlugin:80 - create IPUIPlugin
2024-06-10 02:07:06,509 [INFO] IPUIPlugin:80 - create IPUIPlugin
2024-06-10 02:07:06,510 [INFO] IPUIPlugin:80 - create IPUIPlugin
2024-06-10 02:07:06,510 [INFO] IPUIPlugin:80 - create IPUIPlugin
2024-06-10 02:07:06,510 [INFO] IPUIPlugin:80 - create IPUIPlugin
2024-06-10 02:07:06,510 [INFO] IPUIPlugin:80 - create IPUIPlugin
2024-06-10 02:07:06,510 [INFO] IPUIPlugin:80 - create IPUIPlugin
2024-06-10 02:07:06,510 [INFO] IPUIPlugin:80 - create IPUIPlugin
2024-06-10 02:07:06,510 [INFO] IPUIPlugin:80 - create IPUIPlugin
2024-06-10 02:07:06,510 [INFO] IPUIPlugin:80 - create IPUIPlugin
2024-06-10 02:07:06,510 [INFO] IPUIPlugin:80 - create IPUIPlugin
2024-06-10 02:07:06,511 [INFO] IPUIPlugin:80 - create IPUIPlugin
2024-06-10 02:07:06,511 [INFO] IPUIPlugin:80 - create IPUIPlugin
2024-06-10 02:07:06,511 [INFO] IPUIPlugin:80 - create IPUIPlugin
2024-06-10 02:07:06,511 [INFO] IPUIPlugin:80 - create IPUIPlugin
2024-06-10 02:07:06,511 [INFO] IPUIPlugin:80 - create IPUIPlugin
2024-06-10 02:07:06,511 [INFO] IPUIPlugin:80 - create IPUIPlugin
2024-06-10 02:07:06,511 [INFO] IPUIPlugin:80 - create IPUIPlugin
2024-06-10 02:07:06,512 [INFO] IPUIPlugin:80 - create IPUIPlugin
2024-06-10 02:07:06,512 [INFO] IPUIPlugin:80 - create IPUIPlugin
2024-06-10 02:07:06,512 [INFO] IPUIPlugin:80 - create IPUIPlugin
2024-06-10 02:07:06,512 [INFO] IPUIPlugin:80 - create IPUIPlugin
2024-06-10 02:07:06,513 [INFO] IPUIPlugin:80 - create IPUIPlugin
2024-06-10 02:07:06,513 [INFO] IPUIPlugin:80 - create IPUIPlugin
2024-06-10 02:07:06,513 [INFO] IPUIPlugin:80 - create IPUIPlugin
2024-06-10 02:07:06,590 [INFO] ApiDbMcu:508 - Load IP Config File for PDM2PCM
2024-06-10 02:07:06,735 [INFO] CADModel:165 - CPN selected for project levelSTM32F407VET6
2024-06-10 02:07:06,735 [INFO] CADModel:114 - Register for checkConnection events
2024-06-10 02:07:06,782 [INFO] OpenFileManager:343 - Restore cursor
2024-06-10 02:07:07,231 [INFO] UtilMem:75 - End SaveConfig() Used Memory: 655722992 Bytes (1073741824)
2024-06-10 02:07:07,291 [INFO] UtilMem:75 - End SaveConfig() Used Memory: 678254328 Bytes (1073741824)
2024-06-10 02:07:07,664 [INFO] BlockDiagram:2759 - set Specific Code input for plugin: RCC
2024-06-10 02:07:07,664 [INFO] BlockDiagram:2759 - set Specific Code input for plugin: NVIC
2024-06-10 02:07:07,666 [INFO] CodeGenerator:807 - code generatio: config db path: I:\software\STM32CubeIDE_1.15.1\STM32CubeIDE\plugins\com.st.stm32cube.common.mx_6.11.1.202404110753\\db\
2024-06-10 02:07:07,780 [INFO] CodeEngine:255 - oldGeneratedFile, I:\document\Stm32_Cube\F407Key\MXTmpFiles\license.tmp_save
2024-06-10 02:07:08,024 [INFO] CodeEngine:279 - Generated code: I:\document\Stm32_Cube\F407Key\MXTmpFiles\license.tmp
2024-06-10 02:07:08,052 [INFO] CodeEngine:255 - oldGeneratedFile, I:\document\Stm32_Cube\F407Key\Core\Src\stm32f4xx_it.c_save
2024-06-10 02:07:08,201 [INFO] CodeEngine:279 - Generated code: I:\document\Stm32_Cube\F407Key\Core\Src\stm32f4xx_it.c
2024-06-10 02:07:08,217 [INFO] CodeEngine:255 - oldGeneratedFile, I:\document\Stm32_Cube\F407Key\Core\Inc\stm32f4xx_it.h_save
2024-06-10 02:07:08,296 [INFO] CodeEngine:279 - Generated code: I:\document\Stm32_Cube\F407Key\Core\Inc\stm32f4xx_it.h
2024-06-10 02:07:08,370 [INFO] CodeEngine:255 - oldGeneratedFile, I:\document\Stm32_Cube\F407Key\Core\Src\stm32f4xx_hal_msp.c_save
2024-06-10 02:07:08,465 [INFO] CodeEngine:279 - Generated code: I:\document\Stm32_Cube\F407Key\Core\Src\stm32f4xx_hal_msp.c
2024-06-10 02:07:08,476 [INFO] CodeEngine:255 - oldGeneratedFile, I:\document\Stm32_Cube\F407Key\MXTmpFiles\system.tmp_save
2024-06-10 02:07:08,535 [INFO] CodeEngine:279 - Generated code: I:\document\Stm32_Cube\F407Key\MXTmpFiles\system.tmp
2024-06-10 02:07:08,554 [INFO] CodeEngine:311 - oldGeneratedFile, I:\document\Stm32_Cube\F407Key\Core\Inc\stm32f4xx_hal_conf.h_save
2024-06-10 02:07:08,630 [INFO] CodeEngine:335 - Generated code: I:\document\Stm32_Cube\F407Key\Core\Inc\stm32f4xx_hal_conf.h
2024-06-10 02:07:08,681 [INFO] CodeEngine:255 - oldGeneratedFile, I:\document\Stm32_Cube\F407Key\Core\Inc\main.h_save
2024-06-10 02:07:08,776 [INFO] CodeEngine:279 - Generated code: I:\document\Stm32_Cube\F407Key\Core\Inc\main.h
2024-06-10 02:07:08,788 [INFO] CodeEngine:255 - oldGeneratedFile, I:\document\Stm32_Cube\F407Key\Core\Src\main.c_save
2024-06-10 02:07:08,898 [INFO] CodeEngine:279 - Generated code: I:\document\Stm32_Cube\F407Key\Core\Src\main.c
2024-06-10 02:07:09,279 [INFO] ProjectBuilder:3163 - Time for Copy HAL[1] : 261mS.
2024-06-10 02:07:09,287 [INFO] ProjectBuilder:4736 - Project Generator version: 4.3.0-B58
2024-06-10 02:07:09,380 [INFO] ConfigFileManager:1503 - The Die is : DIE413
2024-06-10 02:07:09,393 [INFO] ApiDbMcu:508 - Load IP Config File for FATFS
2024-06-10 02:07:09,406 [INFO] ApiDbMcu:508 - Load IP Config File for FREERTOS
2024-06-10 02:07:09,415 [INFO] ApiDbMcu:508 - Load IP Config File for LIBJPEG
2024-06-10 02:07:09,426 [INFO] ApiDbMcu:508 - Load IP Config File for LWIP
2024-06-10 02:07:09,438 [INFO] ApiDbMcu:508 - Load IP Config File for MBEDTLS
2024-06-10 02:07:09,451 [INFO] ApiDbMcu:508 - Load IP Config File for USB_DEVICE
2024-06-10 02:07:09,461 [INFO] ApiDbMcu:508 - Load IP Config File for USB_HOST
