2024-08-17 00:06:13,771 [INFO] Gpio:277 - dependency for GPIO [I2C1, RCC, SPI2, SYS]
2024-08-17 00:07:11,184 [INFO] UtilMem:75 - End SaveConfig() Used Memory: 458827896 Bytes (709885952)
2024-08-17 00:07:11,239 [INFO] UtilMem:75 - End SaveConfig() Used Memory: 472459384 Bytes (709885952)
2024-08-17 00:07:11,735 [INFO] UtilMem:75 - End SaveConfig() Used Memory: 271670960 Bytes (709885952)
2024-08-17 00:07:11,903 [INFO] BlockDiagram:2759 - set Specific Code input for plugin: SPI
2024-08-17 00:07:11,903 [INFO] BlockDiagram:2759 - set Specific Code input for plugin: NVIC
2024-08-17 00:07:11,903 [INFO] BlockDiagram:2759 - set Specific Code input for plugin: SYS
2024-08-17 00:07:11,903 [INFO] BlockDiagram:2759 - set Specific Code input for plugin: GPIO
2024-08-17 00:07:11,903 [INFO] BlockDiagram:2759 - set Specific Code input for plugin: RCC
2024-08-17 00:07:11,903 [INFO] BlockDiagram:2759 - set Specific Code input for plugin: I2C
2024-08-17 00:07:11,904 [INFO] CodeGenerator:807 - code generatio: config db path: I:\software\STM32CubeIDE_1.15.1\STM32CubeIDE\plugins\com.st.stm32cube.common.mx_6.11.1.202404110753\\db\
2024-08-17 00:07:11,905 [WARN] IP:2120 - I2C_Coeff_DF not found: check if there is a RefParameter without a condition.
2024-08-17 00:07:11,905 [WARN] IP:2120 - Analog_Filter not found: check if there is a RefParameter without a condition.
2024-08-17 00:07:11,944 [INFO] CodeEngine:255 - oldGeneratedFile, I:\document\Stm32_Cube\C8T6\MXTmpFiles\license.tmp_save
2024-08-17 00:07:12,021 [INFO] CodeEngine:279 - Generated code: I:\document\Stm32_Cube\C8T6\MXTmpFiles\license.tmp
2024-08-17 00:07:12,047 [INFO] CodeEngine:255 - oldGeneratedFile, I:\document\Stm32_Cube\C8T6\Core\Src\gpio.c_save
2024-08-17 00:07:12,118 [INFO] CodeEngine:279 - Generated code: I:\document\Stm32_Cube\C8T6\Core\Src\gpio.c
2024-08-17 00:07:12,132 [INFO] CodeEngine:255 - oldGeneratedFile, I:\document\Stm32_Cube\C8T6\Core\Inc\gpio.h_save
2024-08-17 00:07:12,187 [INFO] CodeEngine:279 - Generated code: I:\document\Stm32_Cube\C8T6\Core\Inc\gpio.h
2024-08-17 00:07:12,232 [INFO] CodeEngine:255 - oldGeneratedFile, I:\document\Stm32_Cube\C8T6\Core\Src\i2c.c_save
2024-08-17 00:07:12,307 [INFO] CodeEngine:279 - Generated code: I:\document\Stm32_Cube\C8T6\Core\Src\i2c.c
2024-08-17 00:07:12,314 [INFO] CodeEngine:255 - oldGeneratedFile, I:\document\Stm32_Cube\C8T6\Core\Inc\i2c.h_save
2024-08-17 00:07:12,365 [INFO] CodeEngine:279 - Generated code: I:\document\Stm32_Cube\C8T6\Core\Inc\i2c.h
2024-08-17 00:07:12,382 [INFO] CodeEngine:255 - oldGeneratedFile, I:\document\Stm32_Cube\C8T6\Core\Src\spi.c_save
2024-08-17 00:07:12,446 [INFO] CodeEngine:279 - Generated code: I:\document\Stm32_Cube\C8T6\Core\Src\spi.c
2024-08-17 00:07:12,453 [INFO] CodeEngine:255 - oldGeneratedFile, I:\document\Stm32_Cube\C8T6\Core\Inc\spi.h_save
2024-08-17 00:07:12,502 [INFO] CodeEngine:279 - Generated code: I:\document\Stm32_Cube\C8T6\Core\Inc\spi.h
2024-08-17 00:07:12,520 [INFO] CodeEngine:255 - oldGeneratedFile, I:\document\Stm32_Cube\C8T6\Core\Src\stm32f1xx_it.c_save
2024-08-17 00:07:12,618 [INFO] CodeEngine:279 - Generated code: I:\document\Stm32_Cube\C8T6\Core\Src\stm32f1xx_it.c
2024-08-17 00:07:12,626 [INFO] CodeEngine:255 - oldGeneratedFile, I:\document\Stm32_Cube\C8T6\Core\Inc\stm32f1xx_it.h_save
2024-08-17 00:07:12,681 [INFO] CodeEngine:279 - Generated code: I:\document\Stm32_Cube\C8T6\Core\Inc\stm32f1xx_it.h
2024-08-17 00:07:12,701 [INFO] CodeEngine:255 - oldGeneratedFile, I:\document\Stm32_Cube\C8T6\Core\Src\stm32f1xx_hal_msp.c_save
2024-08-17 00:07:12,767 [INFO] CodeEngine:279 - Generated code: I:\document\Stm32_Cube\C8T6\Core\Src\stm32f1xx_hal_msp.c
2024-08-17 00:07:12,773 [INFO] CodeEngine:255 - oldGeneratedFile, I:\document\Stm32_Cube\C8T6\MXTmpFiles\system.tmp_save
2024-08-17 00:07:12,816 [INFO] CodeEngine:279 - Generated code: I:\document\Stm32_Cube\C8T6\MXTmpFiles\system.tmp
2024-08-17 00:07:12,833 [INFO] CodeEngine:311 - oldGeneratedFile, I:\document\Stm32_Cube\C8T6\Core\Inc\stm32f1xx_hal_conf.h_save
2024-08-17 00:07:12,902 [INFO] CodeEngine:335 - Generated code: I:\document\Stm32_Cube\C8T6\Core\Inc\stm32f1xx_hal_conf.h
2024-08-17 00:07:12,930 [INFO] CodeEngine:255 - oldGeneratedFile, I:\document\Stm32_Cube\C8T6\Core\Inc\main.h_save
2024-08-17 00:07:12,991 [INFO] CodeEngine:279 - Generated code: I:\document\Stm32_Cube\C8T6\Core\Inc\main.h
2024-08-17 00:07:13,004 [INFO] CodeEngine:255 - oldGeneratedFile, I:\document\Stm32_Cube\C8T6\Core\Src\main.c_save
2024-08-17 00:07:13,076 [INFO] CodeEngine:279 - Generated code: I:\document\Stm32_Cube\C8T6\Core\Src\main.c
2024-08-17 00:07:13,391 [INFO] ProjectBuilder:3163 - Time for Copy HAL[1] : 215mS.
2024-08-17 00:07:13,396 [INFO] ProjectBuilder:4736 - Project Generator version: 4.3.0-B58
2024-08-17 00:07:13,447 [INFO] ConfigFileManager:1503 - The Die is : DIE410
2024-08-17 00:07:14,028 [INFO] ProjectBuilder:5002 - Time for Generating toolchain IDE Files: 632mS.
2024-08-17 00:07:14,029 [INFO] ProjectBuilder:3034 - Time for Copy CMSIS : 1mS.
2024-08-17 00:07:14,034 [INFO] ProjectBuilder:3034 - Time for Copy CMSIS : 0mS.
