2024-09-30 08:00:29,300 [INFO] Activator:176 - 


2024-09-30 08:00:29,305 [INFO] Activator:177 - !SESSION log4j initialized
2024-09-30 08:00:35,006 [INFO] LogOutputStream:77 - [STDOUT_REDIRECT] 
2024-09-30 08:00:38,158 [INFO] ApplicationProperties:184 - Using Application install path: I:\software\STM32CubeIDE_1.15.1\STM32CubeIDE\plugins\com.st.stm32cube.common.mx_6.11.1.202404110753
2024-09-30 08:00:38,171 [INFO] DbMcusXml:78 - Set database path to: I:\software\STM32CubeIDE_1.15.1\STM32CubeIDE\plugins\com.st.stm32cube.common.mx_6.11.1.202404110753\\db\/mcu/
2024-09-30 08:00:38,171 [INFO] ApiDb:274 - Set plugin database path to: I:\software\STM32CubeIDE_1.15.1\STM32CubeIDE\plugins\com.st.stm32cube.common.mx_6.11.1.202404110753\\db\/plugins/boardmanager/
2024-09-30 08:00:38,171 [WARN] ApiDb:259 - Overriding images path with different value:  => I:\software\STM32CubeIDE_1.15.1\STM32CubeIDE\plugins\com.st.stm32cube.common.mx_6.11.1.202404110753\\db\/plugins/mcufinder/images/
2024-09-30 08:00:38,182 [INFO] ApiDb:250 - Set database path to: C:\Users\king\.stmcufinder\plugins\mcufinder//mcu/
2024-09-30 08:00:38,183 [INFO] DbMcusAds:125 - Set database path to: C:\Users\king\.stmcufinder\plugins\mcufinder//mcu/
2024-09-30 08:00:38,184 [INFO] CrossReferenceDbSqlite:203 - Set database path to: C:\Users\king\.stmcufinder\plugins\mcufinder//mcu/cs/
2024-09-30 08:00:38,270 [INFO] RulesReader:64 - Compatibility file has been processed (297 Rules)
2024-09-30 08:00:38,375 [INFO] DbMcusXml:78 - Set database path to: I:\software\STM32CubeIDE_1.15.1\STM32CubeIDE\plugins\com.st.stm32cube.common.mx_6.11.1.202404110753\\db\/mcu/
2024-09-30 08:00:38,375 [INFO] ApiDb:274 - Set plugin database path to: I:\software\STM32CubeIDE_1.15.1\STM32CubeIDE\plugins\com.st.stm32cube.common.mx_6.11.1.202404110753\\db\/plugins/boardmanager/
2024-09-30 08:00:38,375 [INFO] ApiDb:261 - Set plugin images path to: I:\software\STM32CubeIDE_1.15.1\STM32CubeIDE\plugins\com.st.stm32cube.common.mx_6.11.1.202404110753\\db\/plugins/mcufinder/images/
2024-09-30 08:00:38,375 [WARN] DbFile:41 - Overriding database path with different value: C:\Users\king\.stmcufinder\plugins\mcufinder/ => C:\Users\king\.stmcufinder\plugins\mcufinder
2024-09-30 08:00:38,375 [INFO] ApiDb:250 - Set database path to: C:\Users\king\.stmcufinder\plugins\mcufinder//mcu/
2024-09-30 08:00:38,375 [WARN] DbFile:41 - Overriding database path with different value: C:\Users\king\.stmcufinder\plugins\mcufinder/ => C:\Users\king\.stmcufinder\plugins\mcufinder
2024-09-30 08:00:38,375 [INFO] DbMcusAds:125 - Set database path to: C:\Users\king\.stmcufinder\plugins\mcufinder//mcu/
2024-09-30 08:00:38,375 [WARN] DbFile:41 - Overriding database path with different value: C:\Users\king\.stmcufinder\plugins\mcufinder/ => C:\Users\king\.stmcufinder\plugins\mcufinder
2024-09-30 08:00:38,375 [WARN] DbFile:41 - Overriding database path with different value: C:\Users\king\.stmcufinder\plugins\mcufinder/ => C:\Users\king\.stmcufinder\plugins\mcufinder
2024-09-30 08:00:38,375 [INFO] CrossReferenceDbSqlite:203 - Set database path to: C:\Users\king\.stmcufinder\plugins\mcufinder//mcu/cs/
2024-09-30 08:00:38,459 [INFO] MainPanel:264 - HeapMemory: 268435456
2024-09-30 08:00:38,527 [INFO] DbMcusXml:78 - Set database path to: I:\software\STM32CubeIDE_1.15.1\STM32CubeIDE\plugins\com.st.stm32cube.common.mx_6.11.1.202404110753\\db\/mcu/
2024-09-30 08:00:38,527 [INFO] ApiDb:274 - Set plugin database path to: I:\software\STM32CubeIDE_1.15.1\STM32CubeIDE\plugins\com.st.stm32cube.common.mx_6.11.1.202404110753\\db\/plugins/boardmanager/
2024-09-30 08:00:38,527 [INFO] ApiDb:261 - Set plugin images path to: I:\software\STM32CubeIDE_1.15.1\STM32CubeIDE\plugins\com.st.stm32cube.common.mx_6.11.1.202404110753\\db\/plugins/mcufinder/images/
2024-09-30 08:00:38,528 [WARN] DbFile:41 - Overriding database path with different value: C:\Users\king\.stmcufinder\plugins\mcufinder/ => C:\Users\king\.stmcufinder\plugins\mcufinder
2024-09-30 08:00:38,528 [INFO] ApiDb:250 - Set database path to: C:\Users\king\.stmcufinder\plugins\mcufinder//mcu/
2024-09-30 08:00:38,528 [WARN] DbFile:41 - Overriding database path with different value: C:\Users\king\.stmcufinder\plugins\mcufinder/ => C:\Users\king\.stmcufinder\plugins\mcufinder
2024-09-30 08:00:38,528 [INFO] DbMcusAds:125 - Set database path to: C:\Users\king\.stmcufinder\plugins\mcufinder//mcu/
2024-09-30 08:00:38,528 [WARN] DbFile:41 - Overriding database path with different value: C:\Users\king\.stmcufinder\plugins\mcufinder/ => C:\Users\king\.stmcufinder\plugins\mcufinder
2024-09-30 08:00:38,528 [WARN] DbFile:41 - Overriding database path with different value: C:\Users\king\.stmcufinder\plugins\mcufinder/ => C:\Users\king\.stmcufinder\plugins\mcufinder
2024-09-30 08:00:38,528 [INFO] CrossReferenceDbSqlite:203 - Set database path to: C:\Users\king\.stmcufinder\plugins\mcufinder//mcu/cs/
2024-09-30 08:00:38,546 [INFO] ApplicationProperties:184 - Using Application install path: I:\software\STM32CubeIDE_1.15.1\STM32CubeIDE\plugins\com.st.stm32cube.common.mx_6.11.1.202404110753
2024-09-30 08:00:38,547 [INFO] PluginManage:196 - Search for loadable plugins [exclusion list=, ]
2024-09-30 08:00:38,548 [INFO] PluginManage:310 - Check plugin analytics
2024-09-30 08:00:38,670 [INFO] AnalyticsPlugin:253 - Accepted Software Licenses: STM32CubeMX.6.8.1,STM32CubeMX.6.10.0
2024-09-30 08:00:38,671 [INFO] AnalyticsPlugin:255 - Accepted CMSIS Pack Licenses: 
2024-09-30 08:00:38,671 [INFO] AnalyticsPlugin:257 - Accepted Firmware Licenses: FW.F4.1.28.0
2024-09-30 08:00:38,672 [INFO] PluginManage:359 - Loaded plugin analytics (category:tool,tabindex:-1)
2024-09-30 08:00:38,672 [INFO] PluginManage:310 - Check plugin cadmodel
2024-09-30 08:00:38,685 [INFO] CADModel:105 - Init CAD model plugin
2024-09-30 08:00:38,685 [INFO] PluginManage:359 - Loaded plugin cadmodel (category:power,tabindex:5)
2024-09-30 08:00:38,685 [INFO] PluginManage:310 - Check plugin clock
2024-09-30 08:00:38,702 [INFO] PluginManage:359 - Loaded plugin clock (category:base,tabindex:2)
2024-09-30 08:00:38,702 [INFO] PluginManage:310 - Check plugin ddr
2024-09-30 08:00:38,703 [INFO] PluginManage:359 - Loaded plugin ddr (category:tool,tabindex:6)
2024-09-30 08:00:38,703 [INFO] PluginManage:310 - Check plugin filemanager
2024-09-30 08:00:38,811 [INFO] PluginManage:359 - Loaded plugin filemanager (category:base,tabindex:10)
2024-09-30 08:00:38,811 [INFO] PluginManage:310 - Check plugin ipmanager
2024-09-30 08:00:38,821 [INFO] PluginManage:359 - Loaded plugin ipmanager (category:base,tabindex:5)
2024-09-30 08:00:38,821 [INFO] PluginManage:310 - Check plugin lpbam
2024-09-30 08:00:38,835 [INFO] PluginManage:359 - Loaded plugin lpbam (category:base,tabindex:0)
2024-09-30 08:00:38,835 [INFO] PluginManage:310 - Check plugin memorymap
2024-09-30 08:00:38,854 [INFO] PluginManage:359 - Loaded plugin memorymap (category:base,tabindex:4)
2024-09-30 08:00:38,854 [INFO] PluginManage:310 - Check plugin pinoutandconfiguration
2024-09-30 08:00:38,867 [INFO] PluginManage:359 - Loaded plugin pinoutandconfiguration (category:base,tabindex:1)
2024-09-30 08:00:38,867 [INFO] PluginManage:310 - Check plugin pinoutconfig
2024-09-30 08:00:38,941 [WARN] SupportedApi:132 - Cannot load RTOS API schema: s4s-elt-must-match.1: The content of 'definitions' must match (annotation?, (simpleType | complexType)?, (unique | key | keyref)*)). A problem was found starting at: attribute.
2024-09-30 08:00:39,038 [INFO] PluginManage:359 - Loaded plugin pinoutconfig (category:base,tabindex:0)
2024-09-30 08:00:39,038 [INFO] PluginManage:310 - Check plugin power
2024-09-30 08:00:39,054 [INFO] PluginManage:359 - Loaded plugin power (category:power,tabindex:4)
2024-09-30 08:00:39,054 [INFO] PluginManage:310 - Check plugin projectmanager
2024-09-30 08:00:39,067 [INFO] PluginManage:359 - Loaded plugin projectmanager (category:projectmanager,tabindex:3)
2024-09-30 08:00:39,067 [INFO] PluginManage:310 - Check plugin thirdparty
2024-09-30 08:00:39,250 [INFO] PluginManage:359 - Loaded plugin thirdparty (category:base,tabindex:-1)
2024-09-30 08:00:39,250 [WARN] IntegrityCheckThread:84 - waiting for thirdparty lock release [integrity check]
2024-09-30 08:00:39,250 [INFO] PluginManage:310 - Check plugin tools
2024-09-30 08:00:39,250 [INFO] IntegrityCheckThread:86 - entering critical section [integrity check]
2024-09-30 08:00:39,250 [INFO] ThirdPartyUpdaterWithRetryManager:70 - Updater plugin not ready yet. [1/15]
2024-09-30 08:00:39,273 [INFO] PluginManage:359 - Loaded plugin tools (category:base,tabindex:7)
2024-09-30 08:00:39,273 [INFO] PluginManage:310 - Check plugin tutovideos
2024-09-30 08:00:39,420 [INFO] PluginManage:359 - Loaded plugin tutovideos (category:base,tabindex:-1)
2024-09-30 08:00:39,420 [INFO] PluginManage:310 - Check plugin updater
2024-09-30 08:00:39,429 [INFO] PluginManage:359 - Loaded plugin updater (category:base,tabindex:12)
2024-09-30 08:00:39,429 [INFO] PluginManage:310 - Check plugin userauth
2024-09-30 08:00:39,433 [INFO] UserAuth:114 - Init User Auth plugin
2024-09-30 08:00:39,433 [INFO] PluginManage:359 - Loaded plugin userauth (category:base,tabindex:14)
2024-09-30 08:00:39,433 [INFO] PluginManage:283 - PluginManage : Loaded plugins [17]
2024-09-30 08:00:39,657 [INFO] PinOutPanel:1561 - setPackage(No Configuration,No Configuration)
2024-09-30 08:00:39,767 [INFO] CADModel:165 - CPN selected for project level
2024-09-30 08:00:39,767 [INFO] CADModel:114 - Register for checkConnection events
2024-09-30 08:00:39,788 [INFO] IPUIPlugin:80 - create IPUIPlugin
2024-09-30 08:00:39,788 [INFO] PluginManager:220 - loadIPPluginJar : add adc
2024-09-30 08:00:39,815 [INFO] IPUIPlugin:80 - create IPUIPlugin
2024-09-30 08:00:39,815 [INFO] PluginManager:220 - loadIPPluginJar : add aes
2024-09-30 08:00:39,843 [INFO] IPUIPlugin:80 - create IPUIPlugin
2024-09-30 08:00:39,843 [INFO] PluginManager:220 - loadIPPluginJar : add can
2024-09-30 08:00:39,858 [INFO] IPUIPlugin:80 - create IPUIPlugin
2024-09-30 08:00:39,858 [INFO] PluginManager:220 - loadIPPluginJar : add comp
2024-09-30 08:00:39,880 [INFO] IPUIPlugin:80 - create IPUIPlugin
2024-09-30 08:00:39,880 [INFO] PluginManager:220 - loadIPPluginJar : add cryp
2024-09-30 08:00:39,898 [INFO] IPUIPlugin:80 - create IPUIPlugin
2024-09-30 08:00:39,898 [INFO] PluginManager:220 - loadIPPluginJar : add dfsdm
2024-09-30 08:00:39,908 [INFO] IPUIPlugin:80 - create IPUIPlugin
2024-09-30 08:00:39,909 [INFO] PluginManager:220 - loadIPPluginJar : add dma
2024-09-30 08:00:39,937 [INFO] IPUIPlugin:80 - create IPUIPlugin
2024-09-30 08:00:39,937 [INFO] PluginManager:220 - loadIPPluginJar : add dma3
2024-09-30 08:00:39,967 [INFO] IPUIPlugin:80 - create IPUIPlugin
2024-09-30 08:00:39,967 [INFO] PluginManager:220 - loadIPPluginJar : add extmemmanager
2024-09-30 08:00:39,980 [INFO] IPUIPlugin:80 - create IPUIPlugin
2024-09-30 08:00:39,980 [INFO] PluginManager:220 - loadIPPluginJar : add fatfs
2024-09-30 08:00:40,014 [INFO] IPUIPlugin:80 - create IPUIPlugin
2024-09-30 08:00:40,014 [INFO] PluginManager:220 - loadIPPluginJar : add fmc
2024-09-30 08:00:40,024 [INFO] IPUIPlugin:80 - create IPUIPlugin
2024-09-30 08:00:40,024 [INFO] PluginManager:220 - loadIPPluginJar : add freertos
2024-09-30 08:00:40,038 [INFO] IPUIPlugin:80 - create IPUIPlugin
2024-09-30 08:00:40,038 [INFO] PluginManager:220 - loadIPPluginJar : add genericplugin
2024-09-30 08:00:40,098 [INFO] IPUIPlugin:80 - create IPUIPlugin
2024-09-30 08:00:40,098 [INFO] PluginManager:220 - loadIPPluginJar : add gfxmmu
2024-09-30 08:00:40,183 [INFO] IPUIPlugin:80 - create IPUIPlugin
2024-09-30 08:00:40,183 [INFO] PluginManager:220 - loadIPPluginJar : add gic
2024-09-30 08:00:40,192 [INFO] IPUIPlugin:80 - create IPUIPlugin
2024-09-30 08:00:40,192 [INFO] PluginManager:220 - loadIPPluginJar : add gpio
2024-09-30 08:00:40,254 [INFO] IPUIPlugin:80 - create IPUIPlugin
2024-09-30 08:00:40,254 [INFO] PluginManager:220 - loadIPPluginJar : add gtzc
2024-09-30 08:00:40,275 [INFO] IPUIPlugin:80 - create IPUIPlugin
2024-09-30 08:00:40,276 [INFO] PluginManager:220 - loadIPPluginJar : add hash
2024-09-30 08:00:40,310 [INFO] IPUIPlugin:80 - create IPUIPlugin
2024-09-30 08:00:40,310 [INFO] PluginManager:220 - loadIPPluginJar : add i2c
2024-09-30 08:00:40,335 [INFO] IPUIPlugin:80 - create IPUIPlugin
2024-09-30 08:00:40,335 [INFO] PluginManager:220 - loadIPPluginJar : add i2s
2024-09-30 08:00:40,363 [INFO] IPUIPlugin:80 - create IPUIPlugin
2024-09-30 08:00:40,363 [INFO] PluginManager:220 - loadIPPluginJar : add i3c
2024-09-30 08:00:40,436 [INFO] IPUIPlugin:80 - create IPUIPlugin
2024-09-30 08:00:40,436 [INFO] PluginManager:220 - loadIPPluginJar : add ipddr
2024-09-30 08:00:40,496 [INFO] IPUIPlugin:80 - create IPUIPlugin
2024-09-30 08:00:40,496 [INFO] PluginManager:220 - loadIPPluginJar : add linkedlist
2024-09-30 08:00:40,519 [INFO] IPUIPlugin:80 - create IPUIPlugin
2024-09-30 08:00:40,519 [INFO] PluginManager:220 - loadIPPluginJar : add lorawan
2024-09-30 08:00:40,543 [INFO] IPUIPlugin:80 - create IPUIPlugin
2024-09-30 08:00:40,543 [INFO] PluginManager:220 - loadIPPluginJar : add ltdc
2024-09-30 08:00:40,554 [INFO] IPUIPlugin:80 - create IPUIPlugin
2024-09-30 08:00:40,554 [INFO] PluginManager:220 - loadIPPluginJar : add mdma
2024-09-30 08:00:40,562 [INFO] IPUIPlugin:80 - create IPUIPlugin
2024-09-30 08:00:40,562 [INFO] PluginManager:220 - loadIPPluginJar : add nvic
2024-09-30 08:00:40,586 [INFO] IPUIPlugin:80 - create IPUIPlugin
2024-09-30 08:00:40,586 [INFO] PluginManager:220 - loadIPPluginJar : add opamp
2024-09-30 08:00:40,625 [INFO] IPUIPlugin:80 - create IPUIPlugin
2024-09-30 08:00:40,625 [INFO] PluginManager:220 - loadIPPluginJar : add openamp
2024-09-30 08:00:40,653 [INFO] IPUIPlugin:80 - create IPUIPlugin
2024-09-30 08:00:40,653 [INFO] PluginManager:220 - loadIPPluginJar : add pdm2pcm
2024-09-30 08:00:40,664 [INFO] IPUIPlugin:80 - create IPUIPlugin
2024-09-30 08:00:40,665 [INFO] PluginManager:220 - loadIPPluginJar : add plateformsettings
2024-09-30 08:00:40,679 [INFO] IPUIPlugin:80 - create IPUIPlugin
2024-09-30 08:00:40,679 [INFO] PluginManager:220 - loadIPPluginJar : add quadspi
2024-09-30 08:00:40,688 [INFO] IPUIPlugin:80 - create IPUIPlugin
2024-09-30 08:00:40,688 [INFO] PluginManager:220 - loadIPPluginJar : add resmgrutility
2024-09-30 08:00:40,721 [INFO] IPUIPlugin:80 - create IPUIPlugin
2024-09-30 08:00:40,721 [INFO] PluginManager:220 - loadIPPluginJar : add sai
2024-09-30 08:00:40,747 [INFO] IPUIPlugin:80 - create IPUIPlugin
2024-09-30 08:00:40,747 [INFO] PluginManager:220 - loadIPPluginJar : add spi
2024-09-30 08:00:40,794 [INFO] IPUIPlugin:80 - create IPUIPlugin
2024-09-30 08:00:40,794 [INFO] PluginManager:220 - loadIPPluginJar : add stm32_wpan
2024-09-30 08:00:40,809 [INFO] IPUIPlugin:80 - create IPUIPlugin
2024-09-30 08:00:40,809 [INFO] PluginManager:220 - loadIPPluginJar : add tim
2024-09-30 08:00:40,850 [INFO] IPUIPlugin:80 - create IPUIPlugin
2024-09-30 08:00:40,850 [INFO] PluginManager:220 - loadIPPluginJar : add touchsensing
2024-09-30 08:00:40,865 [INFO] IPUIPlugin:80 - create IPUIPlugin
2024-09-30 08:00:40,865 [INFO] PluginManager:220 - loadIPPluginJar : add tracer_emb
2024-09-30 08:00:40,880 [INFO] IPUIPlugin:80 - create IPUIPlugin
2024-09-30 08:00:40,880 [INFO] PluginManager:220 - loadIPPluginJar : add ts
2024-09-30 08:00:40,893 [INFO] IPUIPlugin:80 - create IPUIPlugin
2024-09-30 08:00:40,893 [INFO] PluginManager:220 - loadIPPluginJar : add tsc
2024-09-30 08:00:40,906 [INFO] IPUIPlugin:80 - create IPUIPlugin
2024-09-30 08:00:40,907 [INFO] PluginManager:220 - loadIPPluginJar : add ucpd
2024-09-30 08:00:40,936 [INFO] IPUIPlugin:80 - create IPUIPlugin
2024-09-30 08:00:40,936 [INFO] PluginManager:220 - loadIPPluginJar : add usart
2024-09-30 08:00:40,966 [INFO] IPUIPlugin:80 - create IPUIPlugin
2024-09-30 08:00:40,966 [INFO] PluginManager:220 - loadIPPluginJar : add usbx
2024-09-30 08:00:41,101 [INFO] CADModel:165 - CPN selected for project level
2024-09-30 08:00:41,101 [INFO] CADModel:114 - Register for checkConnection events
2024-09-30 08:00:41,101 [FATAL] Updater:308 - Updater called before beeing initialized
2024-09-30 08:00:41,101 [ERROR] CADModel:125 - Updater not yet initialized, retry later 
2024-09-30 08:00:41,213 [INFO] CADModel:165 - CPN selected for project level
2024-09-30 08:00:41,213 [INFO] CADModel:114 - Register for checkConnection events
2024-09-30 08:00:41,213 [FATAL] Updater:308 - Updater called before beeing initialized
2024-09-30 08:00:41,213 [ERROR] CADModel:125 - Updater not yet initialized, retry later 
2024-09-30 08:00:41,215 [FATAL] Updater:308 - Updater called before beeing initialized
2024-09-30 08:00:41,318 [FATAL] Updater:308 - Updater called before beeing initialized
2024-09-30 08:00:41,325 [INFO] DbMcusAds:53 - JSON generation date=Fri Sep 20 21:04:23 CST 2024 (1726837463113)
2024-09-30 08:00:41,325 [FATAL] Updater:308 - Updater called before beeing initialized
2024-09-30 08:00:41,389 [WARN] DetailPanel:346 - Failed to get advertising image, set to default
2024-09-30 08:00:41,488 [FATAL] Updater:308 - Updater called before beeing initialized
2024-09-30 08:00:41,489 [FATAL] Updater:308 - Updater called before beeing initialized
2024-09-30 08:00:41,490 [FATAL] Updater:308 - Updater called before beeing initialized
2024-09-30 08:00:41,490 [WARN] DetailPanel:346 - Failed to get advertising image, set to default
2024-09-30 08:00:41,490 [FATAL] Updater:308 - Updater called before beeing initialized
2024-09-30 08:00:41,545 [ERROR] Updater:1120 - MainUpdater not yet initialized. External WinMGr cannot be set.
2024-09-30 08:00:41,552 [INFO] Updater:1056 - Updater Version found : 6.11.1
2024-09-30 08:00:41,566 [INFO] ApplicationProperties:184 - Using Application install path: I:\software\STM32CubeIDE_1.15.1\STM32CubeIDE\plugins\com.st.stm32cube.common.mx_6.11.1.202404110753
2024-09-30 08:00:41,906 [INFO] MainUpdater:2873 - connection check result : 10
2024-09-30 08:00:41,907 [INFO] MainUpdater:290 - Updater Check For Update Now.
2024-09-30 08:00:41,907 [INFO] MicroXplorer:498 - Change Database Version : DB.6.0.111
2024-09-30 08:00:41,922 [INFO] McuFinderGlobals:63 - Set McuFinder mode to 2 (CubeIDE integrated)
2024-09-30 08:00:41,933 [INFO] UserAuth:415 - Internet connection configuration mode: 1
2024-09-30 08:00:41,956 [INFO] JxBrowserEngine:152 - Initiate JxBrowser Engine with user profile folder
2024-09-30 08:00:42,091 [INFO] CheckServerUpdateThread:120 - End of CheckServer Thread
2024-09-30 08:00:42,507 [WARN] PackLoader:240 - Cannot read IP mode file for STMicroelectronics.X-CUBE-SMBUS.2.1.0
2024-09-30 08:00:42,518 [WARN] PackLoader:240 - Cannot read IP mode file for STMicroelectronics.X-CUBE-TOUCHGFX.4.23.0
2024-09-30 08:00:42,525 [WARN] PackLoader:240 - Cannot read IP mode file for STMicroelectronics.X-CUBE-TOUCHGFX.4.23.2
2024-09-30 08:00:42,553 [WARN] PackLoader:240 - Cannot read IP mode file for STMicroelectronics.X-CUBE-AZRTOS-F7.1.1.0
2024-09-30 08:00:42,567 [WARN] PackLoader:240 - Cannot read IP mode file for STMicroelectronics.FP-SNS-MOTENV1.4.3.2
2024-09-30 08:00:42,619 [WARN] PackLoader:240 - Cannot read IP mode file for STMicroelectronics.X-CUBE-MEMS1.11.0.0
2024-09-30 08:00:42,707 [WARN] PackLoader:240 - Cannot read IP mode file for STMicroelectronics.FP-SNS-FLIGHT1.5.0.2
2024-09-30 08:00:42,719 [WARN] PackLoader:240 - Cannot read IP mode file for STMicroelectronics.X-CUBE-DISPLAY.3.0.0
2024-09-30 08:00:42,731 [WARN] PackLoader:240 - Cannot read IP mode file for STMicroelectronics.X-CUBE-BLE1.7.0.0
2024-09-30 08:00:42,741 [WARN] PackLoader:240 - Cannot read IP mode file for STMicroelectronics.X-CUBE-NFC10.1.0.0
2024-09-30 08:00:42,752 [WARN] PackLoader:240 - Cannot read IP mode file for emotas.I-CUBE-CANOPEN.1.3.0
2024-09-30 08:00:42,763 [WARN] PackLoader:240 - Cannot read IP mode file for STMicroelectronics.FP-SNS-SMARTAG2.1.2.0
2024-09-30 08:00:42,776 [INFO] LogOutputStream:77 - [STDOUT_REDIRECT] 1 : Invalid condition id : UX_CORESTACK_Condition cause : null
2024-09-30 08:00:42,777 [INFO] LogOutputStream:77 - [STDOUT_REDIRECT] 1 : Invalid condition id : UX_CORESTACK_Condition cause : null
2024-09-30 08:00:42,778 [INFO] LogOutputStream:77 - [STDOUT_REDIRECT] 1 : Invalid condition id : UX_CORESTACK_Condition cause : null
2024-09-30 08:00:42,778 [INFO] LogOutputStream:77 - [STDOUT_REDIRECT] 1 : Invalid condition id : UX_CORESTACK_Condition cause : null
2024-09-30 08:00:42,779 [INFO] LogOutputStream:77 - [STDOUT_REDIRECT] 1 : Invalid condition id : UX_CORESTACK_Condition cause : null
2024-09-30 08:00:42,780 [WARN] PackLoader:240 - Cannot read IP mode file for STMicroelectronics.X-CUBE-AZRTOS-WL.2.0.0
2024-09-30 08:00:42,790 [WARN] PackLoader:240 - Cannot read IP mode file for wolfSSL.I-CUBE-wolfMQTT.1.19.0
2024-09-30 08:00:42,799 [WARN] PackLoader:240 - Cannot read IP mode file for STMicroelectronics.X-CUBE-BLE2.3.3.0
2024-09-30 08:00:42,813 [WARN] PackLoader:240 - Cannot read IP mode file for STMicroelectronics.X-CUBE-NFC9.1.0.0
2024-09-30 08:00:42,825 [WARN] PackLoader:240 - Cannot read IP mode file for STMicroelectronics.X-CUBE-ALGOBUILD.1.3.0
2024-09-30 08:00:42,848 [WARN] PackLoader:240 - Cannot read IP mode file for STMicroelectronics.X-CUBE-AZRTOS-G0.1.1.0
2024-09-30 08:00:42,864 [WARN] PackLoader:240 - Cannot read IP mode file for STMicroelectronics.X-CUBE-NFC4.3.0.0
2024-09-30 08:00:42,874 [WARN] PackLoader:240 - Cannot read IP mode file for wolfSSL.I-CUBE-wolfMQTT.1.18.0
2024-09-30 08:00:42,889 [WARN] PackLoader:240 - Cannot read IP mode file for EmbeddedOffice.I-CUBE-FS-RTOS.1.0.1
2024-09-30 08:00:42,889 [ERROR] ConditionMgr:805 - Attr not supported : Dmpu
2024-09-30 08:00:42,889 [ERROR] ConditionMgr:805 - Attr not supported : Dmpu
2024-09-30 08:00:42,889 [ERROR] ConditionMgr:805 - Attr not supported : Dmpu
2024-09-30 08:00:42,889 [ERROR] ConditionMgr:805 - Attr not supported : Dmpu
2024-09-30 08:00:42,889 [ERROR] ConditionMgr:805 - Attr not supported : Dmpu
2024-09-30 08:00:42,889 [ERROR] ConditionMgr:805 - Attr not supported : Dmpu
2024-09-30 08:00:42,889 [ERROR] ConditionMgr:805 - Attr not supported : Dmpu
2024-09-30 08:00:42,889 [ERROR] ConditionMgr:805 - Attr not supported : Dmpu
2024-09-30 08:00:42,889 [ERROR] ConditionMgr:805 - Attr not supported : Dmpu
2024-09-30 08:00:42,889 [ERROR] ConditionMgr:805 - Attr not supported : Dmpu
2024-09-30 08:00:42,889 [ERROR] ConditionMgr:805 - Attr not supported : Dmpu
2024-09-30 08:00:42,889 [ERROR] ConditionMgr:805 - Attr not supported : Dmpu
2024-09-30 08:00:42,889 [ERROR] ConditionMgr:805 - Attr not supported : Dmpu
2024-09-30 08:00:42,889 [ERROR] ConditionMgr:805 - Attr not supported : Dmpu
2024-09-30 08:00:42,889 [ERROR] ConditionMgr:805 - Attr not supported : Dmpu
2024-09-30 08:00:42,889 [ERROR] ConditionMgr:805 - Attr not supported : Dmpu
2024-09-30 08:00:42,889 [ERROR] ConditionMgr:805 - Attr not supported : Dmpu
2024-09-30 08:00:42,889 [ERROR] ConditionMgr:805 - Attr not supported : Dmpu
2024-09-30 08:00:42,889 [ERROR] ConditionMgr:805 - Attr not supported : Dmpu
2024-09-30 08:00:42,890 [ERROR] ConditionMgr:805 - Attr not supported : Dmpu
2024-09-30 08:00:42,890 [ERROR] ConditionMgr:805 - Attr not supported : Dmpu
2024-09-30 08:00:42,890 [ERROR] ConditionMgr:805 - Attr not supported : Dmpu
2024-09-30 08:00:42,890 [ERROR] ConditionMgr:805 - Attr not supported : Dmpu
2024-09-30 08:00:42,890 [ERROR] ConditionMgr:805 - Attr not supported : Dmpu
2024-09-30 08:00:42,890 [ERROR] ConditionMgr:805 - Attr not supported : Dmpu
2024-09-30 08:00:42,890 [ERROR] ConditionMgr:805 - Attr not supported : Dmpu
2024-09-30 08:00:42,890 [ERROR] ConditionMgr:805 - Attr not supported : Dmpu
2024-09-30 08:00:42,890 [ERROR] ConditionMgr:805 - Attr not supported : Dmpu
2024-09-30 08:00:42,890 [ERROR] ConditionMgr:805 - Attr not supported : Dmpu
2024-09-30 08:00:42,890 [ERROR] ConditionMgr:805 - Attr not supported : Dmpu
2024-09-30 08:00:42,890 [ERROR] ConditionMgr:805 - Attr not supported : Dmpu
2024-09-30 08:00:42,890 [ERROR] ConditionMgr:805 - Attr not supported : Dmpu
2024-09-30 08:00:42,890 [ERROR] ConditionMgr:805 - Attr not supported : Dmpu
2024-09-30 08:00:42,890 [ERROR] ConditionMgr:805 - Attr not supported : Dmpu
2024-09-30 08:00:42,890 [ERROR] ConditionMgr:805 - Attr not supported : Dmpu
2024-09-30 08:00:42,890 [ERROR] ConditionMgr:805 - Attr not supported : Dmpu
2024-09-30 08:00:42,890 [ERROR] ConditionMgr:805 - Attr not supported : Dmpu
2024-09-30 08:00:42,890 [ERROR] ConditionMgr:805 - Attr not supported : Dmpu
2024-09-30 08:00:42,890 [ERROR] ConditionMgr:805 - Attr not supported : Dmpu
2024-09-30 08:00:42,890 [ERROR] ConditionMgr:805 - Attr not supported : Dmpu
2024-09-30 08:00:42,890 [ERROR] ConditionMgr:805 - Attr not supported : Dmpu
2024-09-30 08:00:42,890 [ERROR] ConditionMgr:805 - Attr not supported : Dmpu
2024-09-30 08:00:42,890 [ERROR] ConditionMgr:805 - Attr not supported : Dmpu
2024-09-30 08:00:42,891 [ERROR] ConditionMgr:805 - Attr not supported : Dmpu
2024-09-30 08:00:42,891 [ERROR] ConditionMgr:805 - Attr not supported : Dmpu
2024-09-30 08:00:42,891 [ERROR] ConditionMgr:805 - Attr not supported : Dmpu
2024-09-30 08:00:42,891 [ERROR] ConditionMgr:805 - Attr not supported : Dmpu
2024-09-30 08:00:42,891 [ERROR] ConditionMgr:805 - Attr not supported : Dmpu
2024-09-30 08:00:42,891 [ERROR] ConditionMgr:805 - Attr not supported : Dmpu
2024-09-30 08:00:42,891 [ERROR] ConditionMgr:805 - Attr not supported : Dmpu
2024-09-30 08:00:42,891 [ERROR] ConditionMgr:805 - Attr not supported : Dmpu
2024-09-30 08:00:42,891 [ERROR] ConditionMgr:805 - Attr not supported : Dmpu
2024-09-30 08:00:42,891 [ERROR] ConditionMgr:805 - Attr not supported : Dmpu
2024-09-30 08:00:42,891 [ERROR] ConditionMgr:805 - Attr not supported : Dmpu
2024-09-30 08:00:42,891 [ERROR] ConditionMgr:805 - Attr not supported : Dmpu
2024-09-30 08:00:42,891 [ERROR] ConditionMgr:805 - Attr not supported : Dmpu
2024-09-30 08:00:42,891 [ERROR] ConditionMgr:805 - Attr not supported : Dmpu
2024-09-30 08:00:42,891 [ERROR] ConditionMgr:805 - Attr not supported : Dmpu
2024-09-30 08:00:42,891 [ERROR] ConditionMgr:805 - Attr not supported : Dmpu
2024-09-30 08:00:42,891 [ERROR] ConditionMgr:805 - Attr not supported : Dmpu
2024-09-30 08:00:42,891 [ERROR] ConditionMgr:805 - Attr not supported : Dmpu
2024-09-30 08:00:42,891 [ERROR] ConditionMgr:805 - Attr not supported : Dmpu
2024-09-30 08:00:42,891 [ERROR] ConditionMgr:805 - Attr not supported : Dmpu
2024-09-30 08:00:42,891 [ERROR] ConditionMgr:805 - Attr not supported : Dmpu
2024-09-30 08:00:42,906 [WARN] PackLoader:240 - Cannot read IP mode file for STMicroelectronics.X-CUBE-BLEMGR.3.0.0
2024-09-30 08:00:42,918 [WARN] PackLoader:240 - Cannot read IP mode file for RealThread.X-CUBE-RT-Thread_Nano.4.1.1
2024-09-30 08:00:42,930 [WARN] PackLoader:240 - Cannot read IP mode file for STMicroelectronics.FP-ATR-SIGFOX1.3.2.0
2024-09-30 08:00:42,940 [WARN] PackLoader:240 - Cannot read IP mode file for STMicroelectronics.X-CUBE-EEPRMA1.5.1.0
2024-09-30 08:00:42,966 [WARN] PackLoader:240 - Cannot read IP mode file for SEGGER.I-CUBE-embOS.1.3.1
2024-09-30 08:00:42,990 [WARN] PackLoader:240 - Cannot read IP mode file for STMicroelectronics.X-CUBE-ALGOBUILD.1.4.0
2024-09-30 08:00:42,999 [WARN] PackLoader:240 - Cannot read IP mode file for STMicroelectronics.X-CUBE-GNSS1.6.0.0
2024-09-30 08:00:43,017 [WARN] PackLoader:240 - Cannot read IP mode file for STMicroelectronics.X-CUBE-AZRTOS-F4.1.1.0
2024-09-30 08:00:43,026 [WARN] PackLoader:240 - Cannot read IP mode file for STMicroelectronics.X-CUBE-ISPU.2.1.0
2024-09-30 08:00:43,044 [WARN] PackLoader:240 - Cannot read IP mode file for STMicroelectronics.X-CUBE-AZRTOS-L5.2.0.0
2024-09-30 08:00:43,054 [WARN] PackLoader:240 - Cannot read IP mode file for ITTIA_DB.I-CUBE-ITTIADB.8.8.0
2024-09-30 08:00:43,064 [WARN] PackLoader:240 - Cannot read IP mode file for STMicroelectronics.X-CUBE-DPower.1.2.0
2024-09-30 08:00:43,076 [WARN] PackLoader:240 - Cannot read IP mode file for STMicroelectronics.X-CUBE-NFC7.1.0.1
2024-09-30 08:00:43,086 [WARN] PackLoader:240 - Cannot read IP mode file for wolfSSL.I-CUBE-wolfTPM.3.2.0
2024-09-30 08:00:43,096 [WARN] PackLoader:240 - Cannot read IP mode file for STMicroelectronics.X-CUBE-NFC6.3.0.0
2024-09-30 08:00:43,105 [WARN] PackLoader:240 - Cannot read IP mode file for STMicroelectronics.X-CUBE-AI.8.1.0
2024-09-30 08:00:43,126 [WARN] ConditionMgr:438 - getConditionDescription Invalid condition id : LAN8742 Phy interface Condition cause : null
2024-09-30 08:00:43,126 [WARN] PackLoader:240 - Cannot read IP mode file for STMicroelectronics.X-CUBE-AZRTOS-L4.2.0.0
2024-09-30 08:00:43,127 [WARN] ConditionMgr:1039 - genDependencies : Invalid condition id : LAN8742 Phy interface Condition cause : null
2024-09-30 08:00:43,127 [WARN] ConditionMgr:1039 - genDependencies : Invalid condition id : LAN8742 Phy interface Condition cause : null
2024-09-30 08:00:43,128 [WARN] ConditionMgr:1039 - genDependencies : Invalid condition id : LAN8742 Phy interface Condition cause : null
2024-09-30 08:00:43,137 [WARN] PackLoader:240 - Cannot read IP mode file for STMicroelectronics.X-CUBE-SFXS2LP1.4.0.0
2024-09-30 08:00:43,157 [WARN] PackLoader:240 - Cannot read IP mode file for STMicroelectronics.X-CUBE-AZRTOS-H7.3.3.0
2024-09-30 08:00:43,177 [WARN] ConditionMgr:438 - getConditionDescription Invalid condition id : UX DEVICE CLASS RTOS Condition cause : null
2024-09-30 08:00:43,177 [WARN] ConditionMgr:438 - getConditionDescription Invalid condition id : UX DEVICE CLASS RTOS Condition cause : null
2024-09-30 08:00:43,178 [WARN] PackLoader:240 - Cannot read IP mode file for STMicroelectronics.X-CUBE-AZRTOS-WB.2.0.0
2024-09-30 08:00:43,179 [WARN] ConditionMgr:1039 - genDependencies : Invalid condition id : UX DEVICE CLASS RTOS Condition cause : null
2024-09-30 08:00:43,179 [WARN] ConditionMgr:1039 - genDependencies : Invalid condition id : UX DEVICE CLASS RTOS Condition cause : null
2024-09-30 08:00:43,179 [WARN] ConditionMgr:1039 - genDependencies : Invalid condition id : UX DEVICE CLASS RTOS Condition cause : null
2024-09-30 08:00:43,179 [WARN] ConditionMgr:1039 - genDependencies : Invalid condition id : UX DEVICE CLASS RTOS Condition cause : null
2024-09-30 08:00:43,179 [WARN] ConditionMgr:1039 - genDependencies : Invalid condition id : UX DEVICE CLASS RTOS Condition cause : null
2024-09-30 08:00:43,188 [WARN] PackLoader:240 - Cannot read IP mode file for STMicroelectronics.X-CUBE-GNSS1.7.0.0
2024-09-30 08:00:43,198 [WARN] PackLoader:240 - Cannot read IP mode file for STMicroelectronics.FP-SNS-STBOX1.2.0.0
2024-09-30 08:00:43,212 [WARN] PackLoader:240 - Cannot read IP mode file for STMicroelectronics.X-CUBE-SUBG2.5.0.0
2024-09-30 08:00:43,230 [WARN] PackLoader:240 - Cannot read IP mode file for STMicroelectronics.X-CUBE-AZRTOS-G4.2.0.0
2024-09-30 08:00:43,239 [WARN] PackLoader:240 - Cannot read IP mode file for STMicroelectronics.FP-SNS-MOTENVWB1.1.3.1
2024-09-30 08:00:43,247 [WARN] PackLoader:240 - Cannot read IP mode file for STMicroelectronics.X-CUBE-ISPU.2.0.0
2024-09-30 08:00:43,256 [WARN] PackLoader:240 - Cannot read IP mode file for STMicroelectronics.X-CUBE-ALS.1.0.2
2024-09-30 08:00:43,283 [WARN] PackLoader:240 - Cannot read IP mode file for STMicroelectronics.X-CUBE-MEMS1.10.0.0
2024-09-30 08:00:43,340 [WARN] PackLoader:240 - Cannot read IP mode file for STMicroelectronics.X-CUBE-FREERTOS.1.1.0
2024-09-30 08:00:43,350 [WARN] PackLoader:240 - Cannot read IP mode file for STMicroelectronics.X-CUBE-TOUCHGFX.4.24.0
2024-09-30 08:00:43,362 [WARN] PackLoader:240 - Cannot read IP mode file for STMicroelectronics.X-CUBE-TOUCHGFX.4.24.1
2024-09-30 08:00:43,373 [WARN] PackLoader:240 - Cannot read IP mode file for portGmbH.I-Cube-SoM-uGOAL.1.1.0
2024-09-30 08:00:43,384 [WARN] PackLoader:240 - Cannot read IP mode file for STMicroelectronics.X-CUBE-ALS.1.0.1
2024-09-30 08:00:43,393 [WARN] PackLoader:240 - Cannot read IP mode file for STMicroelectronics.FP-ATR-ASTRA1.2.0.0
2024-09-30 08:00:43,408 [WARN] PackLoader:240 - Cannot read IP mode file for STMicroelectronics.X-CUBE-TOF1.3.4.2
2024-09-30 08:00:43,427 [WARN] PackLoader:240 - Cannot read IP mode file for STMicroelectronics.X-CUBE-TOF1.3.4.0
2024-09-30 08:00:43,445 [WARN] PackLoader:240 - Cannot read IP mode file for STMicroelectronics.X-CUBE-TOF1.3.4.1
2024-09-30 08:00:43,467 [WARN] PackLoader:240 - Cannot read IP mode file for STMicroelectronics.X-CUBE-AZRTOS-H7.3.2.0
2024-09-30 08:00:43,479 [WARN] PackLoader:240 - Cannot read IP mode file for wolfSSL.I-CUBE-wolfSSH.1.4.17
2024-09-30 08:00:43,479 [INFO] ThirdParty:978 - Integrity check success = true
2024-09-30 08:00:43,479 [INFO] IntegrityCheckThread:100 - exiting critical section [integrity check]
2024-09-30 08:00:43,480 [INFO] IntegrityCheckThread:103 - End integrity checks thread
2024-09-30 08:00:45,707 [INFO] WebApp:161 - Instantiating new browser for Auth
2024-09-30 08:00:46,298 [INFO] WebApp:779 - Register for checkConnection events
2024-09-30 08:00:46,298 [INFO] WebApp:414 - Apply proxy settings
2024-09-30 08:00:46,300 [INFO] WebApp:459 - Chromium authenticates against Manually configured proxy
2024-09-30 08:00:46,305 [INFO] WebApp:467 - Username used for proxy authentication: 
2024-09-30 08:00:46,436 [INFO] WebApp:192 - Starting web application
2024-09-30 08:00:46,436 [INFO] WebApp:544 - Web application path used I:\software\STM32CubeIDE_1.15.1\STM32CubeIDE\plugins\com.st.stm32cube.common.mx_6.11.1.202404110753\db\plugins\mcufinder\reactClient1\index.html
2024-09-30 08:04:07,271 [ERROR] LogOutputStream:75 - [STDERR_REDIRECT] 
